Using pre-set license
Built from '2021.3/release' branch; Version is '2021.3.17f1 (3e8111cac19d) revision 4096273'; Using compiler version '192829333'; Build Type 'Release'
OS: 'Windows 11  (10.0.22000) 64bit Core' Language: 'en' Physical Memory: 16061 MB
BatchMode: 1, IsHumanControllingUs: 0, StartBugReporterOnCrash: 0, Is64bit: 1, IsPro: 1

COMMAND LINE ARGUMENTS:
D:\unity\2021.3.17f1\Editor\Unity.exe
-adb2
-batchMode
-noUpm
-name
AssetImportWorker15
-projectPath
C:/Users/28356/Documents/GitHub/OnlyGodKnows/OGK Prototype
-logFile
Logs/AssetImportWorker15.log
-srvPort
58463
Successfully changed project path to: C:/Users/28356/Documents/GitHub/OnlyGodKnows/OGK Prototype
C:/Users/28356/Documents/GitHub/OnlyGodKnows/OGK Prototype
[UnityMemory] Configuration Parameters - Can be set up in boot.config
    "memorysetup-bucket-allocator-granularity=16"
    "memorysetup-bucket-allocator-bucket-count=8"
    "memorysetup-bucket-allocator-block-size=33554432"
    "memorysetup-bucket-allocator-block-count=8"
    "memorysetup-main-allocator-block-size=16777216"
    "memorysetup-thread-allocator-block-size=16777216"
    "memorysetup-gfx-main-allocator-block-size=16777216"
    "memorysetup-gfx-thread-allocator-block-size=16777216"
    "memorysetup-cache-allocator-block-size=4194304"
    "memorysetup-typetree-allocator-block-size=2097152"
    "memorysetup-profiler-bucket-allocator-granularity=16"
    "memorysetup-profiler-bucket-allocator-bucket-count=8"
    "memorysetup-profiler-bucket-allocator-block-size=33554432"
    "memorysetup-profiler-bucket-allocator-block-count=8"
    "memorysetup-profiler-allocator-block-size=16777216"
    "memorysetup-profiler-editor-allocator-block-size=1048576"
    "memorysetup-temp-allocator-size-main=16777216"
    "memorysetup-job-temp-allocator-block-size=2097152"
    "memorysetup-job-temp-allocator-block-size-background=1048576"
    "memorysetup-job-temp-allocator-reduction-small-platforms=262144"
    "memorysetup-temp-allocator-size-background-worker=32768"
    "memorysetup-temp-allocator-size-job-worker=262144"
    "memorysetup-temp-allocator-size-preload-manager=33554432"
    "memorysetup-temp-allocator-size-nav-mesh-worker=65536"
    "memorysetup-temp-allocator-size-audio-worker=65536"
    "memorysetup-temp-allocator-size-cloud-worker=32768"
    "memorysetup-temp-allocator-size-gi-baking-worker=262144"
    "memorysetup-temp-allocator-size-gfx=262144"
Player connection [2040] Host "[IP] 172.26.16.1 [Port] 0 [Flags] 2 [Guid] 2347632816 [EditorId] 2347632816 [Version] 1048832 [Id] WindowsEditor(7,LAPTOP-9GBH20HF) [Debug] 1 [PackageName] WindowsEditor [ProjectName] Editor" joined multi-casting on [225.0.0.222:54997]...

Player connection [2040] Host "[IP] 172.26.16.1 [Port] 0 [Flags] 2 [Guid] 2347632816 [EditorId] 2347632816 [Version] 1048832 [Id] WindowsEditor(7,LAPTOP-9GBH20HF) [Debug] 1 [PackageName] WindowsEditor [ProjectName] Editor" joined alternative multi-casting on [225.0.0.222:34997]...

Refreshing native plugins compatible for Editor in 140.59 ms, found 3 plugins.
Preloading 0 native plugins for Editor in 0.00 ms.
Initialize engine version: 2021.3.17f1 (3e8111cac19d)
[Subsystems] Discovering subsystems at path D:/unity/2021.3.17f1/Editor/Data/Resources/UnitySubsystems
[Subsystems] Discovering subsystems at path C:/Users/28356/Documents/GitHub/OnlyGodKnows/OGK Prototype/Assets
GfxDevice: creating device client; threaded=0; jobified=0
Direct3D:
    Version:  Direct3D 11.0 [level 11.1]
    Renderer: NVIDIA GeForce RTX 3060 Laptop GPU (ID=0x2520)
    Vendor:   NVIDIA
    VRAM:     6023 MB
    Driver:   30.0.15.1278
Initialize mono
Mono path[0] = 'D:/unity/2021.3.17f1/Editor/Data/Managed'
Mono path[1] = 'D:/unity/2021.3.17f1/Editor/Data/MonoBleedingEdge/lib/mono/unityjit-win32'
Mono config path = 'D:/unity/2021.3.17f1/Editor/Data/MonoBleedingEdge/etc'
Using monoOptions --debugger-agent=transport=dt_socket,embedding=1,server=y,suspend=n,address=127.0.0.1:56692
Begin MonoManager ReloadAssembly
Registering precompiled unity dll's ...
Register platform support module: D:/unity/2021.3.17f1/Editor/Data/PlaybackEngines/WindowsStandaloneSupport/UnityEditor.WindowsStandalone.Extensions.dll
Registered in 0.001717 seconds.
Native extension for WindowsStandalone target not found
Refreshing native plugins compatible for Editor in 110.40 ms, found 3 plugins.
Preloading 0 native plugins for Editor in 0.00 ms.
Mono: successfully reloaded assembly
- Completed reload, in  0.655 seconds
Domain Reload Profiling:
	ReloadAssembly (655ms)
		BeginReloadAssembly (82ms)
			ExecutionOrderSort (0ms)
			DisableScriptedObjects (0ms)
			BackupInstance (0ms)
			ReleaseScriptingObjects (0ms)
			CreateAndSetChildDomain (1ms)
		EndReloadAssembly (463ms)
			LoadAssemblies (81ms)
			RebuildTransferFunctionScriptingTraits (0ms)
			SetupTypeCache (104ms)
			ReleaseScriptCaches (0ms)
			RebuildScriptCaches (23ms)
			SetupLoadedEditorAssemblies (290ms)
				LogAssemblyErrors (0ms)
				InitializePlatformSupportModulesInManaged (6ms)
				SetLoadedEditorAssemblies (0ms)
				RefreshPlugins (110ms)
				BeforeProcessingInitializeOnLoad (1ms)
				ProcessInitializeOnLoadAttributes (132ms)
				ProcessInitializeOnLoadMethodAttributes (41ms)
				AfterProcessingInitializeOnLoad (0ms)
				EditorAssembliesLoaded (0ms)
			ExecutionOrderSort2 (0ms)
			AwakeInstancesAfterBackupRestoration (0ms)
Platform modules already initialized, skipping
Registering precompiled user dll's ...
Registered in 0.007699 seconds.
Begin MonoManager ReloadAssembly
Symbol file LoadedFromMemory doesn't match image C:\Users\28356\Documents\GitHub\OnlyGodKnows\OGK Prototype\Library\PackageCache\com.unity.visualscripting@1.8.0\Editor\VisualScripting.Core\Dependencies\YamlDotNet\Unity.VisualScripting.YamlDotNet.dll
Symbol file LoadedFromMemory doesn't match image C:\Users\28356\Documents\GitHub\OnlyGodKnows\OGK Prototype\Library\PackageCache\com.unity.visualscripting@1.8.0\Editor\VisualScripting.Core\Dependencies\DotNetZip\Unity.VisualScripting.IonicZip.dll
Native extension for WindowsStandalone target not found
Refreshing native plugins compatible for Editor in 115.61 ms, found 3 plugins.
Preloading 0 native plugins for Editor in 0.00 ms.
Mono: successfully reloaded assembly
- Completed reload, in  1.366 seconds
Domain Reload Profiling:
	ReloadAssembly (1367ms)
		BeginReloadAssembly (103ms)
			ExecutionOrderSort (0ms)
			DisableScriptedObjects (7ms)
			BackupInstance (0ms)
			ReleaseScriptingObjects (0ms)
			CreateAndSetChildDomain (21ms)
		EndReloadAssembly (1147ms)
			LoadAssemblies (85ms)
			RebuildTransferFunctionScriptingTraits (0ms)
			SetupTypeCache (308ms)
			ReleaseScriptCaches (1ms)
			RebuildScriptCaches (71ms)
			SetupLoadedEditorAssemblies (642ms)
				LogAssemblyErrors (0ms)
				InitializePlatformSupportModulesInManaged (3ms)
				SetLoadedEditorAssemblies (0ms)
				RefreshPlugins (116ms)
				BeforeProcessingInitializeOnLoad (105ms)
				ProcessInitializeOnLoadAttributes (327ms)
				ProcessInitializeOnLoadMethodAttributes (89ms)
				AfterProcessingInitializeOnLoad (2ms)
				EditorAssembliesLoaded (0ms)
			ExecutionOrderSort2 (0ms)
			AwakeInstancesAfterBackupRestoration (6ms)
Platform modules already initialized, skipping
========================================================================
Worker process is ready to serve import requests
Launched and connected shader compiler UnityShaderCompiler.exe after 0.04 seconds
Refreshing native plugins compatible for Editor in 1.66 ms, found 3 plugins.
Preloading 0 native plugins for Editor in 0.00 ms.
Unloading 5763 Unused Serialized files (Serialized files now loaded: 0)
Unloading 52 unused Assets / (0.8 MB). Loaded Objects now: 6214.
Memory consumption went from 228.7 MB to 227.8 MB.
Total: 7.198900 ms (FindLiveObjects: 0.724700 ms CreateObjectMapping: 0.709900 ms MarkObjects: 5.153700 ms  DeleteObjects: 0.608700 ms)

AssetImportParameters requested are different than current active one (requested -> active):
  custom:video-decoder-ogg-theora: a1e56fd34408186e4bbccfd4996cb3dc -> 
  custom:container-muxer-webm: aa71ff27fc2769a1b78a27578f13a17b -> 
  custom:container-demuxer-webm: 4f35f7cbe854078d1ac9338744f61a02 -> 
  custom:video-encoder-webm-vp8: eb34c28f22e8b96e1ab97ce403110664 -> 
  custom:video-codec-MediaFoundation-h265: 746d11721c4dcdbdad8f713fa42b33f4 -> 
  custom:audio-encoder-webm-vorbis: bf7c407c2cedff20999df2af8eb42d56 -> 
  custom:framework-win-MediaFoundation: 216162199b28c13a410421893ffa2e32 -> 
  custom:container-demuxer-ogg: 62fdf1f143b41e24485cea50d1cbac27 -> 
  custom:video-decoder-webm-vp8: 9c59270c3fd7afecdb556c50c9e8de78 -> 
  custom:audio-decoder-ogg-vorbis: bf7c407c2cedff20999df2af8eb42d56 -> 
========================================================================
Received Prepare
Registering precompiled user dll's ...
Registered in 0.007542 seconds.
Begin MonoManager ReloadAssembly
Symbol file LoadedFromMemory doesn't match image C:\Users\28356\Documents\GitHub\OnlyGodKnows\OGK Prototype\Library\PackageCache\com.unity.visualscripting@1.8.0\Editor\VisualScripting.Core\Dependencies\YamlDotNet\Unity.VisualScripting.YamlDotNet.dll
Symbol file LoadedFromMemory doesn't match image C:\Users\28356\Documents\GitHub\OnlyGodKnows\OGK Prototype\Library\PackageCache\com.unity.visualscripting@1.8.0\Editor\VisualScripting.Core\Dependencies\DotNetZip\Unity.VisualScripting.IonicZip.dll
Native extension for WindowsStandalone target not found
Refreshing native plugins compatible for Editor in 1.68 ms, found 3 plugins.
Preloading 0 native plugins for Editor in 0.00 ms.
Mono: successfully reloaded assembly
- Completed reload, in  1.853 seconds
Domain Reload Profiling:
	ReloadAssembly (1854ms)
		BeginReloadAssembly (185ms)
			ExecutionOrderSort (0ms)
			DisableScriptedObjects (5ms)
			BackupInstance (0ms)
			ReleaseScriptingObjects (0ms)
			CreateAndSetChildDomain (63ms)
		EndReloadAssembly (1546ms)
			LoadAssemblies (127ms)
			RebuildTransferFunctionScriptingTraits (0ms)
			SetupTypeCache (510ms)
			ReleaseScriptCaches (3ms)
			RebuildScriptCaches (78ms)
			SetupLoadedEditorAssemblies (741ms)
				LogAssemblyErrors (0ms)
				InitializePlatformSupportModulesInManaged (18ms)
				SetLoadedEditorAssemblies (1ms)
				RefreshPlugins (2ms)
				BeforeProcessingInitializeOnLoad (128ms)
				ProcessInitializeOnLoadAttributes (478ms)
				ProcessInitializeOnLoadMethodAttributes (112ms)
				AfterProcessingInitializeOnLoad (3ms)
				EditorAssembliesLoaded (0ms)
			ExecutionOrderSort2 (0ms)
			AwakeInstancesAfterBackupRestoration (12ms)
Platform modules already initialized, skipping
Refreshing native plugins compatible for Editor in 5.35 ms, found 3 plugins.
Preloading 0 native plugins for Editor in 0.00 ms.
Unloading 5610 Unused Serialized files (Serialized files now loaded: 0)
Unloading 31 unused Assets / (0.8 MB). Loaded Objects now: 6229.
Memory consumption went from 220.3 MB to 219.5 MB.
Total: 8.464100 ms (FindLiveObjects: 0.733900 ms CreateObjectMapping: 0.886700 ms MarkObjects: 6.179300 ms  DeleteObjects: 0.662100 ms)

AssetImportParameters requested are different than current active one (requested -> active):
  custom:video-decoder-ogg-theora: a1e56fd34408186e4bbccfd4996cb3dc -> 
  custom:container-muxer-webm: aa71ff27fc2769a1b78a27578f13a17b -> 
  custom:container-demuxer-webm: 4f35f7cbe854078d1ac9338744f61a02 -> 
  custom:video-encoder-webm-vp8: eb34c28f22e8b96e1ab97ce403110664 -> 
  custom:video-codec-MediaFoundation-h265: 746d11721c4dcdbdad8f713fa42b33f4 -> 
  custom:audio-encoder-webm-vorbis: bf7c407c2cedff20999df2af8eb42d56 -> 
  custom:framework-win-MediaFoundation: 216162199b28c13a410421893ffa2e32 -> 
  custom:container-demuxer-ogg: 62fdf1f143b41e24485cea50d1cbac27 -> 
  custom:video-decoder-webm-vp8: 9c59270c3fd7afecdb556c50c9e8de78 -> 
  custom:audio-decoder-ogg-vorbis: bf7c407c2cedff20999df2af8eb42d56 -> 
========================================================================
Received Import Request.
  Time since last request: 653396.638864 seconds.
  path: Assets/Notes/Pages/Note1_p1.asset
  artifactKey: Guid(01486b45c7712c546b265f56a7208986) Importer(815301076,1909f56bfc062723c751e8b465ee728b)
Start importing Assets/Notes/Pages/Note1_p1.asset using Guid(01486b45c7712c546b265f56a7208986) Importer(815301076,1909f56bfc062723c751e8b465ee728b)  -> (artifact id: '8e981569daf640aa980ba915cab2773f') in 0.031646 seconds 
========================================================================
Received Prepare
Registering precompiled user dll's ...
Registered in 0.006098 seconds.
Begin MonoManager ReloadAssembly
Symbol file LoadedFromMemory doesn't match image C:\Users\28356\Documents\GitHub\OnlyGodKnows\OGK Prototype\Library\PackageCache\com.unity.visualscripting@1.8.0\Editor\VisualScripting.Core\Dependencies\YamlDotNet\Unity.VisualScripting.YamlDotNet.dll
Symbol file LoadedFromMemory doesn't match image C:\Users\28356\Documents\GitHub\OnlyGodKnows\OGK Prototype\Library\PackageCache\com.unity.visualscripting@1.8.0\Editor\VisualScripting.Core\Dependencies\DotNetZip\Unity.VisualScripting.IonicZip.dll
Native extension for WindowsStandalone target not found
Refreshing native plugins compatible for Editor in 1.34 ms, found 3 plugins.
Preloading 0 native plugins for Editor in 0.00 ms.
Mono: successfully reloaded assembly
- Completed reload, in  1.250 seconds
Domain Reload Profiling:
	ReloadAssembly (1250ms)
		BeginReloadAssembly (122ms)
			ExecutionOrderSort (0ms)
			DisableScriptedObjects (5ms)
			BackupInstance (0ms)
			ReleaseScriptingObjects (0ms)
			CreateAndSetChildDomain (46ms)
		EndReloadAssembly (1039ms)
			LoadAssemblies (77ms)
			RebuildTransferFunctionScriptingTraits (0ms)
			SetupTypeCache (337ms)
			ReleaseScriptCaches (3ms)
			RebuildScriptCaches (55ms)
			SetupLoadedEditorAssemblies (499ms)
				LogAssemblyErrors (0ms)
				InitializePlatformSupportModulesInManaged (12ms)
				SetLoadedEditorAssemblies (0ms)
				RefreshPlugins (1ms)
				BeforeProcessingInitializeOnLoad (84ms)
				ProcessInitializeOnLoadAttributes (320ms)
				ProcessInitializeOnLoadMethodAttributes (79ms)
				AfterProcessingInitializeOnLoad (2ms)
				EditorAssembliesLoaded (0ms)
			ExecutionOrderSort2 (0ms)
			AwakeInstancesAfterBackupRestoration (8ms)
Platform modules already initialized, skipping
Refreshing native plugins compatible for Editor in 5.88 ms, found 3 plugins.
Preloading 0 native plugins for Editor in 0.00 ms.
Unloading 5610 Unused Serialized files (Serialized files now loaded: 0)
Unloading 31 unused Assets / (0.8 MB). Loaded Objects now: 6245.
Memory consumption went from 220.3 MB to 219.5 MB.
Total: 9.324000 ms (FindLiveObjects: 0.863300 ms CreateObjectMapping: 0.729200 ms MarkObjects: 6.822600 ms  DeleteObjects: 0.906900 ms)

AssetImportParameters requested are different than current active one (requested -> active):
  custom:video-decoder-ogg-theora: a1e56fd34408186e4bbccfd4996cb3dc -> 
  custom:container-muxer-webm: aa71ff27fc2769a1b78a27578f13a17b -> 
  custom:container-demuxer-webm: 4f35f7cbe854078d1ac9338744f61a02 -> 
  custom:video-encoder-webm-vp8: eb34c28f22e8b96e1ab97ce403110664 -> 
  custom:video-codec-MediaFoundation-h265: 746d11721c4dcdbdad8f713fa42b33f4 -> 
  custom:audio-encoder-webm-vorbis: bf7c407c2cedff20999df2af8eb42d56 -> 
  custom:framework-win-MediaFoundation: 216162199b28c13a410421893ffa2e32 -> 
  custom:container-demuxer-ogg: 62fdf1f143b41e24485cea50d1cbac27 -> 
  custom:video-decoder-webm-vp8: 9c59270c3fd7afecdb556c50c9e8de78 -> 
  custom:audio-decoder-ogg-vorbis: bf7c407c2cedff20999df2af8eb42d56 -> 
========================================================================
Received Prepare
Registering precompiled user dll's ...
Registered in 0.006218 seconds.
Begin MonoManager ReloadAssembly
Symbol file LoadedFromMemory doesn't match image C:\Users\28356\Documents\GitHub\OnlyGodKnows\OGK Prototype\Library\PackageCache\com.unity.visualscripting@1.8.0\Editor\VisualScripting.Core\Dependencies\YamlDotNet\Unity.VisualScripting.YamlDotNet.dll
Symbol file LoadedFromMemory doesn't match image C:\Users\28356\Documents\GitHub\OnlyGodKnows\OGK Prototype\Library\PackageCache\com.unity.visualscripting@1.8.0\Editor\VisualScripting.Core\Dependencies\DotNetZip\Unity.VisualScripting.IonicZip.dll
Native extension for WindowsStandalone target not found
Refreshing native plugins compatible for Editor in 1.75 ms, found 3 plugins.
Preloading 0 native plugins for Editor in 0.00 ms.
Mono: successfully reloaded assembly
- Completed reload, in  1.496 seconds
Domain Reload Profiling:
	ReloadAssembly (1497ms)
		BeginReloadAssembly (162ms)
			ExecutionOrderSort (0ms)
			DisableScriptedObjects (5ms)
			BackupInstance (0ms)
			ReleaseScriptingObjects (0ms)
			CreateAndSetChildDomain (59ms)
		EndReloadAssembly (1233ms)
			LoadAssemblies (105ms)
			RebuildTransferFunctionScriptingTraits (0ms)
			SetupTypeCache (377ms)
			ReleaseScriptCaches (3ms)
			RebuildScriptCaches (63ms)
			SetupLoadedEditorAssemblies (620ms)
				LogAssemblyErrors (0ms)
				InitializePlatformSupportModulesInManaged (12ms)
				SetLoadedEditorAssemblies (1ms)
				RefreshPlugins (2ms)
				BeforeProcessingInitializeOnLoad (100ms)
				ProcessInitializeOnLoadAttributes (406ms)
				ProcessInitializeOnLoadMethodAttributes (97ms)
				AfterProcessingInitializeOnLoad (2ms)
				EditorAssembliesLoaded (0ms)
			ExecutionOrderSort2 (0ms)
			AwakeInstancesAfterBackupRestoration (10ms)
Platform modules already initialized, skipping
Refreshing native plugins compatible for Editor in 5.03 ms, found 3 plugins.
Preloading 0 native plugins for Editor in 0.00 ms.
Unloading 5610 Unused Serialized files (Serialized files now loaded: 0)
Unloading 31 unused Assets / (0.8 MB). Loaded Objects now: 6260.
Memory consumption went from 220.3 MB to 219.6 MB.
Total: 5.758000 ms (FindLiveObjects: 0.670700 ms CreateObjectMapping: 0.651300 ms MarkObjects: 4.003200 ms  DeleteObjects: 0.430900 ms)

AssetImportParameters requested are different than current active one (requested -> active):
  custom:video-decoder-ogg-theora: a1e56fd34408186e4bbccfd4996cb3dc -> 
  custom:container-muxer-webm: aa71ff27fc2769a1b78a27578f13a17b -> 
  custom:container-demuxer-webm: 4f35f7cbe854078d1ac9338744f61a02 -> 
  custom:video-encoder-webm-vp8: eb34c28f22e8b96e1ab97ce403110664 -> 
  custom:video-codec-MediaFoundation-h265: 746d11721c4dcdbdad8f713fa42b33f4 -> 
  custom:audio-encoder-webm-vorbis: bf7c407c2cedff20999df2af8eb42d56 -> 
  custom:framework-win-MediaFoundation: 216162199b28c13a410421893ffa2e32 -> 
  custom:container-demuxer-ogg: 62fdf1f143b41e24485cea50d1cbac27 -> 
  custom:video-decoder-webm-vp8: 9c59270c3fd7afecdb556c50c9e8de78 -> 
  custom:audio-decoder-ogg-vorbis: bf7c407c2cedff20999df2af8eb42d56 -> 
========================================================================
Received Import Request.
  Time since last request: 159.857498 seconds.
  path: Assets/Joan_Mathis_Form_Page_1_Torn.png
  artifactKey: Guid(cdb3e5c206ae0c146b47039083f175d8) Importer(815301076,1909f56bfc062723c751e8b465ee728b)
Start importing Assets/Joan_Mathis_Form_Page_1_Torn.png using Guid(cdb3e5c206ae0c146b47039083f175d8) Importer(815301076,1909f56bfc062723c751e8b465ee728b)  -> (artifact id: '360062cf61d25313f1fd3145b96e2f5f') in 0.049274 seconds 
========================================================================
Received Import Request.
  Time since last request: 11.809926 seconds.
  path: Assets/Prefabs
  artifactKey: Guid(3547d539220f51a4599294020a5f42cf) Importer(815301076,1909f56bfc062723c751e8b465ee728b)
Start importing Assets/Prefabs using Guid(3547d539220f51a4599294020a5f42cf) Importer(815301076,1909f56bfc062723c751e8b465ee728b)  -> (artifact id: '861bae0f33e7fd7c06ebfd07ef087a5c') in 1.805840 seconds 
========================================================================
Received Import Request.
  Time since last request: 0.035823 seconds.
  path: Assets/idle.cs
  artifactKey: Guid(5889668bf62ee2c42a6848f541ebde2f) Importer(815301076,1909f56bfc062723c751e8b465ee728b)
Start importing Assets/idle.cs using Guid(5889668bf62ee2c42a6848f541ebde2f) Importer(815301076,1909f56bfc062723c751e8b465ee728b)  -> (artifact id: 'bf4d9ae2fac1475429fbbac2d04dc864') in 0.011788 seconds 
========================================================================
Received Import Request.
  Time since last request: 5.749649 seconds.
  path: Assets/Audio
  artifactKey: Guid(a22c5aee4582a554f8442ce101ed0bc7) Importer(815301076,1909f56bfc062723c751e8b465ee728b)
Start importing Assets/Audio using Guid(a22c5aee4582a554f8442ce101ed0bc7) Importer(815301076,1909f56bfc062723c751e8b465ee728b)  -> (artifact id: '94a1ca8b8e93c72c88c7c5d9628eb69f') in 0.005675 seconds 
========================================================================
Received Prepare
Registering precompiled user dll's ...
Registered in 0.005586 seconds.
Begin MonoManager ReloadAssembly
Symbol file LoadedFromMemory doesn't match image C:\Users\28356\Documents\GitHub\OnlyGodKnows\OGK Prototype\Library\PackageCache\com.unity.visualscripting@1.8.0\Editor\VisualScripting.Core\Dependencies\YamlDotNet\Unity.VisualScripting.YamlDotNet.dll
Symbol file LoadedFromMemory doesn't match image C:\Users\28356\Documents\GitHub\OnlyGodKnows\OGK Prototype\Library\PackageCache\com.unity.visualscripting@1.8.0\Editor\VisualScripting.Core\Dependencies\DotNetZip\Unity.VisualScripting.IonicZip.dll
Native extension for WindowsStandalone target not found
Refreshing native plugins compatible for Editor in 1.29 ms, found 3 plugins.
Preloading 0 native plugins for Editor in 0.00 ms.
Mono: successfully reloaded assembly
- Completed reload, in  2.292 seconds
Domain Reload Profiling:
	ReloadAssembly (2293ms)
		BeginReloadAssembly (123ms)
			ExecutionOrderSort (0ms)
			DisableScriptedObjects (4ms)
			BackupInstance (0ms)
			ReleaseScriptingObjects (0ms)
			CreateAndSetChildDomain (48ms)
		EndReloadAssembly (2088ms)
			LoadAssemblies (73ms)
			RebuildTransferFunctionScriptingTraits (0ms)
			SetupTypeCache (292ms)
			ReleaseScriptCaches (2ms)
			RebuildScriptCaches (49ms)
			SetupLoadedEditorAssemblies (1596ms)
				LogAssemblyErrors (0ms)
				InitializePlatformSupportModulesInManaged (1038ms)
				SetLoadedEditorAssemblies (0ms)
				RefreshPlugins (1ms)
				BeforeProcessingInitializeOnLoad (91ms)
				ProcessInitializeOnLoadAttributes (365ms)
				ProcessInitializeOnLoadMethodAttributes (98ms)
				AfterProcessingInitializeOnLoad (3ms)
				EditorAssembliesLoaded (0ms)
			ExecutionOrderSort2 (0ms)
			AwakeInstancesAfterBackupRestoration (11ms)
Platform modules already initialized, skipping
Refreshing native plugins compatible for Editor in 5.85 ms, found 3 plugins.
Preloading 0 native plugins for Editor in 0.00 ms.
Unloading 5610 Unused Serialized files (Serialized files now loaded: 0)
Unloading 31 unused Assets / (0.8 MB). Loaded Objects now: 6277.
Memory consumption went from 220.4 MB to 219.6 MB.
Total: 6.345600 ms (FindLiveObjects: 0.580900 ms CreateObjectMapping: 0.590200 ms MarkObjects: 4.644400 ms  DeleteObjects: 0.528800 ms)

AssetImportParameters requested are different than current active one (requested -> active):
  custom:video-decoder-ogg-theora: a1e56fd34408186e4bbccfd4996cb3dc -> 
  custom:container-muxer-webm: aa71ff27fc2769a1b78a27578f13a17b -> 
  custom:container-demuxer-webm: 4f35f7cbe854078d1ac9338744f61a02 -> 
  custom:video-encoder-webm-vp8: eb34c28f22e8b96e1ab97ce403110664 -> 
  custom:video-codec-MediaFoundation-h265: 746d11721c4dcdbdad8f713fa42b33f4 -> 
  custom:audio-encoder-webm-vorbis: bf7c407c2cedff20999df2af8eb42d56 -> 
  custom:framework-win-MediaFoundation: 216162199b28c13a410421893ffa2e32 -> 
  custom:container-demuxer-ogg: 62fdf1f143b41e24485cea50d1cbac27 -> 
  custom:video-decoder-webm-vp8: 9c59270c3fd7afecdb556c50c9e8de78 -> 
  custom:audio-decoder-ogg-vorbis: bf7c407c2cedff20999df2af8eb42d56 -> 
========================================================================
Received Import Request.
  Time since last request: 30.806434 seconds.
  path: Assets/Joan_Mathis_Form_Page_1_Torn.png
  artifactKey: Guid(cdb3e5c206ae0c146b47039083f175d8) Importer(815301076,1909f56bfc062723c751e8b465ee728b)
Start importing Assets/Joan_Mathis_Form_Page_1_Torn.png using Guid(cdb3e5c206ae0c146b47039083f175d8) Importer(815301076,1909f56bfc062723c751e8b465ee728b)  -> (artifact id: '2d389c1db4c89f22188c58f366473a6a') in 0.374928 seconds 
========================================================================
Received Prepare
Registering precompiled user dll's ...
Registered in 0.005989 seconds.
Begin MonoManager ReloadAssembly
Symbol file LoadedFromMemory doesn't match image C:\Users\28356\Documents\GitHub\OnlyGodKnows\OGK Prototype\Library\PackageCache\com.unity.visualscripting@1.8.0\Editor\VisualScripting.Core\Dependencies\YamlDotNet\Unity.VisualScripting.YamlDotNet.dll
Symbol file LoadedFromMemory doesn't match image C:\Users\28356\Documents\GitHub\OnlyGodKnows\OGK Prototype\Library\PackageCache\com.unity.visualscripting@1.8.0\Editor\VisualScripting.Core\Dependencies\DotNetZip\Unity.VisualScripting.IonicZip.dll
Native extension for WindowsStandalone target not found
Refreshing native plugins compatible for Editor in 1.40 ms, found 3 plugins.
Preloading 0 native plugins for Editor in 0.00 ms.
Mono: successfully reloaded assembly
- Completed reload, in  1.330 seconds
Domain Reload Profiling:
	ReloadAssembly (1330ms)
		BeginReloadAssembly (139ms)
			ExecutionOrderSort (0ms)
			DisableScriptedObjects (4ms)
			BackupInstance (0ms)
			ReleaseScriptingObjects (0ms)
			CreateAndSetChildDomain (52ms)
		EndReloadAssembly (1099ms)
			LoadAssemblies (81ms)
			RebuildTransferFunctionScriptingTraits (0ms)
			SetupTypeCache (331ms)
			ReleaseScriptCaches (3ms)
			RebuildScriptCaches (53ms)
			SetupLoadedEditorAssemblies (559ms)
				LogAssemblyErrors (0ms)
				InitializePlatformSupportModulesInManaged (14ms)
				SetLoadedEditorAssemblies (1ms)
				RefreshPlugins (1ms)
				BeforeProcessingInitializeOnLoad (91ms)
				ProcessInitializeOnLoadAttributes (359ms)
				ProcessInitializeOnLoadMethodAttributes (89ms)
				AfterProcessingInitializeOnLoad (3ms)
				EditorAssembliesLoaded (0ms)
			ExecutionOrderSort2 (0ms)
			AwakeInstancesAfterBackupRestoration (9ms)
Platform modules already initialized, skipping
Refreshing native plugins compatible for Editor in 2.85 ms, found 3 plugins.
Preloading 0 native plugins for Editor in 0.00 ms.
Unloading 5610 Unused Serialized files (Serialized files now loaded: 0)
Unloading 31 unused Assets / (0.8 MB). Loaded Objects now: 6297.
Memory consumption went from 224.4 MB to 223.7 MB.
Total: 4.608200 ms (FindLiveObjects: 0.539200 ms CreateObjectMapping: 0.311900 ms MarkObjects: 3.341200 ms  DeleteObjects: 0.414300 ms)

AssetImportParameters requested are different than current active one (requested -> active):
  custom:video-decoder-ogg-theora: a1e56fd34408186e4bbccfd4996cb3dc -> 
  custom:container-muxer-webm: aa71ff27fc2769a1b78a27578f13a17b -> 
  custom:container-demuxer-webm: 4f35f7cbe854078d1ac9338744f61a02 -> 
  custom:video-encoder-webm-vp8: eb34c28f22e8b96e1ab97ce403110664 -> 
  custom:video-codec-MediaFoundation-h265: 746d11721c4dcdbdad8f713fa42b33f4 -> 
  custom:audio-encoder-webm-vorbis: bf7c407c2cedff20999df2af8eb42d56 -> 
  custom:framework-win-MediaFoundation: 216162199b28c13a410421893ffa2e32 -> 
  custom:container-demuxer-ogg: 62fdf1f143b41e24485cea50d1cbac27 -> 
  custom:video-decoder-webm-vp8: 9c59270c3fd7afecdb556c50c9e8de78 -> 
  custom:audio-decoder-ogg-vorbis: bf7c407c2cedff20999df2af8eb42d56 -> 
========================================================================
Received Import Request.
  Time since last request: 142.123929 seconds.
  path: Assets/Notes
  artifactKey: Guid(6c2131037617ff4478af0f593fb7cd40) Importer(815301076,1909f56bfc062723c751e8b465ee728b)
Start importing Assets/Notes using Guid(6c2131037617ff4478af0f593fb7cd40) Importer(815301076,1909f56bfc062723c751e8b465ee728b)  -> (artifact id: '3d64e461b54280657fa0b8af8dec6094') in 0.015180 seconds 
========================================================================
Received Import Request.
  Time since last request: 64.911483 seconds.
  path: Assets/Scripts/UI/NotesSystem/Note.cs
  artifactKey: Guid(a4966dc5a3b9b0342ad1cb7ed5e46b9b) Importer(815301076,1909f56bfc062723c751e8b465ee728b)
Start importing Assets/Scripts/UI/NotesSystem/Note.cs using Guid(a4966dc5a3b9b0342ad1cb7ed5e46b9b) Importer(815301076,1909f56bfc062723c751e8b465ee728b)  -> (artifact id: 'a3743fb0780faa970e99ca0bca075a8a') in 0.005405 seconds 
========================================================================
Received Import Request.
  Time since last request: 83.650557 seconds.
  path: Assets/Notes/Pages/Note1_p1.asset
  artifactKey: Guid(01486b45c7712c546b265f56a7208986) Importer(815301076,1909f56bfc062723c751e8b465ee728b)
Start importing Assets/Notes/Pages/Note1_p1.asset using Guid(01486b45c7712c546b265f56a7208986) Importer(815301076,1909f56bfc062723c751e8b465ee728b)  -> (artifact id: '55331d90d917c04980e5fc7226c55c8e') in 0.009532 seconds 
========================================================================
Received Prepare
Registering precompiled user dll's ...
Registered in 0.006992 seconds.
Begin MonoManager ReloadAssembly
Symbol file LoadedFromMemory doesn't match image C:\Users\28356\Documents\GitHub\OnlyGodKnows\OGK Prototype\Library\PackageCache\com.unity.visualscripting@1.8.0\Editor\VisualScripting.Core\Dependencies\YamlDotNet\Unity.VisualScripting.YamlDotNet.dll
Symbol file LoadedFromMemory doesn't match image C:\Users\28356\Documents\GitHub\OnlyGodKnows\OGK Prototype\Library\PackageCache\com.unity.visualscripting@1.8.0\Editor\VisualScripting.Core\Dependencies\DotNetZip\Unity.VisualScripting.IonicZip.dll
Native extension for WindowsStandalone target not found
Refreshing native plugins compatible for Editor in 1.11 ms, found 3 plugins.
Preloading 0 native plugins for Editor in 0.00 ms.
Mono: successfully reloaded assembly
- Completed reload, in  1.234 seconds
Domain Reload Profiling:
	ReloadAssembly (1234ms)
		BeginReloadAssembly (127ms)
			ExecutionOrderSort (0ms)
			DisableScriptedObjects (4ms)
			BackupInstance (0ms)
			ReleaseScriptingObjects (0ms)
			CreateAndSetChildDomain (44ms)
		EndReloadAssembly (1010ms)
			LoadAssemblies (84ms)
			RebuildTransferFunctionScriptingTraits (0ms)
			SetupTypeCache (294ms)
			ReleaseScriptCaches (2ms)
			RebuildScriptCaches (47ms)
			SetupLoadedEditorAssemblies (523ms)
				LogAssemblyErrors (0ms)
				InitializePlatformSupportModulesInManaged (11ms)
				SetLoadedEditorAssemblies (0ms)
				RefreshPlugins (1ms)
				BeforeProcessingInitializeOnLoad (90ms)
				ProcessInitializeOnLoadAttributes (330ms)
				ProcessInitializeOnLoadMethodAttributes (87ms)
				AfterProcessingInitializeOnLoad (2ms)
				EditorAssembliesLoaded (0ms)
			ExecutionOrderSort2 (0ms)
			AwakeInstancesAfterBackupRestoration (9ms)
Platform modules already initialized, skipping
Refreshing native plugins compatible for Editor in 4.47 ms, found 3 plugins.
Preloading 0 native plugins for Editor in 0.00 ms.
Unloading 5610 Unused Serialized files (Serialized files now loaded: 0)
Unloading 31 unused Assets / (0.8 MB). Loaded Objects now: 6312.
Memory consumption went from 224.5 MB to 223.7 MB.
Total: 7.127200 ms (FindLiveObjects: 0.653200 ms CreateObjectMapping: 0.501300 ms MarkObjects: 5.405100 ms  DeleteObjects: 0.566000 ms)

AssetImportParameters requested are different than current active one (requested -> active):
  custom:video-decoder-ogg-theora: a1e56fd34408186e4bbccfd4996cb3dc -> 
  custom:container-muxer-webm: aa71ff27fc2769a1b78a27578f13a17b -> 
  custom:container-demuxer-webm: 4f35f7cbe854078d1ac9338744f61a02 -> 
  custom:video-encoder-webm-vp8: eb34c28f22e8b96e1ab97ce403110664 -> 
  custom:video-codec-MediaFoundation-h265: 746d11721c4dcdbdad8f713fa42b33f4 -> 
  custom:audio-encoder-webm-vorbis: bf7c407c2cedff20999df2af8eb42d56 -> 
  custom:framework-win-MediaFoundation: 216162199b28c13a410421893ffa2e32 -> 
  custom:container-demuxer-ogg: 62fdf1f143b41e24485cea50d1cbac27 -> 
  custom:video-decoder-webm-vp8: 9c59270c3fd7afecdb556c50c9e8de78 -> 
  custom:audio-decoder-ogg-vorbis: bf7c407c2cedff20999df2af8eb42d56 -> 
========================================================================
Received Prepare
Registering precompiled user dll's ...
Registered in 0.006081 seconds.
Begin MonoManager ReloadAssembly
Symbol file LoadedFromMemory doesn't match image C:\Users\28356\Documents\GitHub\OnlyGodKnows\OGK Prototype\Library\PackageCache\com.unity.visualscripting@1.8.0\Editor\VisualScripting.Core\Dependencies\YamlDotNet\Unity.VisualScripting.YamlDotNet.dll
Symbol file LoadedFromMemory doesn't match image C:\Users\28356\Documents\GitHub\OnlyGodKnows\OGK Prototype\Library\PackageCache\com.unity.visualscripting@1.8.0\Editor\VisualScripting.Core\Dependencies\DotNetZip\Unity.VisualScripting.IonicZip.dll
Native extension for WindowsStandalone target not found
Refreshing native plugins compatible for Editor in 1.23 ms, found 3 plugins.
Preloading 0 native plugins for Editor in 0.00 ms.
Mono: successfully reloaded assembly
- Completed reload, in  1.255 seconds
Domain Reload Profiling:
	ReloadAssembly (1256ms)
		BeginReloadAssembly (125ms)
			ExecutionOrderSort (0ms)
			DisableScriptedObjects (4ms)
			BackupInstance (0ms)
			ReleaseScriptingObjects (0ms)
			CreateAndSetChildDomain (43ms)
		EndReloadAssembly (1042ms)
			LoadAssemblies (83ms)
			RebuildTransferFunctionScriptingTraits (0ms)
			SetupTypeCache (304ms)
			ReleaseScriptCaches (3ms)
			RebuildScriptCaches (58ms)
			SetupLoadedEditorAssemblies (529ms)
				LogAssemblyErrors (0ms)
				InitializePlatformSupportModulesInManaged (12ms)
				SetLoadedEditorAssemblies (0ms)
				RefreshPlugins (1ms)
				BeforeProcessingInitializeOnLoad (86ms)
				ProcessInitializeOnLoadAttributes (343ms)
				ProcessInitializeOnLoadMethodAttributes (85ms)
				AfterProcessingInitializeOnLoad (2ms)
				EditorAssembliesLoaded (0ms)
			ExecutionOrderSort2 (0ms)
			AwakeInstancesAfterBackupRestoration (9ms)
Platform modules already initialized, skipping
Refreshing native plugins compatible for Editor in 5.44 ms, found 3 plugins.
Preloading 0 native plugins for Editor in 0.00 ms.
Unloading 5610 Unused Serialized files (Serialized files now loaded: 0)
Unloading 31 unused Assets / (0.8 MB). Loaded Objects now: 6327.
Memory consumption went from 224.5 MB to 223.7 MB.
Total: 8.136300 ms (FindLiveObjects: 0.821000 ms CreateObjectMapping: 0.641600 ms MarkObjects: 5.974500 ms  DeleteObjects: 0.697300 ms)

AssetImportParameters requested are different than current active one (requested -> active):
  custom:video-decoder-ogg-theora: a1e56fd34408186e4bbccfd4996cb3dc -> 
  custom:container-muxer-webm: aa71ff27fc2769a1b78a27578f13a17b -> 
  custom:container-demuxer-webm: 4f35f7cbe854078d1ac9338744f61a02 -> 
  custom:video-encoder-webm-vp8: eb34c28f22e8b96e1ab97ce403110664 -> 
  custom:video-codec-MediaFoundation-h265: 746d11721c4dcdbdad8f713fa42b33f4 -> 
  custom:audio-encoder-webm-vorbis: bf7c407c2cedff20999df2af8eb42d56 -> 
  custom:framework-win-MediaFoundation: 216162199b28c13a410421893ffa2e32 -> 
  custom:container-demuxer-ogg: 62fdf1f143b41e24485cea50d1cbac27 -> 
  custom:video-decoder-webm-vp8: 9c59270c3fd7afecdb556c50c9e8de78 -> 
  custom:audio-decoder-ogg-vorbis: bf7c407c2cedff20999df2af8eb42d56 -> 
========================================================================
Received Prepare
Registering precompiled user dll's ...
Registered in 0.006189 seconds.
Begin MonoManager ReloadAssembly
Symbol file LoadedFromMemory doesn't match image C:\Users\28356\Documents\GitHub\OnlyGodKnows\OGK Prototype\Library\PackageCache\com.unity.visualscripting@1.8.0\Editor\VisualScripting.Core\Dependencies\YamlDotNet\Unity.VisualScripting.YamlDotNet.dll
Symbol file LoadedFromMemory doesn't match image C:\Users\28356\Documents\GitHub\OnlyGodKnows\OGK Prototype\Library\PackageCache\com.unity.visualscripting@1.8.0\Editor\VisualScripting.Core\Dependencies\DotNetZip\Unity.VisualScripting.IonicZip.dll
Native extension for WindowsStandalone target not found
Refreshing native plugins compatible for Editor in 1.31 ms, found 3 plugins.
Preloading 0 native plugins for Editor in 0.00 ms.
Mono: successfully reloaded assembly
- Completed reload, in  1.409 seconds
Domain Reload Profiling:
	ReloadAssembly (1410ms)
		BeginReloadAssembly (140ms)
			ExecutionOrderSort (0ms)
			DisableScriptedObjects (5ms)
			BackupInstance (0ms)
			ReleaseScriptingObjects (0ms)
			CreateAndSetChildDomain (45ms)
		EndReloadAssembly (1175ms)
			LoadAssemblies (95ms)
			RebuildTransferFunctionScriptingTraits (0ms)
			SetupTypeCache (328ms)
			ReleaseScriptCaches (3ms)
			RebuildScriptCaches (61ms)
			SetupLoadedEditorAssemblies (621ms)
				LogAssemblyErrors (0ms)
				InitializePlatformSupportModulesInManaged (13ms)
				SetLoadedEditorAssemblies (1ms)
				RefreshPlugins (1ms)
				BeforeProcessingInitializeOnLoad (100ms)
				ProcessInitializeOnLoadAttributes (401ms)
				ProcessInitializeOnLoadMethodAttributes (102ms)
				AfterProcessingInitializeOnLoad (3ms)
				EditorAssembliesLoaded (0ms)
			ExecutionOrderSort2 (0ms)
			AwakeInstancesAfterBackupRestoration (10ms)
Platform modules already initialized, skipping
Refreshing native plugins compatible for Editor in 5.12 ms, found 3 plugins.
Preloading 0 native plugins for Editor in 0.00 ms.
Unloading 5610 Unused Serialized files (Serialized files now loaded: 0)
Unloading 31 unused Assets / (0.8 MB). Loaded Objects now: 6342.
Memory consumption went from 224.5 MB to 223.7 MB.
Total: 7.105500 ms (FindLiveObjects: 0.734400 ms CreateObjectMapping: 0.593800 ms MarkObjects: 5.062600 ms  DeleteObjects: 0.713200 ms)

AssetImportParameters requested are different than current active one (requested -> active):
  custom:video-decoder-ogg-theora: a1e56fd34408186e4bbccfd4996cb3dc -> 
  custom:container-muxer-webm: aa71ff27fc2769a1b78a27578f13a17b -> 
  custom:container-demuxer-webm: 4f35f7cbe854078d1ac9338744f61a02 -> 
  custom:video-encoder-webm-vp8: eb34c28f22e8b96e1ab97ce403110664 -> 
  custom:video-codec-MediaFoundation-h265: 746d11721c4dcdbdad8f713fa42b33f4 -> 
  custom:audio-encoder-webm-vorbis: bf7c407c2cedff20999df2af8eb42d56 -> 
  custom:framework-win-MediaFoundation: 216162199b28c13a410421893ffa2e32 -> 
  custom:container-demuxer-ogg: 62fdf1f143b41e24485cea50d1cbac27 -> 
  custom:video-decoder-webm-vp8: 9c59270c3fd7afecdb556c50c9e8de78 -> 
  custom:audio-decoder-ogg-vorbis: bf7c407c2cedff20999df2af8eb42d56 -> 
========================================================================
Received Import Request.
  Time since last request: 257.501127 seconds.
  path: Assets/Notes/TestNote1.asset
  artifactKey: Guid(64e53a89278e85943affdb52926b1df3) Importer(815301076,1909f56bfc062723c751e8b465ee728b)
Start importing Assets/Notes/TestNote1.asset using Guid(64e53a89278e85943affdb52926b1df3) Importer(815301076,1909f56bfc062723c751e8b465ee728b)  -> (artifact id: '535d8883fd94aa3c7f08ee42fad86dd9') in 0.030412 seconds 
========================================================================
Received Import Request.
  Time since last request: 35.469824 seconds.
  path: Assets/Notes/Pages/Note1_p1 1.asset
  artifactKey: Guid(3c57216a6077f5440852f4d66e273d00) Importer(815301076,1909f56bfc062723c751e8b465ee728b)
Start importing Assets/Notes/Pages/Note1_p1 1.asset using Guid(3c57216a6077f5440852f4d66e273d00) Importer(815301076,1909f56bfc062723c751e8b465ee728b)  -> (artifact id: '4af58a74f672d0b0df25413bbd95b02d') in 0.006670 seconds 
========================================================================
Received Import Request.
  Time since last request: 13.638154 seconds.
  path: Assets/Notes/Pages/Note1a.asset
  artifactKey: Guid(3c57216a6077f5440852f4d66e273d00) Importer(815301076,1909f56bfc062723c751e8b465ee728b)
Start importing Assets/Notes/Pages/Note1a.asset using Guid(3c57216a6077f5440852f4d66e273d00) Importer(815301076,1909f56bfc062723c751e8b465ee728b)  -> (artifact id: '05b896eadfdc837ebae6d135ee221ac2') in 0.007459 seconds 
========================================================================
Received Import Request.
  Time since last request: 20.632281 seconds.
  path: Assets/Notes/Pages/Note1b.asset
  artifactKey: Guid(01486b45c7712c546b265f56a7208986) Importer(815301076,1909f56bfc062723c751e8b465ee728b)
Start importing Assets/Notes/Pages/Note1b.asset using Guid(01486b45c7712c546b265f56a7208986) Importer(815301076,1909f56bfc062723c751e8b465ee728b)  -> (artifact id: '997585596a9b32adb00c1bb734efba3e') in 0.006891 seconds 
========================================================================
Received Import Request.
  Time since last request: 21.079161 seconds.
  path: Assets/Notes/Pages/Note1a 1.asset
  artifactKey: Guid(ae0eaff9dc7482e4fb03a16599564fed) Importer(815301076,1909f56bfc062723c751e8b465ee728b)
Start importing Assets/Notes/Pages/Note1a 1.asset using Guid(ae0eaff9dc7482e4fb03a16599564fed) Importer(815301076,1909f56bfc062723c751e8b465ee728b)  -> (artifact id: 'fe0b8f6238d4fdc7210e0bdcc5d8e469') in 0.006989 seconds 
========================================================================
Received Import Request.
  Time since last request: 0.000411 seconds.
  path: Assets/Notes/Pages/Note1a.asset
  artifactKey: Guid(3c57216a6077f5440852f4d66e273d00) Importer(815301076,1909f56bfc062723c751e8b465ee728b)
Start importing Assets/Notes/Pages/Note1a.asset using Guid(3c57216a6077f5440852f4d66e273d00) Importer(815301076,1909f56bfc062723c751e8b465ee728b)  -> (artifact id: 'feca78381ddd1191baa693ac775bdc5d') in 0.002962 seconds 
========================================================================
Received Import Request.
  Time since last request: 8.131850 seconds.
  path: Assets/Notes/Pages/Note2a.asset
  artifactKey: Guid(ae0eaff9dc7482e4fb03a16599564fed) Importer(815301076,1909f56bfc062723c751e8b465ee728b)
Start importing Assets/Notes/Pages/Note2a.asset using Guid(ae0eaff9dc7482e4fb03a16599564fed) Importer(815301076,1909f56bfc062723c751e8b465ee728b)  -> (artifact id: '3087c9ae6b27a3d0a0838a4d8964b768') in 0.006544 seconds 
========================================================================
Received Import Request.
  Time since last request: 7.674997 seconds.
  path: Assets/Notes/Pages/Note2a 1.asset
  artifactKey: Guid(a81cf4e6d3e38a64ebc56a220bf9e642) Importer(815301076,1909f56bfc062723c751e8b465ee728b)
Start importing Assets/Notes/Pages/Note2a 1.asset using Guid(a81cf4e6d3e38a64ebc56a220bf9e642) Importer(815301076,1909f56bfc062723c751e8b465ee728b)  -> (artifact id: 'ac5388b03990060cf3fd4c325f61ad04') in 0.005953 seconds 
========================================================================
Received Import Request.
  Time since last request: 33.887282 seconds.
  path: Assets/Notes/Pages/Note2b.asset
  artifactKey: Guid(a81cf4e6d3e38a64ebc56a220bf9e642) Importer(815301076,1909f56bfc062723c751e8b465ee728b)
Start importing Assets/Notes/Pages/Note2b.asset using Guid(a81cf4e6d3e38a64ebc56a220bf9e642) Importer(815301076,1909f56bfc062723c751e8b465ee728b)  -> (artifact id: '838c8c8141fe0056502f090063093ea2') in 0.007064 seconds 
========================================================================
Received Import Request.
  Time since last request: 9.906729 seconds.
  path: Assets/Notes/Pages/Note2b 1.asset
  artifactKey: Guid(6f8d2381f770bff4cbd8221caa9ee968) Importer(815301076,1909f56bfc062723c751e8b465ee728b)
Start importing Assets/Notes/Pages/Note2b 1.asset using Guid(6f8d2381f770bff4cbd8221caa9ee968) Importer(815301076,1909f56bfc062723c751e8b465ee728b)  -> (artifact id: '7ed7657de003e1941ed6c24e7cf47613') in 0.006673 seconds 
========================================================================
Received Import Request.
  Time since last request: 6.776455 seconds.
  path: Assets/Notes/Pages/Note3.asset
  artifactKey: Guid(6f8d2381f770bff4cbd8221caa9ee968) Importer(815301076,1909f56bfc062723c751e8b465ee728b)
Start importing Assets/Notes/Pages/Note3.asset using Guid(6f8d2381f770bff4cbd8221caa9ee968) Importer(815301076,1909f56bfc062723c751e8b465ee728b)  -> (artifact id: '24f1e6afd9c0de30c8a2ad016267d34a') in 0.006455 seconds 
========================================================================
Received Import Request.
  Time since last request: 1.324315 seconds.
  path: Assets/Notes/Pages/Note3 1.asset
  artifactKey: Guid(27cc4aa507aafa64aa44f9d4dd07b8cd) Importer(815301076,1909f56bfc062723c751e8b465ee728b)
Start importing Assets/Notes/Pages/Note3 1.asset using Guid(27cc4aa507aafa64aa44f9d4dd07b8cd) Importer(815301076,1909f56bfc062723c751e8b465ee728b)  -> (artifact id: '518d332767c2e7beef31e3545986eb68') in 0.006275 seconds 
========================================================================
Received Import Request.
  Time since last request: 3.936846 seconds.
  path: Assets/Notes/Pages/Note4.asset
  artifactKey: Guid(27cc4aa507aafa64aa44f9d4dd07b8cd) Importer(815301076,1909f56bfc062723c751e8b465ee728b)
Start importing Assets/Notes/Pages/Note4.asset using Guid(27cc4aa507aafa64aa44f9d4dd07b8cd) Importer(815301076,1909f56bfc062723c751e8b465ee728b)  -> (artifact id: 'dd688e80c150d15955cf9ba5b6069727') in 0.006289 seconds 
========================================================================
Received Import Request.
  Time since last request: 8.239185 seconds.
  path: Assets/Notes/Pages/Note4 1.asset
  artifactKey: Guid(46ee810add1f3e84ca91fccd1ef5e155) Importer(815301076,1909f56bfc062723c751e8b465ee728b)
Start importing Assets/Notes/Pages/Note4 1.asset using Guid(46ee810add1f3e84ca91fccd1ef5e155) Importer(815301076,1909f56bfc062723c751e8b465ee728b)  -> (artifact id: 'ecc9d85b63d7331f82f96d237e1f22fb') in 0.007616 seconds 
========================================================================
Received Import Request.
  Time since last request: 0.001947 seconds.
  path: Assets/Notes/Pages/Note4.asset
  artifactKey: Guid(27cc4aa507aafa64aa44f9d4dd07b8cd) Importer(815301076,1909f56bfc062723c751e8b465ee728b)
Start importing Assets/Notes/Pages/Note4.asset using Guid(27cc4aa507aafa64aa44f9d4dd07b8cd) Importer(815301076,1909f56bfc062723c751e8b465ee728b)  -> (artifact id: '35951ab7b48b1d52849bcf186a114726') in 0.002803 seconds 
========================================================================
Received Import Request.
  Time since last request: 5.165533 seconds.
  path: Assets/Notes/Pages/Note5.asset
  artifactKey: Guid(46ee810add1f3e84ca91fccd1ef5e155) Importer(815301076,1909f56bfc062723c751e8b465ee728b)
Start importing Assets/Notes/Pages/Note5.asset using Guid(46ee810add1f3e84ca91fccd1ef5e155) Importer(815301076,1909f56bfc062723c751e8b465ee728b)  -> (artifact id: '37bf775e6808fb1fdf55c67729e05a7d') in 0.007042 seconds 
========================================================================
Received Import Request.
  Time since last request: 21.978869 seconds.
  path: Assets/Notes/Pages/Note4 1.asset
  artifactKey: Guid(b43399a240c952148bd48cfacef39c05) Importer(815301076,1909f56bfc062723c751e8b465ee728b)
Start importing Assets/Notes/Pages/Note4 1.asset using Guid(b43399a240c952148bd48cfacef39c05) Importer(815301076,1909f56bfc062723c751e8b465ee728b)  -> (artifact id: '07de4f36ef27e87c4a3f2d273d50a91e') in 0.002541 seconds 
========================================================================
Received Import Request.
  Time since last request: 4.625198 seconds.
  path: Assets/Notes/Pages/Note5a.asset
  artifactKey: Guid(b43399a240c952148bd48cfacef39c05) Importer(815301076,1909f56bfc062723c751e8b465ee728b)
Start importing Assets/Notes/Pages/Note5a.asset using Guid(b43399a240c952148bd48cfacef39c05) Importer(815301076,1909f56bfc062723c751e8b465ee728b)  -> (artifact id: '31c44b1ed25cb07f228b7ff00e6aad8e') in 0.007859 seconds 
========================================================================
Received Import Request.
  Time since last request: 16.344872 seconds.
  path: Assets/Notes/Pages/Note5a 1.asset
  artifactKey: Guid(59584b58c67462446b0ab22abe491e78) Importer(815301076,1909f56bfc062723c751e8b465ee728b)
Start importing Assets/Notes/Pages/Note5a 1.asset using Guid(59584b58c67462446b0ab22abe491e78) Importer(815301076,1909f56bfc062723c751e8b465ee728b)  -> (artifact id: '1428cb59378e0086046048af8451ad98') in 0.006034 seconds 
========================================================================
Received Import Request.
  Time since last request: 0.000468 seconds.
  path: Assets/Notes/Pages/Note5a.asset
  artifactKey: Guid(b43399a240c952148bd48cfacef39c05) Importer(815301076,1909f56bfc062723c751e8b465ee728b)
Start importing Assets/Notes/Pages/Note5a.asset using Guid(b43399a240c952148bd48cfacef39c05) Importer(815301076,1909f56bfc062723c751e8b465ee728b)  -> (artifact id: 'eb9c7da77973aa1c1ce5d8d5ec2834ac') in 0.002240 seconds 
========================================================================
Received Import Request.
  Time since last request: 7.736480 seconds.
  path: Assets/Notes/Pages/Note6.asset
  artifactKey: Guid(59584b58c67462446b0ab22abe491e78) Importer(815301076,1909f56bfc062723c751e8b465ee728b)
Start importing Assets/Notes/Pages/Note6.asset using Guid(59584b58c67462446b0ab22abe491e78) Importer(815301076,1909f56bfc062723c751e8b465ee728b)  -> (artifact id: '555b425cc9ac1033a1073e6b02c00010') in 0.006296 seconds 
========================================================================
Received Import Request.
  Time since last request: 8.584603 seconds.
  path: Assets/Notes/Pages/Note6 1.asset
  artifactKey: Guid(7731200cd72eb9642a56c95d104163b2) Importer(815301076,1909f56bfc062723c751e8b465ee728b)
Start importing Assets/Notes/Pages/Note6 1.asset using Guid(7731200cd72eb9642a56c95d104163b2) Importer(815301076,1909f56bfc062723c751e8b465ee728b)  -> (artifact id: 'ad0c967d04cde81a646a0008e39d805c') in 0.006371 seconds 
========================================================================
Received Import Request.
  Time since last request: 25.086550 seconds.
  path: Assets/Notes/Pages/warning_note.asset
  artifactKey: Guid(7731200cd72eb9642a56c95d104163b2) Importer(815301076,1909f56bfc062723c751e8b465ee728b)
Start importing Assets/Notes/Pages/warning_note.asset using Guid(7731200cd72eb9642a56c95d104163b2) Importer(815301076,1909f56bfc062723c751e8b465ee728b)  -> (artifact id: 'fa557b5d5797caf196a92c3f9880ad29') in 0.006593 seconds 
========================================================================
Received Import Request.
  Time since last request: 2.052184 seconds.
  path: Assets/Notes/Pages/warning_note 1.asset
  artifactKey: Guid(ffdd3cd52be85da498e2eda05c42d5de) Importer(815301076,1909f56bfc062723c751e8b465ee728b)
Start importing Assets/Notes/Pages/warning_note 1.asset using Guid(ffdd3cd52be85da498e2eda05c42d5de) Importer(815301076,1909f56bfc062723c751e8b465ee728b)  -> (artifact id: '319d69d15e037da329f95dc2a4c4494f') in 0.006494 seconds 
========================================================================
Received Import Request.
  Time since last request: 39.930495 seconds.
  path: Assets/Notes/Pages/Joan_Mathis_Form.asset
  artifactKey: Guid(ffdd3cd52be85da498e2eda05c42d5de) Importer(815301076,1909f56bfc062723c751e8b465ee728b)
Start importing Assets/Notes/Pages/Joan_Mathis_Form.asset using Guid(ffdd3cd52be85da498e2eda05c42d5de) Importer(815301076,1909f56bfc062723c751e8b465ee728b)  -> (artifact id: '72623fc02269a60b705eba69ebea8446') in 0.007833 seconds 
========================================================================
Received Import Request.
  Time since last request: 20.220574 seconds.
  path: Assets/Notes/Pages/warning_note 1.asset
  artifactKey: Guid(f97419da6f9d51548a13f59759e12c16) Importer(815301076,1909f56bfc062723c751e8b465ee728b)
Start importing Assets/Notes/Pages/warning_note 1.asset using Guid(f97419da6f9d51548a13f59759e12c16) Importer(815301076,1909f56bfc062723c751e8b465ee728b)  -> (artifact id: 'd035f49d4ed49b7db1ee35eb87bbb49e') in 0.002534 seconds 
========================================================================
Received Import Request.
  Time since last request: 4.058155 seconds.
  path: Assets/Notes/Pages/1.asset
  artifactKey: Guid(7731200cd72eb9642a56c95d104163b2) Importer(815301076,1909f56bfc062723c751e8b465ee728b)
Start importing Assets/Notes/Pages/1.asset using Guid(7731200cd72eb9642a56c95d104163b2) Importer(815301076,1909f56bfc062723c751e8b465ee728b)  -> (artifact id: 'cc606d84c102e7dcd0ef41a650e29026') in 0.007767 seconds 
========================================================================
Received Import Request.
  Time since last request: 6.661594 seconds.
  path: Assets/The_Midwich_Post (1).pdf
  artifactKey: Guid(b72edf8821a02524ca3eedbebe3c7e62) Importer(815301076,1909f56bfc062723c751e8b465ee728b)
Start importing Assets/The_Midwich_Post (1).pdf using Guid(b72edf8821a02524ca3eedbebe3c7e62) Importer(815301076,1909f56bfc062723c751e8b465ee728b)  -> (artifact id: 'e91520f6ae13c652c1e1807156cdfe9e') in 0.017855 seconds 
========================================================================
Received Import Request.
  Time since last request: 55.977254 seconds.
  path: Assets/StarterAssets_Documentation.pdf
  artifactKey: Guid(1030fbd7379311b47bf5b1178c1c7a26) Importer(815301076,1909f56bfc062723c751e8b465ee728b)
Start importing Assets/StarterAssets_Documentation.pdf using Guid(1030fbd7379311b47bf5b1178c1c7a26) Importer(815301076,1909f56bfc062723c751e8b465ee728b)  -> (artifact id: '795794200e5e996f4648b396d47823be') in 0.007053 seconds 
========================================================================
Received Import Request.
  Time since last request: 91.916205 seconds.
  path: Assets/The_Midwich_Post (1).png
  artifactKey: Guid(e443c7fe6c7c1f04c8dd4e29574ef248) Importer(815301076,1909f56bfc062723c751e8b465ee728b)
Start importing Assets/The_Midwich_Post (1).png using Guid(e443c7fe6c7c1f04c8dd4e29574ef248) Importer(815301076,1909f56bfc062723c751e8b465ee728b)  -> (artifact id: '1ea5c5b0df1572d4b2feac59f5a6d239') in 0.035792 seconds 
========================================================================
Received Import Request.
  Time since last request: 10.322184 seconds.
  path: Assets/The_Midwich_Post (1).png
  artifactKey: Guid(e443c7fe6c7c1f04c8dd4e29574ef248) Importer(815301076,1909f56bfc062723c751e8b465ee728b)
Start importing Assets/The_Midwich_Post (1).png using Guid(e443c7fe6c7c1f04c8dd4e29574ef248) Importer(815301076,1909f56bfc062723c751e8b465ee728b)  -> (artifact id: 'e1ef18dfd8bd2343fd96597f37d50770') in 0.293575 seconds 
========================================================================
Received Import Request.
  Time since last request: 52.178535 seconds.
  path: Assets/Notes/Pages/Midwitch_Post.asset
  artifactKey: Guid(7731200cd72eb9642a56c95d104163b2) Importer(815301076,1909f56bfc062723c751e8b465ee728b)
Start importing Assets/Notes/Pages/Midwitch_Post.asset using Guid(7731200cd72eb9642a56c95d104163b2) Importer(815301076,1909f56bfc062723c751e8b465ee728b)  -> (artifact id: '7030e100a854deef9e027e3cbc145734') in 0.008224 seconds 
========================================================================
Received Prepare
Registering precompiled user dll's ...
Registered in 0.006742 seconds.
Begin MonoManager ReloadAssembly
Symbol file LoadedFromMemory doesn't match image C:\Users\28356\Documents\GitHub\OnlyGodKnows\OGK Prototype\Library\PackageCache\com.unity.visualscripting@1.8.0\Editor\VisualScripting.Core\Dependencies\YamlDotNet\Unity.VisualScripting.YamlDotNet.dll
Symbol file LoadedFromMemory doesn't match image C:\Users\28356\Documents\GitHub\OnlyGodKnows\OGK Prototype\Library\PackageCache\com.unity.visualscripting@1.8.0\Editor\VisualScripting.Core\Dependencies\DotNetZip\Unity.VisualScripting.IonicZip.dll
Native extension for WindowsStandalone target not found
Refreshing native plugins compatible for Editor in 1.58 ms, found 3 plugins.
Preloading 0 native plugins for Editor in 0.00 ms.
Mono: successfully reloaded assembly
- Completed reload, in  1.147 seconds
Domain Reload Profiling:
	ReloadAssembly (1148ms)
		BeginReloadAssembly (128ms)
			ExecutionOrderSort (0ms)
			DisableScriptedObjects (5ms)
			BackupInstance (0ms)
			ReleaseScriptingObjects (0ms)
			CreateAndSetChildDomain (45ms)
		EndReloadAssembly (921ms)
			LoadAssemblies (79ms)
			RebuildTransferFunctionScriptingTraits (0ms)
			SetupTypeCache (270ms)
			ReleaseScriptCaches (3ms)
			RebuildScriptCaches (41ms)
			SetupLoadedEditorAssemblies (479ms)
				LogAssemblyErrors (0ms)
				InitializePlatformSupportModulesInManaged (13ms)
				SetLoadedEditorAssemblies (1ms)
				RefreshPlugins (2ms)
				BeforeProcessingInitializeOnLoad (78ms)
				ProcessInitializeOnLoadAttributes (305ms)
				ProcessInitializeOnLoadMethodAttributes (77ms)
				AfterProcessingInitializeOnLoad (3ms)
				EditorAssembliesLoaded (0ms)
			ExecutionOrderSort2 (0ms)
			AwakeInstancesAfterBackupRestoration (8ms)
Platform modules already initialized, skipping
Refreshing native plugins compatible for Editor in 3.11 ms, found 3 plugins.
Preloading 0 native plugins for Editor in 0.00 ms.
Unloading 5610 Unused Serialized files (Serialized files now loaded: 0)
Unloading 31 unused Assets / (0.8 MB). Loaded Objects now: 6361.
Memory consumption went from 224.6 MB to 223.8 MB.
Total: 4.881700 ms (FindLiveObjects: 0.492800 ms CreateObjectMapping: 0.396300 ms MarkObjects: 3.633300 ms  DeleteObjects: 0.358100 ms)

AssetImportParameters requested are different than current active one (requested -> active):
  custom:video-decoder-ogg-theora: a1e56fd34408186e4bbccfd4996cb3dc -> 
  custom:container-muxer-webm: aa71ff27fc2769a1b78a27578f13a17b -> 
  custom:container-demuxer-webm: 4f35f7cbe854078d1ac9338744f61a02 -> 
  custom:video-encoder-webm-vp8: eb34c28f22e8b96e1ab97ce403110664 -> 
  custom:video-codec-MediaFoundation-h265: 746d11721c4dcdbdad8f713fa42b33f4 -> 
  custom:audio-encoder-webm-vorbis: bf7c407c2cedff20999df2af8eb42d56 -> 
  custom:framework-win-MediaFoundation: 216162199b28c13a410421893ffa2e32 -> 
  custom:container-demuxer-ogg: 62fdf1f143b41e24485cea50d1cbac27 -> 
  custom:video-decoder-webm-vp8: 9c59270c3fd7afecdb556c50c9e8de78 -> 
  custom:audio-decoder-ogg-vorbis: bf7c407c2cedff20999df2af8eb42d56 -> 
========================================================================
Received Prepare
Registering precompiled user dll's ...
Registered in 0.006893 seconds.
Begin MonoManager ReloadAssembly
Symbol file LoadedFromMemory doesn't match image C:\Users\28356\Documents\GitHub\OnlyGodKnows\OGK Prototype\Library\PackageCache\com.unity.visualscripting@1.8.0\Editor\VisualScripting.Core\Dependencies\YamlDotNet\Unity.VisualScripting.YamlDotNet.dll
Symbol file LoadedFromMemory doesn't match image C:\Users\28356\Documents\GitHub\OnlyGodKnows\OGK Prototype\Library\PackageCache\com.unity.visualscripting@1.8.0\Editor\VisualScripting.Core\Dependencies\DotNetZip\Unity.VisualScripting.IonicZip.dll
Native extension for WindowsStandalone target not found
Refreshing native plugins compatible for Editor in 1.31 ms, found 3 plugins.
Preloading 0 native plugins for Editor in 0.00 ms.
Mono: successfully reloaded assembly
- Completed reload, in  1.431 seconds
Domain Reload Profiling:
	ReloadAssembly (1432ms)
		BeginReloadAssembly (148ms)
			ExecutionOrderSort (0ms)
			DisableScriptedObjects (5ms)
			BackupInstance (0ms)
			ReleaseScriptingObjects (0ms)
			CreateAndSetChildDomain (47ms)
		EndReloadAssembly (1182ms)
			LoadAssemblies (109ms)
			RebuildTransferFunctionScriptingTraits (0ms)
			SetupTypeCache (348ms)
			ReleaseScriptCaches (3ms)
			RebuildScriptCaches (62ms)
			SetupLoadedEditorAssemblies (593ms)
				LogAssemblyErrors (0ms)
				InitializePlatformSupportModulesInManaged (13ms)
				SetLoadedEditorAssemblies (1ms)
				RefreshPlugins (1ms)
				BeforeProcessingInitializeOnLoad (103ms)
				ProcessInitializeOnLoadAttributes (379ms)
				ProcessInitializeOnLoadMethodAttributes (93ms)
				AfterProcessingInitializeOnLoad (3ms)
				EditorAssembliesLoaded (0ms)
			ExecutionOrderSort2 (0ms)
			AwakeInstancesAfterBackupRestoration (11ms)
Platform modules already initialized, skipping
Refreshing native plugins compatible for Editor in 5.51 ms, found 3 plugins.
Preloading 0 native plugins for Editor in 0.00 ms.
Unloading 5610 Unused Serialized files (Serialized files now loaded: 0)
Unloading 31 unused Assets / (0.8 MB). Loaded Objects now: 6376.
Memory consumption went from 224.6 MB to 223.8 MB.
Total: 7.387400 ms (FindLiveObjects: 0.816000 ms CreateObjectMapping: 0.733700 ms MarkObjects: 5.125800 ms  DeleteObjects: 0.709900 ms)

AssetImportParameters requested are different than current active one (requested -> active):
  custom:video-decoder-ogg-theora: a1e56fd34408186e4bbccfd4996cb3dc -> 
  custom:container-muxer-webm: aa71ff27fc2769a1b78a27578f13a17b -> 
  custom:container-demuxer-webm: 4f35f7cbe854078d1ac9338744f61a02 -> 
  custom:video-encoder-webm-vp8: eb34c28f22e8b96e1ab97ce403110664 -> 
  custom:video-codec-MediaFoundation-h265: 746d11721c4dcdbdad8f713fa42b33f4 -> 
  custom:audio-encoder-webm-vorbis: bf7c407c2cedff20999df2af8eb42d56 -> 
  custom:framework-win-MediaFoundation: 216162199b28c13a410421893ffa2e32 -> 
  custom:container-demuxer-ogg: 62fdf1f143b41e24485cea50d1cbac27 -> 
  custom:video-decoder-webm-vp8: 9c59270c3fd7afecdb556c50c9e8de78 -> 
  custom:audio-decoder-ogg-vorbis: bf7c407c2cedff20999df2af8eb42d56 -> 
========================================================================
Received Import Request.
  Time since last request: 161.501758 seconds.
  path: Assets/Notes/TestNote2 1.asset
  artifactKey: Guid(f6d52dc9f8d45d543841604dd74d7e9f) Importer(815301076,1909f56bfc062723c751e8b465ee728b)
Start importing Assets/Notes/TestNote2 1.asset using Guid(f6d52dc9f8d45d543841604dd74d7e9f) Importer(815301076,1909f56bfc062723c751e8b465ee728b)  -> (artifact id: '48b863f55fa17a60b052778d92c26b58') in 0.024258 seconds 
========================================================================
Received Import Request.
  Time since last request: 8.491877 seconds.
  path: Assets/Notes/Note1.asset
  artifactKey: Guid(f6d52dc9f8d45d543841604dd74d7e9f) Importer(815301076,1909f56bfc062723c751e8b465ee728b)
Start importing Assets/Notes/Note1.asset using Guid(f6d52dc9f8d45d543841604dd74d7e9f) Importer(815301076,1909f56bfc062723c751e8b465ee728b)  -> (artifact id: 'c99b069c3b6b7572aa01fc88e12091ee') in 0.007747 seconds 
========================================================================
Received Prepare
Registering precompiled user dll's ...
Registered in 0.005890 seconds.
Begin MonoManager ReloadAssembly
Symbol file LoadedFromMemory doesn't match image C:\Users\28356\Documents\GitHub\OnlyGodKnows\OGK Prototype\Library\PackageCache\com.unity.visualscripting@1.8.0\Editor\VisualScripting.Core\Dependencies\YamlDotNet\Unity.VisualScripting.YamlDotNet.dll
Symbol file LoadedFromMemory doesn't match image C:\Users\28356\Documents\GitHub\OnlyGodKnows\OGK Prototype\Library\PackageCache\com.unity.visualscripting@1.8.0\Editor\VisualScripting.Core\Dependencies\DotNetZip\Unity.VisualScripting.IonicZip.dll
Native extension for WindowsStandalone target not found
Refreshing native plugins compatible for Editor in 1.28 ms, found 3 plugins.
Preloading 0 native plugins for Editor in 0.00 ms.
Mono: successfully reloaded assembly
- Completed reload, in  1.338 seconds
Domain Reload Profiling:
	ReloadAssembly (1339ms)
		BeginReloadAssembly (146ms)
			ExecutionOrderSort (0ms)
			DisableScriptedObjects (5ms)
			BackupInstance (0ms)
			ReleaseScriptingObjects (0ms)
			CreateAndSetChildDomain (51ms)
		EndReloadAssembly (1080ms)
			LoadAssemblies (92ms)
			RebuildTransferFunctionScriptingTraits (0ms)
			SetupTypeCache (340ms)
			ReleaseScriptCaches (3ms)
			RebuildScriptCaches (54ms)
			SetupLoadedEditorAssemblies (528ms)
				LogAssemblyErrors (0ms)
				InitializePlatformSupportModulesInManaged (12ms)
				SetLoadedEditorAssemblies (0ms)
				RefreshPlugins (1ms)
				BeforeProcessingInitializeOnLoad (88ms)
				ProcessInitializeOnLoadAttributes (336ms)
				ProcessInitializeOnLoadMethodAttributes (87ms)
				AfterProcessingInitializeOnLoad (3ms)
				EditorAssembliesLoaded (0ms)
			ExecutionOrderSort2 (0ms)
			AwakeInstancesAfterBackupRestoration (11ms)
Platform modules already initialized, skipping
Refreshing native plugins compatible for Editor in 4.48 ms, found 3 plugins.
Preloading 0 native plugins for Editor in 0.00 ms.
Unloading 5610 Unused Serialized files (Serialized files now loaded: 0)
Unloading 31 unused Assets / (0.8 MB). Loaded Objects now: 6391.
Memory consumption went from 224.6 MB to 223.8 MB.
Total: 7.523000 ms (FindLiveObjects: 0.806700 ms CreateObjectMapping: 0.660600 ms MarkObjects: 5.341700 ms  DeleteObjects: 0.712100 ms)

AssetImportParameters requested are different than current active one (requested -> active):
  custom:video-decoder-ogg-theora: a1e56fd34408186e4bbccfd4996cb3dc -> 
  custom:container-muxer-webm: aa71ff27fc2769a1b78a27578f13a17b -> 
  custom:container-demuxer-webm: 4f35f7cbe854078d1ac9338744f61a02 -> 
  custom:video-encoder-webm-vp8: eb34c28f22e8b96e1ab97ce403110664 -> 
  custom:video-codec-MediaFoundation-h265: 746d11721c4dcdbdad8f713fa42b33f4 -> 
  custom:audio-encoder-webm-vorbis: bf7c407c2cedff20999df2af8eb42d56 -> 
  custom:framework-win-MediaFoundation: 216162199b28c13a410421893ffa2e32 -> 
  custom:container-demuxer-ogg: 62fdf1f143b41e24485cea50d1cbac27 -> 
  custom:video-decoder-webm-vp8: 9c59270c3fd7afecdb556c50c9e8de78 -> 
  custom:audio-decoder-ogg-vorbis: bf7c407c2cedff20999df2af8eb42d56 -> 
========================================================================
Received Import Request.
  Time since last request: 179.307263 seconds.
  path: Assets/Notes/Note1 1.asset
  artifactKey: Guid(3755365be8f22e1459bdc11a6b0763aa) Importer(815301076,1909f56bfc062723c751e8b465ee728b)
Start importing Assets/Notes/Note1 1.asset using Guid(3755365be8f22e1459bdc11a6b0763aa) Importer(815301076,1909f56bfc062723c751e8b465ee728b)  -> (artifact id: '35b0563edbe6aef9ddd4d80fa051fab4') in 0.025440 seconds 
========================================================================
Received Import Request.
  Time since last request: 29.122820 seconds.
  path: Assets/Notes/Note2.asset
  artifactKey: Guid(3755365be8f22e1459bdc11a6b0763aa) Importer(815301076,1909f56bfc062723c751e8b465ee728b)
Start importing Assets/Notes/Note2.asset using Guid(3755365be8f22e1459bdc11a6b0763aa) Importer(815301076,1909f56bfc062723c751e8b465ee728b)  -> (artifact id: '98a85d98c670620bc981f845f13bce1e') in 0.007853 seconds 
========================================================================
Received Import Request.
  Time since last request: 0.000033 seconds.
  path: Assets/Notes/Note1.asset
  artifactKey: Guid(f6d52dc9f8d45d543841604dd74d7e9f) Importer(815301076,1909f56bfc062723c751e8b465ee728b)
Start importing Assets/Notes/Note1.asset using Guid(f6d52dc9f8d45d543841604dd74d7e9f) Importer(815301076,1909f56bfc062723c751e8b465ee728b)  -> (artifact id: '171276a089d8ad87204182734d36ce5c') in 0.002954 seconds 
========================================================================
Received Import Request.
  Time since last request: 3.130006 seconds.
  path: Assets/Notes/Note2 1.asset
  artifactKey: Guid(3b8b9a25567885544a1035ea653161e0) Importer(815301076,1909f56bfc062723c751e8b465ee728b)
Start importing Assets/Notes/Note2 1.asset using Guid(3b8b9a25567885544a1035ea653161e0) Importer(815301076,1909f56bfc062723c751e8b465ee728b)  -> (artifact id: '5a7d558037b22e925e7b7b257147c9f8') in 0.006916 seconds 
========================================================================
Received Import Request.
  Time since last request: 0.000022 seconds.
  path: Assets/Notes/Note1.asset
  artifactKey: Guid(f6d52dc9f8d45d543841604dd74d7e9f) Importer(815301076,1909f56bfc062723c751e8b465ee728b)
Start importing Assets/Notes/Note1.asset using Guid(f6d52dc9f8d45d543841604dd74d7e9f) Importer(815301076,1909f56bfc062723c751e8b465ee728b)  -> (artifact id: 'a2f53432ee9b884f7eb0dea97bbb1ce0') in 0.002759 seconds 
========================================================================
Received Import Request.
  Time since last request: 3.922059 seconds.
  path: Assets/Notes/Note3.asset
  artifactKey: Guid(3b8b9a25567885544a1035ea653161e0) Importer(815301076,1909f56bfc062723c751e8b465ee728b)
Start importing Assets/Notes/Note3.asset using Guid(3b8b9a25567885544a1035ea653161e0) Importer(815301076,1909f56bfc062723c751e8b465ee728b)  -> (artifact id: '356a51f0cce0db45754b0cba570be9de') in 0.003467 seconds 
========================================================================
Received Import Request.
  Time since last request: 26.926310 seconds.
  path: Assets/Notes/Note3 1.asset
  artifactKey: Guid(04549f5c415bb49449a52835bfb081f3) Importer(815301076,1909f56bfc062723c751e8b465ee728b)
Start importing Assets/Notes/Note3 1.asset using Guid(04549f5c415bb49449a52835bfb081f3) Importer(815301076,1909f56bfc062723c751e8b465ee728b)  -> (artifact id: 'aa984a656abbec0c7dc59a44e9138430') in 0.003053 seconds 
========================================================================
Received Import Request.
  Time since last request: 0.002893 seconds.
  path: Assets/Notes/Note3.asset
  artifactKey: Guid(3b8b9a25567885544a1035ea653161e0) Importer(815301076,1909f56bfc062723c751e8b465ee728b)
Start importing Assets/Notes/Note3.asset using Guid(3b8b9a25567885544a1035ea653161e0) Importer(815301076,1909f56bfc062723c751e8b465ee728b)  -> (artifact id: '0c6e97de86e022f3d09d5bfe754fcdb4') in 0.002943 seconds 
========================================================================
Received Import Request.
  Time since last request: 3.683547 seconds.
  path: Assets/Notes/Note4.asset
  artifactKey: Guid(04549f5c415bb49449a52835bfb081f3) Importer(815301076,1909f56bfc062723c751e8b465ee728b)
Start importing Assets/Notes/Note4.asset using Guid(04549f5c415bb49449a52835bfb081f3) Importer(815301076,1909f56bfc062723c751e8b465ee728b)  -> (artifact id: 'b890d75fa990abef9d5d7b513c724811') in 0.007455 seconds 
========================================================================
Received Import Request.
  Time since last request: 9.864831 seconds.
  path: Assets/Notes/Note4 1.asset
  artifactKey: Guid(ddf469d093dfb0244a65d2fc5ca12f93) Importer(815301076,1909f56bfc062723c751e8b465ee728b)
Start importing Assets/Notes/Note4 1.asset using Guid(ddf469d093dfb0244a65d2fc5ca12f93) Importer(815301076,1909f56bfc062723c751e8b465ee728b)  -> (artifact id: 'e94bac677dbcf8f971cb813524228381') in 0.007248 seconds 
========================================================================
Received Import Request.
  Time since last request: 0.000023 seconds.
  path: Assets/Notes/Note4.asset
  artifactKey: Guid(04549f5c415bb49449a52835bfb081f3) Importer(815301076,1909f56bfc062723c751e8b465ee728b)
Start importing Assets/Notes/Note4.asset using Guid(04549f5c415bb49449a52835bfb081f3) Importer(815301076,1909f56bfc062723c751e8b465ee728b)  -> (artifact id: 'bbcc33442c84465cdeb0c3303cbd7e76') in 0.002815 seconds 
========================================================================
Received Import Request.
  Time since last request: 3.406306 seconds.
  path: Assets/Notes/Note5.asset
  artifactKey: Guid(ddf469d093dfb0244a65d2fc5ca12f93) Importer(815301076,1909f56bfc062723c751e8b465ee728b)
Start importing Assets/Notes/Note5.asset using Guid(ddf469d093dfb0244a65d2fc5ca12f93) Importer(815301076,1909f56bfc062723c751e8b465ee728b)  -> (artifact id: 'd6a1a924340778019f5501e33b4cd1f1') in 0.002996 seconds 
========================================================================
Received Import Request.
  Time since last request: 14.320572 seconds.
  path: Assets/Notes/Note5 1.asset
  artifactKey: Guid(e237624d9f00bf949b2e18d187454618) Importer(815301076,1909f56bfc062723c751e8b465ee728b)
Start importing Assets/Notes/Note5 1.asset using Guid(e237624d9f00bf949b2e18d187454618) Importer(815301076,1909f56bfc062723c751e8b465ee728b)  -> (artifact id: '810db32a5df59434ebc38bd9d01650a0') in 0.008038 seconds 
========================================================================
Received Import Request.
  Time since last request: 0.000025 seconds.
  path: Assets/Notes/Note5.asset
  artifactKey: Guid(ddf469d093dfb0244a65d2fc5ca12f93) Importer(815301076,1909f56bfc062723c751e8b465ee728b)
Start importing Assets/Notes/Note5.asset using Guid(ddf469d093dfb0244a65d2fc5ca12f93) Importer(815301076,1909f56bfc062723c751e8b465ee728b)  -> (artifact id: '773a84b03b0f4d6131a8d8125bdfd416') in 0.002986 seconds 
========================================================================
Received Import Request.
  Time since last request: 4.142449 seconds.
  path: Assets/Notes/Note6.asset
  artifactKey: Guid(e237624d9f00bf949b2e18d187454618) Importer(815301076,1909f56bfc062723c751e8b465ee728b)
Start importing Assets/Notes/Note6.asset using Guid(e237624d9f00bf949b2e18d187454618) Importer(815301076,1909f56bfc062723c751e8b465ee728b)  -> (artifact id: '0d027d4f5602b42e26f16b0b34da6d11') in 0.002818 seconds 
========================================================================
Received Import Request.
  Time since last request: 396.754458 seconds.
  path: Assets/Notes/Note6 1.asset
  artifactKey: Guid(b8efd54347911a54387e3db96b1c66a8) Importer(815301076,1909f56bfc062723c751e8b465ee728b)
Start importing Assets/Notes/Note6 1.asset using Guid(b8efd54347911a54387e3db96b1c66a8) Importer(815301076,1909f56bfc062723c751e8b465ee728b)  -> (artifact id: 'c1a3d247815ad928c240896cecc40831') in 0.007079 seconds 
========================================================================
Received Import Request.
  Time since last request: 0.000024 seconds.
  path: Assets/Notes/Note5.asset
  artifactKey: Guid(ddf469d093dfb0244a65d2fc5ca12f93) Importer(815301076,1909f56bfc062723c751e8b465ee728b)
Start importing Assets/Notes/Note5.asset using Guid(ddf469d093dfb0244a65d2fc5ca12f93) Importer(815301076,1909f56bfc062723c751e8b465ee728b)  -> (artifact id: '47c151ab75329add9a22ee7cd9a1211a') in 0.002624 seconds 
========================================================================
Received Import Request.
  Time since last request: 3.816009 seconds.
  path: Assets/Notes/Note7.asset
  artifactKey: Guid(b8efd54347911a54387e3db96b1c66a8) Importer(815301076,1909f56bfc062723c751e8b465ee728b)
Start importing Assets/Notes/Note7.asset using Guid(b8efd54347911a54387e3db96b1c66a8) Importer(815301076,1909f56bfc062723c751e8b465ee728b)  -> (artifact id: '999274dee729a423019c75eb5d6ec065') in 0.118764 seconds 
========================================================================
Received Import Request.
  Time since last request: 13.139271 seconds.
  path: Assets/Notes/warning_note.asset
  artifactKey: Guid(b8efd54347911a54387e3db96b1c66a8) Importer(815301076,1909f56bfc062723c751e8b465ee728b)
Start importing Assets/Notes/warning_note.asset using Guid(b8efd54347911a54387e3db96b1c66a8) Importer(815301076,1909f56bfc062723c751e8b465ee728b)  -> (artifact id: '22594cdf1372c68b333f2a03565a76f8') in 0.007987 seconds 
========================================================================
Received Import Request.
  Time since last request: 4.162752 seconds.
  path: Assets/Notes/warning_note 1.asset
  artifactKey: Guid(34388f1832fdd7140a620142da569118) Importer(815301076,1909f56bfc062723c751e8b465ee728b)
Start importing Assets/Notes/warning_note 1.asset using Guid(34388f1832fdd7140a620142da569118) Importer(815301076,1909f56bfc062723c751e8b465ee728b)  -> (artifact id: '9e6018462ed8fbdfcc1c421e95daed56') in 0.002994 seconds 
========================================================================
Received Import Request.
  Time since last request: 14.172081 seconds.
  path: Assets/Notes/Joan_Mahthis_Form.asset
  artifactKey: Guid(b8efd54347911a54387e3db96b1c66a8) Importer(815301076,1909f56bfc062723c751e8b465ee728b)
Start importing Assets/Notes/Joan_Mahthis_Form.asset using Guid(b8efd54347911a54387e3db96b1c66a8) Importer(815301076,1909f56bfc062723c751e8b465ee728b)  -> (artifact id: 'af1a21911004bc7b0c53bbf9391bd39b') in 0.007509 seconds 
========================================================================
Received Import Request.
  Time since last request: 3.077224 seconds.
  path: Assets/Notes/warning_note 2.asset
  artifactKey: Guid(b8ff234949b6b7842b791693851c5ddc) Importer(815301076,1909f56bfc062723c751e8b465ee728b)
Start importing Assets/Notes/warning_note 2.asset using Guid(b8ff234949b6b7842b791693851c5ddc) Importer(815301076,1909f56bfc062723c751e8b465ee728b)  -> (artifact id: 'd49359106636c09b2558efda9c89bfac') in 0.008080 seconds 
========================================================================
Received Import Request.
  Time since last request: 14.200975 seconds.
  path: Assets/Notes/Midwitch_Post.asset
  artifactKey: Guid(b8ff234949b6b7842b791693851c5ddc) Importer(815301076,1909f56bfc062723c751e8b465ee728b)
Start importing Assets/Notes/Midwitch_Post.asset using Guid(b8ff234949b6b7842b791693851c5ddc) Importer(815301076,1909f56bfc062723c751e8b465ee728b)  -> (artifact id: '78ff0057c3b6d94b6e832f42bd9d8ba2') in 0.002992 seconds 
