Using pre-set license
Built from '2021.3/release' branch; Version is '2021.3.17f1 (3e8111cac19d) revision 4096273'; Using compiler version '192829333'; Build Type 'Release'
OS: 'Windows 11  (10.0.22000) 64bit Core' Language: 'en' Physical Memory: 16085 MB
BatchMode: 1, IsHumanControllingUs: 0, StartBugReporterOnCrash: 0, Is64bit: 1, IsPro: 1

COMMAND LINE ARGUMENTS:
C:\Program Files\Unity\Hub\Editor\2021.3.17f1\Editor\Unity.exe
-adb2
-batchMode
-noUpm
-name
AssetImportWorker11
-projectPath
C:/Users/Sam Henderson/Desktop/Projects/OnlyGodKnows/OGK Prototype
-logFile
Logs/AssetImportWorker11.log
-srvPort
61015
Successfully changed project path to: C:/Users/Sam Henderson/Desktop/Projects/OnlyGodKnows/OGK Prototype
C:/Users/Sam Henderson/Desktop/Projects/OnlyGodKnows/OGK Prototype
[UnityMemory] Configuration Parameters - Can be set up in boot.config
    "memorysetup-bucket-allocator-granularity=16"
    "memorysetup-bucket-allocator-bucket-count=8"
    "memorysetup-bucket-allocator-block-size=33554432"
    "memorysetup-bucket-allocator-block-count=8"
    "memorysetup-main-allocator-block-size=16777216"
    "memorysetup-thread-allocator-block-size=16777216"
    "memorysetup-gfx-main-allocator-block-size=16777216"
    "memorysetup-gfx-thread-allocator-block-size=16777216"
    "memorysetup-cache-allocator-block-size=4194304"
    "memorysetup-typetree-allocator-block-size=2097152"
    "memorysetup-profiler-bucket-allocator-granularity=16"
    "memorysetup-profiler-bucket-allocator-bucket-count=8"
    "memorysetup-profiler-bucket-allocator-block-size=33554432"
    "memorysetup-profiler-bucket-allocator-block-count=8"
    "memorysetup-profiler-allocator-block-size=16777216"
    "memorysetup-profiler-editor-allocator-block-size=1048576"
    "memorysetup-temp-allocator-size-main=16777216"
    "memorysetup-job-temp-allocator-block-size=2097152"
    "memorysetup-job-temp-allocator-block-size-background=1048576"
    "memorysetup-job-temp-allocator-reduction-small-platforms=262144"
    "memorysetup-temp-allocator-size-background-worker=32768"
    "memorysetup-temp-allocator-size-job-worker=262144"
    "memorysetup-temp-allocator-size-preload-manager=33554432"
    "memorysetup-temp-allocator-size-nav-mesh-worker=65536"
    "memorysetup-temp-allocator-size-audio-worker=65536"
    "memorysetup-temp-allocator-size-cloud-worker=32768"
    "memorysetup-temp-allocator-size-gi-baking-worker=262144"
    "memorysetup-temp-allocator-size-gfx=262144"
Player connection [22240] Host "[IP] 10.16.1.14 [Port] 0 [Flags] 2 [Guid] 498066909 [EditorId] 498066909 [Version] 1048832 [Id] WindowsEditor(7,MSI) [Debug] 1 [PackageName] WindowsEditor [ProjectName] Editor" joined multi-casting on [225.0.0.222:54997]...

Player connection [22240] Host "[IP] 10.16.1.14 [Port] 0 [Flags] 2 [Guid] 498066909 [EditorId] 498066909 [Version] 1048832 [Id] WindowsEditor(7,MSI) [Debug] 1 [PackageName] WindowsEditor [ProjectName] Editor" joined alternative multi-casting on [225.0.0.222:34997]...

Refreshing native plugins compatible for Editor in 82.09 ms, found 3 plugins.
Preloading 0 native plugins for Editor in 0.00 ms.
Initialize engine version: 2021.3.17f1 (3e8111cac19d)
[Subsystems] Discovering subsystems at path C:/Program Files/Unity/Hub/Editor/2021.3.17f1/Editor/Data/Resources/UnitySubsystems
[Subsystems] Discovering subsystems at path C:/Users/Sam Henderson/Desktop/Projects/OnlyGodKnows/OGK Prototype/Assets
GfxDevice: creating device client; threaded=0; jobified=0
Direct3D:
    Version:  Direct3D 11.0 [level 11.1]
    Renderer: NVIDIA GeForce RTX 3060 Laptop GPU (ID=0x2520)
    Vendor:   NVIDIA
    VRAM:     6009 MB
    Driver:   31.0.15.2849
Initialize mono
Mono path[0] = 'C:/Program Files/Unity/Hub/Editor/2021.3.17f1/Editor/Data/Managed'
Mono path[1] = 'C:/Program Files/Unity/Hub/Editor/2021.3.17f1/Editor/Data/MonoBleedingEdge/lib/mono/unityjit-win32'
Mono config path = 'C:/Program Files/Unity/Hub/Editor/2021.3.17f1/Editor/Data/MonoBleedingEdge/etc'
Using monoOptions --debugger-agent=transport=dt_socket,embedding=1,server=y,suspend=n,address=127.0.0.1:56404
Begin MonoManager ReloadAssembly
Registering precompiled unity dll's ...
Register platform support module: C:/Program Files/Unity/Hub/Editor/2021.3.17f1/Editor/Data/PlaybackEngines/WebGLSupport/UnityEditor.WebGL.Extensions.dll
Register platform support module: C:/Program Files/Unity/Hub/Editor/2021.3.17f1/Editor/Data/PlaybackEngines/WindowsStandaloneSupport/UnityEditor.WindowsStandalone.Extensions.dll
Registered in 0.003617 seconds.
Native extension for WindowsStandalone target not found
Native extension for WebGL target not found
Refreshing native plugins compatible for Editor in 79.40 ms, found 3 plugins.
Preloading 0 native plugins for Editor in 0.00 ms.
Mono: successfully reloaded assembly
- Completed reload, in  0.454 seconds
Domain Reload Profiling:
	ReloadAssembly (454ms)
		BeginReloadAssembly (45ms)
			ExecutionOrderSort (0ms)
			DisableScriptedObjects (0ms)
			BackupInstance (0ms)
			ReleaseScriptingObjects (0ms)
			CreateAndSetChildDomain (0ms)
		EndReloadAssembly (336ms)
			LoadAssemblies (44ms)
			RebuildTransferFunctionScriptingTraits (0ms)
			SetupTypeCache (71ms)
			ReleaseScriptCaches (0ms)
			RebuildScriptCaches (18ms)
			SetupLoadedEditorAssemblies (211ms)
				LogAssemblyErrors (0ms)
				InitializePlatformSupportModulesInManaged (6ms)
				SetLoadedEditorAssemblies (0ms)
				RefreshPlugins (79ms)
				BeforeProcessingInitializeOnLoad (1ms)
				ProcessInitializeOnLoadAttributes (91ms)
				ProcessInitializeOnLoadMethodAttributes (34ms)
				AfterProcessingInitializeOnLoad (0ms)
				EditorAssembliesLoaded (0ms)
			ExecutionOrderSort2 (0ms)
			AwakeInstancesAfterBackupRestoration (0ms)
Platform modules already initialized, skipping
Registering precompiled user dll's ...
Registered in 0.005042 seconds.
Begin MonoManager ReloadAssembly
Symbol file LoadedFromMemory doesn't match image C:\Users\Sam Henderson\Desktop\Projects\OnlyGodKnows\OGK Prototype\Library\PackageCache\com.unity.visualscripting@1.8.0\Editor\VisualScripting.Core\Dependencies\YamlDotNet\Unity.VisualScripting.YamlDotNet.dll
Symbol file LoadedFromMemory doesn't match image C:\Users\Sam Henderson\Desktop\Projects\OnlyGodKnows\OGK Prototype\Library\PackageCache\com.unity.visualscripting@1.8.0\Editor\VisualScripting.Core\Dependencies\DotNetZip\Unity.VisualScripting.IonicZip.dll
Native extension for WindowsStandalone target not found
Native extension for WebGL target not found
Refreshing native plugins compatible for Editor in 76.45 ms, found 3 plugins.
Preloading 0 native plugins for Editor in 0.00 ms.
Mono: successfully reloaded assembly
- Completed reload, in  1.045 seconds
Domain Reload Profiling:
	ReloadAssembly (1045ms)
		BeginReloadAssembly (81ms)
			ExecutionOrderSort (0ms)
			DisableScriptedObjects (5ms)
			BackupInstance (0ms)
			ReleaseScriptingObjects (0ms)
			CreateAndSetChildDomain (15ms)
		EndReloadAssembly (884ms)
			LoadAssemblies (70ms)
			RebuildTransferFunctionScriptingTraits (0ms)
			SetupTypeCache (254ms)
			ReleaseScriptCaches (1ms)
			RebuildScriptCaches (58ms)
			SetupLoadedEditorAssemblies (465ms)
				LogAssemblyErrors (0ms)
				InitializePlatformSupportModulesInManaged (3ms)
				SetLoadedEditorAssemblies (0ms)
				RefreshPlugins (77ms)
				BeforeProcessingInitializeOnLoad (72ms)
				ProcessInitializeOnLoadAttributes (252ms)
				ProcessInitializeOnLoadMethodAttributes (57ms)
				AfterProcessingInitializeOnLoad (4ms)
				EditorAssembliesLoaded (0ms)
			ExecutionOrderSort2 (0ms)
			AwakeInstancesAfterBackupRestoration (4ms)
Platform modules already initialized, skipping
========================================================================
Worker process is ready to serve import requests
Launched and connected shader compiler UnityShaderCompiler.exe after 0.04 seconds
Refreshing native plugins compatible for Editor in 1.04 ms, found 3 plugins.
Preloading 0 native plugins for Editor in 0.00 ms.
Unloading 5769 Unused Serialized files (Serialized files now loaded: 0)
Unloading 52 unused Assets / (0.8 MB). Loaded Objects now: 6225.
Memory consumption went from 230.4 MB to 229.6 MB.
Total: 4.427300 ms (FindLiveObjects: 0.376800 ms CreateObjectMapping: 0.246500 ms MarkObjects: 3.282900 ms  DeleteObjects: 0.519800 ms)

AssetImportParameters requested are different than current active one (requested -> active):
  custom:video-decoder-ogg-theora: a1e56fd34408186e4bbccfd4996cb3dc -> 
  custom:container-muxer-webm: aa71ff27fc2769a1b78a27578f13a17b -> 
  custom:container-demuxer-webm: 4f35f7cbe854078d1ac9338744f61a02 -> 
  custom:video-encoder-webm-vp8: eb34c28f22e8b96e1ab97ce403110664 -> 
  custom:audio-encoder-webm-vorbis: bf7c407c2cedff20999df2af8eb42d56 -> 
  custom:framework-win-MediaFoundation: 216162199b28c13a410421893ffa2e32 -> 
  custom:container-demuxer-ogg: 62fdf1f143b41e24485cea50d1cbac27 -> 
  custom:video-decoder-webm-vp8: 9c59270c3fd7afecdb556c50c9e8de78 -> 
  custom:audio-decoder-ogg-vorbis: bf7c407c2cedff20999df2af8eb42d56 -> 
========================================================================
Received Prepare
Registering precompiled user dll's ...
Registered in 0.005405 seconds.
Begin MonoManager ReloadAssembly
Symbol file LoadedFromMemory doesn't match image C:\Users\Sam Henderson\Desktop\Projects\OnlyGodKnows\OGK Prototype\Library\PackageCache\com.unity.visualscripting@1.8.0\Editor\VisualScripting.Core\Dependencies\YamlDotNet\Unity.VisualScripting.YamlDotNet.dll
Symbol file LoadedFromMemory doesn't match image C:\Users\Sam Henderson\Desktop\Projects\OnlyGodKnows\OGK Prototype\Library\PackageCache\com.unity.visualscripting@1.8.0\Editor\VisualScripting.Core\Dependencies\DotNetZip\Unity.VisualScripting.IonicZip.dll
Native extension for WindowsStandalone target not found
Native extension for WebGL target not found
Refreshing native plugins compatible for Editor in 0.93 ms, found 3 plugins.
Preloading 0 native plugins for Editor in 0.00 ms.
Mono: successfully reloaded assembly
- Completed reload, in  1.063 seconds
Domain Reload Profiling:
	ReloadAssembly (1063ms)
		BeginReloadAssembly (154ms)
			ExecutionOrderSort (0ms)
			DisableScriptedObjects (4ms)
			BackupInstance (0ms)
			ReleaseScriptingObjects (0ms)
			CreateAndSetChildDomain (56ms)
		EndReloadAssembly (805ms)
			LoadAssemblies (89ms)
			RebuildTransferFunctionScriptingTraits (0ms)
			SetupTypeCache (255ms)
			ReleaseScriptCaches (2ms)
			RebuildScriptCaches (38ms)
			SetupLoadedEditorAssemblies (398ms)
				LogAssemblyErrors (0ms)
				InitializePlatformSupportModulesInManaged (14ms)
				SetLoadedEditorAssemblies (0ms)
				RefreshPlugins (1ms)
				BeforeProcessingInitializeOnLoad (73ms)
				ProcessInitializeOnLoadAttributes (251ms)
				ProcessInitializeOnLoadMethodAttributes (53ms)
				AfterProcessingInitializeOnLoad (4ms)
				EditorAssembliesLoaded (0ms)
			ExecutionOrderSort2 (0ms)
			AwakeInstancesAfterBackupRestoration (6ms)
Platform modules already initialized, skipping
Refreshing native plugins compatible for Editor in 2.26 ms, found 3 plugins.
Preloading 0 native plugins for Editor in 0.00 ms.
Unloading 5616 Unused Serialized files (Serialized files now loaded: 0)
Unloading 31 unused Assets / (0.8 MB). Loaded Objects now: 6240.
Memory consumption went from 222.8 MB to 222.0 MB.
Total: 4.736100 ms (FindLiveObjects: 0.443200 ms CreateObjectMapping: 0.433900 ms MarkObjects: 3.447000 ms  DeleteObjects: 0.410400 ms)

AssetImportParameters requested are different than current active one (requested -> active):
  custom:video-decoder-ogg-theora: a1e56fd34408186e4bbccfd4996cb3dc -> 
  custom:container-muxer-webm: aa71ff27fc2769a1b78a27578f13a17b -> 
  custom:container-demuxer-webm: 4f35f7cbe854078d1ac9338744f61a02 -> 
  custom:video-encoder-webm-vp8: eb34c28f22e8b96e1ab97ce403110664 -> 
  custom:audio-encoder-webm-vorbis: bf7c407c2cedff20999df2af8eb42d56 -> 
  custom:framework-win-MediaFoundation: 216162199b28c13a410421893ffa2e32 -> 
  custom:container-demuxer-ogg: 62fdf1f143b41e24485cea50d1cbac27 -> 
  custom:video-decoder-webm-vp8: 9c59270c3fd7afecdb556c50c9e8de78 -> 
  custom:audio-decoder-ogg-vorbis: bf7c407c2cedff20999df2af8eb42d56 -> 
========================================================================
Received Prepare
Registering precompiled user dll's ...
Registered in 0.006359 seconds.
Begin MonoManager ReloadAssembly
Symbol file LoadedFromMemory doesn't match image C:\Users\Sam Henderson\Desktop\Projects\OnlyGodKnows\OGK Prototype\Library\PackageCache\com.unity.visualscripting@1.8.0\Editor\VisualScripting.Core\Dependencies\YamlDotNet\Unity.VisualScripting.YamlDotNet.dll
Symbol file LoadedFromMemory doesn't match image C:\Users\Sam Henderson\Desktop\Projects\OnlyGodKnows\OGK Prototype\Library\PackageCache\com.unity.visualscripting@1.8.0\Editor\VisualScripting.Core\Dependencies\DotNetZip\Unity.VisualScripting.IonicZip.dll
Native extension for WindowsStandalone target not found
Native extension for WebGL target not found
Refreshing native plugins compatible for Editor in 0.80 ms, found 3 plugins.
Preloading 0 native plugins for Editor in 0.00 ms.
Mono: successfully reloaded assembly
- Completed reload, in  0.837 seconds
Domain Reload Profiling:
	ReloadAssembly (837ms)
		BeginReloadAssembly (99ms)
			ExecutionOrderSort (0ms)
			DisableScriptedObjects (3ms)
			BackupInstance (0ms)
			ReleaseScriptingObjects (0ms)
			CreateAndSetChildDomain (31ms)
		EndReloadAssembly (676ms)
			LoadAssemblies (60ms)
			RebuildTransferFunctionScriptingTraits (0ms)
			SetupTypeCache (199ms)
			ReleaseScriptCaches (2ms)
			RebuildScriptCaches (30ms)
			SetupLoadedEditorAssemblies (348ms)
				LogAssemblyErrors (0ms)
				InitializePlatformSupportModulesInManaged (10ms)
				SetLoadedEditorAssemblies (0ms)
				RefreshPlugins (1ms)
				BeforeProcessingInitializeOnLoad (54ms)
				ProcessInitializeOnLoadAttributes (223ms)
				ProcessInitializeOnLoadMethodAttributes (55ms)
				AfterProcessingInitializeOnLoad (4ms)
				EditorAssembliesLoaded (0ms)
			ExecutionOrderSort2 (0ms)
			AwakeInstancesAfterBackupRestoration (6ms)
Platform modules already initialized, skipping
Refreshing native plugins compatible for Editor in 3.20 ms, found 3 plugins.
Preloading 0 native plugins for Editor in 0.00 ms.
Unloading 5616 Unused Serialized files (Serialized files now loaded: 0)
Unloading 31 unused Assets / (0.8 MB). Loaded Objects now: 6255.
Memory consumption went from 222.8 MB to 222.0 MB.
Total: 6.765500 ms (FindLiveObjects: 0.523200 ms CreateObjectMapping: 0.520800 ms MarkObjects: 4.100000 ms  DeleteObjects: 1.618300 ms)

AssetImportParameters requested are different than current active one (requested -> active):
  custom:video-decoder-ogg-theora: a1e56fd34408186e4bbccfd4996cb3dc -> 
  custom:container-muxer-webm: aa71ff27fc2769a1b78a27578f13a17b -> 
  custom:container-demuxer-webm: 4f35f7cbe854078d1ac9338744f61a02 -> 
  custom:video-encoder-webm-vp8: eb34c28f22e8b96e1ab97ce403110664 -> 
  custom:audio-encoder-webm-vorbis: bf7c407c2cedff20999df2af8eb42d56 -> 
  custom:framework-win-MediaFoundation: 216162199b28c13a410421893ffa2e32 -> 
  custom:container-demuxer-ogg: 62fdf1f143b41e24485cea50d1cbac27 -> 
  custom:video-decoder-webm-vp8: 9c59270c3fd7afecdb556c50c9e8de78 -> 
  custom:audio-decoder-ogg-vorbis: bf7c407c2cedff20999df2af8eb42d56 -> 
========================================================================
Received Import Request.
  Time since last request: 174765.237568 seconds.
  path: Assets/Prefabs/CarTextured.prefab
  artifactKey: Guid(fddc98ac74e5f8e4d896f354507d38de) Importer(815301076,1909f56bfc062723c751e8b465ee728b)
Start importing Assets/Prefabs/CarTextured.prefab using Guid(fddc98ac74e5f8e4d896f354507d38de) Importer(815301076,1909f56bfc062723c751e8b465ee728b)  -> (artifact id: '2a30b51f45ae9bb32bccbf02e12defb5') in 0.193350 seconds 
========================================================================
Received Import Request.
  Time since last request: 8.447178 seconds.
  path: Assets/Scenes/Farmhouse.unity
  artifactKey: Guid(cef0ffeead99c97478dc91f3dbc5a832) Importer(815301076,1909f56bfc062723c751e8b465ee728b)
Start importing Assets/Scenes/Farmhouse.unity using Guid(cef0ffeead99c97478dc91f3dbc5a832) Importer(815301076,1909f56bfc062723c751e8b465ee728b)  -> (artifact id: 'da971d6ce784608a09c6b5a4ae9d5f0c') in 0.002155 seconds 
========================================================================
Received Import Request.
  Time since last request: 15.310096 seconds.
  path: Assets/Notes/TestNote1.asset
  artifactKey: Guid(64e53a89278e85943affdb52926b1df3) Importer(815301076,1909f56bfc062723c751e8b465ee728b)
Start importing Assets/Notes/TestNote1.asset using Guid(64e53a89278e85943affdb52926b1df3) Importer(815301076,1909f56bfc062723c751e8b465ee728b)  -> (artifact id: 'b9718dd697714e6781de177c98014728') in 0.009984 seconds 
========================================================================
Received Import Request.
  Time since last request: 83.149207 seconds.
  path: Assets/Materials/AluminumMetal.mat
  artifactKey: Guid(89b8bfb0892764240b699daaa1f43913) Importer(815301076,1909f56bfc062723c751e8b465ee728b)
Start importing Assets/Materials/AluminumMetal.mat using Guid(89b8bfb0892764240b699daaa1f43913) Importer(815301076,1909f56bfc062723c751e8b465ee728b)  -> (artifact id: 'dd9d7237a99a3de959a1ee84c2398448') in 0.039314 seconds 
========================================================================
Received Import Request.
  Time since last request: 0.001291 seconds.
  path: Assets/Materials/CarWheelHubcap.mat
  artifactKey: Guid(ede0a01858ef452459cde2d8acc3f3de) Importer(815301076,1909f56bfc062723c751e8b465ee728b)
Start importing Assets/Materials/CarWheelHubcap.mat using Guid(ede0a01858ef452459cde2d8acc3f3de) Importer(815301076,1909f56bfc062723c751e8b465ee728b)  -> (artifact id: 'bf0fdaf04cc179526364b2797817ddf1') in 0.018721 seconds 
========================================================================
Received Import Request.
  Time since last request: 0.000028 seconds.
  path: Assets/Materials/ShinglesTiled1.mat
  artifactKey: Guid(997e90ca29e547b4989a0fc7a102cc8b) Importer(815301076,1909f56bfc062723c751e8b465ee728b)
Start importing Assets/Materials/ShinglesTiled1.mat using Guid(997e90ca29e547b4989a0fc7a102cc8b) Importer(815301076,1909f56bfc062723c751e8b465ee728b)  -> (artifact id: 'ab0199f280714820ee0a07f895a6cce2') in 0.035565 seconds 
========================================================================
Received Import Request.
  Time since last request: 0.000028 seconds.
  path: Assets/Materials/Cement.mat
  artifactKey: Guid(cc2b3ac3372041a4bafbfc71bab957b6) Importer(815301076,1909f56bfc062723c751e8b465ee728b)
Start importing Assets/Materials/Cement.mat using Guid(cc2b3ac3372041a4bafbfc71bab957b6) Importer(815301076,1909f56bfc062723c751e8b465ee728b)  -> (artifact id: 'cdee744a427d0e06ef7966eda7e7239d') in 0.026782 seconds 
========================================================================
Received Import Request.
  Time since last request: 0.000036 seconds.
  path: Assets/Materials/Red.mat
  artifactKey: Guid(c4ae416d70d6d304796ec31131c432b3) Importer(815301076,1909f56bfc062723c751e8b465ee728b)
Start importing Assets/Materials/Red.mat using Guid(c4ae416d70d6d304796ec31131c432b3) Importer(815301076,1909f56bfc062723c751e8b465ee728b)  -> (artifact id: '18b83b5c9ec5ac49e3eb1567b13d93aa') in 0.021636 seconds 
========================================================================
Received Import Request.
  Time since last request: 0.000026 seconds.
  path: Assets/Materials/fence-21452.mat
  artifactKey: Guid(ca840c760a89f384d8ec970b67a89eb7) Importer(815301076,1909f56bfc062723c751e8b465ee728b)
Start importing Assets/Materials/fence-21452.mat using Guid(ca840c760a89f384d8ec970b67a89eb7) Importer(815301076,1909f56bfc062723c751e8b465ee728b)  -> (artifact id: '1110c7f294e89ce07edb431f131dc550') in 0.028488 seconds 
========================================================================
Received Import Request.
  Time since last request: 0.000026 seconds.
  path: Assets/Materials/ShagCarpetBeige.mat
  artifactKey: Guid(aa38d572f5488ad43aa46b9ca2e94d35) Importer(815301076,1909f56bfc062723c751e8b465ee728b)
Start importing Assets/Materials/ShagCarpetBeige.mat using Guid(aa38d572f5488ad43aa46b9ca2e94d35) Importer(815301076,1909f56bfc062723c751e8b465ee728b)  -> (artifact id: 'c0e314ef52426c998882a71d8ebc7233') in 0.024125 seconds 
========================================================================
Received Import Request.
  Time since last request: 0.000025 seconds.
  path: Assets/Materials/ChurchWall.mat
  artifactKey: Guid(3205df525aa4cb6469401815d71aac2c) Importer(815301076,1909f56bfc062723c751e8b465ee728b)
Start importing Assets/Materials/ChurchWall.mat using Guid(3205df525aa4cb6469401815d71aac2c) Importer(815301076,1909f56bfc062723c751e8b465ee728b)  -> (artifact id: '3e4af296167d28e3dc902c0dc77b7f9a') in 0.026665 seconds 
========================================================================
Received Import Request.
  Time since last request: 0.000023 seconds.
  path: Assets/Materials/Orange 1.mat
  artifactKey: Guid(7ee84a5d1b4882047b67379d47c81784) Importer(815301076,1909f56bfc062723c751e8b465ee728b)
Start importing Assets/Materials/Orange 1.mat using Guid(7ee84a5d1b4882047b67379d47c81784) Importer(815301076,1909f56bfc062723c751e8b465ee728b)  -> (artifact id: '95a3bd003e572e3a6821c3f85a8f6198') in 0.016263 seconds 
========================================================================
Received Import Request.
  Time since last request: 0.000066 seconds.
  path: Assets/Materials/Num3test.mat
  artifactKey: Guid(e994534b593e9624081e6f8baa5e364e) Importer(815301076,1909f56bfc062723c751e8b465ee728b)
Start importing Assets/Materials/Num3test.mat using Guid(e994534b593e9624081e6f8baa5e364e) Importer(815301076,1909f56bfc062723c751e8b465ee728b)  -> (artifact id: 'e4d964fe444d06e5e09f76aeffec5b7a') in 0.022036 seconds 
========================================================================
Received Import Request.
  Time since last request: 0.000026 seconds.
  path: Assets/Materials/CobblestoneRocks.mat
  artifactKey: Guid(09602bb4f6aa95947a08ab45beecb94b) Importer(815301076,1909f56bfc062723c751e8b465ee728b)
Start importing Assets/Materials/CobblestoneRocks.mat using Guid(09602bb4f6aa95947a08ab45beecb94b) Importer(815301076,1909f56bfc062723c751e8b465ee728b)  -> (artifact id: 'd455e4b274709bcd755f606100f4c2af') in 0.039976 seconds 
========================================================================
Received Import Request.
  Time since last request: 0.000031 seconds.
  path: Assets/Materials/WoodBark.mat
  artifactKey: Guid(c37970817b9a7024b9c7d2086acf268b) Importer(815301076,1909f56bfc062723c751e8b465ee728b)
Start importing Assets/Materials/WoodBark.mat using Guid(c37970817b9a7024b9c7d2086acf268b) Importer(815301076,1909f56bfc062723c751e8b465ee728b)  -> (artifact id: '7c2b7994bebbacb793b406d3e0ad2eb5') in 0.020855 seconds 
========================================================================
Received Import Request.
  Time since last request: 0.000035 seconds.
  path: Assets/Materials/StoreFloorTile.mat
  artifactKey: Guid(03ccbd46bf8db6f458801b7d9e7a1f77) Importer(815301076,1909f56bfc062723c751e8b465ee728b)
Start importing Assets/Materials/StoreFloorTile.mat using Guid(03ccbd46bf8db6f458801b7d9e7a1f77) Importer(815301076,1909f56bfc062723c751e8b465ee728b)  -> (artifact id: 'd13bd573fad9483000b766093859a3b6') in 0.022233 seconds 
========================================================================
Received Import Request.
  Time since last request: 0.000030 seconds.
  path: Assets/Materials/station_HeadCover_Bottom_texture.mat
  artifactKey: Guid(3027628d0ae3deb499290bca9191087a) Importer(815301076,1909f56bfc062723c751e8b465ee728b)
Start importing Assets/Materials/station_HeadCover_Bottom_texture.mat using Guid(3027628d0ae3deb499290bca9191087a) Importer(815301076,1909f56bfc062723c751e8b465ee728b)  -> (artifact id: 'f6123dbc3f69eb067e7316766912fa8a') in 0.023430 seconds 
========================================================================
Received Import Request.
  Time since last request: 0.000031 seconds.
  path: Assets/Materials/ChainlinkFencePlane.mat
  artifactKey: Guid(a5fc9f176b766e54596b87faa27143ce) Importer(815301076,1909f56bfc062723c751e8b465ee728b)
Start importing Assets/Materials/ChainlinkFencePlane.mat using Guid(a5fc9f176b766e54596b87faa27143ce) Importer(815301076,1909f56bfc062723c751e8b465ee728b)  -> (artifact id: '2ebbd52c1b67331b9aef4d093edfe7e4') in 0.021006 seconds 
========================================================================
Received Import Request.
  Time since last request: 0.000065 seconds.
  path: Assets/Materials/GrassTiled3.mat
  artifactKey: Guid(e594a4b1c38e0b04b9397a7f23511fb0) Importer(815301076,1909f56bfc062723c751e8b465ee728b)
Start importing Assets/Materials/GrassTiled3.mat using Guid(e594a4b1c38e0b04b9397a7f23511fb0) Importer(815301076,1909f56bfc062723c751e8b465ee728b)  -> (artifact id: 'd067d60159cf0ade9aaa41d0cf1a4e19') in 0.028727 seconds 
========================================================================
Received Import Request.
  Time since last request: 0.000027 seconds.
  path: Assets/Materials/GrassTiled.mat
  artifactKey: Guid(4b8c36d6d9324ee4fb5da623ed4903bc) Importer(815301076,1909f56bfc062723c751e8b465ee728b)
Start importing Assets/Materials/GrassTiled.mat using Guid(4b8c36d6d9324ee4fb5da623ed4903bc) Importer(815301076,1909f56bfc062723c751e8b465ee728b)  -> (artifact id: '650bf5ed01ca1903fb2065a108ad49b2') in 0.034425 seconds 
========================================================================
Received Import Request.
  Time since last request: 0.000034 seconds.
  path: Assets/Materials/Red 1.mat
  artifactKey: Guid(ee8474510d4ef164aa6f6114f7b84c60) Importer(815301076,1909f56bfc062723c751e8b465ee728b)
Start importing Assets/Materials/Red 1.mat using Guid(ee8474510d4ef164aa6f6114f7b84c60) Importer(815301076,1909f56bfc062723c751e8b465ee728b)  -> (artifact id: 'dd399e840bbf81d69e98d5a186299c61') in 0.015842 seconds 
========================================================================
Received Import Request.
  Time since last request: 0.000022 seconds.
  path: Assets/Materials/GrassTiled2.mat
  artifactKey: Guid(761a69bb7a47cbb4195e7d2931d343c2) Importer(815301076,1909f56bfc062723c751e8b465ee728b)
Start importing Assets/Materials/GrassTiled2.mat using Guid(761a69bb7a47cbb4195e7d2931d343c2) Importer(815301076,1909f56bfc062723c751e8b465ee728b)  -> (artifact id: '943a2cec80e5bd5949c10860e1d01541') in 0.014692 seconds 
========================================================================
Received Import Request.
  Time since last request: 0.000065 seconds.
  path: Assets/Materials/pillar_random02_texture.mat
  artifactKey: Guid(f9bd355954e473d43bd4c7ae0446fcfa) Importer(815301076,1909f56bfc062723c751e8b465ee728b)
Start importing Assets/Materials/pillar_random02_texture.mat using Guid(f9bd355954e473d43bd4c7ae0446fcfa) Importer(815301076,1909f56bfc062723c751e8b465ee728b)  -> (artifact id: '915f8dfce29a8db1aa4b4831077a2ca4') in 0.023755 seconds 
========================================================================
Received Import Request.
  Time since last request: 0.000039 seconds.
  path: Assets/Materials/Yellow 1.mat
  artifactKey: Guid(42637f6ab1627e048b523333c40f7cf9) Importer(815301076,1909f56bfc062723c751e8b465ee728b)
Start importing Assets/Materials/Yellow 1.mat using Guid(42637f6ab1627e048b523333c40f7cf9) Importer(815301076,1909f56bfc062723c751e8b465ee728b)  -> (artifact id: '7f34406aaa097ff03b08400a9e60332f') in 0.014801 seconds 
========================================================================
Received Import Request.
  Time since last request: 0.000022 seconds.
  path: Assets/Materials/BiggerHouse02_basecolor.mat
  artifactKey: Guid(9503bbaf011def5448a0ca67605baeaf) Importer(815301076,1909f56bfc062723c751e8b465ee728b)
Start importing Assets/Materials/BiggerHouse02_basecolor.mat using Guid(9503bbaf011def5448a0ca67605baeaf) Importer(815301076,1909f56bfc062723c751e8b465ee728b)  -> (artifact id: 'f3a45679667886add26c99307a47dbf2') in 0.016070 seconds 
========================================================================
Received Import Request.
  Time since last request: 0.000027 seconds.
  path: Assets/Materials/Grass.mat
  artifactKey: Guid(eba7b9bb8654bcf4e92e416ab887e08d) Importer(815301076,1909f56bfc062723c751e8b465ee728b)
Start importing Assets/Materials/Grass.mat using Guid(eba7b9bb8654bcf4e92e416ab887e08d) Importer(815301076,1909f56bfc062723c751e8b465ee728b)  -> (artifact id: '02e3c7907713644d4352a84ec7388678') in 0.025016 seconds 
========================================================================
Received Import Request.
  Time since last request: 0.000025 seconds.
  path: Assets/Materials/House03_basecolor.mat
  artifactKey: Guid(a0f04200739fc8344b04438f0fd90e29) Importer(815301076,1909f56bfc062723c751e8b465ee728b)
Start importing Assets/Materials/House03_basecolor.mat using Guid(a0f04200739fc8344b04438f0fd90e29) Importer(815301076,1909f56bfc062723c751e8b465ee728b)  -> (artifact id: 'c52a549104af0ae12c754244e40e729d') in 0.024224 seconds 
========================================================================
Received Import Request.
  Time since last request: 2.226398 seconds.
  path: Assets/URP-PSX/Assets
  artifactKey: Guid(1e68164d857776841959eae04d2727a6) Importer(815301076,1909f56bfc062723c751e8b465ee728b)
Start importing Assets/URP-PSX/Assets using Guid(1e68164d857776841959eae04d2727a6) Importer(815301076,1909f56bfc062723c751e8b465ee728b)  -> (artifact id: '65bfad8e69f8026701fd7bc995c49f81') in 0.007480 seconds 
========================================================================
Received Import Request.
  Time since last request: 0.069777 seconds.
  path: Assets/URP-PSX/Assets/UniversalRenderPipelineAsset.asset
  artifactKey: Guid(82d50e16a695c214d8025c47c33a0d1f) Importer(815301076,1909f56bfc062723c751e8b465ee728b)
Start importing Assets/URP-PSX/Assets/UniversalRenderPipelineAsset.asset using Guid(82d50e16a695c214d8025c47c33a0d1f) Importer(815301076,1909f56bfc062723c751e8b465ee728b)  -> (artifact id: 'f45d7a69df2984525e69d70d6c0b6b2a') in 0.044645 seconds 
========================================================================
Received Prepare
Registering precompiled user dll's ...
Registered in 0.007200 seconds.
Begin MonoManager ReloadAssembly
Symbol file LoadedFromMemory doesn't match image C:\Users\Sam Henderson\Desktop\Projects\OnlyGodKnows\OGK Prototype\Library\PackageCache\com.unity.visualscripting@1.8.0\Editor\VisualScripting.Core\Dependencies\YamlDotNet\Unity.VisualScripting.YamlDotNet.dll
Symbol file LoadedFromMemory doesn't match image C:\Users\Sam Henderson\Desktop\Projects\OnlyGodKnows\OGK Prototype\Library\PackageCache\com.unity.visualscripting@1.8.0\Editor\VisualScripting.Core\Dependencies\DotNetZip\Unity.VisualScripting.IonicZip.dll
Native extension for WindowsStandalone target not found
Native extension for WebGL target not found
Refreshing native plugins compatible for Editor in 0.86 ms, found 3 plugins.
Preloading 0 native plugins for Editor in 0.00 ms.
Mono: successfully reloaded assembly
- Completed reload, in  0.901 seconds
Domain Reload Profiling:
	ReloadAssembly (901ms)
		BeginReloadAssembly (124ms)
			ExecutionOrderSort (0ms)
			DisableScriptedObjects (4ms)
			BackupInstance (0ms)
			ReleaseScriptingObjects (0ms)
			CreateAndSetChildDomain (48ms)
		EndReloadAssembly (710ms)
			LoadAssemblies (71ms)
			RebuildTransferFunctionScriptingTraits (0ms)
			SetupTypeCache (205ms)
			ReleaseScriptCaches (2ms)
			RebuildScriptCaches (30ms)
			SetupLoadedEditorAssemblies (347ms)
				LogAssemblyErrors (0ms)
				InitializePlatformSupportModulesInManaged (9ms)
				SetLoadedEditorAssemblies (0ms)
				RefreshPlugins (1ms)
				BeforeProcessingInitializeOnLoad (53ms)
				ProcessInitializeOnLoadAttributes (224ms)
				ProcessInitializeOnLoadMethodAttributes (53ms)
				AfterProcessingInitializeOnLoad (6ms)
				EditorAssembliesLoaded (0ms)
			ExecutionOrderSort2 (0ms)
			AwakeInstancesAfterBackupRestoration (10ms)
Platform modules already initialized, skipping
Refreshing native plugins compatible for Editor in 3.12 ms, found 3 plugins.
Preloading 0 native plugins for Editor in 0.00 ms.
Unloading 5623 Unused Serialized files (Serialized files now loaded: 0)
Unloading 30 unused Assets / (0.8 MB). Loaded Objects now: 6369.
Memory consumption went from 230.2 MB to 229.5 MB.
Total: 5.612600 ms (FindLiveObjects: 0.459600 ms CreateObjectMapping: 0.443300 ms MarkObjects: 4.138900 ms  DeleteObjects: 0.569400 ms)

AssetImportParameters requested are different than current active one (requested -> active):
  custom:video-decoder-ogg-theora: a1e56fd34408186e4bbccfd4996cb3dc -> 
  custom:container-muxer-webm: aa71ff27fc2769a1b78a27578f13a17b -> 
  custom:container-demuxer-webm: 4f35f7cbe854078d1ac9338744f61a02 -> 
  custom:video-encoder-webm-vp8: eb34c28f22e8b96e1ab97ce403110664 -> 
  custom:audio-encoder-webm-vorbis: bf7c407c2cedff20999df2af8eb42d56 -> 
  custom:framework-win-MediaFoundation: 216162199b28c13a410421893ffa2e32 -> 
  custom:container-demuxer-ogg: 62fdf1f143b41e24485cea50d1cbac27 -> 
  custom:video-decoder-webm-vp8: 9c59270c3fd7afecdb556c50c9e8de78 -> 
  custom:audio-decoder-ogg-vorbis: bf7c407c2cedff20999df2af8eb42d56 -> 
========================================================================
Received Import Request.
  Time since last request: 255.695492 seconds.
  path: Assets/3D Objects/lambert1.mat
  artifactKey: Guid(c667a43d22d17ca449e9eecfd49003be) Importer(815301076,1909f56bfc062723c751e8b465ee728b)
Start importing Assets/3D Objects/lambert1.mat using Guid(c667a43d22d17ca449e9eecfd49003be) Importer(815301076,1909f56bfc062723c751e8b465ee728b)  -> (artifact id: 'b5d768e1bce643fbbde91e0fe002d4f6') in 0.188822 seconds 
========================================================================
Received Import Request.
  Time since last request: 0.258864 seconds.
  path: Assets/3D Objects/StoreForNow.fbx
  artifactKey: Guid(0e4d4a29f0fcce1428beb9a00bc874d8) Importer(815301076,1909f56bfc062723c751e8b465ee728b)
Start importing Assets/3D Objects/StoreForNow.fbx using Guid(0e4d4a29f0fcce1428beb9a00bc874d8) Importer(815301076,1909f56bfc062723c751e8b465ee728b)  -> (artifact id: '7902c98611917d34ee8281a734c2b4a9') in 0.224026 seconds 
========================================================================
Received Import Request.
  Time since last request: 173.761798 seconds.
  path: Assets/URP-PSX/Jitter/AluminumMetalJitter.mat
  artifactKey: Guid(0cb307b356441d44dab78ebb74957ec6) Importer(815301076,1909f56bfc062723c751e8b465ee728b)
Start importing Assets/URP-PSX/Jitter/AluminumMetalJitter.mat using Guid(0cb307b356441d44dab78ebb74957ec6) Importer(815301076,1909f56bfc062723c751e8b465ee728b)  -> (artifact id: '4d908a7a190ec3225055707b6e817ec4') in 0.022726 seconds 
========================================================================
Received Import Request.
  Time since last request: 0.011704 seconds.
  path: Assets/URP-PSX/Jitter/BookPage2Jitter.mat
  artifactKey: Guid(df76cd600735ec946b4f65f36fe5fe54) Importer(815301076,1909f56bfc062723c751e8b465ee728b)
Start importing Assets/URP-PSX/Jitter/BookPage2Jitter.mat using Guid(df76cd600735ec946b4f65f36fe5fe54) Importer(815301076,1909f56bfc062723c751e8b465ee728b)  -> (artifact id: 'a226bcea6db9e7a4a6278622714cdf74') in 0.016633 seconds 
========================================================================
Received Import Request.
  Time since last request: 0.000031 seconds.
  path: Assets/URP-PSX/Jitter/MarqueeJitter.mat
  artifactKey: Guid(8efe6a002f64b594d8fc85856cf8b592) Importer(815301076,1909f56bfc062723c751e8b465ee728b)
Start importing Assets/URP-PSX/Jitter/MarqueeJitter.mat using Guid(8efe6a002f64b594d8fc85856cf8b592) Importer(815301076,1909f56bfc062723c751e8b465ee728b)  -> (artifact id: '183085855bd530483769593bc95eabb4') in 0.017500 seconds 
========================================================================
Received Import Request.
  Time since last request: 0.000046 seconds.
  path: Assets/URP-PSX/Jitter/CobblestoneJitter.mat
  artifactKey: Guid(f3337c3bd7a9bb445a6b929a87d0c25c) Importer(815301076,1909f56bfc062723c751e8b465ee728b)
Start importing Assets/URP-PSX/Jitter/CobblestoneJitter.mat using Guid(f3337c3bd7a9bb445a6b929a87d0c25c) Importer(815301076,1909f56bfc062723c751e8b465ee728b)  -> (artifact id: 'cceaa5de872366a232c94d1342e4e19a') in 0.014197 seconds 
========================================================================
Received Import Request.
  Time since last request: 0.000041 seconds.
  path: Assets/URP-PSX/Jitter/CandyShelfJitter.mat
  artifactKey: Guid(d45e2d04f8638f04b81c7e73d9c06882) Importer(815301076,1909f56bfc062723c751e8b465ee728b)
Start importing Assets/URP-PSX/Jitter/CandyShelfJitter.mat using Guid(d45e2d04f8638f04b81c7e73d9c06882) Importer(815301076,1909f56bfc062723c751e8b465ee728b)  -> (artifact id: '356d184a8c6d3cc531d3fd573efd81fa') in 0.015355 seconds 
========================================================================
Received Import Request.
  Time since last request: 0.000032 seconds.
  path: Assets/URP-PSX/Jitter/RedCandleJitter.mat
  artifactKey: Guid(1c46a3851c26a5e4e91fdac3884c180f) Importer(815301076,1909f56bfc062723c751e8b465ee728b)
Start importing Assets/URP-PSX/Jitter/RedCandleJitter.mat using Guid(1c46a3851c26a5e4e91fdac3884c180f) Importer(815301076,1909f56bfc062723c751e8b465ee728b)  -> (artifact id: '7e5cc267fd022b936ffeaea3b517777f') in 0.013772 seconds 
========================================================================
Received Import Request.
  Time since last request: 0.000043 seconds.
  path: Assets/URP-PSX/Jitter/FloralWallpaperJitter.mat
  artifactKey: Guid(e302b0a49dfc8ab48bd4882e3210931f) Importer(815301076,1909f56bfc062723c751e8b465ee728b)
Start importing Assets/URP-PSX/Jitter/FloralWallpaperJitter.mat using Guid(e302b0a49dfc8ab48bd4882e3210931f) Importer(815301076,1909f56bfc062723c751e8b465ee728b)  -> (artifact id: '6bf27e3d71f3ee38b5174e839b0d90ca') in 0.022134 seconds 
========================================================================
Received Import Request.
  Time since last request: 0.000031 seconds.
  path: Assets/URP-PSX/Jitter/CigaretteWallJitter.mat
  artifactKey: Guid(8c5e0b3b161339544be57d1ae3e9dc7b) Importer(815301076,1909f56bfc062723c751e8b465ee728b)
Start importing Assets/URP-PSX/Jitter/CigaretteWallJitter.mat using Guid(8c5e0b3b161339544be57d1ae3e9dc7b) Importer(815301076,1909f56bfc062723c751e8b465ee728b)  -> (artifact id: '4d28524d40c194bf02960c6df9b775e7') in 0.014517 seconds 
========================================================================
Received Import Request.
  Time since last request: 0.000035 seconds.
  path: Assets/URP-PSX/Jitter/DirtJitter.mat
  artifactKey: Guid(05641c710d811594f9b8ffcd2aa19a2b) Importer(815301076,1909f56bfc062723c751e8b465ee728b)
Start importing Assets/URP-PSX/Jitter/DirtJitter.mat using Guid(05641c710d811594f9b8ffcd2aa19a2b) Importer(815301076,1909f56bfc062723c751e8b465ee728b)  -> (artifact id: '6411b7807f68a5d48c14c71f79296418') in 0.016857 seconds 
========================================================================
Received Import Request.
  Time since last request: 0.000027 seconds.
  path: Assets/URP-PSX/Jitter/StoreSignJitter.mat
  artifactKey: Guid(8301bd9d61d697541840d9e05dc702b1) Importer(815301076,1909f56bfc062723c751e8b465ee728b)
Start importing Assets/URP-PSX/Jitter/StoreSignJitter.mat using Guid(8301bd9d61d697541840d9e05dc702b1) Importer(815301076,1909f56bfc062723c751e8b465ee728b)  -> (artifact id: '74986bbce4cef28873dea17ca8c94daa') in 0.016263 seconds 
========================================================================
Received Import Request.
  Time since last request: 0.000026 seconds.
  path: Assets/URP-PSX/Jitter/New Material 3.mat
  artifactKey: Guid(9e82bb3f7922ae24faeb02977ffa3db9) Importer(815301076,1909f56bfc062723c751e8b465ee728b)
Start importing Assets/URP-PSX/Jitter/New Material 3.mat using Guid(9e82bb3f7922ae24faeb02977ffa3db9) Importer(815301076,1909f56bfc062723c751e8b465ee728b)  -> (artifact id: '300fd3df887530dd8d7efeb269c589e9') in 0.014012 seconds 
========================================================================
Received Import Request.
  Time since last request: 0.000024 seconds.
  path: Assets/URP-PSX/Jitter/SmallHouse1Jitter 1.mat
  artifactKey: Guid(8eb66a9d162991d4bbc48999de40fd8d) Importer(815301076,1909f56bfc062723c751e8b465ee728b)
Start importing Assets/URP-PSX/Jitter/SmallHouse1Jitter 1.mat using Guid(8eb66a9d162991d4bbc48999de40fd8d) Importer(815301076,1909f56bfc062723c751e8b465ee728b)  -> (artifact id: '6d1a01b6149fe8651d29adf6efdf5b7e') in 0.014909 seconds 
========================================================================
Received Import Request.
  Time since last request: 0.000024 seconds.
  path: Assets/URP-PSX/Jitter/BookPage1Jitter.mat
  artifactKey: Guid(5695374f7ede282418679ca5d89a8dc6) Importer(815301076,1909f56bfc062723c751e8b465ee728b)
Start importing Assets/URP-PSX/Jitter/BookPage1Jitter.mat using Guid(5695374f7ede282418679ca5d89a8dc6) Importer(815301076,1909f56bfc062723c751e8b465ee728b)  -> (artifact id: '766550f6422b5893a3ffe301352b953b') in 0.014684 seconds 
========================================================================
Received Import Request.
  Time since last request: 0.000028 seconds.
  path: Assets/URP-PSX/Jitter/WoodBarkJitter.mat
  artifactKey: Guid(c52e2cdc8c6cf094d997b130cf9fc416) Importer(815301076,1909f56bfc062723c751e8b465ee728b)
Start importing Assets/URP-PSX/Jitter/WoodBarkJitter.mat using Guid(c52e2cdc8c6cf094d997b130cf9fc416) Importer(815301076,1909f56bfc062723c751e8b465ee728b)  -> (artifact id: 'e660a5e635ee9f196a981fd7ddfeffde') in 0.015911 seconds 
========================================================================
Received Import Request.
  Time since last request: 0.000029 seconds.
  path: Assets/URP-PSX/Jitter/ShinglesJitter.mat
  artifactKey: Guid(359a5887f60a849418e41c4c439cbaa1) Importer(815301076,1909f56bfc062723c751e8b465ee728b)
Start importing Assets/URP-PSX/Jitter/ShinglesJitter.mat using Guid(359a5887f60a849418e41c4c439cbaa1) Importer(815301076,1909f56bfc062723c751e8b465ee728b)  -> (artifact id: 'c33d539749d6b4477a008416a1e979d5') in 0.015430 seconds 
========================================================================
Received Import Request.
  Time since last request: 0.000033 seconds.
  path: Assets/URP-PSX/Jitter/StopSignJitter.mat
  artifactKey: Guid(76bded82ade4f8b4994fb99a2da9500e) Importer(815301076,1909f56bfc062723c751e8b465ee728b)
Start importing Assets/URP-PSX/Jitter/StopSignJitter.mat using Guid(76bded82ade4f8b4994fb99a2da9500e) Importer(815301076,1909f56bfc062723c751e8b465ee728b)  -> (artifact id: 'a9439882eac296d84248f0dc2a2444ce') in 0.015972 seconds 
========================================================================
Received Import Request.
  Time since last request: 0.000030 seconds.
  path: Assets/URP-PSX/Jitter/PillarJitter.mat
  artifactKey: Guid(425cf26bb575c8e4eac95997a626a11f) Importer(815301076,1909f56bfc062723c751e8b465ee728b)
Start importing Assets/URP-PSX/Jitter/PillarJitter.mat using Guid(425cf26bb575c8e4eac95997a626a11f) Importer(815301076,1909f56bfc062723c751e8b465ee728b)  -> (artifact id: '625623b73d0363223734e8ba37db845e') in 0.014245 seconds 
========================================================================
Received Import Request.
  Time since last request: 0.000036 seconds.
  path: Assets/URP-PSX/Jitter/IceCooler1JItter.mat
  artifactKey: Guid(04bfe4c47610c6a4f829478ac1fd6897) Importer(815301076,1909f56bfc062723c751e8b465ee728b)
Start importing Assets/URP-PSX/Jitter/IceCooler1JItter.mat using Guid(04bfe4c47610c6a4f829478ac1fd6897) Importer(815301076,1909f56bfc062723c751e8b465ee728b)  -> (artifact id: '904f267332f6d635b40bd96dbde8332a') in 0.016666 seconds 
========================================================================
Received Import Request.
  Time since last request: 0.000027 seconds.
  path: Assets/URP-PSX/Jitter/SmallHouse2Jitter 1.mat
  artifactKey: Guid(ebb48d739e63e3348ac42bfc0600f124) Importer(815301076,1909f56bfc062723c751e8b465ee728b)
Start importing Assets/URP-PSX/Jitter/SmallHouse2Jitter 1.mat using Guid(ebb48d739e63e3348ac42bfc0600f124) Importer(815301076,1909f56bfc062723c751e8b465ee728b)  -> (artifact id: 'ef528b6a78d76a8350b7a9928d9373b5') in 0.014731 seconds 
========================================================================
Received Import Request.
  Time since last request: 0.000028 seconds.
  path: Assets/URP-PSX/Jitter/SidingJitter.mat
  artifactKey: Guid(0a4610013ab72e74c9be1def0e8652c2) Importer(815301076,1909f56bfc062723c751e8b465ee728b)
Start importing Assets/URP-PSX/Jitter/SidingJitter.mat using Guid(0a4610013ab72e74c9be1def0e8652c2) Importer(815301076,1909f56bfc062723c751e8b465ee728b)  -> (artifact id: '3a7d1498b73e97fe1d07b43b80b37a49') in 0.014520 seconds 
========================================================================
Received Import Request.
  Time since last request: 0.000029 seconds.
  path: Assets/URP-PSX/Jitter/WoodEdgeJitter.mat
  artifactKey: Guid(37552e6cd5519044ba1d99b05d3a0586) Importer(815301076,1909f56bfc062723c751e8b465ee728b)
Start importing Assets/URP-PSX/Jitter/WoodEdgeJitter.mat using Guid(37552e6cd5519044ba1d99b05d3a0586) Importer(815301076,1909f56bfc062723c751e8b465ee728b)  -> (artifact id: '98ca6064a25fbfcdde8fd17065b10825') in 0.014882 seconds 
========================================================================
Received Import Request.
  Time since last request: 0.000029 seconds.
  path: Assets/URP-PSX/Jitter/MarloboSignJitter 1.mat
  artifactKey: Guid(50b1c5ad6f07d504999ebce217671da0) Importer(815301076,1909f56bfc062723c751e8b465ee728b)
Start importing Assets/URP-PSX/Jitter/MarloboSignJitter 1.mat using Guid(50b1c5ad6f07d504999ebce217671da0) Importer(815301076,1909f56bfc062723c751e8b465ee728b)  -> (artifact id: '51c7bcffc7d01a000eb4e0bdd9081240') in 0.015449 seconds 
Editor requested this worker to shutdown with reason: Scaling down because of idle timeout
AssetImportWorker is now disconnected from the server
Process exiting
Exiting without the bug reporter. Application will terminate with return code 0