Using pre-set license
Built from '2021.3/release' branch; Version is '2021.3.17f1 (3e8111cac19d) revision 4096273'; Using compiler version '192829333'; Build Type 'Release'
OS: 'Windows 11  (10.0.22000) 64bit Core' Language: 'en' Physical Memory: 16061 MB
BatchMode: 1, IsHumanControllingUs: 0, StartBugReporterOnCrash: 0, Is64bit: 1, IsPro: 1

COMMAND LINE ARGUMENTS:
D:\unity\2021.3.17f1\Editor\Unity.exe
-adb2
-batchMode
-noUpm
-name
AssetImportWorker12
-projectPath
C:/Users/28356/Documents/GitHub/OnlyGodKnows/OGK Prototype
-logFile
Logs/AssetImportWorker12.log
-srvPort
58463
Successfully changed project path to: C:/Users/28356/Documents/GitHub/OnlyGodKnows/OGK Prototype
C:/Users/28356/Documents/GitHub/OnlyGodKnows/OGK Prototype
[UnityMemory] Configuration Parameters - Can be set up in boot.config
    "memorysetup-bucket-allocator-granularity=16"
    "memorysetup-bucket-allocator-bucket-count=8"
    "memorysetup-bucket-allocator-block-size=33554432"
    "memorysetup-bucket-allocator-block-count=8"
    "memorysetup-main-allocator-block-size=16777216"
    "memorysetup-thread-allocator-block-size=16777216"
    "memorysetup-gfx-main-allocator-block-size=16777216"
    "memorysetup-gfx-thread-allocator-block-size=16777216"
    "memorysetup-cache-allocator-block-size=4194304"
    "memorysetup-typetree-allocator-block-size=2097152"
    "memorysetup-profiler-bucket-allocator-granularity=16"
    "memorysetup-profiler-bucket-allocator-bucket-count=8"
    "memorysetup-profiler-bucket-allocator-block-size=33554432"
    "memorysetup-profiler-bucket-allocator-block-count=8"
    "memorysetup-profiler-allocator-block-size=16777216"
    "memorysetup-profiler-editor-allocator-block-size=1048576"
    "memorysetup-temp-allocator-size-main=16777216"
    "memorysetup-job-temp-allocator-block-size=2097152"
    "memorysetup-job-temp-allocator-block-size-background=1048576"
    "memorysetup-job-temp-allocator-reduction-small-platforms=262144"
    "memorysetup-temp-allocator-size-background-worker=32768"
    "memorysetup-temp-allocator-size-job-worker=262144"
    "memorysetup-temp-allocator-size-preload-manager=33554432"
    "memorysetup-temp-allocator-size-nav-mesh-worker=65536"
    "memorysetup-temp-allocator-size-audio-worker=65536"
    "memorysetup-temp-allocator-size-cloud-worker=32768"
    "memorysetup-temp-allocator-size-gi-baking-worker=262144"
    "memorysetup-temp-allocator-size-gfx=262144"
Player connection [2840] Host "[IP] 172.26.16.1 [Port] 0 [Flags] 2 [Guid] 3011487251 [EditorId] 3011487251 [Version] 1048832 [Id] WindowsEditor(7,LAPTOP-9GBH20HF) [Debug] 1 [PackageName] WindowsEditor [ProjectName] Editor" joined multi-casting on [225.0.0.222:54997]...

Player connection [2840] Host "[IP] 172.26.16.1 [Port] 0 [Flags] 2 [Guid] 3011487251 [EditorId] 3011487251 [Version] 1048832 [Id] WindowsEditor(7,LAPTOP-9GBH20HF) [Debug] 1 [PackageName] WindowsEditor [ProjectName] Editor" joined alternative multi-casting on [225.0.0.222:34997]...

Refreshing native plugins compatible for Editor in 118.55 ms, found 3 plugins.
Preloading 0 native plugins for Editor in 0.00 ms.
Initialize engine version: 2021.3.17f1 (3e8111cac19d)
[Subsystems] Discovering subsystems at path D:/unity/2021.3.17f1/Editor/Data/Resources/UnitySubsystems
[Subsystems] Discovering subsystems at path C:/Users/28356/Documents/GitHub/OnlyGodKnows/OGK Prototype/Assets
GfxDevice: creating device client; threaded=0; jobified=0
Direct3D:
    Version:  Direct3D 11.0 [level 11.1]
    Renderer: NVIDIA GeForce RTX 3060 Laptop GPU (ID=0x2520)
    Vendor:   NVIDIA
    VRAM:     6023 MB
    Driver:   30.0.15.1278
Initialize mono
Mono path[0] = 'D:/unity/2021.3.17f1/Editor/Data/Managed'
Mono path[1] = 'D:/unity/2021.3.17f1/Editor/Data/MonoBleedingEdge/lib/mono/unityjit-win32'
Mono config path = 'D:/unity/2021.3.17f1/Editor/Data/MonoBleedingEdge/etc'
Using monoOptions --debugger-agent=transport=dt_socket,embedding=1,server=y,suspend=n,address=127.0.0.1:56604
Begin MonoManager ReloadAssembly
Registering precompiled unity dll's ...
Register platform support module: D:/unity/2021.3.17f1/Editor/Data/PlaybackEngines/WindowsStandaloneSupport/UnityEditor.WindowsStandalone.Extensions.dll
Registered in 0.001489 seconds.
Native extension for WindowsStandalone target not found
Refreshing native plugins compatible for Editor in 128.70 ms, found 3 plugins.
Preloading 0 native plugins for Editor in 0.00 ms.
Mono: successfully reloaded assembly
- Completed reload, in  0.717 seconds
Domain Reload Profiling:
	ReloadAssembly (718ms)
		BeginReloadAssembly (74ms)
			ExecutionOrderSort (0ms)
			DisableScriptedObjects (0ms)
			BackupInstance (0ms)
			ReleaseScriptingObjects (0ms)
			CreateAndSetChildDomain (1ms)
		EndReloadAssembly (537ms)
			LoadAssemblies (73ms)
			RebuildTransferFunctionScriptingTraits (0ms)
			SetupTypeCache (129ms)
			ReleaseScriptCaches (0ms)
			RebuildScriptCaches (25ms)
			SetupLoadedEditorAssemblies (333ms)
				LogAssemblyErrors (0ms)
				InitializePlatformSupportModulesInManaged (6ms)
				SetLoadedEditorAssemblies (0ms)
				RefreshPlugins (129ms)
				BeforeProcessingInitializeOnLoad (1ms)
				ProcessInitializeOnLoadAttributes (145ms)
				ProcessInitializeOnLoadMethodAttributes (51ms)
				AfterProcessingInitializeOnLoad (0ms)
				EditorAssembliesLoaded (0ms)
			ExecutionOrderSort2 (0ms)
			AwakeInstancesAfterBackupRestoration (0ms)
Platform modules already initialized, skipping
Registering precompiled user dll's ...
Registered in 0.009481 seconds.
Begin MonoManager ReloadAssembly
Symbol file LoadedFromMemory doesn't match image C:\Users\28356\Documents\GitHub\OnlyGodKnows\OGK Prototype\Library\PackageCache\com.unity.visualscripting@1.8.0\Editor\VisualScripting.Core\Dependencies\YamlDotNet\Unity.VisualScripting.YamlDotNet.dll
Symbol file LoadedFromMemory doesn't match image C:\Users\28356\Documents\GitHub\OnlyGodKnows\OGK Prototype\Library\PackageCache\com.unity.visualscripting@1.8.0\Editor\VisualScripting.Core\Dependencies\DotNetZip\Unity.VisualScripting.IonicZip.dll
Native extension for WindowsStandalone target not found
Refreshing native plugins compatible for Editor in 126.00 ms, found 3 plugins.
Preloading 0 native plugins for Editor in 0.00 ms.
Mono: successfully reloaded assembly
- Completed reload, in  1.330 seconds
Domain Reload Profiling:
	ReloadAssembly (1331ms)
		BeginReloadAssembly (94ms)
			ExecutionOrderSort (0ms)
			DisableScriptedObjects (5ms)
			BackupInstance (0ms)
			ReleaseScriptingObjects (0ms)
			CreateAndSetChildDomain (20ms)
		EndReloadAssembly (1138ms)
			LoadAssemblies (84ms)
			RebuildTransferFunctionScriptingTraits (0ms)
			SetupTypeCache (320ms)
			ReleaseScriptCaches (1ms)
			RebuildScriptCaches (67ms)
			SetupLoadedEditorAssemblies (620ms)
				LogAssemblyErrors (0ms)
				InitializePlatformSupportModulesInManaged (3ms)
				SetLoadedEditorAssemblies (0ms)
				RefreshPlugins (126ms)
				BeforeProcessingInitializeOnLoad (118ms)
				ProcessInitializeOnLoadAttributes (299ms)
				ProcessInitializeOnLoadMethodAttributes (71ms)
				AfterProcessingInitializeOnLoad (2ms)
				EditorAssembliesLoaded (0ms)
			ExecutionOrderSort2 (0ms)
			AwakeInstancesAfterBackupRestoration (5ms)
Platform modules already initialized, skipping
========================================================================
Worker process is ready to serve import requests
Launched and connected shader compiler UnityShaderCompiler.exe after 0.04 seconds
Refreshing native plugins compatible for Editor in 1.16 ms, found 3 plugins.
Preloading 0 native plugins for Editor in 0.00 ms.
Unloading 5763 Unused Serialized files (Serialized files now loaded: 0)
Unloading 52 unused Assets / (0.8 MB). Loaded Objects now: 6214.
Memory consumption went from 228.7 MB to 227.8 MB.
Total: 4.065100 ms (FindLiveObjects: 0.489700 ms CreateObjectMapping: 0.312100 ms MarkObjects: 2.909300 ms  DeleteObjects: 0.352800 ms)

AssetImportParameters requested are different than current active one (requested -> active):
  custom:video-decoder-ogg-theora: a1e56fd34408186e4bbccfd4996cb3dc -> 
  custom:container-muxer-webm: aa71ff27fc2769a1b78a27578f13a17b -> 
  custom:container-demuxer-webm: 4f35f7cbe854078d1ac9338744f61a02 -> 
  custom:video-encoder-webm-vp8: eb34c28f22e8b96e1ab97ce403110664 -> 
  custom:video-codec-MediaFoundation-h265: 746d11721c4dcdbdad8f713fa42b33f4 -> 
  custom:audio-encoder-webm-vorbis: bf7c407c2cedff20999df2af8eb42d56 -> 
  custom:framework-win-MediaFoundation: 216162199b28c13a410421893ffa2e32 -> 
  custom:container-demuxer-ogg: 62fdf1f143b41e24485cea50d1cbac27 -> 
  custom:video-decoder-webm-vp8: 9c59270c3fd7afecdb556c50c9e8de78 -> 
  custom:audio-decoder-ogg-vorbis: bf7c407c2cedff20999df2af8eb42d56 -> 
========================================================================
Received Import Request.
  Time since last request: 653197.646738 seconds.
  path: Assets/Notes/Pages/Note1_p1.asset
  artifactKey: Guid(01486b45c7712c546b265f56a7208986) Importer(815301076,1909f56bfc062723c751e8b465ee728b)
Start importing Assets/Notes/Pages/Note1_p1.asset using Guid(01486b45c7712c546b265f56a7208986) Importer(815301076,1909f56bfc062723c751e8b465ee728b)  -> (artifact id: 'e2a81a57dd6e28d53bca29d5f3f3693b') in 0.037307 seconds 
========================================================================
Received Import Request.
  Time since last request: 105.977756 seconds.
  path: Assets/Environment/Art/Models/Box_350x250x200_Mesh.fbx
  artifactKey: Guid(c6a55ba99e9e99d41b7eef123e311a43) Importer(815301076,1909f56bfc062723c751e8b465ee728b)
Start importing Assets/Environment/Art/Models/Box_350x250x200_Mesh.fbx using Guid(c6a55ba99e9e99d41b7eef123e311a43) Importer(815301076,1909f56bfc062723c751e8b465ee728b)  -> (artifact id: '13b1a4d28905a830eba78c293ec309f0') in 0.332497 seconds 
========================================================================
Received Import Request.
  Time since last request: 0.000040 seconds.
  path: Assets/3D Objects/Bushes/bush01.fbx
  artifactKey: Guid(c798fe25ef7078c4d8ab11140f7ac4f1) Importer(815301076,1909f56bfc062723c751e8b465ee728b)
Start importing Assets/3D Objects/Bushes/bush01.fbx using Guid(c798fe25ef7078c4d8ab11140f7ac4f1) Importer(815301076,1909f56bfc062723c751e8b465ee728b)  -> (artifact id: '5daca2adc0e899b5a93877a0dc50a51c') in 0.026708 seconds 
========================================================================
Received Import Request.
  Time since last request: 0.000040 seconds.
  path: Assets/3D Objects/Bushes/bush04.fbx
  artifactKey: Guid(ee2550e2a6ffefe4e8dce40966638a49) Importer(815301076,1909f56bfc062723c751e8b465ee728b)
Start importing Assets/3D Objects/Bushes/bush04.fbx using Guid(ee2550e2a6ffefe4e8dce40966638a49) Importer(815301076,1909f56bfc062723c751e8b465ee728b)  -> (artifact id: '7d38564cbc34bde6db6ba31af1c40f80') in 0.051613 seconds 
========================================================================
Received Import Request.
  Time since last request: 0.000035 seconds.
  path: Assets/3D Objects/Bushes/bush08.fbx
  artifactKey: Guid(6b7a8851e17716c48892e527ff8dcf84) Importer(815301076,1909f56bfc062723c751e8b465ee728b)
Start importing Assets/3D Objects/Bushes/bush08.fbx using Guid(6b7a8851e17716c48892e527ff8dcf84) Importer(815301076,1909f56bfc062723c751e8b465ee728b)  -> (artifact id: '80a41414408572c3a1a3261980792bfd') in 0.038493 seconds 
========================================================================
Received Import Request.
  Time since last request: 0.000053 seconds.
  path: Assets/3D Objects/grass08.fbx
  artifactKey: Guid(ee18c39636bc7fc449ea298815c066ec) Importer(815301076,1909f56bfc062723c751e8b465ee728b)
Start importing Assets/3D Objects/grass08.fbx using Guid(ee18c39636bc7fc449ea298815c066ec) Importer(815301076,1909f56bfc062723c751e8b465ee728b)  -> (artifact id: '57621554bd6da8b07de460606121262a') in 0.033912 seconds 
========================================================================
Received Import Request.
  Time since last request: 0.000031 seconds.
  path: Assets/3D Objects/grass_patch_corner.fbx
  artifactKey: Guid(241d2cf93bf73504eb080c2d7c251330) Importer(815301076,1909f56bfc062723c751e8b465ee728b)
Start importing Assets/3D Objects/grass_patch_corner.fbx using Guid(241d2cf93bf73504eb080c2d7c251330) Importer(815301076,1909f56bfc062723c751e8b465ee728b)  -> (artifact id: 'e00a1a6107fab2f5558bb5735dd74740') in 0.020777 seconds 
========================================================================
Received Import Request.
  Time since last request: 0.000032 seconds.
  path: Assets/3D Objects/Bushes/bush07.fbx
  artifactKey: Guid(c198a9e991ea54e45808f9a17b9fdb31) Importer(815301076,1909f56bfc062723c751e8b465ee728b)
Start importing Assets/3D Objects/Bushes/bush07.fbx using Guid(c198a9e991ea54e45808f9a17b9fdb31) Importer(815301076,1909f56bfc062723c751e8b465ee728b)  -> (artifact id: 'f955a495068ab57217c979f51cd5d5a4') in 0.032429 seconds 
========================================================================
Received Import Request.
  Time since last request: 0.000042 seconds.
  path: Assets/3D Objects/grass09.fbx
  artifactKey: Guid(c6864c9d9255f0d429a83492af8af685) Importer(815301076,1909f56bfc062723c751e8b465ee728b)
Start importing Assets/3D Objects/grass09.fbx using Guid(c6864c9d9255f0d429a83492af8af685) Importer(815301076,1909f56bfc062723c751e8b465ee728b)  -> (artifact id: '3b3e61b64eec4d5fb781450ab4391c97') in 0.038946 seconds 
========================================================================
Received Import Request.
  Time since last request: 0.000054 seconds.
  path: Assets/Environment/Art/Models/Ground_Mesh.fbx
  artifactKey: Guid(aa38d7b0e367ecc4aac915dcfe957879) Importer(815301076,1909f56bfc062723c751e8b465ee728b)
Start importing Assets/Environment/Art/Models/Ground_Mesh.fbx using Guid(aa38d7b0e367ecc4aac915dcfe957879) Importer(815301076,1909f56bfc062723c751e8b465ee728b)  -> (artifact id: 'b936c6685f7bbf8cc2c2a419defaf301') in 0.026674 seconds 
========================================================================
Received Import Request.
  Time since last request: 0.000031 seconds.
  path: Assets/3D Objects/grass07.fbx
  artifactKey: Guid(0ef449bda4c3a2641b9d17a6db887110) Importer(815301076,1909f56bfc062723c751e8b465ee728b)
Start importing Assets/3D Objects/grass07.fbx using Guid(0ef449bda4c3a2641b9d17a6db887110) Importer(815301076,1909f56bfc062723c751e8b465ee728b)  -> (artifact id: 'b3ed28a59edcdcc83bb8fd93af25b8f4') in 0.035856 seconds 
========================================================================
Received Import Request.
  Time since last request: 0.000029 seconds.
  path: Assets/3D Objects/grass_bush.fbx
  artifactKey: Guid(ec21405d250db1047aaedecf35fa61d5) Importer(815301076,1909f56bfc062723c751e8b465ee728b)
Start importing Assets/3D Objects/grass_bush.fbx using Guid(ec21405d250db1047aaedecf35fa61d5) Importer(815301076,1909f56bfc062723c751e8b465ee728b)  -> (artifact id: '8dbd25473d85230f7a9317a772ec99f3') in 0.025987 seconds 
========================================================================
Received Import Request.
  Time since last request: 0.000038 seconds.
  path: Packages/com.unity.render-pipelines.core/Editor/Resources/DebugProbe.fbx
  artifactKey: Guid(9e1c97fc44f9a8744b61b58f72c56de4) Importer(815301076,1909f56bfc062723c751e8b465ee728b)
Start importing Packages/com.unity.render-pipelines.core/Editor/Resources/DebugProbe.fbx using Guid(9e1c97fc44f9a8744b61b58f72c56de4) Importer(815301076,1909f56bfc062723c751e8b465ee728b)  -> (artifact id: 'ff70b6cbe4192d52fbb3e352fc511a32') in 0.026707 seconds 
========================================================================
Received Import Request.
  Time since last request: 0.000037 seconds.
  path: Assets/3D Objects/Bushes/bush06.fbx
  artifactKey: Guid(eb90c98b0ce545547ac29e625ba92b61) Importer(815301076,1909f56bfc062723c751e8b465ee728b)
Start importing Assets/3D Objects/Bushes/bush06.fbx using Guid(eb90c98b0ce545547ac29e625ba92b61) Importer(815301076,1909f56bfc062723c751e8b465ee728b)  -> (artifact id: 'c08cda287de7160e702f909a41214aaa') in 0.025991 seconds 
========================================================================
Received Import Request.
  Time since last request: 0.510927 seconds.
  path: Assets/Environment/Art/Models/Stairs_650_400_300_Mesh.fbx
  artifactKey: Guid(7e0223e1d3e1733499accfa5ebffb67e) Importer(815301076,1909f56bfc062723c751e8b465ee728b)
Start importing Assets/Environment/Art/Models/Stairs_650_400_300_Mesh.fbx using Guid(7e0223e1d3e1733499accfa5ebffb67e) Importer(815301076,1909f56bfc062723c751e8b465ee728b)  -> (artifact id: '8e9c4fc632fc48d40cdc1a843b227afb') in 0.045379 seconds 
========================================================================
Received Import Request.
  Time since last request: 0.000039 seconds.
  path: Packages/com.unity.searcher/Editor/Resources/FlatSkin/Font/Roboto-Thin.ttf
  artifactKey: Guid(19a9abb883540be48b75b951a927ae03) Importer(815301076,1909f56bfc062723c751e8b465ee728b)
Start importing Packages/com.unity.searcher/Editor/Resources/FlatSkin/Font/Roboto-Thin.ttf using Guid(19a9abb883540be48b75b951a927ae03) Importer(815301076,1909f56bfc062723c751e8b465ee728b)  -> (artifact id: '5114429f202e71a60fb2f5990a39795c') in 0.052444 seconds 
========================================================================
Received Import Request.
  Time since last request: 0.000042 seconds.
  path: Assets/3D Objects/Materials/Cigarette_BrandSign_BaseColor 1.mat
  artifactKey: Guid(84acf87946b8f4e4784a01a04b433d07) Importer(815301076,1909f56bfc062723c751e8b465ee728b)
Start importing Assets/3D Objects/Materials/Cigarette_BrandSign_BaseColor 1.mat using Guid(84acf87946b8f4e4784a01a04b433d07) Importer(815301076,1909f56bfc062723c751e8b465ee728b)  -> (artifact id: '4682fec2c44e1e1fc447edf7d0d0493e') in 0.027778 seconds 
========================================================================
Received Import Request.
  Time since last request: 0.000048 seconds.
  path: Packages/com.unity.searcher/Editor/Resources/FlatSkin/Font/Roboto-MediumItalic.ttf
  artifactKey: Guid(d93c1bc57fdf1ac4dad1bf04fac05464) Importer(815301076,1909f56bfc062723c751e8b465ee728b)
Start importing Packages/com.unity.searcher/Editor/Resources/FlatSkin/Font/Roboto-MediumItalic.ttf using Guid(d93c1bc57fdf1ac4dad1bf04fac05464) Importer(815301076,1909f56bfc062723c751e8b465ee728b)  -> (artifact id: '99e76849a9ba96686ae42d169ff670ac') in 0.027576 seconds 
========================================================================
Received Import Request.
  Time since last request: 0.000035 seconds.
  path: Assets/Materials/ChurchBasementFloor.mat
  artifactKey: Guid(6d01267e9823ef94fa87c8b0e1bdd9e8) Importer(815301076,1909f56bfc062723c751e8b465ee728b)
Start importing Assets/Materials/ChurchBasementFloor.mat using Guid(6d01267e9823ef94fa87c8b0e1bdd9e8) Importer(815301076,1909f56bfc062723c751e8b465ee728b)  -> (artifact id: 'f5deec17a075bbe8b41890faa500b187') in 0.019467 seconds 
========================================================================
Received Import Request.
  Time since last request: 0.000040 seconds.
  path: Assets/Materials/GoldenMetal.mat
  artifactKey: Guid(a9cb686b3e3d6d14aaf7383aba3a44e0) Importer(815301076,1909f56bfc062723c751e8b465ee728b)
Start importing Assets/Materials/GoldenMetal.mat using Guid(a9cb686b3e3d6d14aaf7383aba3a44e0) Importer(815301076,1909f56bfc062723c751e8b465ee728b)  -> (artifact id: '51ce3e2fe768670c95ee3bc4bb720f20') in 0.025594 seconds 
========================================================================
Received Import Request.
  Time since last request: 0.000037 seconds.
  path: Assets/Materials/GasStationSignPrice.mat
  artifactKey: Guid(9ccfc9d9ac5323b489af3abfc8cdcb01) Importer(815301076,1909f56bfc062723c751e8b465ee728b)
Start importing Assets/Materials/GasStationSignPrice.mat using Guid(9ccfc9d9ac5323b489af3abfc8cdcb01) Importer(815301076,1909f56bfc062723c751e8b465ee728b)  -> (artifact id: 'c9a1dfa2ec0779849e4643d65bf4b1cf') in 0.024362 seconds 
========================================================================
Received Import Request.
  Time since last request: 0.000032 seconds.
  path: Packages/com.unity.searcher/Editor/Resources/FlatSkin/Font/Roboto-Black.ttf
  artifactKey: Guid(1062c701058745940ae5dca6219c64c8) Importer(815301076,1909f56bfc062723c751e8b465ee728b)
Start importing Packages/com.unity.searcher/Editor/Resources/FlatSkin/Font/Roboto-Black.ttf using Guid(1062c701058745940ae5dca6219c64c8) Importer(815301076,1909f56bfc062723c751e8b465ee728b)  -> (artifact id: '1efea340ed58a434bc11a5990e55dad2') in 0.027931 seconds 
========================================================================
Received Import Request.
  Time since last request: 0.000029 seconds.
  path: Packages/com.unity.searcher/Editor/Resources/FlatSkin/Font/Roboto-Regular.ttf
  artifactKey: Guid(30dc370b164eefc43b95744fc796dad0) Importer(815301076,1909f56bfc062723c751e8b465ee728b)
Start importing Packages/com.unity.searcher/Editor/Resources/FlatSkin/Font/Roboto-Regular.ttf using Guid(30dc370b164eefc43b95744fc796dad0) Importer(815301076,1909f56bfc062723c751e8b465ee728b)  -> (artifact id: '987daa4085fbd4d12b92250d641836d2') in 0.026057 seconds 
========================================================================
Received Import Request.
  Time since last request: 0.000040 seconds.
  path: Assets/3D Objects/Bushes/bush1 1.mat
  artifactKey: Guid(6c64da6044a8de74ebd0a7f7531cdae7) Importer(815301076,1909f56bfc062723c751e8b465ee728b)
Start importing Assets/3D Objects/Bushes/bush1 1.mat using Guid(6c64da6044a8de74ebd0a7f7531cdae7) Importer(815301076,1909f56bfc062723c751e8b465ee728b)  -> (artifact id: '77ecd3cb556130e6a0dff2e0739065fb') in 0.022599 seconds 
========================================================================
Received Import Request.
  Time since last request: 0.000044 seconds.
  path: Assets/3D Objects/Bushes/bush2 1.mat
  artifactKey: Guid(5997083362055644faeedba162e0a6af) Importer(815301076,1909f56bfc062723c751e8b465ee728b)
Start importing Assets/3D Objects/Bushes/bush2 1.mat using Guid(5997083362055644faeedba162e0a6af) Importer(815301076,1909f56bfc062723c751e8b465ee728b)  -> (artifact id: '67e220e2f8aec187e1405172f2af7fbf') in 0.023847 seconds 
========================================================================
Received Import Request.
  Time since last request: 0.000027 seconds.
  path: Assets/3D Objects/Bushes/bush3.mat
  artifactKey: Guid(7f4508550d85fca4b9beaf410d8b3daa) Importer(815301076,1909f56bfc062723c751e8b465ee728b)
Start importing Assets/3D Objects/Bushes/bush3.mat using Guid(7f4508550d85fca4b9beaf410d8b3daa) Importer(815301076,1909f56bfc062723c751e8b465ee728b)  -> (artifact id: 'c8d9ee692beec13988829f165388d32d') in 0.015796 seconds 
========================================================================
Received Import Request.
  Time since last request: 0.000029 seconds.
  path: Assets/3D Objects/TunnelsFloor.fbx
  artifactKey: Guid(beb6ac383cebb22488d974b609c91625) Importer(815301076,1909f56bfc062723c751e8b465ee728b)
Start importing Assets/3D Objects/TunnelsFloor.fbx using Guid(beb6ac383cebb22488d974b609c91625) Importer(815301076,1909f56bfc062723c751e8b465ee728b)  -> (artifact id: '7e14db12c1c6d4db696496398ba12984') in 0.038574 seconds 
========================================================================
Received Import Request.
  Time since last request: 0.000034 seconds.
  path: Assets/3D Objects/Materials/Cigarette_BrandSign_BaseColor.mat
  artifactKey: Guid(880ce120d08201c4396a26b5e7448da7) Importer(815301076,1909f56bfc062723c751e8b465ee728b)
Start importing Assets/3D Objects/Materials/Cigarette_BrandSign_BaseColor.mat using Guid(880ce120d08201c4396a26b5e7448da7) Importer(815301076,1909f56bfc062723c751e8b465ee728b)  -> (artifact id: '6a0c60043bf3fee7312d3fb7774d7557') in 0.020343 seconds 
========================================================================
Received Import Request.
  Time since last request: 0.000031 seconds.
  path: Assets/Materials/ChainlinkFencePlane.mat
  artifactKey: Guid(a5fc9f176b766e54596b87faa27143ce) Importer(815301076,1909f56bfc062723c751e8b465ee728b)
Start importing Assets/Materials/ChainlinkFencePlane.mat using Guid(a5fc9f176b766e54596b87faa27143ce) Importer(815301076,1909f56bfc062723c751e8b465ee728b)  -> (artifact id: '2ebbd52c1b67331b9aef4d093edfe7e4') in 0.021993 seconds 
========================================================================
Received Import Request.
  Time since last request: 0.000036 seconds.
  path: Packages/com.unity.render-pipelines.universal/Runtime/Materials/Decal.mat
  artifactKey: Guid(31d0dcc6f2dd4e4408d18036a2c93862) Importer(815301076,1909f56bfc062723c751e8b465ee728b)
Start importing Packages/com.unity.render-pipelines.universal/Runtime/Materials/Decal.mat using Guid(31d0dcc6f2dd4e4408d18036a2c93862) Importer(815301076,1909f56bfc062723c751e8b465ee728b)  -> (artifact id: '86a970f97d3415ac920135ee71f9af57') in 0.019745 seconds 
========================================================================
Received Import Request.
  Time since last request: 0.000037 seconds.
  path: Assets/3D Objects/Materials/Candy_shelf_BaseColor.mat
  artifactKey: Guid(33259f573cc1fa34092bb6a4d1aa86b1) Importer(815301076,1909f56bfc062723c751e8b465ee728b)
Start importing Assets/3D Objects/Materials/Candy_shelf_BaseColor.mat using Guid(33259f573cc1fa34092bb6a4d1aa86b1) Importer(815301076,1909f56bfc062723c751e8b465ee728b)  -> (artifact id: '6036c8e786bc5e9479951611235927e5') in 0.025437 seconds 
========================================================================
Received Import Request.
  Time since last request: 0.000043 seconds.
  path: Assets/Environment/Art/Materials/Blue_Mat.mat
  artifactKey: Guid(979aef027a1c86c42a15ce35fce366fa) Importer(815301076,1909f56bfc062723c751e8b465ee728b)
Start importing Assets/Environment/Art/Materials/Blue_Mat.mat using Guid(979aef027a1c86c42a15ce35fce366fa) Importer(815301076,1909f56bfc062723c751e8b465ee728b)  -> (artifact id: '00d4c7671da1f9c5f45ccc89bfa7bd64') in 0.021069 seconds 
========================================================================
Received Import Request.
  Time since last request: 0.000044 seconds.
  path: Assets/3D Objects/Materials/bush6_summer.mat
  artifactKey: Guid(6cd52775c187d8442adf3a26feed626e) Importer(815301076,1909f56bfc062723c751e8b465ee728b)
Start importing Assets/3D Objects/Materials/bush6_summer.mat using Guid(6cd52775c187d8442adf3a26feed626e) Importer(815301076,1909f56bfc062723c751e8b465ee728b)  -> (artifact id: '53b5c43ed32df8c3264961c9eb341f58') in 0.018604 seconds 
========================================================================
Received Import Request.
  Time since last request: 0.000030 seconds.
  path: Assets/Materials/DirtyMattress.mat
  artifactKey: Guid(cb0976f39b300354b92bc1494d5bed1c) Importer(815301076,1909f56bfc062723c751e8b465ee728b)
Start importing Assets/Materials/DirtyMattress.mat using Guid(cb0976f39b300354b92bc1494d5bed1c) Importer(815301076,1909f56bfc062723c751e8b465ee728b)  -> (artifact id: '82a0fd20f5c5b9b8d4994beed69e7acd') in 0.018031 seconds 
========================================================================
Received Import Request.
  Time since last request: 0.000038 seconds.
  path: Assets/Materials/Ashpalt2.mat
  artifactKey: Guid(bf01d0028dd327644be557a8e509e98f) Importer(815301076,1909f56bfc062723c751e8b465ee728b)
Start importing Assets/Materials/Ashpalt2.mat using Guid(bf01d0028dd327644be557a8e509e98f) Importer(815301076,1909f56bfc062723c751e8b465ee728b)  -> (artifact id: 'd3e7efb6da297bb2e74b3b03ae73ac13') in 0.023456 seconds 
========================================================================
Received Import Request.
  Time since last request: 0.000035 seconds.
  path: Assets/3D Objects/Materials/bush8.mat
  artifactKey: Guid(9795ca2cb2127df459032d4ae3ce458b) Importer(815301076,1909f56bfc062723c751e8b465ee728b)
Start importing Assets/3D Objects/Materials/bush8.mat using Guid(9795ca2cb2127df459032d4ae3ce458b) Importer(815301076,1909f56bfc062723c751e8b465ee728b)  -> (artifact id: 'c2e888ea2da5153629dd46d638310714') in 0.017569 seconds 
========================================================================
Received Import Request.
  Time since last request: 0.000039 seconds.
  path: Assets/3D Objects/Materials/bush6.mat
  artifactKey: Guid(cccf63ec0d0ac0644a176c63ffdc1556) Importer(815301076,1909f56bfc062723c751e8b465ee728b)
Start importing Assets/3D Objects/Materials/bush6.mat using Guid(cccf63ec0d0ac0644a176c63ffdc1556) Importer(815301076,1909f56bfc062723c751e8b465ee728b)  -> (artifact id: '084e11de9202b9fef189feef25b9660d') in 0.016461 seconds 
========================================================================
Received Import Request.
  Time since last request: 0.000057 seconds.
  path: Packages/com.unity.searcher/Editor/Resources/FlatSkin/Font/Roboto-Medium.ttf
  artifactKey: Guid(a51a3aebb43ac044989270407476b208) Importer(815301076,1909f56bfc062723c751e8b465ee728b)
Start importing Packages/com.unity.searcher/Editor/Resources/FlatSkin/Font/Roboto-Medium.ttf using Guid(a51a3aebb43ac044989270407476b208) Importer(815301076,1909f56bfc062723c751e8b465ee728b)  -> (artifact id: '532cded68b0070679891f2f21ccb98a9') in 0.025848 seconds 
========================================================================
Received Import Request.
  Time since last request: 0.000042 seconds.
  path: Packages/com.unity.searcher/Editor/Resources/FlatSkin/Font/Roboto-BoldItalic.ttf
  artifactKey: Guid(dfb97a9307a577a41bcacba34b9a7e32) Importer(815301076,1909f56bfc062723c751e8b465ee728b)
Start importing Packages/com.unity.searcher/Editor/Resources/FlatSkin/Font/Roboto-BoldItalic.ttf using Guid(dfb97a9307a577a41bcacba34b9a7e32) Importer(815301076,1909f56bfc062723c751e8b465ee728b)  -> (artifact id: 'ac04630240c9127888d384b7d38f2b15') in 0.024589 seconds 
========================================================================
Received Import Request.
  Time since last request: 0.000043 seconds.
  path: Packages/com.unity.searcher/Editor/Resources/FlatSkin/Font/Roboto-Light.ttf
  artifactKey: Guid(2a29e27936eb547458f646f71125b264) Importer(815301076,1909f56bfc062723c751e8b465ee728b)
Start importing Packages/com.unity.searcher/Editor/Resources/FlatSkin/Font/Roboto-Light.ttf using Guid(2a29e27936eb547458f646f71125b264) Importer(815301076,1909f56bfc062723c751e8b465ee728b)  -> (artifact id: '7b022b6db5ba80af12d1b4225e16cb98') in 0.027275 seconds 
========================================================================
Received Prepare
Registering precompiled user dll's ...
Registered in 0.007860 seconds.
Begin MonoManager ReloadAssembly
IOException: Sharing violation on path C:\Users\28356\Documents\GitHub\OnlyGodKnows\OGK Prototype\ProjectSettings\Packages\com.unity.testtools.codecoverage\Settings.json
  at System.IO.FileStream..ctor (System.String path, System.IO.FileMode mode, System.IO.FileAccess access, System.IO.FileShare share, System.Int32 bufferSize, System.Boolean anonymous, System.IO.FileOptions options) [0x0019e] in <75633565436c42f0a6426b33f0132ade>:0 
  at System.IO.FileStream..ctor (System.String path, System.IO.FileMode mode, System.IO.FileAccess access, System.IO.FileShare share, System.Int32 bufferSize, System.IO.FileOptions options) [0x00000] in <75633565436c42f0a6426b33f0132ade>:0 
  at (wrapper remoting-invoke-with-check) System.IO.FileStream..ctor(string,System.IO.FileMode,System.IO.FileAccess,System.IO.FileShare,int,System.IO.FileOptions)
  at System.IO.StreamWriter..ctor (System.String path, System.Boolean append, System.Text.Encoding encoding, System.Int32 bufferSize) [0x00055] in <75633565436c42f0a6426b33f0132ade>:0 
  at System.IO.StreamWriter..ctor (System.String path) [0x00008] in <75633565436c42f0a6426b33f0132ade>:0 
  at (wrapper remoting-invoke-with-check) System.IO.StreamWriter..ctor(string)
  at System.IO.File.WriteAllText (System.String path, System.String contents) [0x00026] in <75633565436c42f0a6426b33f0132ade>:0 
  at UnityEditor.SettingsManagement.PackageSettingsRepository.Save () [0x00070] in C:\Users\28356\Documents\GitHub\OnlyGodKnows\OGK Prototype\Library\PackageCache\com.unity.settings-manager@1.0.3\Editor\PackageSettingsRepository.cs:144 
  at UnityEditor.AssemblyReloadEvents.OnBeforeAssemblyReload () [0x00017] in <434908727417408abd02bbd1a0835ef8>:0 

(Filename: Library/PackageCache/com.unity.settings-manager@1.0.3/Editor/PackageSettingsRepository.cs Line: 144)

Symbol file LoadedFromMemory doesn't match image C:\Users\28356\Documents\GitHub\OnlyGodKnows\OGK Prototype\Library\PackageCache\com.unity.visualscripting@1.8.0\Editor\VisualScripting.Core\Dependencies\YamlDotNet\Unity.VisualScripting.YamlDotNet.dll
Symbol file LoadedFromMemory doesn't match image C:\Users\28356\Documents\GitHub\OnlyGodKnows\OGK Prototype\Library\PackageCache\com.unity.visualscripting@1.8.0\Editor\VisualScripting.Core\Dependencies\DotNetZip\Unity.VisualScripting.IonicZip.dll
Native extension for WindowsStandalone target not found
Refreshing native plugins compatible for Editor in 1.44 ms, found 3 plugins.
Preloading 0 native plugins for Editor in 0.00 ms.
Mono: successfully reloaded assembly
- Completed reload, in  1.928 seconds
Domain Reload Profiling:
	ReloadAssembly (1929ms)
		BeginReloadAssembly (204ms)
			ExecutionOrderSort (0ms)
			DisableScriptedObjects (8ms)
			BackupInstance (0ms)
			ReleaseScriptingObjects (0ms)
			CreateAndSetChildDomain (69ms)
		EndReloadAssembly (1598ms)
			LoadAssemblies (120ms)
			RebuildTransferFunctionScriptingTraits (0ms)
			SetupTypeCache (526ms)
			ReleaseScriptCaches (4ms)
			RebuildScriptCaches (82ms)
			SetupLoadedEditorAssemblies (735ms)
				LogAssemblyErrors (0ms)
				InitializePlatformSupportModulesInManaged (16ms)
				SetLoadedEditorAssemblies (1ms)
				RefreshPlugins (2ms)
				BeforeProcessingInitializeOnLoad (127ms)
				ProcessInitializeOnLoadAttributes (468ms)
				ProcessInitializeOnLoadMethodAttributes (118ms)
				AfterProcessingInitializeOnLoad (3ms)
				EditorAssembliesLoaded (0ms)
			ExecutionOrderSort2 (0ms)
			AwakeInstancesAfterBackupRestoration (19ms)
Platform modules already initialized, skipping
Refreshing native plugins compatible for Editor in 5.24 ms, found 3 plugins.
Preloading 0 native plugins for Editor in 0.00 ms.
Unloading 5615 Unused Serialized files (Serialized files now loaded: 0)
Unloading 31 unused Assets / (0.8 MB). Loaded Objects now: 6328.
Memory consumption went from 228.0 MB to 227.2 MB.
Total: 8.669100 ms (FindLiveObjects: 0.834400 ms CreateObjectMapping: 0.618900 ms MarkObjects: 6.447800 ms  DeleteObjects: 0.765900 ms)

AssetImportParameters requested are different than current active one (requested -> active):
  custom:video-decoder-ogg-theora: a1e56fd34408186e4bbccfd4996cb3dc -> 
  custom:container-muxer-webm: aa71ff27fc2769a1b78a27578f13a17b -> 
  custom:container-demuxer-webm: 4f35f7cbe854078d1ac9338744f61a02 -> 
  custom:video-encoder-webm-vp8: eb34c28f22e8b96e1ab97ce403110664 -> 
  custom:video-codec-MediaFoundation-h265: 746d11721c4dcdbdad8f713fa42b33f4 -> 
  custom:audio-encoder-webm-vorbis: bf7c407c2cedff20999df2af8eb42d56 -> 
  custom:framework-win-MediaFoundation: 216162199b28c13a410421893ffa2e32 -> 
  custom:container-demuxer-ogg: 62fdf1f143b41e24485cea50d1cbac27 -> 
  custom:video-decoder-webm-vp8: 9c59270c3fd7afecdb556c50c9e8de78 -> 
  custom:audio-decoder-ogg-vorbis: bf7c407c2cedff20999df2af8eb42d56 -> 
Editor requested this worker to shutdown with reason: Scaling down because of idle timeout
AssetImportWorker is now disconnected from the server
Process exiting
Exiting without the bug reporter. Application will terminate with return code 0