Using pre-set license
Built from '2021.3/release' branch; Version is '2021.3.17f1 (3e8111cac19d) revision 4096273'; Using compiler version '192829333'; Build Type 'Release'
OS: 'Windows 10  (10.0.19044) 64bit Core' Language: 'en' Physical Memory: 8144 MB
BatchMode: 1, IsHumanControllingUs: 0, StartBugReporterOnCrash: 0, Is64bit: 1, IsPro: 1

COMMAND LINE ARGUMENTS:
C:\Program Files\Unity\Hub\Editor\2021.3.17f1\Editor\Unity.exe
-adb2
-batchMode
-noUpm
-name
AssetImportWorker13
-projectPath
C:/Users/Joe/OneDrive/Documents/OnlyGodKnows/OGK Prototype
-logFile
Logs/AssetImportWorker13.log
-srvPort
54963
Successfully changed project path to: C:/Users/Joe/OneDrive/Documents/OnlyGodKnows/OGK Prototype
C:/Users/Joe/OneDrive/Documents/OnlyGodKnows/OGK Prototype
[UnityMemory] Configuration Parameters - Can be set up in boot.config
    "memorysetup-bucket-allocator-granularity=16"
    "memorysetup-bucket-allocator-bucket-count=8"
    "memorysetup-bucket-allocator-block-size=33554432"
    "memorysetup-bucket-allocator-block-count=8"
    "memorysetup-main-allocator-block-size=16777216"
    "memorysetup-thread-allocator-block-size=16777216"
    "memorysetup-gfx-main-allocator-block-size=16777216"
    "memorysetup-gfx-thread-allocator-block-size=16777216"
    "memorysetup-cache-allocator-block-size=4194304"
    "memorysetup-typetree-allocator-block-size=2097152"
    "memorysetup-profiler-bucket-allocator-granularity=16"
    "memorysetup-profiler-bucket-allocator-bucket-count=8"
    "memorysetup-profiler-bucket-allocator-block-size=33554432"
    "memorysetup-profiler-bucket-allocator-block-count=8"
    "memorysetup-profiler-allocator-block-size=16777216"
    "memorysetup-profiler-editor-allocator-block-size=1048576"
    "memorysetup-temp-allocator-size-main=16777216"
    "memorysetup-job-temp-allocator-block-size=2097152"
    "memorysetup-job-temp-allocator-block-size-background=1048576"
    "memorysetup-job-temp-allocator-reduction-small-platforms=262144"
    "memorysetup-temp-allocator-size-background-worker=32768"
    "memorysetup-temp-allocator-size-job-worker=262144"
    "memorysetup-temp-allocator-size-preload-manager=33554432"
    "memorysetup-temp-allocator-size-nav-mesh-worker=65536"
    "memorysetup-temp-allocator-size-audio-worker=65536"
    "memorysetup-temp-allocator-size-cloud-worker=32768"
    "memorysetup-temp-allocator-size-gi-baking-worker=262144"
    "memorysetup-temp-allocator-size-gfx=262144"
Player connection [9104] Host "[IP] 192.168.0.141 [Port] 0 [Flags] 2 [Guid] 3010471979 [EditorId] 3010471979 [Version] 1048832 [Id] WindowsEditor(7,DESKTOP-REOJTS5) [Debug] 1 [PackageName] WindowsEditor [ProjectName] Editor" joined multi-casting on [225.0.0.222:54997]...

Player connection [9104] Host "[IP] 192.168.0.141 [Port] 0 [Flags] 2 [Guid] 3010471979 [EditorId] 3010471979 [Version] 1048832 [Id] WindowsEditor(7,DESKTOP-REOJTS5) [Debug] 1 [PackageName] WindowsEditor [ProjectName] Editor" joined alternative multi-casting on [225.0.0.222:34997]...

Refreshing native plugins compatible for Editor in 181.58 ms, found 3 plugins.
Preloading 0 native plugins for Editor in 0.00 ms.
Initialize engine version: 2021.3.17f1 (3e8111cac19d)
[Subsystems] Discovering subsystems at path C:/Program Files/Unity/Hub/Editor/2021.3.17f1/Editor/Data/Resources/UnitySubsystems
[Subsystems] Discovering subsystems at path C:/Users/Joe/OneDrive/Documents/OnlyGodKnows/OGK Prototype/Assets
GfxDevice: creating device client; threaded=0; jobified=0
Direct3D:
    Version:  Direct3D 11.0 [level 11.1]
    Renderer: Radeon RX 580 Series (ID=0x67df)
    Vendor:   ATI
    VRAM:     4074 MB
    Driver:   31.0.12044.3
Initialize mono
Mono path[0] = 'C:/Program Files/Unity/Hub/Editor/2021.3.17f1/Editor/Data/Managed'
Mono path[1] = 'C:/Program Files/Unity/Hub/Editor/2021.3.17f1/Editor/Data/MonoBleedingEdge/lib/mono/unityjit-win32'
Mono config path = 'C:/Program Files/Unity/Hub/Editor/2021.3.17f1/Editor/Data/MonoBleedingEdge/etc'
Using monoOptions --debugger-agent=transport=dt_socket,embedding=1,server=y,suspend=n,address=127.0.0.1:56528
Begin MonoManager ReloadAssembly
Registering precompiled unity dll's ...
Register platform support module: C:/Program Files/Unity/Hub/Editor/2021.3.17f1/Editor/Data/PlaybackEngines/WindowsStandaloneSupport/UnityEditor.WindowsStandalone.Extensions.dll
Registered in 0.020232 seconds.
Native extension for WindowsStandalone target not found
Refreshing native plugins compatible for Editor in 172.31 ms, found 3 plugins.
Preloading 0 native plugins for Editor in 0.00 ms.
Mono: successfully reloaded assembly
- Completed reload, in  0.986 seconds
Domain Reload Profiling:
	ReloadAssembly (987ms)
		BeginReloadAssembly (111ms)
			ExecutionOrderSort (0ms)
			DisableScriptedObjects (0ms)
			BackupInstance (0ms)
			ReleaseScriptingObjects (0ms)
			CreateAndSetChildDomain (1ms)
		EndReloadAssembly (674ms)
			LoadAssemblies (105ms)
			RebuildTransferFunctionScriptingTraits (0ms)
			SetupTypeCache (130ms)
			ReleaseScriptCaches (0ms)
			RebuildScriptCaches (31ms)
			SetupLoadedEditorAssemblies (436ms)
				LogAssemblyErrors (0ms)
				InitializePlatformSupportModulesInManaged (12ms)
				SetLoadedEditorAssemblies (0ms)
				RefreshPlugins (172ms)
				BeforeProcessingInitializeOnLoad (2ms)
				ProcessInitializeOnLoadAttributes (190ms)
				ProcessInitializeOnLoadMethodAttributes (60ms)
				AfterProcessingInitializeOnLoad (0ms)
				EditorAssembliesLoaded (0ms)
			ExecutionOrderSort2 (0ms)
			AwakeInstancesAfterBackupRestoration (0ms)
Platform modules already initialized, skipping
Registering precompiled user dll's ...
Registered in 0.017113 seconds.
Begin MonoManager ReloadAssembly
Symbol file LoadedFromMemory doesn't match image C:\Users\Joe\OneDrive\Documents\OnlyGodKnows\OGK Prototype\Library\PackageCache\com.unity.visualscripting@1.8.0\Editor\VisualScripting.Core\Dependencies\YamlDotNet\Unity.VisualScripting.YamlDotNet.dll
Symbol file LoadedFromMemory doesn't match image C:\Users\Joe\OneDrive\Documents\OnlyGodKnows\OGK Prototype\Library\PackageCache\com.unity.visualscripting@1.8.0\Editor\VisualScripting.Core\Dependencies\DotNetZip\Unity.VisualScripting.IonicZip.dll
Native extension for WindowsStandalone target not found
Refreshing native plugins compatible for Editor in 181.15 ms, found 3 plugins.
Preloading 0 native plugins for Editor in 0.00 ms.
Mono: successfully reloaded assembly
- Completed reload, in  4.889 seconds
Domain Reload Profiling:
	ReloadAssembly (4890ms)
		BeginReloadAssembly (261ms)
			ExecutionOrderSort (0ms)
			DisableScriptedObjects (9ms)
			BackupInstance (0ms)
			ReleaseScriptingObjects (0ms)
			CreateAndSetChildDomain (76ms)
		EndReloadAssembly (4234ms)
			LoadAssemblies (2103ms)
			RebuildTransferFunctionScriptingTraits (0ms)
			SetupTypeCache (540ms)
			ReleaseScriptCaches (1ms)
			RebuildScriptCaches (89ms)
			SetupLoadedEditorAssemblies (1448ms)
				LogAssemblyErrors (0ms)
				InitializePlatformSupportModulesInManaged (11ms)
				SetLoadedEditorAssemblies (0ms)
				RefreshPlugins (181ms)
				BeforeProcessingInitializeOnLoad (219ms)
				ProcessInitializeOnLoadAttributes (848ms)
				ProcessInitializeOnLoadMethodAttributes (156ms)
				AfterProcessingInitializeOnLoad (32ms)
				EditorAssembliesLoaded (0ms)
			ExecutionOrderSort2 (0ms)
			AwakeInstancesAfterBackupRestoration (13ms)
Platform modules already initialized, skipping
========================================================================
Worker process is ready to serve import requests
Launched and connected shader compiler UnityShaderCompiler.exe after 0.19 seconds
Refreshing native plugins compatible for Editor in 1.83 ms, found 3 plugins.
Preloading 0 native plugins for Editor in 0.00 ms.
Unloading 5763 Unused Serialized files (Serialized files now loaded: 0)
Unloading 52 unused Assets / (0.8 MB). Loaded Objects now: 6218.
Memory consumption went from 229.1 MB to 228.3 MB.
Total: 8.254800 ms (FindLiveObjects: 0.831600 ms CreateObjectMapping: 0.957300 ms MarkObjects: 5.978200 ms  DeleteObjects: 0.485200 ms)

AssetImportParameters requested are different than current active one (requested -> active):
  custom:video-decoder-ogg-theora: a1e56fd34408186e4bbccfd4996cb3dc -> 
  custom:container-muxer-webm: aa71ff27fc2769a1b78a27578f13a17b -> 
  custom:container-demuxer-webm: 4f35f7cbe854078d1ac9338744f61a02 -> 
  custom:video-encoder-webm-vp8: eb34c28f22e8b96e1ab97ce403110664 -> 
  custom:audio-encoder-webm-vorbis: bf7c407c2cedff20999df2af8eb42d56 -> 
  custom:framework-win-MediaFoundation: 216162199b28c13a410421893ffa2e32 -> 
  custom:container-demuxer-ogg: 62fdf1f143b41e24485cea50d1cbac27 -> 
  custom:video-decoder-webm-vp8: 9c59270c3fd7afecdb556c50c9e8de78 -> 
  custom:audio-decoder-ogg-vorbis: bf7c407c2cedff20999df2af8eb42d56 -> 
========================================================================
Received Import Request.
  Time since last request: 426308.103008 seconds.
  path: Assets/3D Objects/GrassMound.fbx
  artifactKey: Guid(c70cdc92602874945b90c4e04a296aab) Importer(815301076,1909f56bfc062723c751e8b465ee728b)
Start importing Assets/3D Objects/GrassMound.fbx using Guid(c70cdc92602874945b90c4e04a296aab) Importer(815301076,1909f56bfc062723c751e8b465ee728b)  -> (artifact id: '0e249324fc72d8914d6e1b296a389ec2') in 1.096643 seconds 
========================================================================
Received Import Request.
  Time since last request: 0.000080 seconds.
  path: Assets/3D Objects/WindyRoadSign.fbx
  artifactKey: Guid(d43d5ab07cc41c640a0255f1727be171) Importer(815301076,1909f56bfc062723c751e8b465ee728b)
Start importing Assets/3D Objects/WindyRoadSign.fbx using Guid(d43d5ab07cc41c640a0255f1727be171) Importer(815301076,1909f56bfc062723c751e8b465ee728b)  -> (artifact id: '395b01e9e1da6bb9a555a206caf0b106') in 0.451121 seconds 
========================================================================
Received Import Request.
  Time since last request: 44.529631 seconds.
  path: Assets/3D Objects/ChurchSupportBeams.fbx
  artifactKey: Guid(dca5fe90cf96cc7478d858e73c493b75) Importer(815301076,1909f56bfc062723c751e8b465ee728b)
Start importing Assets/3D Objects/ChurchSupportBeams.fbx using Guid(dca5fe90cf96cc7478d858e73c493b75) Importer(815301076,1909f56bfc062723c751e8b465ee728b)  -> (artifact id: 'f5a76f35801ac0733b67db2e24a3dbdd') in 0.210995 seconds 
========================================================================
Received Import Request.
  Time since last request: 593.782261 seconds.
  path: Assets/3D Objects/GrassDip.fbx
  artifactKey: Guid(101108a979df1274193b31d03a83117c) Importer(815301076,1909f56bfc062723c751e8b465ee728b)
Start importing Assets/3D Objects/GrassDip.fbx using Guid(101108a979df1274193b31d03a83117c) Importer(815301076,1909f56bfc062723c751e8b465ee728b)  -> (artifact id: '4fc347c9c819e15c29996d1d8914d787') in 0.064857 seconds 
========================================================================
Received Import Request.
  Time since last request: 297.003467 seconds.
  path: Assets/URP-PSX/Jitter
  artifactKey: Guid(53bf7cbfe2b81d242b0af48232b50345) Importer(815301076,1909f56bfc062723c751e8b465ee728b)
Start importing Assets/URP-PSX/Jitter using Guid(53bf7cbfe2b81d242b0af48232b50345) Importer(815301076,1909f56bfc062723c751e8b465ee728b)  -> (artifact id: 'c3465103c45f6f6c13fcd8356bb8b708') in 0.008752 seconds 
========================================================================
Received Import Request.
  Time since last request: 0.028555 seconds.
  path: Assets/URP-PSX/Jitter/Asphalt2 Jitter.mat
  artifactKey: Guid(daa8e8b31fcaf2248926c638160a7c42) Importer(815301076,1909f56bfc062723c751e8b465ee728b)
Start importing Assets/URP-PSX/Jitter/Asphalt2 Jitter.mat using Guid(daa8e8b31fcaf2248926c638160a7c42) Importer(815301076,1909f56bfc062723c751e8b465ee728b)  -> (artifact id: 'ad67303e9ce3d45ee0a69b4fb60a0133') in 0.119857 seconds 
========================================================================
Received Import Request.
  Time since last request: 0.000042 seconds.
  path: Assets/URP-PSX/Jitter/New Material 2.mat
  artifactKey: Guid(b0205a7661f71364094263a3c87ef19e) Importer(815301076,1909f56bfc062723c751e8b465ee728b)
Start importing Assets/URP-PSX/Jitter/New Material 2.mat using Guid(b0205a7661f71364094263a3c87ef19e) Importer(815301076,1909f56bfc062723c751e8b465ee728b)  -> (artifact id: 'd4ec0a2561a50ec65cd979426f6b71c2') in 0.183975 seconds 
========================================================================
Received Import Request.
  Time since last request: 0.000099 seconds.
  path: Assets/URP-PSX/Jitter/Sidewalk Jitter.mat
  artifactKey: Guid(418759b4e60a18a41b7f4e26fd0758b5) Importer(815301076,1909f56bfc062723c751e8b465ee728b)
Start importing Assets/URP-PSX/Jitter/Sidewalk Jitter.mat using Guid(418759b4e60a18a41b7f4e26fd0758b5) Importer(815301076,1909f56bfc062723c751e8b465ee728b)  -> (artifact id: '7ac6d072ac3fc8679487f158f8b355f5') in 0.050279 seconds 
========================================================================
Received Import Request.
  Time since last request: 15.997596 seconds.
  path: Assets/URP-PSX/Jitter/New Material 4.mat
  artifactKey: Guid(e0b1333ac67696f4abd55d092a8d99c2) Importer(815301076,1909f56bfc062723c751e8b465ee728b)
Start importing Assets/URP-PSX/Jitter/New Material 4.mat using Guid(e0b1333ac67696f4abd55d092a8d99c2) Importer(815301076,1909f56bfc062723c751e8b465ee728b)  -> (artifact id: '654be5900564969a61157710ca14d48b') in 0.035134 seconds 
========================================================================
Received Import Request.
  Time since last request: 11.168853 seconds.
  path: Assets/URP-PSX/Jitter/PewWoodJitter.mat
  artifactKey: Guid(e0b1333ac67696f4abd55d092a8d99c2) Importer(815301076,1909f56bfc062723c751e8b465ee728b)
Start importing Assets/URP-PSX/Jitter/PewWoodJitter.mat using Guid(e0b1333ac67696f4abd55d092a8d99c2) Importer(815301076,1909f56bfc062723c751e8b465ee728b)  -> (artifact id: 'a5c4368b5506d290121959551d9cce48') in 0.022309 seconds 
========================================================================
Received Import Request.
  Time since last request: 41.195265 seconds.
  path: Assets/URP-PSX/Jitter/New Material 4.mat
  artifactKey: Guid(dfdfe8e32b1412c42bfb7771e16ea0f6) Importer(815301076,1909f56bfc062723c751e8b465ee728b)
Start importing Assets/URP-PSX/Jitter/New Material 4.mat using Guid(dfdfe8e32b1412c42bfb7771e16ea0f6) Importer(815301076,1909f56bfc062723c751e8b465ee728b)  -> (artifact id: 'ff321063401b400cea491111dabcb73e') in 0.017599 seconds 
========================================================================
Received Import Request.
  Time since last request: 10.397661 seconds.
  path: Assets/URP-PSX/Jitter/CarpetJitter.mat
  artifactKey: Guid(dfdfe8e32b1412c42bfb7771e16ea0f6) Importer(815301076,1909f56bfc062723c751e8b465ee728b)
Start importing Assets/URP-PSX/Jitter/CarpetJitter.mat using Guid(dfdfe8e32b1412c42bfb7771e16ea0f6) Importer(815301076,1909f56bfc062723c751e8b465ee728b)  -> (artifact id: 'e9199a72ec9cd17573b7ed0eac8122ce') in 0.037792 seconds 
========================================================================
Received Prepare
Registering precompiled user dll's ...
Registered in 0.016293 seconds.
Begin MonoManager ReloadAssembly
Symbol file LoadedFromMemory doesn't match image C:\Users\Joe\OneDrive\Documents\OnlyGodKnows\OGK Prototype\Library\PackageCache\com.unity.visualscripting@1.8.0\Editor\VisualScripting.Core\Dependencies\YamlDotNet\Unity.VisualScripting.YamlDotNet.dll
Symbol file LoadedFromMemory doesn't match image C:\Users\Joe\OneDrive\Documents\OnlyGodKnows\OGK Prototype\Library\PackageCache\com.unity.visualscripting@1.8.0\Editor\VisualScripting.Core\Dependencies\DotNetZip\Unity.VisualScripting.IonicZip.dll
Native extension for WindowsStandalone target not found
Refreshing native plugins compatible for Editor in 1.26 ms, found 3 plugins.
Preloading 0 native plugins for Editor in 0.00 ms.
Mono: successfully reloaded assembly
- Completed reload, in  1.780 seconds
Domain Reload Profiling:
	ReloadAssembly (1781ms)
		BeginReloadAssembly (214ms)
			ExecutionOrderSort (0ms)
			DisableScriptedObjects (9ms)
			BackupInstance (0ms)
			ReleaseScriptingObjects (0ms)
			CreateAndSetChildDomain (60ms)
		EndReloadAssembly (1416ms)
			LoadAssemblies (157ms)
			RebuildTransferFunctionScriptingTraits (0ms)
			SetupTypeCache (425ms)
			ReleaseScriptCaches (2ms)
			RebuildScriptCaches (63ms)
			SetupLoadedEditorAssemblies (661ms)
				LogAssemblyErrors (0ms)
				InitializePlatformSupportModulesInManaged (18ms)
				SetLoadedEditorAssemblies (1ms)
				RefreshPlugins (1ms)
				BeforeProcessingInitializeOnLoad (142ms)
				ProcessInitializeOnLoadAttributes (384ms)
				ProcessInitializeOnLoadMethodAttributes (94ms)
				AfterProcessingInitializeOnLoad (21ms)
				EditorAssembliesLoaded (0ms)
			ExecutionOrderSort2 (0ms)
			AwakeInstancesAfterBackupRestoration (19ms)
Platform modules already initialized, skipping
Refreshing native plugins compatible for Editor in 5.63 ms, found 3 plugins.
Preloading 0 native plugins for Editor in 0.00 ms.
Unloading 5617 Unused Serialized files (Serialized files now loaded: 0)
Unloading 31 unused Assets / (0.8 MB). Loaded Objects now: 6328.
Memory consumption went from 228.8 MB to 228.0 MB.
Total: 7.958100 ms (FindLiveObjects: 0.819600 ms CreateObjectMapping: 0.254300 ms MarkObjects: 6.315000 ms  DeleteObjects: 0.567300 ms)

AssetImportParameters requested are different than current active one (requested -> active):
  custom:video-decoder-ogg-theora: a1e56fd34408186e4bbccfd4996cb3dc -> 
  custom:container-muxer-webm: aa71ff27fc2769a1b78a27578f13a17b -> 
  custom:container-demuxer-webm: 4f35f7cbe854078d1ac9338744f61a02 -> 
  custom:video-encoder-webm-vp8: eb34c28f22e8b96e1ab97ce403110664 -> 
  custom:audio-encoder-webm-vorbis: bf7c407c2cedff20999df2af8eb42d56 -> 
  custom:framework-win-MediaFoundation: 216162199b28c13a410421893ffa2e32 -> 
  custom:container-demuxer-ogg: 62fdf1f143b41e24485cea50d1cbac27 -> 
  custom:video-decoder-webm-vp8: 9c59270c3fd7afecdb556c50c9e8de78 -> 
  custom:audio-decoder-ogg-vorbis: bf7c407c2cedff20999df2af8eb42d56 -> 
========================================================================
Received Import Request.
  Time since last request: 418.444133 seconds.
  path: Assets/URP-PSX/Jitter/CarpetJitter.mat
  artifactKey: Guid(dfdfe8e32b1412c42bfb7771e16ea0f6) Importer(815301076,1909f56bfc062723c751e8b465ee728b)
Start importing Assets/URP-PSX/Jitter/CarpetJitter.mat using Guid(dfdfe8e32b1412c42bfb7771e16ea0f6) Importer(815301076,1909f56bfc062723c751e8b465ee728b)  -> (artifact id: 'b8637197d26b3a9304d9c65f302f8335') in 0.253929 seconds 
========================================================================
Received Import Request.
  Time since last request: 5.715963 seconds.
  path: Assets/URP-PSX/Jitter/CarpetJitter.mat
  artifactKey: Guid(dfdfe8e32b1412c42bfb7771e16ea0f6) Importer(815301076,1909f56bfc062723c751e8b465ee728b)
Start importing Assets/URP-PSX/Jitter/CarpetJitter.mat using Guid(dfdfe8e32b1412c42bfb7771e16ea0f6) Importer(815301076,1909f56bfc062723c751e8b465ee728b)  -> (artifact id: '3ec03f04dd900031fd15218034f2a270') in 0.032650 seconds 
========================================================================
Received Import Request.
  Time since last request: 4.360583 seconds.
  path: Packages/com.unity.collab-proxy/Editor/PlasticSCM/Assets/Images/d_ignoredoverlay.png
  artifactKey: Guid(0f5597de928ba6547895c4cdb9fa4185) Importer(815301076,1909f56bfc062723c751e8b465ee728b)
Start importing Packages/com.unity.collab-proxy/Editor/PlasticSCM/Assets/Images/d_ignoredoverlay.png using Guid(0f5597de928ba6547895c4cdb9fa4185) Importer(815301076,1909f56bfc062723c751e8b465ee728b)  -> (artifact id: '56344adf69460287f4e9aa08a8608d7c') in 0.197069 seconds 
========================================================================
Received Import Request.
  Time since last request: 0.000037 seconds.
  path: Packages/com.unity.collab-proxy/Editor/PlasticSCM/Assets/Images/ignored.png
  artifactKey: Guid(595bc97bc8e1e0b46bd4c2148ba3723a) Importer(815301076,1909f56bfc062723c751e8b465ee728b)
Start importing Packages/com.unity.collab-proxy/Editor/PlasticSCM/Assets/Images/ignored.png using Guid(595bc97bc8e1e0b46bd4c2148ba3723a) Importer(815301076,1909f56bfc062723c751e8b465ee728b)  -> (artifact id: 'db28360c310ce56a59d3fcbd77b10163') in 0.083236 seconds 
========================================================================
Received Import Request.
  Time since last request: 27.432183 seconds.
  path: Assets/URP-PSX/Jitter/New Material 4.mat
  artifactKey: Guid(2e869bed6b4dd754cab18d8e4481e484) Importer(815301076,1909f56bfc062723c751e8b465ee728b)
Start importing Assets/URP-PSX/Jitter/New Material 4.mat using Guid(2e869bed6b4dd754cab18d8e4481e484) Importer(815301076,1909f56bfc062723c751e8b465ee728b)  -> (artifact id: '98f02f4b5d976287933bb6d2639a6fa4') in 0.017367 seconds 
========================================================================
Received Import Request.
  Time since last request: 14.042341 seconds.
  path: Assets/URP-PSX/Jitter/ClosedBookJitter.mat
  artifactKey: Guid(2e869bed6b4dd754cab18d8e4481e484) Importer(815301076,1909f56bfc062723c751e8b465ee728b)
Start importing Assets/URP-PSX/Jitter/ClosedBookJitter.mat using Guid(2e869bed6b4dd754cab18d8e4481e484) Importer(815301076,1909f56bfc062723c751e8b465ee728b)  -> (artifact id: '4a7dc67fe56309952890d5b56b8337eb') in 0.021779 seconds 
========================================================================
Received Import Request.
  Time since last request: 10.915541 seconds.
  path: Assets/URP-PSX/Jitter/New Material 4.mat
  artifactKey: Guid(6ae184708302fd74ca70ed470d9ddc39) Importer(815301076,1909f56bfc062723c751e8b465ee728b)
Start importing Assets/URP-PSX/Jitter/New Material 4.mat using Guid(6ae184708302fd74ca70ed470d9ddc39) Importer(815301076,1909f56bfc062723c751e8b465ee728b)  -> (artifact id: 'ebd35df1a8778f9334b040ec484075d2') in 0.016766 seconds 
========================================================================
Received Import Request.
  Time since last request: 14.302134 seconds.
  path: Assets/URP-PSX/Jitter/BasementWallJitter.mat
  artifactKey: Guid(6ae184708302fd74ca70ed470d9ddc39) Importer(815301076,1909f56bfc062723c751e8b465ee728b)
Start importing Assets/URP-PSX/Jitter/BasementWallJitter.mat using Guid(6ae184708302fd74ca70ed470d9ddc39) Importer(815301076,1909f56bfc062723c751e8b465ee728b)  -> (artifact id: '0b3efb8912ce7ef323a8c73cb46efc13') in 0.022042 seconds 
========================================================================
Received Import Request.
  Time since last request: 89.857373 seconds.
  path: Assets/URP-PSX/Jitter/BasementWallJitter.mat
  artifactKey: Guid(6ae184708302fd74ca70ed470d9ddc39) Importer(815301076,1909f56bfc062723c751e8b465ee728b)
Start importing Assets/URP-PSX/Jitter/BasementWallJitter.mat using Guid(6ae184708302fd74ca70ed470d9ddc39) Importer(815301076,1909f56bfc062723c751e8b465ee728b)  -> (artifact id: '22eba5f7c0cf3915e7bb6d25d3e7c636') in 0.020559 seconds 
========================================================================
Received Import Request.
  Time since last request: 66.303109 seconds.
  path: Assets/URP-PSX/Jitter/DirtyMattressJitter.mat
  artifactKey: Guid(0b1d977e86c600a45958f63d30163271) Importer(815301076,1909f56bfc062723c751e8b465ee728b)
Start importing Assets/URP-PSX/Jitter/DirtyMattressJitter.mat using Guid(0b1d977e86c600a45958f63d30163271) Importer(815301076,1909f56bfc062723c751e8b465ee728b)  -> (artifact id: 'b0ad882c49c0e7ffbae9f1a87a4b3301') in 0.019713 seconds 
========================================================================
Received Import Request.
  Time since last request: 24.075855 seconds.
  path: Assets/URP-PSX/Jitter/DirtyMattressJitter.mat
  artifactKey: Guid(0b1d977e86c600a45958f63d30163271) Importer(815301076,1909f56bfc062723c751e8b465ee728b)
Start importing Assets/URP-PSX/Jitter/DirtyMattressJitter.mat using Guid(0b1d977e86c600a45958f63d30163271) Importer(815301076,1909f56bfc062723c751e8b465ee728b)  -> (artifact id: '8eaf674d6022bbfc1eeed688e03af738') in 0.019256 seconds 
========================================================================
Received Import Request.
  Time since last request: 5.564825 seconds.
  path: Assets/URP-PSX/Jitter/BookPage1Jitter.mat
  artifactKey: Guid(5695374f7ede282418679ca5d89a8dc6) Importer(815301076,1909f56bfc062723c751e8b465ee728b)
Start importing Assets/URP-PSX/Jitter/BookPage1Jitter.mat using Guid(5695374f7ede282418679ca5d89a8dc6) Importer(815301076,1909f56bfc062723c751e8b465ee728b)  -> (artifact id: 'cd1c7be9861fadf8ffb9448dcd1afbb8') in 0.019079 seconds 
========================================================================
Received Import Request.
  Time since last request: 16.339266 seconds.
  path: Assets/URP-PSX/Jitter/BookPage1Jitter.mat
  artifactKey: Guid(5695374f7ede282418679ca5d89a8dc6) Importer(815301076,1909f56bfc062723c751e8b465ee728b)
Start importing Assets/URP-PSX/Jitter/BookPage1Jitter.mat using Guid(5695374f7ede282418679ca5d89a8dc6) Importer(815301076,1909f56bfc062723c751e8b465ee728b)  -> (artifact id: '7339a538c6aecf501b4f6b2ee600e25f') in 0.019922 seconds 
========================================================================
Received Import Request.
  Time since last request: 6.093063 seconds.
  path: Assets/URP-PSX/Jitter/BookPage2Jitter.mat
  artifactKey: Guid(df76cd600735ec946b4f65f36fe5fe54) Importer(815301076,1909f56bfc062723c751e8b465ee728b)
Start importing Assets/URP-PSX/Jitter/BookPage2Jitter.mat using Guid(df76cd600735ec946b4f65f36fe5fe54) Importer(815301076,1909f56bfc062723c751e8b465ee728b)  -> (artifact id: '00515b32a2f50e935dad4bdc92f09cca') in 0.032262 seconds 
========================================================================
Received Import Request.
  Time since last request: 168.594490 seconds.
  path: Assets/Textures/AluminumMetal.jpg
  artifactKey: Guid(29dbe846974b0dc4a814b0c18f160e77) Importer(815301076,1909f56bfc062723c751e8b465ee728b)
Start importing Assets/Textures/AluminumMetal.jpg using Guid(29dbe846974b0dc4a814b0c18f160e77) Importer(815301076,1909f56bfc062723c751e8b465ee728b)  -> (artifact id: '06c1156603c161ac0e2cd956116a8d19') in 0.063871 seconds 
========================================================================
Received Import Request.
  Time since last request: 0.000047 seconds.
  path: Assets/Textures/StopSign1-min.jpg
  artifactKey: Guid(8e467a01399a7c646bb5c997d54bed35) Importer(815301076,1909f56bfc062723c751e8b465ee728b)
Start importing Assets/Textures/StopSign1-min.jpg using Guid(8e467a01399a7c646bb5c997d54bed35) Importer(815301076,1909f56bfc062723c751e8b465ee728b)  -> (artifact id: '2b75c82d3c97d074de9658f7eeda40e3') in 0.073263 seconds 
========================================================================
Received Import Request.
  Time since last request: 0.000053 seconds.
  path: Assets/Textures/SpeedLimitSign-min.jpg
  artifactKey: Guid(aacb6309f4594b74fa01f634226cf7d3) Importer(815301076,1909f56bfc062723c751e8b465ee728b)
Start importing Assets/Textures/SpeedLimitSign-min.jpg using Guid(aacb6309f4594b74fa01f634226cf7d3) Importer(815301076,1909f56bfc062723c751e8b465ee728b)  -> (artifact id: '63fee050777555eb8a3c322c9d683480') in 0.042369 seconds 
========================================================================
Received Import Request.
  Time since last request: 0.000065 seconds.
  path: Assets/Textures/ChurchWall.jpg
  artifactKey: Guid(94fcd9e1618a4114dbb4dbb8e6ef3737) Importer(815301076,1909f56bfc062723c751e8b465ee728b)
Start importing Assets/Textures/ChurchWall.jpg using Guid(94fcd9e1618a4114dbb4dbb8e6ef3737) Importer(815301076,1909f56bfc062723c751e8b465ee728b)  -> (artifact id: '2003102a2e0de313b5a46926868967d6') in 0.051988 seconds 
========================================================================
Received Import Request.
  Time since last request: 0.000063 seconds.
  path: Assets/Textures/GrassTiled2.jpg
  artifactKey: Guid(ec9d9278546079649b0474e1ddd1311c) Importer(815301076,1909f56bfc062723c751e8b465ee728b)
Start importing Assets/Textures/GrassTiled2.jpg using Guid(ec9d9278546079649b0474e1ddd1311c) Importer(815301076,1909f56bfc062723c751e8b465ee728b)  -> (artifact id: '7eeb6b09c6ae2e02b89bbe7b989518a9') in 0.022586 seconds 
========================================================================
Received Import Request.
  Time since last request: 10.163537 seconds.
  path: Assets/Textures/WindyRoadSign2.PNG
  artifactKey: Guid(5f8deb1239e46434695daeae28b3bed3) Importer(815301076,1909f56bfc062723c751e8b465ee728b)
Start importing Assets/Textures/WindyRoadSign2.PNG using Guid(5f8deb1239e46434695daeae28b3bed3) Importer(815301076,1909f56bfc062723c751e8b465ee728b)  -> (artifact id: 'e46b1536c47cc00c21409b771acd5395') in 0.493281 seconds 
========================================================================
Received Import Request.
  Time since last request: 155.008561 seconds.
  path: Assets/URP-PSX/Jitter/New Material 4.mat
  artifactKey: Guid(a837f83b18173dd43ad88c7edd7497f0) Importer(815301076,1909f56bfc062723c751e8b465ee728b)
Start importing Assets/URP-PSX/Jitter/New Material 4.mat using Guid(a837f83b18173dd43ad88c7edd7497f0) Importer(815301076,1909f56bfc062723c751e8b465ee728b)  -> (artifact id: '089e988aa4153a92ec4e6a7c0f2ca59f') in 0.017186 seconds 
========================================================================
Received Prepare
Registering precompiled user dll's ...
Registered in 0.017237 seconds.
Begin MonoManager ReloadAssembly
Symbol file LoadedFromMemory doesn't match image C:\Users\Joe\OneDrive\Documents\OnlyGodKnows\OGK Prototype\Library\PackageCache\com.unity.visualscripting@1.8.0\Editor\VisualScripting.Core\Dependencies\YamlDotNet\Unity.VisualScripting.YamlDotNet.dll
Symbol file LoadedFromMemory doesn't match image C:\Users\Joe\OneDrive\Documents\OnlyGodKnows\OGK Prototype\Library\PackageCache\com.unity.visualscripting@1.8.0\Editor\VisualScripting.Core\Dependencies\DotNetZip\Unity.VisualScripting.IonicZip.dll
Native extension for WindowsStandalone target not found
Refreshing native plugins compatible for Editor in 3.15 ms, found 3 plugins.
Preloading 0 native plugins for Editor in 0.00 ms.
Mono: successfully reloaded assembly
- Completed reload, in  2.005 seconds
Domain Reload Profiling:
	ReloadAssembly (2006ms)
		BeginReloadAssembly (248ms)
			ExecutionOrderSort (0ms)
			DisableScriptedObjects (9ms)
			BackupInstance (0ms)
			ReleaseScriptingObjects (0ms)
			CreateAndSetChildDomain (79ms)
		EndReloadAssembly (1598ms)
			LoadAssemblies (179ms)
			RebuildTransferFunctionScriptingTraits (0ms)
			SetupTypeCache (429ms)
			ReleaseScriptCaches (3ms)
			RebuildScriptCaches (74ms)
			SetupLoadedEditorAssemblies (778ms)
				LogAssemblyErrors (0ms)
				InitializePlatformSupportModulesInManaged (19ms)
				SetLoadedEditorAssemblies (1ms)
				RefreshPlugins (3ms)
				BeforeProcessingInitializeOnLoad (161ms)
				ProcessInitializeOnLoadAttributes (447ms)
				ProcessInitializeOnLoadMethodAttributes (123ms)
				AfterProcessingInitializeOnLoad (23ms)
				EditorAssembliesLoaded (0ms)
			ExecutionOrderSort2 (0ms)
			AwakeInstancesAfterBackupRestoration (26ms)
Platform modules already initialized, skipping
Refreshing native plugins compatible for Editor in 6.67 ms, found 3 plugins.
Preloading 0 native plugins for Editor in 0.00 ms.
Unloading 5617 Unused Serialized files (Serialized files now loaded: 0)
Unloading 31 unused Assets / (0.8 MB). Loaded Objects now: 6394.
Memory consumption went from 228.8 MB to 228.1 MB.
Total: 9.069300 ms (FindLiveObjects: 1.404400 ms CreateObjectMapping: 0.248000 ms MarkObjects: 6.310500 ms  DeleteObjects: 1.103400 ms)

AssetImportParameters requested are different than current active one (requested -> active):
  custom:video-decoder-ogg-theora: a1e56fd34408186e4bbccfd4996cb3dc -> 
  custom:container-muxer-webm: aa71ff27fc2769a1b78a27578f13a17b -> 
  custom:container-demuxer-webm: 4f35f7cbe854078d1ac9338744f61a02 -> 
  custom:video-encoder-webm-vp8: eb34c28f22e8b96e1ab97ce403110664 -> 
  custom:audio-encoder-webm-vorbis: bf7c407c2cedff20999df2af8eb42d56 -> 
  custom:framework-win-MediaFoundation: 216162199b28c13a410421893ffa2e32 -> 
  custom:container-demuxer-ogg: 62fdf1f143b41e24485cea50d1cbac27 -> 
  custom:video-decoder-webm-vp8: 9c59270c3fd7afecdb556c50c9e8de78 -> 
  custom:audio-decoder-ogg-vorbis: bf7c407c2cedff20999df2af8eb42d56 -> 
========================================================================
Received Prepare
Registering precompiled user dll's ...
Registered in 0.026760 seconds.
Begin MonoManager ReloadAssembly
Symbol file LoadedFromMemory doesn't match image C:\Users\Joe\OneDrive\Documents\OnlyGodKnows\OGK Prototype\Library\PackageCache\com.unity.visualscripting@1.8.0\Editor\VisualScripting.Core\Dependencies\YamlDotNet\Unity.VisualScripting.YamlDotNet.dll
Symbol file LoadedFromMemory doesn't match image C:\Users\Joe\OneDrive\Documents\OnlyGodKnows\OGK Prototype\Library\PackageCache\com.unity.visualscripting@1.8.0\Editor\VisualScripting.Core\Dependencies\DotNetZip\Unity.VisualScripting.IonicZip.dll
Native extension for WindowsStandalone target not found
Refreshing native plugins compatible for Editor in 1.54 ms, found 3 plugins.
Preloading 0 native plugins for Editor in 0.00 ms.
Mono: successfully reloaded assembly
- Completed reload, in  2.050 seconds
Domain Reload Profiling:
	ReloadAssembly (2051ms)
		BeginReloadAssembly (206ms)
			ExecutionOrderSort (0ms)
			DisableScriptedObjects (7ms)
			BackupInstance (0ms)
			ReleaseScriptingObjects (0ms)
			CreateAndSetChildDomain (59ms)
		EndReloadAssembly (1692ms)
			LoadAssemblies (157ms)
			RebuildTransferFunctionScriptingTraits (0ms)
			SetupTypeCache (499ms)
			ReleaseScriptCaches (3ms)
			RebuildScriptCaches (89ms)
			SetupLoadedEditorAssemblies (793ms)
				LogAssemblyErrors (0ms)
				InitializePlatformSupportModulesInManaged (21ms)
				SetLoadedEditorAssemblies (1ms)
				RefreshPlugins (2ms)
				BeforeProcessingInitializeOnLoad (164ms)
				ProcessInitializeOnLoadAttributes (460ms)
				ProcessInitializeOnLoadMethodAttributes (122ms)
				AfterProcessingInitializeOnLoad (22ms)
				EditorAssembliesLoaded (0ms)
			ExecutionOrderSort2 (0ms)
			AwakeInstancesAfterBackupRestoration (30ms)
Platform modules already initialized, skipping
Refreshing native plugins compatible for Editor in 5.55 ms, found 3 plugins.
Preloading 0 native plugins for Editor in 0.00 ms.
Unloading 5618 Unused Serialized files (Serialized files now loaded: 0)
Unloading 31 unused Assets / (0.8 MB). Loaded Objects now: 6409.
Memory consumption went from 228.9 MB to 228.1 MB.
Total: 7.834900 ms (FindLiveObjects: 1.057800 ms CreateObjectMapping: 0.923800 ms MarkObjects: 5.191100 ms  DeleteObjects: 0.660400 ms)

AssetImportParameters requested are different than current active one (requested -> active):
  custom:video-decoder-ogg-theora: a1e56fd34408186e4bbccfd4996cb3dc -> 
  custom:container-muxer-webm: aa71ff27fc2769a1b78a27578f13a17b -> 
  custom:container-demuxer-webm: 4f35f7cbe854078d1ac9338744f61a02 -> 
  custom:video-encoder-webm-vp8: eb34c28f22e8b96e1ab97ce403110664 -> 
  custom:audio-encoder-webm-vorbis: bf7c407c2cedff20999df2af8eb42d56 -> 
  custom:framework-win-MediaFoundation: 216162199b28c13a410421893ffa2e32 -> 
  custom:container-demuxer-ogg: 62fdf1f143b41e24485cea50d1cbac27 -> 
  custom:video-decoder-webm-vp8: 9c59270c3fd7afecdb556c50c9e8de78 -> 
  custom:audio-decoder-ogg-vorbis: bf7c407c2cedff20999df2af8eb42d56 -> 
========================================================================
Received Import Request.
  Time since last request: 1179.609308 seconds.
  path: Assets/URP-PSX/Jitter/New Material 4.mat
  artifactKey: Guid(76bded82ade4f8b4994fb99a2da9500e) Importer(815301076,1909f56bfc062723c751e8b465ee728b)
Start importing Assets/URP-PSX/Jitter/New Material 4.mat using Guid(76bded82ade4f8b4994fb99a2da9500e) Importer(815301076,1909f56bfc062723c751e8b465ee728b)  -> (artifact id: '55f24e24c945408d9e57ccc08472561f') in 0.255955 seconds 
========================================================================
Received Import Request.
  Time since last request: 130.046256 seconds.
  path: Assets/URP-PSX/Jitter/StopSignJitter.mat
  artifactKey: Guid(76bded82ade4f8b4994fb99a2da9500e) Importer(815301076,1909f56bfc062723c751e8b465ee728b)
Start importing Assets/URP-PSX/Jitter/StopSignJitter.mat using Guid(76bded82ade4f8b4994fb99a2da9500e) Importer(815301076,1909f56bfc062723c751e8b465ee728b)  -> (artifact id: '614ecde8dabe440a933bc731ab3967e8') in 0.021607 seconds 
========================================================================
Received Import Request.
  Time since last request: 29.274719 seconds.
  path: Assets/URP-PSX/Jitter/New Material 4.mat
  artifactKey: Guid(05641c710d811594f9b8ffcd2aa19a2b) Importer(815301076,1909f56bfc062723c751e8b465ee728b)
Start importing Assets/URP-PSX/Jitter/New Material 4.mat using Guid(05641c710d811594f9b8ffcd2aa19a2b) Importer(815301076,1909f56bfc062723c751e8b465ee728b)  -> (artifact id: 'b12012f51749b227a5c4710dc1b9cec8') in 0.019520 seconds 
========================================================================
Received Import Request.
  Time since last request: 13.086813 seconds.
  path: Packages/com.unity.collab-proxy/Editor/Collaborate/Assets/Icons/collaborate-progress-dark@2x.png
  artifactKey: Guid(116a8defb66aa304d97c1fd15f044486) Importer(815301076,1909f56bfc062723c751e8b465ee728b)
Start importing Packages/com.unity.collab-proxy/Editor/Collaborate/Assets/Icons/collaborate-progress-dark@2x.png using Guid(116a8defb66aa304d97c1fd15f044486) Importer(815301076,1909f56bfc062723c751e8b465ee728b)  -> (artifact id: '84950d9c56d3f94f70788e6189deebce') in 0.085403 seconds 
========================================================================
Received Import Request.
  Time since last request: 0.000048 seconds.
  path: Packages/com.unity.collab-proxy/Editor/Collaborate/Assets/Icons/collaborate-progress-light@2x.png
  artifactKey: Guid(ae9e7828f0813b04fbe3f839422b2289) Importer(815301076,1909f56bfc062723c751e8b465ee728b)
Start importing Packages/com.unity.collab-proxy/Editor/Collaborate/Assets/Icons/collaborate-progress-light@2x.png using Guid(ae9e7828f0813b04fbe3f839422b2289) Importer(815301076,1909f56bfc062723c751e8b465ee728b)  -> (artifact id: '78ff4a4c7eeaf9a880e65da13fd691e1') in 0.044197 seconds 
========================================================================
Received Import Request.
  Time since last request: 1.344837 seconds.
  path: Packages/com.unity.inputsystem/InputSystem/Editor/AssetEditor/Resources/pro/foldoutBackground.png
  artifactKey: Guid(c0996bc290ff74bf4834f4a8b7dc8c3e) Importer(815301076,1909f56bfc062723c751e8b465ee728b)
Start importing Packages/com.unity.inputsystem/InputSystem/Editor/AssetEditor/Resources/pro/foldoutBackground.png using Guid(c0996bc290ff74bf4834f4a8b7dc8c3e) Importer(815301076,1909f56bfc062723c751e8b465ee728b)  -> (artifact id: '9a7d8e26242cd6d5903dbf7da40531a8') in 0.111118 seconds 
========================================================================
Received Import Request.
  Time since last request: 0.000034 seconds.
  path: Packages/com.unity.inputsystem/InputSystem/Editor/AssetEditor/Resources/personal/propertiesBackground.png
  artifactKey: Guid(aa4c2360f910d46f497f75b4b6677358) Importer(815301076,1909f56bfc062723c751e8b465ee728b)
Start importing Packages/com.unity.inputsystem/InputSystem/Editor/AssetEditor/Resources/personal/propertiesBackground.png using Guid(aa4c2360f910d46f497f75b4b6677358) Importer(815301076,1909f56bfc062723c751e8b465ee728b)  -> (artifact id: '9038e4d32aade46f65d36bb6e344ce7a') in 0.043125 seconds 
========================================================================
Received Prepare
Registering precompiled user dll's ...
Registered in 0.014919 seconds.
Begin MonoManager ReloadAssembly
Symbol file LoadedFromMemory doesn't match image C:\Users\Joe\OneDrive\Documents\OnlyGodKnows\OGK Prototype\Library\PackageCache\com.unity.visualscripting@1.8.0\Editor\VisualScripting.Core\Dependencies\YamlDotNet\Unity.VisualScripting.YamlDotNet.dll
Symbol file LoadedFromMemory doesn't match image C:\Users\Joe\OneDrive\Documents\OnlyGodKnows\OGK Prototype\Library\PackageCache\com.unity.visualscripting@1.8.0\Editor\VisualScripting.Core\Dependencies\DotNetZip\Unity.VisualScripting.IonicZip.dll
Native extension for WindowsStandalone target not found
Refreshing native plugins compatible for Editor in 2.18 ms, found 3 plugins.
Preloading 0 native plugins for Editor in 0.00 ms.
Mono: successfully reloaded assembly
- Completed reload, in  2.061 seconds
Domain Reload Profiling:
	ReloadAssembly (2062ms)
		BeginReloadAssembly (280ms)
			ExecutionOrderSort (0ms)
			DisableScriptedObjects (9ms)
			BackupInstance (0ms)
			ReleaseScriptingObjects (0ms)
			CreateAndSetChildDomain (83ms)
		EndReloadAssembly (1603ms)
			LoadAssemblies (203ms)
			RebuildTransferFunctionScriptingTraits (0ms)
			SetupTypeCache (446ms)
			ReleaseScriptCaches (4ms)
			RebuildScriptCaches (71ms)
			SetupLoadedEditorAssemblies (770ms)
				LogAssemblyErrors (0ms)
				InitializePlatformSupportModulesInManaged (21ms)
				SetLoadedEditorAssemblies (1ms)
				RefreshPlugins (2ms)
				BeforeProcessingInitializeOnLoad (158ms)
				ProcessInitializeOnLoadAttributes (443ms)
				ProcessInitializeOnLoadMethodAttributes (115ms)
				AfterProcessingInitializeOnLoad (30ms)
				EditorAssembliesLoaded (0ms)
			ExecutionOrderSort2 (0ms)
			AwakeInstancesAfterBackupRestoration (22ms)
Platform modules already initialized, skipping
Refreshing native plugins compatible for Editor in 4.25 ms, found 3 plugins.
Preloading 0 native plugins for Editor in 0.00 ms.
Unloading 5617 Unused Serialized files (Serialized files now loaded: 0)
Unloading 31 unused Assets / (0.8 MB). Loaded Objects now: 6473.
Memory consumption went from 228.9 MB to 228.1 MB.
Total: 6.280200 ms (FindLiveObjects: 0.716000 ms CreateObjectMapping: 0.199900 ms MarkObjects: 4.755700 ms  DeleteObjects: 0.606900 ms)

AssetImportParameters requested are different than current active one (requested -> active):
  custom:video-decoder-ogg-theora: a1e56fd34408186e4bbccfd4996cb3dc -> 
  custom:container-muxer-webm: aa71ff27fc2769a1b78a27578f13a17b -> 
  custom:container-demuxer-webm: 4f35f7cbe854078d1ac9338744f61a02 -> 
  custom:video-encoder-webm-vp8: eb34c28f22e8b96e1ab97ce403110664 -> 
  custom:audio-encoder-webm-vorbis: bf7c407c2cedff20999df2af8eb42d56 -> 
  custom:framework-win-MediaFoundation: 216162199b28c13a410421893ffa2e32 -> 
  custom:container-demuxer-ogg: 62fdf1f143b41e24485cea50d1cbac27 -> 
  custom:video-decoder-webm-vp8: 9c59270c3fd7afecdb556c50c9e8de78 -> 
  custom:audio-decoder-ogg-vorbis: bf7c407c2cedff20999df2af8eb42d56 -> 
========================================================================
Received Prepare
Registering precompiled user dll's ...
Registered in 0.016860 seconds.
Begin MonoManager ReloadAssembly
Symbol file LoadedFromMemory doesn't match image C:\Users\Joe\OneDrive\Documents\OnlyGodKnows\OGK Prototype\Library\PackageCache\com.unity.visualscripting@1.8.0\Editor\VisualScripting.Core\Dependencies\YamlDotNet\Unity.VisualScripting.YamlDotNet.dll
Symbol file LoadedFromMemory doesn't match image C:\Users\Joe\OneDrive\Documents\OnlyGodKnows\OGK Prototype\Library\PackageCache\com.unity.visualscripting@1.8.0\Editor\VisualScripting.Core\Dependencies\DotNetZip\Unity.VisualScripting.IonicZip.dll
Native extension for WindowsStandalone target not found
Refreshing native plugins compatible for Editor in 1.42 ms, found 3 plugins.
Preloading 0 native plugins for Editor in 0.00 ms.
Mono: successfully reloaded assembly
- Completed reload, in  3.066 seconds
Domain Reload Profiling:
	ReloadAssembly (3067ms)
		BeginReloadAssembly (528ms)
			ExecutionOrderSort (0ms)
			DisableScriptedObjects (7ms)
			BackupInstance (0ms)
			ReleaseScriptingObjects (0ms)
			CreateAndSetChildDomain (81ms)
		EndReloadAssembly (2314ms)
			LoadAssemblies (448ms)
			RebuildTransferFunctionScriptingTraits (0ms)
			SetupTypeCache (1014ms)
			ReleaseScriptCaches (3ms)
			RebuildScriptCaches (70ms)
			SetupLoadedEditorAssemblies (792ms)
				LogAssemblyErrors (0ms)
				InitializePlatformSupportModulesInManaged (22ms)
				SetLoadedEditorAssemblies (1ms)
				RefreshPlugins (2ms)
				BeforeProcessingInitializeOnLoad (161ms)
				ProcessInitializeOnLoadAttributes (463ms)
				ProcessInitializeOnLoadMethodAttributes (117ms)
				AfterProcessingInitializeOnLoad (27ms)
				EditorAssembliesLoaded (1ms)
			ExecutionOrderSort2 (0ms)
			AwakeInstancesAfterBackupRestoration (30ms)
Platform modules already initialized, skipping
Refreshing native plugins compatible for Editor in 5.25 ms, found 3 plugins.
Preloading 0 native plugins for Editor in 0.00 ms.
Unloading 5618 Unused Serialized files (Serialized files now loaded: 0)
Unloading 31 unused Assets / (0.8 MB). Loaded Objects now: 6488.
Memory consumption went from 229.0 MB to 228.2 MB.
Total: 9.003800 ms (FindLiveObjects: 1.149400 ms CreateObjectMapping: 0.722800 ms MarkObjects: 6.483100 ms  DeleteObjects: 0.646100 ms)

AssetImportParameters requested are different than current active one (requested -> active):
  custom:video-decoder-ogg-theora: a1e56fd34408186e4bbccfd4996cb3dc -> 
  custom:container-muxer-webm: aa71ff27fc2769a1b78a27578f13a17b -> 
  custom:container-demuxer-webm: 4f35f7cbe854078d1ac9338744f61a02 -> 
  custom:video-encoder-webm-vp8: eb34c28f22e8b96e1ab97ce403110664 -> 
  custom:audio-encoder-webm-vorbis: bf7c407c2cedff20999df2af8eb42d56 -> 
  custom:framework-win-MediaFoundation: 216162199b28c13a410421893ffa2e32 -> 
  custom:container-demuxer-ogg: 62fdf1f143b41e24485cea50d1cbac27 -> 
  custom:video-decoder-webm-vp8: 9c59270c3fd7afecdb556c50c9e8de78 -> 
  custom:audio-decoder-ogg-vorbis: bf7c407c2cedff20999df2af8eb42d56 -> 
