Using pre-set license
Built from '2021.3/release' branch; Version is '2021.3.17f1 (3e8111cac19d) revision 4096273'; Using compiler version '192829333'; Build Type 'Release'
OS: 'Windows 10  (10.0.19044) 64bit Core' Language: 'en' Physical Memory: 8144 MB
BatchMode: 1, IsHumanControllingUs: 0, StartBugReporterOnCrash: 0, Is64bit: 1, IsPro: 1

COMMAND LINE ARGUMENTS:
C:\Program Files\Unity\Hub\Editor\2021.3.17f1\Editor\Unity.exe
-adb2
-batchMode
-noUpm
-name
AssetImportWorker15
-projectPath
C:/Users/Joe/OneDrive/Documents/OnlyGodKnows/OGK Prototype
-logFile
Logs/AssetImportWorker15.log
-srvPort
55111
Successfully changed project path to: C:/Users/Joe/OneDrive/Documents/OnlyGodKnows/OGK Prototype
C:/Users/Joe/OneDrive/Documents/OnlyGodKnows/OGK Prototype
[UnityMemory] Configuration Parameters - Can be set up in boot.config
    "memorysetup-bucket-allocator-granularity=16"
    "memorysetup-bucket-allocator-bucket-count=8"
    "memorysetup-bucket-allocator-block-size=33554432"
    "memorysetup-bucket-allocator-block-count=8"
    "memorysetup-main-allocator-block-size=16777216"
    "memorysetup-thread-allocator-block-size=16777216"
    "memorysetup-gfx-main-allocator-block-size=16777216"
    "memorysetup-gfx-thread-allocator-block-size=16777216"
    "memorysetup-cache-allocator-block-size=4194304"
    "memorysetup-typetree-allocator-block-size=2097152"
    "memorysetup-profiler-bucket-allocator-granularity=16"
    "memorysetup-profiler-bucket-allocator-bucket-count=8"
    "memorysetup-profiler-bucket-allocator-block-size=33554432"
    "memorysetup-profiler-bucket-allocator-block-count=8"
    "memorysetup-profiler-allocator-block-size=16777216"
    "memorysetup-profiler-editor-allocator-block-size=1048576"
    "memorysetup-temp-allocator-size-main=16777216"
    "memorysetup-job-temp-allocator-block-size=2097152"
    "memorysetup-job-temp-allocator-block-size-background=1048576"
    "memorysetup-job-temp-allocator-reduction-small-platforms=262144"
    "memorysetup-temp-allocator-size-background-worker=32768"
    "memorysetup-temp-allocator-size-job-worker=262144"
    "memorysetup-temp-allocator-size-preload-manager=33554432"
    "memorysetup-temp-allocator-size-nav-mesh-worker=65536"
    "memorysetup-temp-allocator-size-audio-worker=65536"
    "memorysetup-temp-allocator-size-cloud-worker=32768"
    "memorysetup-temp-allocator-size-gi-baking-worker=262144"
    "memorysetup-temp-allocator-size-gfx=262144"
Player connection [12040] Host "[IP] 192.168.0.141 [Port] 0 [Flags] 2 [Guid] 3302684458 [EditorId] 3302684458 [Version] 1048832 [Id] WindowsEditor(7,DESKTOP-REOJTS5) [Debug] 1 [PackageName] WindowsEditor [ProjectName] Editor" joined multi-casting on [225.0.0.222:54997]...

Player connection [12040] Host "[IP] 192.168.0.141 [Port] 0 [Flags] 2 [Guid] 3302684458 [EditorId] 3302684458 [Version] 1048832 [Id] WindowsEditor(7,DESKTOP-REOJTS5) [Debug] 1 [PackageName] WindowsEditor [ProjectName] Editor" joined alternative multi-casting on [225.0.0.222:34997]...

Refreshing native plugins compatible for Editor in 165.04 ms, found 3 plugins.
Preloading 0 native plugins for Editor in 0.00 ms.
Initialize engine version: 2021.3.17f1 (3e8111cac19d)
[Subsystems] Discovering subsystems at path C:/Program Files/Unity/Hub/Editor/2021.3.17f1/Editor/Data/Resources/UnitySubsystems
[Subsystems] Discovering subsystems at path C:/Users/Joe/OneDrive/Documents/OnlyGodKnows/OGK Prototype/Assets
GfxDevice: creating device client; threaded=0; jobified=0
Direct3D:
    Version:  Direct3D 11.0 [level 11.1]
    Renderer: Radeon RX 580 Series (ID=0x67df)
    Vendor:   ATI
    VRAM:     4074 MB
    Driver:   31.0.12044.3
Initialize mono
Mono path[0] = 'C:/Program Files/Unity/Hub/Editor/2021.3.17f1/Editor/Data/Managed'
Mono path[1] = 'C:/Program Files/Unity/Hub/Editor/2021.3.17f1/Editor/Data/MonoBleedingEdge/lib/mono/unityjit-win32'
Mono config path = 'C:/Program Files/Unity/Hub/Editor/2021.3.17f1/Editor/Data/MonoBleedingEdge/etc'
Using monoOptions --debugger-agent=transport=dt_socket,embedding=1,server=y,suspend=n,address=127.0.0.1:56208
Begin MonoManager ReloadAssembly
Registering precompiled unity dll's ...
Register platform support module: C:/Program Files/Unity/Hub/Editor/2021.3.17f1/Editor/Data/PlaybackEngines/WindowsStandaloneSupport/UnityEditor.WindowsStandalone.Extensions.dll
Registered in 0.016305 seconds.
Native extension for WindowsStandalone target not found
Refreshing native plugins compatible for Editor in 177.96 ms, found 3 plugins.
Preloading 0 native plugins for Editor in 0.00 ms.
Mono: successfully reloaded assembly
- Completed reload, in  1.060 seconds
Domain Reload Profiling:
	ReloadAssembly (1061ms)
		BeginReloadAssembly (103ms)
			ExecutionOrderSort (0ms)
			DisableScriptedObjects (0ms)
			BackupInstance (0ms)
			ReleaseScriptingObjects (0ms)
			CreateAndSetChildDomain (1ms)
		EndReloadAssembly (769ms)
			LoadAssemblies (99ms)
			RebuildTransferFunctionScriptingTraits (0ms)
			SetupTypeCache (157ms)
			ReleaseScriptCaches (0ms)
			RebuildScriptCaches (33ms)
			SetupLoadedEditorAssemblies (500ms)
				LogAssemblyErrors (0ms)
				InitializePlatformSupportModulesInManaged (13ms)
				SetLoadedEditorAssemblies (0ms)
				RefreshPlugins (178ms)
				BeforeProcessingInitializeOnLoad (2ms)
				ProcessInitializeOnLoadAttributes (229ms)
				ProcessInitializeOnLoadMethodAttributes (78ms)
				AfterProcessingInitializeOnLoad (0ms)
				EditorAssembliesLoaded (0ms)
			ExecutionOrderSort2 (0ms)
			AwakeInstancesAfterBackupRestoration (0ms)
Platform modules already initialized, skipping
Registering precompiled user dll's ...
Registered in 0.021606 seconds.
Begin MonoManager ReloadAssembly
Symbol file LoadedFromMemory doesn't match image C:\Users\Joe\OneDrive\Documents\OnlyGodKnows\OGK Prototype\Library\PackageCache\com.unity.visualscripting@1.8.0\Editor\VisualScripting.Core\Dependencies\YamlDotNet\Unity.VisualScripting.YamlDotNet.dll
Symbol file LoadedFromMemory doesn't match image C:\Users\Joe\OneDrive\Documents\OnlyGodKnows\OGK Prototype\Library\PackageCache\com.unity.visualscripting@1.8.0\Editor\VisualScripting.Core\Dependencies\DotNetZip\Unity.VisualScripting.IonicZip.dll
Native extension for WindowsStandalone target not found
Refreshing native plugins compatible for Editor in 184.60 ms, found 3 plugins.
Preloading 0 native plugins for Editor in 0.00 ms.
Mono: successfully reloaded assembly
- Completed reload, in  2.255 seconds
Domain Reload Profiling:
	ReloadAssembly (2256ms)
		BeginReloadAssembly (170ms)
			ExecutionOrderSort (0ms)
			DisableScriptedObjects (7ms)
			BackupInstance (0ms)
			ReleaseScriptingObjects (0ms)
			CreateAndSetChildDomain (30ms)
		EndReloadAssembly (1883ms)
			LoadAssemblies (169ms)
			RebuildTransferFunctionScriptingTraits (0ms)
			SetupTypeCache (437ms)
			ReleaseScriptCaches (1ms)
			RebuildScriptCaches (94ms)
			SetupLoadedEditorAssemblies (1117ms)
				LogAssemblyErrors (0ms)
				InitializePlatformSupportModulesInManaged (10ms)
				SetLoadedEditorAssemblies (0ms)
				RefreshPlugins (185ms)
				BeforeProcessingInitializeOnLoad (202ms)
				ProcessInitializeOnLoadAttributes (475ms)
				ProcessInitializeOnLoadMethodAttributes (223ms)
				AfterProcessingInitializeOnLoad (22ms)
				EditorAssembliesLoaded (0ms)
			ExecutionOrderSort2 (0ms)
			AwakeInstancesAfterBackupRestoration (12ms)
Platform modules already initialized, skipping
========================================================================
Worker process is ready to serve import requests
Launched and connected shader compiler UnityShaderCompiler.exe after 0.29 seconds
Refreshing native plugins compatible for Editor in 1.24 ms, found 3 plugins.
Preloading 0 native plugins for Editor in 0.00 ms.
Unloading 5763 Unused Serialized files (Serialized files now loaded: 0)
Unloading 52 unused Assets / (0.8 MB). Loaded Objects now: 6217.
Memory consumption went from 229.1 MB to 228.3 MB.
Total: 6.299600 ms (FindLiveObjects: 0.775000 ms CreateObjectMapping: 0.194200 ms MarkObjects: 4.864200 ms  DeleteObjects: 0.464700 ms)

AssetImportParameters requested are different than current active one (requested -> active):
  custom:video-decoder-ogg-theora: a1e56fd34408186e4bbccfd4996cb3dc -> 
  custom:container-muxer-webm: aa71ff27fc2769a1b78a27578f13a17b -> 
  custom:container-demuxer-webm: 4f35f7cbe854078d1ac9338744f61a02 -> 
  custom:video-encoder-webm-vp8: eb34c28f22e8b96e1ab97ce403110664 -> 
  custom:audio-encoder-webm-vorbis: bf7c407c2cedff20999df2af8eb42d56 -> 
  custom:framework-win-MediaFoundation: 216162199b28c13a410421893ffa2e32 -> 
  custom:container-demuxer-ogg: 62fdf1f143b41e24485cea50d1cbac27 -> 
  custom:video-decoder-webm-vp8: 9c59270c3fd7afecdb556c50c9e8de78 -> 
  custom:audio-decoder-ogg-vorbis: bf7c407c2cedff20999df2af8eb42d56 -> 
========================================================================
Received Import Request.
  Time since last request: 191372.201196 seconds.
  path: Assets/3D Objects/WindyRoadSign.fbx
  artifactKey: Guid(d43d5ab07cc41c640a0255f1727be171) Importer(815301076,1909f56bfc062723c751e8b465ee728b)
Start importing Assets/3D Objects/WindyRoadSign.fbx using Guid(d43d5ab07cc41c640a0255f1727be171) Importer(815301076,1909f56bfc062723c751e8b465ee728b)  -> (artifact id: '4cb327afc648e6f50c5da1bb24697fa5') in 0.981058 seconds 
========================================================================
Received Import Request.
  Time since last request: 0.000073 seconds.
  path: Assets/3D Objects/GuardRailPost.fbx
  artifactKey: Guid(eabe12b492e9a6b4a97d6b8d43697c9d) Importer(815301076,1909f56bfc062723c751e8b465ee728b)
Start importing Assets/3D Objects/GuardRailPost.fbx using Guid(eabe12b492e9a6b4a97d6b8d43697c9d) Importer(815301076,1909f56bfc062723c751e8b465ee728b)  -> (artifact id: 'f2510b63b66adca32705ba97d5872e73') in 0.089875 seconds 
========================================================================
Received Import Request.
  Time since last request: 276.742198 seconds.
  path: Assets/Textures/SpeedLimitSign-min.jpg
  artifactKey: Guid(aacb6309f4594b74fa01f634226cf7d3) Importer(815301076,1909f56bfc062723c751e8b465ee728b)
Start importing Assets/Textures/SpeedLimitSign-min.jpg using Guid(aacb6309f4594b74fa01f634226cf7d3) Importer(815301076,1909f56bfc062723c751e8b465ee728b)  -> (artifact id: 'c92f19e3eb28cb385d6f4c8bd7176040') in 0.128307 seconds 
========================================================================
Received Import Request.
  Time since last request: 0.000057 seconds.
  path: Assets/Textures/WindyRoadSign2.PNG
  artifactKey: Guid(5f8deb1239e46434695daeae28b3bed3) Importer(815301076,1909f56bfc062723c751e8b465ee728b)
Start importing Assets/Textures/WindyRoadSign2.PNG using Guid(5f8deb1239e46434695daeae28b3bed3) Importer(815301076,1909f56bfc062723c751e8b465ee728b)  -> (artifact id: '773e3e1fae877c26d64949652895772d') in 0.019025 seconds 
========================================================================
Received Import Request.
  Time since last request: 25.214543 seconds.
  path: Assets/3D Objects/SpeedLimitSign.fbx
  artifactKey: Guid(a7b4fbd4b5bb16247b78cdaa457eff9d) Importer(815301076,1909f56bfc062723c751e8b465ee728b)
Start importing Assets/3D Objects/SpeedLimitSign.fbx using Guid(a7b4fbd4b5bb16247b78cdaa457eff9d) Importer(815301076,1909f56bfc062723c751e8b465ee728b)  -> (artifact id: '71961739a59079399a2eceb3811535c9') in 0.104858 seconds 
========================================================================
Received Import Request.
  Time since last request: 0.127795 seconds.
  path: Assets/3D Objects/WindyRoadSign.fbx
  artifactKey: Guid(d43d5ab07cc41c640a0255f1727be171) Importer(815301076,1909f56bfc062723c751e8b465ee728b)
Start importing Assets/3D Objects/WindyRoadSign.fbx using Guid(d43d5ab07cc41c640a0255f1727be171) Importer(815301076,1909f56bfc062723c751e8b465ee728b)  -> (artifact id: 'cd7c26fe77667924ba51fcb3fe68f047') in 0.089680 seconds 
========================================================================
Received Import Request.
  Time since last request: 191.860210 seconds.
  path: Assets/3D Objects/Bushes
  artifactKey: Guid(f3d2193c91fe7f244adf8e796f59bb3c) Importer(815301076,1909f56bfc062723c751e8b465ee728b)
Start importing Assets/3D Objects/Bushes using Guid(f3d2193c91fe7f244adf8e796f59bb3c) Importer(815301076,1909f56bfc062723c751e8b465ee728b)  -> (artifact id: 'b4070537e7064f1f976301bb50fada5b') in 0.014821 seconds 
========================================================================
Received Import Request.
  Time since last request: 0.041611 seconds.
  path: Assets/3D Objects/Bushes/bush1 1.mat
  artifactKey: Guid(6c64da6044a8de74ebd0a7f7531cdae7) Importer(815301076,1909f56bfc062723c751e8b465ee728b)
Start importing Assets/3D Objects/Bushes/bush1 1.mat using Guid(6c64da6044a8de74ebd0a7f7531cdae7) Importer(815301076,1909f56bfc062723c751e8b465ee728b)  -> (artifact id: 'bba3179cb3340d33bd457428f7450905') in 0.097279 seconds 
========================================================================
Received Import Request.
  Time since last request: 0.000038 seconds.
  path: Assets/3D Objects/Bushes/bush2.mat
  artifactKey: Guid(365745143384b004db714f386d9eaebf) Importer(815301076,1909f56bfc062723c751e8b465ee728b)
Start importing Assets/3D Objects/Bushes/bush2.mat using Guid(365745143384b004db714f386d9eaebf) Importer(815301076,1909f56bfc062723c751e8b465ee728b)  -> (artifact id: '5314648e024b63e35e5c6ae2a01c050f') in 0.120047 seconds 
========================================================================
Received Import Request.
  Time since last request: 0.000046 seconds.
  path: Assets/3D Objects/Bushes/bush2_spring2.png
  artifactKey: Guid(9209d2910f9884d4f83347fe7d774afc) Importer(815301076,1909f56bfc062723c751e8b465ee728b)
Start importing Assets/3D Objects/Bushes/bush2_spring2.png using Guid(9209d2910f9884d4f83347fe7d774afc) Importer(815301076,1909f56bfc062723c751e8b465ee728b)  -> (artifact id: 'e18491bb0f8e4d4be6fc3cccadc82065') in 0.265020 seconds 
========================================================================
Received Import Request.
  Time since last request: 0.000057 seconds.
  path: Assets/3D Objects/Bushes/bush4_spring4.png
  artifactKey: Guid(daf0e369d2648d34393277d26cd96526) Importer(815301076,1909f56bfc062723c751e8b465ee728b)
Start importing Assets/3D Objects/Bushes/bush4_spring4.png using Guid(daf0e369d2648d34393277d26cd96526) Importer(815301076,1909f56bfc062723c751e8b465ee728b)  -> (artifact id: '61e7be804a02970688c2b5e68eafc26c') in 0.181577 seconds 
========================================================================
Received Import Request.
  Time since last request: 0.000059 seconds.
  path: Assets/3D Objects/Bushes/bush5_summer.png
  artifactKey: Guid(b153c56ab55d45443a520d35fe30ef78) Importer(815301076,1909f56bfc062723c751e8b465ee728b)
Start importing Assets/3D Objects/Bushes/bush5_summer.png using Guid(b153c56ab55d45443a520d35fe30ef78) Importer(815301076,1909f56bfc062723c751e8b465ee728b)  -> (artifact id: '487ae312d9335406510bed1f3f59fb6f') in 0.093608 seconds 
========================================================================
Received Import Request.
  Time since last request: 0.000029 seconds.
  path: Assets/3D Objects/Bushes/bush2_spring1 1.png
  artifactKey: Guid(314dd1d0b579e2441b8d1fdf4e90ddc5) Importer(815301076,1909f56bfc062723c751e8b465ee728b)
Start importing Assets/3D Objects/Bushes/bush2_spring1 1.png using Guid(314dd1d0b579e2441b8d1fdf4e90ddc5) Importer(815301076,1909f56bfc062723c751e8b465ee728b)  -> (artifact id: 'c3baf10d156b048e70cf3033da6cd2af') in 0.259951 seconds 
========================================================================
Received Import Request.
  Time since last request: 0.000034 seconds.
  path: Assets/3D Objects/Bushes/bush5_spring3.png
  artifactKey: Guid(4bc72c8bb40d6bc4bbcc17cf277806a1) Importer(815301076,1909f56bfc062723c751e8b465ee728b)
Start importing Assets/3D Objects/Bushes/bush5_spring3.png using Guid(4bc72c8bb40d6bc4bbcc17cf277806a1) Importer(815301076,1909f56bfc062723c751e8b465ee728b)  -> (artifact id: '874621f54f25c96710d5fafba82b42f7') in 0.123885 seconds 
========================================================================
Received Import Request.
  Time since last request: 0.000059 seconds.
  path: Assets/3D Objects/Bushes/bush7_summer.png
  artifactKey: Guid(1c337de08d1d1fd4eb8b11a276f2acf1) Importer(815301076,1909f56bfc062723c751e8b465ee728b)
Start importing Assets/3D Objects/Bushes/bush7_summer.png using Guid(1c337de08d1d1fd4eb8b11a276f2acf1) Importer(815301076,1909f56bfc062723c751e8b465ee728b)  -> (artifact id: 'ddb8425bc3369fe2de4e240691d3b8b9') in 0.051709 seconds 
========================================================================
Received Import Request.
  Time since last request: 0.000044 seconds.
  path: Assets/3D Objects/Bushes/bush3_summer.png
  artifactKey: Guid(4f4dc877d4208644690204d440cf3361) Importer(815301076,1909f56bfc062723c751e8b465ee728b)
Start importing Assets/3D Objects/Bushes/bush3_summer.png using Guid(4f4dc877d4208644690204d440cf3361) Importer(815301076,1909f56bfc062723c751e8b465ee728b)  -> (artifact id: '982d1c68b5c8745ba66e2ce9551b9e0c') in 0.048452 seconds 
========================================================================
Received Import Request.
  Time since last request: 0.000050 seconds.
  path: Assets/3D Objects/Bushes/bush5_spring4.png
  artifactKey: Guid(3734b3605e6ad5341880a987dd1cb497) Importer(815301076,1909f56bfc062723c751e8b465ee728b)
Start importing Assets/3D Objects/Bushes/bush5_spring4.png using Guid(3734b3605e6ad5341880a987dd1cb497) Importer(815301076,1909f56bfc062723c751e8b465ee728b)  -> (artifact id: 'fe2b48813bf68d33f7dd81365e1e08da') in 0.095050 seconds 
========================================================================
Received Import Request.
  Time since last request: 0.000048 seconds.
  path: Assets/3D Objects/Bushes/bush6_spring5.png
  artifactKey: Guid(c83a0420109c95b4994ffd6bff10eaeb) Importer(815301076,1909f56bfc062723c751e8b465ee728b)
Start importing Assets/3D Objects/Bushes/bush6_spring5.png using Guid(c83a0420109c95b4994ffd6bff10eaeb) Importer(815301076,1909f56bfc062723c751e8b465ee728b)  -> (artifact id: '004927e4085f4ed6c5bcf0dc7733577f') in 0.056862 seconds 
========================================================================
Received Import Request.
  Time since last request: 0.000044 seconds.
  path: Assets/3D Objects/Bushes/bush2_spring3.png
  artifactKey: Guid(4478fcffb8dde2744b93637e047a7852) Importer(815301076,1909f56bfc062723c751e8b465ee728b)
Start importing Assets/3D Objects/Bushes/bush2_spring3.png using Guid(4478fcffb8dde2744b93637e047a7852) Importer(815301076,1909f56bfc062723c751e8b465ee728b)  -> (artifact id: '7a011eb6939f641117a268e87a8cf62b') in 0.106979 seconds 
========================================================================
Received Import Request.
  Time since last request: 0.000058 seconds.
  path: Assets/3D Objects/Bushes/bush4_spring1.png
  artifactKey: Guid(2bcfe577fc88b82448f4d0c814af01da) Importer(815301076,1909f56bfc062723c751e8b465ee728b)
Start importing Assets/3D Objects/Bushes/bush4_spring1.png using Guid(2bcfe577fc88b82448f4d0c814af01da) Importer(815301076,1909f56bfc062723c751e8b465ee728b)  -> (artifact id: '19f58ca0c48c19519ae81bd567060ee5') in 0.116894 seconds 
========================================================================
Received Import Request.
  Time since last request: 0.000051 seconds.
  path: Assets/3D Objects/Bushes/bush6_spring2.png
  artifactKey: Guid(f41301eda37e82848a9467f3abc52fee) Importer(815301076,1909f56bfc062723c751e8b465ee728b)
Start importing Assets/3D Objects/Bushes/bush6_spring2.png using Guid(f41301eda37e82848a9467f3abc52fee) Importer(815301076,1909f56bfc062723c751e8b465ee728b)  -> (artifact id: 'f10382f7187ffcb0be55664faefd5eba') in 0.066536 seconds 
========================================================================
Received Import Request.
  Time since last request: 0.000036 seconds.
  path: Assets/3D Objects/Bushes/bush6_spring1.png
  artifactKey: Guid(828c9023fc4dfb4489742825b0fe5bc4) Importer(815301076,1909f56bfc062723c751e8b465ee728b)
Start importing Assets/3D Objects/Bushes/bush6_spring1.png using Guid(828c9023fc4dfb4489742825b0fe5bc4) Importer(815301076,1909f56bfc062723c751e8b465ee728b)  -> (artifact id: '28fbbe27c07b9c5a1b5804dd3762faa5') in 0.090432 seconds 
========================================================================
Received Import Request.
  Time since last request: 0.000068 seconds.
  path: Assets/3D Objects/Bushes/bush3.mat
  artifactKey: Guid(7f4508550d85fca4b9beaf410d8b3daa) Importer(815301076,1909f56bfc062723c751e8b465ee728b)
Start importing Assets/3D Objects/Bushes/bush3.mat using Guid(7f4508550d85fca4b9beaf410d8b3daa) Importer(815301076,1909f56bfc062723c751e8b465ee728b)  -> (artifact id: 'e7dc8f909607d18ec2595771af4449b6') in 0.056412 seconds 
========================================================================
Received Import Request.
  Time since last request: 0.000051 seconds.
  path: Assets/3D Objects/Bushes/bush6_spring6.png
  artifactKey: Guid(8c1cf36884dfc604595e12f8449086f2) Importer(815301076,1909f56bfc062723c751e8b465ee728b)
Start importing Assets/3D Objects/Bushes/bush6_spring6.png using Guid(8c1cf36884dfc604595e12f8449086f2) Importer(815301076,1909f56bfc062723c751e8b465ee728b)  -> (artifact id: 'b6a300901d845e7bd7a845769aeaec74') in 0.065245 seconds 
========================================================================
Received Import Request.
  Time since last request: 0.000044 seconds.
  path: Assets/3D Objects/Bushes/bush7_winter.png
  artifactKey: Guid(83a24ca6ff2759b428e2a15bbdf7fc75) Importer(815301076,1909f56bfc062723c751e8b465ee728b)
Start importing Assets/3D Objects/Bushes/bush7_winter.png using Guid(83a24ca6ff2759b428e2a15bbdf7fc75) Importer(815301076,1909f56bfc062723c751e8b465ee728b)  -> (artifact id: '7b70ac93e0f33cdd947694642f8fe57a') in 0.055601 seconds 
========================================================================
Received Import Request.
  Time since last request: 0.000034 seconds.
  path: Assets/3D Objects/Bushes/bush8_fall.png
  artifactKey: Guid(5f54351e49034554c98ec5cb9c299f6c) Importer(815301076,1909f56bfc062723c751e8b465ee728b)
Start importing Assets/3D Objects/Bushes/bush8_fall.png using Guid(5f54351e49034554c98ec5cb9c299f6c) Importer(815301076,1909f56bfc062723c751e8b465ee728b)  -> (artifact id: '331b1070ef9af79f0d21df134f2a54c2') in 0.073086 seconds 
========================================================================
Received Import Request.
  Time since last request: 0.000044 seconds.
  path: Assets/3D Objects/Bushes/bush3_spring3.png
  artifactKey: Guid(e67df0a42f4e29d40b993cfcd4027f9b) Importer(815301076,1909f56bfc062723c751e8b465ee728b)
Start importing Assets/3D Objects/Bushes/bush3_spring3.png using Guid(e67df0a42f4e29d40b993cfcd4027f9b) Importer(815301076,1909f56bfc062723c751e8b465ee728b)  -> (artifact id: 'c662a047f889754957cc2113e8f7df19') in 0.065539 seconds 
========================================================================
Received Import Request.
  Time since last request: 0.000072 seconds.
  path: Assets/3D Objects/Bushes/bush5_spring6.png
  artifactKey: Guid(7f42a713e40aaa24da5c910b1bcf8ae3) Importer(815301076,1909f56bfc062723c751e8b465ee728b)
Start importing Assets/3D Objects/Bushes/bush5_spring6.png using Guid(7f42a713e40aaa24da5c910b1bcf8ae3) Importer(815301076,1909f56bfc062723c751e8b465ee728b)  -> (artifact id: '3fe35feac485d31b909bec32c167e79c') in 0.048829 seconds 
========================================================================
Received Import Request.
  Time since last request: 0.000043 seconds.
  path: Assets/3D Objects/Bushes/bush5_spring5.png
  artifactKey: Guid(7fdc1fa16ddcc0b45a792820207e9a74) Importer(815301076,1909f56bfc062723c751e8b465ee728b)
Start importing Assets/3D Objects/Bushes/bush5_spring5.png using Guid(7fdc1fa16ddcc0b45a792820207e9a74) Importer(815301076,1909f56bfc062723c751e8b465ee728b)  -> (artifact id: '9696b3c9e2c1516780d409a10d690822') in 0.039060 seconds 
========================================================================
Received Import Request.
  Time since last request: 0.000030 seconds.
  path: Assets/3D Objects/Bushes/bush4_spring2.png
  artifactKey: Guid(163f1bf5b1dd17b4385961ccf24905b6) Importer(815301076,1909f56bfc062723c751e8b465ee728b)
Start importing Assets/3D Objects/Bushes/bush4_spring2.png using Guid(163f1bf5b1dd17b4385961ccf24905b6) Importer(815301076,1909f56bfc062723c751e8b465ee728b)  -> (artifact id: 'b869b67477ae2361cf3deb21905b1db5') in 0.115389 seconds 
========================================================================
Received Import Request.
  Time since last request: 0.000048 seconds.
  path: Assets/3D Objects/Bushes/bush7_spring.png
  artifactKey: Guid(432b2a88eddea004eb25a92f3c41ae4f) Importer(815301076,1909f56bfc062723c751e8b465ee728b)
Start importing Assets/3D Objects/Bushes/bush7_spring.png using Guid(432b2a88eddea004eb25a92f3c41ae4f) Importer(815301076,1909f56bfc062723c751e8b465ee728b)  -> (artifact id: 'ed7a48322d294ae455ce37672703b30a') in 0.089475 seconds 
========================================================================
Received Import Request.
  Time since last request: 0.000050 seconds.
  path: Assets/3D Objects/Bushes/bush4_summer.png
  artifactKey: Guid(4ce39eeb36350644ab28f7dd7808a246) Importer(815301076,1909f56bfc062723c751e8b465ee728b)
Start importing Assets/3D Objects/Bushes/bush4_summer.png using Guid(4ce39eeb36350644ab28f7dd7808a246) Importer(815301076,1909f56bfc062723c751e8b465ee728b)  -> (artifact id: 'ae36d619c230ce9e638a6feeeccc1338') in 0.124796 seconds 
========================================================================
Received Import Request.
  Time since last request: 0.000057 seconds.
  path: Assets/3D Objects/Bushes/bush3_spring5.png
  artifactKey: Guid(1604cc318186e3c4ba7af6a65026e49b) Importer(815301076,1909f56bfc062723c751e8b465ee728b)
Start importing Assets/3D Objects/Bushes/bush3_spring5.png using Guid(1604cc318186e3c4ba7af6a65026e49b) Importer(815301076,1909f56bfc062723c751e8b465ee728b)  -> (artifact id: 'c57d497cafef8a46952141811183f0aa') in 0.167748 seconds 
========================================================================
Received Import Request.
  Time since last request: 101.158093 seconds.
  path: Assets/3D Objects/Trees/tree35.png
  artifactKey: Guid(d0ef8b67e0850d84caca3d5c6fc1ec02) Importer(815301076,1909f56bfc062723c751e8b465ee728b)
Start importing Assets/3D Objects/Trees/tree35.png using Guid(d0ef8b67e0850d84caca3d5c6fc1ec02) Importer(815301076,1909f56bfc062723c751e8b465ee728b)  -> (artifact id: '3dfabf0ddc0c54bec5e78088cbaa41f1') in 0.097930 seconds 
========================================================================
Received Prepare
Registering precompiled user dll's ...
Registered in 0.017141 seconds.
Begin MonoManager ReloadAssembly
Symbol file LoadedFromMemory doesn't match image C:\Users\Joe\OneDrive\Documents\OnlyGodKnows\OGK Prototype\Library\PackageCache\com.unity.visualscripting@1.8.0\Editor\VisualScripting.Core\Dependencies\YamlDotNet\Unity.VisualScripting.YamlDotNet.dll
Symbol file LoadedFromMemory doesn't match image C:\Users\Joe\OneDrive\Documents\OnlyGodKnows\OGK Prototype\Library\PackageCache\com.unity.visualscripting@1.8.0\Editor\VisualScripting.Core\Dependencies\DotNetZip\Unity.VisualScripting.IonicZip.dll
Native extension for WindowsStandalone target not found
Refreshing native plugins compatible for Editor in 2.01 ms, found 3 plugins.
Preloading 0 native plugins for Editor in 0.00 ms.
Mono: successfully reloaded assembly
- Completed reload, in  2.139 seconds
Domain Reload Profiling:
	ReloadAssembly (2140ms)
		BeginReloadAssembly (259ms)
			ExecutionOrderSort (0ms)
			DisableScriptedObjects (11ms)
			BackupInstance (0ms)
			ReleaseScriptingObjects (0ms)
			CreateAndSetChildDomain (79ms)
		EndReloadAssembly (1726ms)
			LoadAssemblies (185ms)
			RebuildTransferFunctionScriptingTraits (0ms)
			SetupTypeCache (463ms)
			ReleaseScriptCaches (3ms)
			RebuildScriptCaches (72ms)
			SetupLoadedEditorAssemblies (756ms)
				LogAssemblyErrors (0ms)
				InitializePlatformSupportModulesInManaged (22ms)
				SetLoadedEditorAssemblies (1ms)
				RefreshPlugins (2ms)
				BeforeProcessingInitializeOnLoad (157ms)
				ProcessInitializeOnLoadAttributes (437ms)
				ProcessInitializeOnLoadMethodAttributes (115ms)
				AfterProcessingInitializeOnLoad (22ms)
				EditorAssembliesLoaded (0ms)
			ExecutionOrderSort2 (0ms)
			AwakeInstancesAfterBackupRestoration (19ms)
Platform modules already initialized, skipping
Refreshing native plugins compatible for Editor in 7.88 ms, found 3 plugins.
Preloading 0 native plugins for Editor in 0.00 ms.
Unloading 5617 Unused Serialized files (Serialized files now loaded: 0)
Unloading 31 unused Assets / (0.8 MB). Loaded Objects now: 6329.
Memory consumption went from 228.8 MB to 228.0 MB.
Total: 5.647700 ms (FindLiveObjects: 0.722000 ms CreateObjectMapping: 0.204800 ms MarkObjects: 4.309600 ms  DeleteObjects: 0.409900 ms)

AssetImportParameters requested are different than current active one (requested -> active):
  custom:video-decoder-ogg-theora: a1e56fd34408186e4bbccfd4996cb3dc -> 
  custom:container-muxer-webm: aa71ff27fc2769a1b78a27578f13a17b -> 
  custom:container-demuxer-webm: 4f35f7cbe854078d1ac9338744f61a02 -> 
  custom:video-encoder-webm-vp8: eb34c28f22e8b96e1ab97ce403110664 -> 
  custom:audio-encoder-webm-vorbis: bf7c407c2cedff20999df2af8eb42d56 -> 
  custom:framework-win-MediaFoundation: 216162199b28c13a410421893ffa2e32 -> 
  custom:container-demuxer-ogg: 62fdf1f143b41e24485cea50d1cbac27 -> 
  custom:video-decoder-webm-vp8: 9c59270c3fd7afecdb556c50c9e8de78 -> 
  custom:audio-decoder-ogg-vorbis: bf7c407c2cedff20999df2af8eb42d56 -> 
========================================================================
Received Import Request.
  Time since last request: 205.213647 seconds.
  path: Assets/Materials/1875-IMG-1AB-new.mat
  artifactKey: Guid(564955ecdbae88942945fa1990b0549e) Importer(815301076,1909f56bfc062723c751e8b465ee728b)
Start importing Assets/Materials/1875-IMG-1AB-new.mat using Guid(564955ecdbae88942945fa1990b0549e) Importer(815301076,1909f56bfc062723c751e8b465ee728b)  -> (artifact id: 'd459076d74ed74a6fcdd6279d30a81c5') in 0.929774 seconds 
========================================================================
Received Import Request.
  Time since last request: 0.000040 seconds.
  path: Assets/Materials/ShagCarpetBeige.mat
  artifactKey: Guid(aa38d572f5488ad43aa46b9ca2e94d35) Importer(815301076,1909f56bfc062723c751e8b465ee728b)
Start importing Assets/Materials/ShagCarpetBeige.mat using Guid(aa38d572f5488ad43aa46b9ca2e94d35) Importer(815301076,1909f56bfc062723c751e8b465ee728b)  -> (artifact id: 'c1e944da5f725edebe492a500a7d3661') in 0.176317 seconds 
========================================================================
Received Import Request.
  Time since last request: 0.000051 seconds.
  path: Assets/Materials/fence-21451.mat
  artifactKey: Guid(b1caa68d2f0f95842984fab6b6c51126) Importer(815301076,1909f56bfc062723c751e8b465ee728b)
Start importing Assets/Materials/fence-21451.mat using Guid(b1caa68d2f0f95842984fab6b6c51126) Importer(815301076,1909f56bfc062723c751e8b465ee728b)  -> (artifact id: '1e86460cd5e4f481757d65ee9ba91a12') in 0.095621 seconds 
========================================================================
Received Import Request.
  Time since last request: 0.000033 seconds.
  path: Assets/Materials/fence-21453.mat
  artifactKey: Guid(144a1ed1180f3b64289ff205e506f582) Importer(815301076,1909f56bfc062723c751e8b465ee728b)
Start importing Assets/Materials/fence-21453.mat using Guid(144a1ed1180f3b64289ff205e506f582) Importer(815301076,1909f56bfc062723c751e8b465ee728b)  -> (artifact id: '70234446b2ca3ba56bcfe87888dcbd14') in 0.129635 seconds 
========================================================================
Received Import Request.
  Time since last request: 0.000032 seconds.
  path: Assets/Materials/GoldenMetal.mat
  artifactKey: Guid(a9cb686b3e3d6d14aaf7383aba3a44e0) Importer(815301076,1909f56bfc062723c751e8b465ee728b)
Start importing Assets/Materials/GoldenMetal.mat using Guid(a9cb686b3e3d6d14aaf7383aba3a44e0) Importer(815301076,1909f56bfc062723c751e8b465ee728b)  -> (artifact id: 'a9ebe9dfb7cdea378c34af633cf83d6a') in 0.148232 seconds 
========================================================================
Received Import Request.
  Time since last request: 0.000055 seconds.
  path: Assets/Materials/Enemy Material.mat
  artifactKey: Guid(615101b8aea33b84caf5beeea4bbc84f) Importer(815301076,1909f56bfc062723c751e8b465ee728b)
Start importing Assets/Materials/Enemy Material.mat using Guid(615101b8aea33b84caf5beeea4bbc84f) Importer(815301076,1909f56bfc062723c751e8b465ee728b)  -> (artifact id: 'd38490632f2a62c170c6ca567c99c784') in 0.304029 seconds 
========================================================================
Received Import Request.
  Time since last request: 0.000029 seconds.
  path: Assets/Materials/WoodBark.mat
  artifactKey: Guid(c37970817b9a7024b9c7d2086acf268b) Importer(815301076,1909f56bfc062723c751e8b465ee728b)
Start importing Assets/Materials/WoodBark.mat using Guid(c37970817b9a7024b9c7d2086acf268b) Importer(815301076,1909f56bfc062723c751e8b465ee728b)  -> (artifact id: '184fb1766da65b5b6f5bb78c04d70999') in 0.209804 seconds 
========================================================================
Received Import Request.
  Time since last request: 0.000054 seconds.
  path: Assets/Materials/GrassTiled3.mat
  artifactKey: Guid(e594a4b1c38e0b04b9397a7f23511fb0) Importer(815301076,1909f56bfc062723c751e8b465ee728b)
Start importing Assets/Materials/GrassTiled3.mat using Guid(e594a4b1c38e0b04b9397a7f23511fb0) Importer(815301076,1909f56bfc062723c751e8b465ee728b)  -> (artifact id: '29422f07c5458563e0bdc4a2c44b9e28') in 0.157130 seconds 
========================================================================
Received Import Request.
  Time since last request: 0.000037 seconds.
  path: Assets/Materials/PewWood.mat
  artifactKey: Guid(cfd58cfbff9f4eb4e8a31d5ecc75e171) Importer(815301076,1909f56bfc062723c751e8b465ee728b)
Start importing Assets/Materials/PewWood.mat using Guid(cfd58cfbff9f4eb4e8a31d5ecc75e171) Importer(815301076,1909f56bfc062723c751e8b465ee728b)  -> (artifact id: '349466839dfc54e7c8d78d991be2e49c') in 0.328689 seconds 
========================================================================
Received Import Request.
  Time since last request: 0.000038 seconds.
  path: Assets/Materials/TunnelWallsLowerRes.mat
  artifactKey: Guid(78bb199b36583f345b36f4346e2eea81) Importer(815301076,1909f56bfc062723c751e8b465ee728b)
Start importing Assets/Materials/TunnelWallsLowerRes.mat using Guid(78bb199b36583f345b36f4346e2eea81) Importer(815301076,1909f56bfc062723c751e8b465ee728b)  -> (artifact id: '2f028049dd02be71f5aeb2a6f09cd840') in 1.061652 seconds 
Editor requested this worker to shutdown with reason: Scaling down because of idle timeout
AssetImportWorker is now disconnected from the server
Process exiting
Exiting without the bug reporter. Application will terminate with return code 0