Using pre-set license
Built from '2021.3/release' branch; Version is '2021.3.17f1 (3e8111cac19d) revision 4096273'; Using compiler version '192829333'; Build Type 'Release'
OS: 'Windows 10  (10.0.19044) 64bit Core' Language: 'en' Physical Memory: 8144 MB
BatchMode: 1, IsHumanControllingUs: 0, StartBugReporterOnCrash: 0, Is64bit: 1, IsPro: 1

COMMAND LINE ARGUMENTS:
C:\Program Files\Unity\Hub\Editor\2021.3.17f1\Editor\Unity.exe
-adb2
-batchMode
-noUpm
-name
AssetImportWorker5
-projectPath
C:/Users/Joe/OneDrive/Documents/OnlyGodKnows/OGK Prototype
-logFile
Logs/AssetImportWorker5.log
-srvPort
49476
Successfully changed project path to: C:/Users/Joe/OneDrive/Documents/OnlyGodKnows/OGK Prototype
C:/Users/Joe/OneDrive/Documents/OnlyGodKnows/OGK Prototype
[UnityMemory] Configuration Parameters - Can be set up in boot.config
    "memorysetup-bucket-allocator-granularity=16"
    "memorysetup-bucket-allocator-bucket-count=8"
    "memorysetup-bucket-allocator-block-size=33554432"
    "memorysetup-bucket-allocator-block-count=8"
    "memorysetup-main-allocator-block-size=16777216"
    "memorysetup-thread-allocator-block-size=16777216"
    "memorysetup-gfx-main-allocator-block-size=16777216"
    "memorysetup-gfx-thread-allocator-block-size=16777216"
    "memorysetup-cache-allocator-block-size=4194304"
    "memorysetup-typetree-allocator-block-size=2097152"
    "memorysetup-profiler-bucket-allocator-granularity=16"
    "memorysetup-profiler-bucket-allocator-bucket-count=8"
    "memorysetup-profiler-bucket-allocator-block-size=33554432"
    "memorysetup-profiler-bucket-allocator-block-count=8"
    "memorysetup-profiler-allocator-block-size=16777216"
    "memorysetup-profiler-editor-allocator-block-size=1048576"
    "memorysetup-temp-allocator-size-main=16777216"
    "memorysetup-job-temp-allocator-block-size=2097152"
    "memorysetup-job-temp-allocator-block-size-background=1048576"
    "memorysetup-job-temp-allocator-reduction-small-platforms=262144"
    "memorysetup-temp-allocator-size-background-worker=32768"
    "memorysetup-temp-allocator-size-job-worker=262144"
    "memorysetup-temp-allocator-size-preload-manager=33554432"
    "memorysetup-temp-allocator-size-nav-mesh-worker=65536"
    "memorysetup-temp-allocator-size-audio-worker=65536"
    "memorysetup-temp-allocator-size-cloud-worker=32768"
    "memorysetup-temp-allocator-size-gi-baking-worker=262144"
    "memorysetup-temp-allocator-size-gfx=262144"
Player connection [8676] Host "[IP] 192.168.0.141 [Port] 0 [Flags] 2 [Guid] 3328927578 [EditorId] 3328927578 [Version] 1048832 [Id] WindowsEditor(7,DESKTOP-REOJTS5) [Debug] 1 [PackageName] WindowsEditor [ProjectName] Editor" joined multi-casting on [225.0.0.222:54997]...

Player connection [8676] Host "[IP] 192.168.0.141 [Port] 0 [Flags] 2 [Guid] 3328927578 [EditorId] 3328927578 [Version] 1048832 [Id] WindowsEditor(7,DESKTOP-REOJTS5) [Debug] 1 [PackageName] WindowsEditor [ProjectName] Editor" joined alternative multi-casting on [225.0.0.222:34997]...

Refreshing native plugins compatible for Editor in 165.36 ms, found 3 plugins.
Preloading 0 native plugins for Editor in 0.00 ms.
Initialize engine version: 2021.3.17f1 (3e8111cac19d)
[Subsystems] Discovering subsystems at path C:/Program Files/Unity/Hub/Editor/2021.3.17f1/Editor/Data/Resources/UnitySubsystems
[Subsystems] Discovering subsystems at path C:/Users/Joe/OneDrive/Documents/OnlyGodKnows/OGK Prototype/Assets
GfxDevice: creating device client; threaded=0; jobified=0
Direct3D:
    Version:  Direct3D 11.0 [level 11.1]
    Renderer: Radeon RX 580 Series (ID=0x67df)
    Vendor:   ATI
    VRAM:     4074 MB
    Driver:   31.0.12044.3
Initialize mono
Mono path[0] = 'C:/Program Files/Unity/Hub/Editor/2021.3.17f1/Editor/Data/Managed'
Mono path[1] = 'C:/Program Files/Unity/Hub/Editor/2021.3.17f1/Editor/Data/MonoBleedingEdge/lib/mono/unityjit-win32'
Mono config path = 'C:/Program Files/Unity/Hub/Editor/2021.3.17f1/Editor/Data/MonoBleedingEdge/etc'
Using monoOptions --debugger-agent=transport=dt_socket,embedding=1,server=y,suspend=n,address=127.0.0.1:56300
Begin MonoManager ReloadAssembly
Registering precompiled unity dll's ...
Register platform support module: C:/Program Files/Unity/Hub/Editor/2021.3.17f1/Editor/Data/PlaybackEngines/WindowsStandaloneSupport/UnityEditor.WindowsStandalone.Extensions.dll
Registered in 0.016707 seconds.
Native extension for WindowsStandalone target not found
Refreshing native plugins compatible for Editor in 157.85 ms, found 3 plugins.
Preloading 0 native plugins for Editor in 0.00 ms.
Mono: successfully reloaded assembly
- Completed reload, in  0.914 seconds
Domain Reload Profiling:
	ReloadAssembly (915ms)
		BeginReloadAssembly (109ms)
			ExecutionOrderSort (0ms)
			DisableScriptedObjects (0ms)
			BackupInstance (0ms)
			ReleaseScriptingObjects (0ms)
			CreateAndSetChildDomain (1ms)
		EndReloadAssembly (639ms)
			LoadAssemblies (103ms)
			RebuildTransferFunctionScriptingTraits (0ms)
			SetupTypeCache (129ms)
			ReleaseScriptCaches (0ms)
			RebuildScriptCaches (31ms)
			SetupLoadedEditorAssemblies (405ms)
				LogAssemblyErrors (0ms)
				InitializePlatformSupportModulesInManaged (12ms)
				SetLoadedEditorAssemblies (0ms)
				RefreshPlugins (158ms)
				BeforeProcessingInitializeOnLoad (2ms)
				ProcessInitializeOnLoadAttributes (175ms)
				ProcessInitializeOnLoadMethodAttributes (58ms)
				AfterProcessingInitializeOnLoad (0ms)
				EditorAssembliesLoaded (0ms)
			ExecutionOrderSort2 (0ms)
			AwakeInstancesAfterBackupRestoration (0ms)
Platform modules already initialized, skipping
Registering precompiled user dll's ...
Registered in 0.017138 seconds.
Begin MonoManager ReloadAssembly
Symbol file LoadedFromMemory doesn't match image C:\Users\Joe\OneDrive\Documents\OnlyGodKnows\OGK Prototype\Library\PackageCache\com.unity.visualscripting@1.8.0\Editor\VisualScripting.Core\Dependencies\YamlDotNet\Unity.VisualScripting.YamlDotNet.dll
Symbol file LoadedFromMemory doesn't match image C:\Users\Joe\OneDrive\Documents\OnlyGodKnows\OGK Prototype\Library\PackageCache\com.unity.visualscripting@1.8.0\Editor\VisualScripting.Core\Dependencies\DotNetZip\Unity.VisualScripting.IonicZip.dll
Native extension for WindowsStandalone target not found
Refreshing native plugins compatible for Editor in 178.73 ms, found 3 plugins.
Preloading 0 native plugins for Editor in 0.00 ms.
Mono: successfully reloaded assembly
- Completed reload, in  5.371 seconds
Domain Reload Profiling:
	ReloadAssembly (5372ms)
		BeginReloadAssembly (194ms)
			ExecutionOrderSort (0ms)
			DisableScriptedObjects (8ms)
			BackupInstance (0ms)
			ReleaseScriptingObjects (0ms)
			CreateAndSetChildDomain (32ms)
		EndReloadAssembly (4840ms)
			LoadAssemblies (3056ms)
			RebuildTransferFunctionScriptingTraits (0ms)
			SetupTypeCache (512ms)
			ReleaseScriptCaches (1ms)
			RebuildScriptCaches (105ms)
			SetupLoadedEditorAssemblies (1108ms)
				LogAssemblyErrors (0ms)
				InitializePlatformSupportModulesInManaged (10ms)
				SetLoadedEditorAssemblies (0ms)
				RefreshPlugins (179ms)
				BeforeProcessingInitializeOnLoad (200ms)
				ProcessInitializeOnLoadAttributes (597ms)
				ProcessInitializeOnLoadMethodAttributes (101ms)
				AfterProcessingInitializeOnLoad (21ms)
				EditorAssembliesLoaded (0ms)
			ExecutionOrderSort2 (0ms)
			AwakeInstancesAfterBackupRestoration (10ms)
Platform modules already initialized, skipping
========================================================================
Worker process is ready to serve import requests
Launched and connected shader compiler UnityShaderCompiler.exe after 0.09 seconds
Refreshing native plugins compatible for Editor in 2.17 ms, found 3 plugins.
Preloading 0 native plugins for Editor in 0.00 ms.
Unloading 5763 Unused Serialized files (Serialized files now loaded: 0)
Unloading 52 unused Assets / (0.8 MB). Loaded Objects now: 6217.
Memory consumption went from 229.1 MB to 228.3 MB.
Total: 6.259100 ms (FindLiveObjects: 0.807700 ms CreateObjectMapping: 0.257200 ms MarkObjects: 4.696000 ms  DeleteObjects: 0.496800 ms)

AssetImportParameters requested are different than current active one (requested -> active):
  custom:video-decoder-ogg-theora: a1e56fd34408186e4bbccfd4996cb3dc -> 
  custom:container-muxer-webm: aa71ff27fc2769a1b78a27578f13a17b -> 
  custom:container-demuxer-webm: 4f35f7cbe854078d1ac9338744f61a02 -> 
  custom:video-encoder-webm-vp8: eb34c28f22e8b96e1ab97ce403110664 -> 
  custom:audio-encoder-webm-vorbis: bf7c407c2cedff20999df2af8eb42d56 -> 
  custom:framework-win-MediaFoundation: 216162199b28c13a410421893ffa2e32 -> 
  custom:container-demuxer-ogg: 62fdf1f143b41e24485cea50d1cbac27 -> 
  custom:video-decoder-webm-vp8: 9c59270c3fd7afecdb556c50c9e8de78 -> 
  custom:audio-decoder-ogg-vorbis: bf7c407c2cedff20999df2af8eb42d56 -> 
========================================================================
Received Import Request.
  Time since last request: 1327.736367 seconds.
  path: Assets/Scenes/Midwich.unity
  artifactKey: Guid(1606fb079bd2d89448c391921ffb3e21) Importer(815301076,1909f56bfc062723c751e8b465ee728b)
Start importing Assets/Scenes/Midwich.unity using Guid(1606fb079bd2d89448c391921ffb3e21) Importer(815301076,1909f56bfc062723c751e8b465ee728b)  -> (artifact id: 'b6bcfe50e61f5debda0f464f6ad7b3ad') in 0.022481 seconds 
========================================================================
Received Prepare
Registering precompiled user dll's ...
Registered in 0.019729 seconds.
Begin MonoManager ReloadAssembly
Symbol file LoadedFromMemory doesn't match image C:\Users\Joe\OneDrive\Documents\OnlyGodKnows\OGK Prototype\Library\PackageCache\com.unity.visualscripting@1.8.0\Editor\VisualScripting.Core\Dependencies\YamlDotNet\Unity.VisualScripting.YamlDotNet.dll
Symbol file LoadedFromMemory doesn't match image C:\Users\Joe\OneDrive\Documents\OnlyGodKnows\OGK Prototype\Library\PackageCache\com.unity.visualscripting@1.8.0\Editor\VisualScripting.Core\Dependencies\DotNetZip\Unity.VisualScripting.IonicZip.dll
Native extension for WindowsStandalone target not found
Refreshing native plugins compatible for Editor in 1.42 ms, found 3 plugins.
Preloading 0 native plugins for Editor in 0.00 ms.
Mono: successfully reloaded assembly
- Completed reload, in  1.845 seconds
Domain Reload Profiling:
	ReloadAssembly (1846ms)
		BeginReloadAssembly (211ms)
			ExecutionOrderSort (0ms)
			DisableScriptedObjects (6ms)
			BackupInstance (0ms)
			ReleaseScriptingObjects (0ms)
			CreateAndSetChildDomain (55ms)
		EndReloadAssembly (1477ms)
			LoadAssemblies (154ms)
			RebuildTransferFunctionScriptingTraits (0ms)
			SetupTypeCache (435ms)
			ReleaseScriptCaches (2ms)
			RebuildScriptCaches (62ms)
			SetupLoadedEditorAssemblies (755ms)
				LogAssemblyErrors (0ms)
				InitializePlatformSupportModulesInManaged (21ms)
				SetLoadedEditorAssemblies (1ms)
				RefreshPlugins (2ms)
				BeforeProcessingInitializeOnLoad (153ms)
				ProcessInitializeOnLoadAttributes (449ms)
				ProcessInitializeOnLoadMethodAttributes (110ms)
				AfterProcessingInitializeOnLoad (20ms)
				EditorAssembliesLoaded (0ms)
			ExecutionOrderSort2 (0ms)
			AwakeInstancesAfterBackupRestoration (13ms)
Platform modules already initialized, skipping
Refreshing native plugins compatible for Editor in 5.54 ms, found 3 plugins.
Preloading 0 native plugins for Editor in 0.00 ms.
Unloading 5610 Unused Serialized files (Serialized files now loaded: 0)
Unloading 31 unused Assets / (0.8 MB). Loaded Objects now: 6232.
Memory consumption went from 221.0 MB to 220.2 MB.
Total: 6.237800 ms (FindLiveObjects: 0.684000 ms CreateObjectMapping: 0.262500 ms MarkObjects: 4.758300 ms  DeleteObjects: 0.530700 ms)

AssetImportParameters requested are different than current active one (requested -> active):
  custom:video-decoder-ogg-theora: a1e56fd34408186e4bbccfd4996cb3dc -> 
  custom:container-muxer-webm: aa71ff27fc2769a1b78a27578f13a17b -> 
  custom:container-demuxer-webm: 4f35f7cbe854078d1ac9338744f61a02 -> 
  custom:video-encoder-webm-vp8: eb34c28f22e8b96e1ab97ce403110664 -> 
  custom:audio-encoder-webm-vorbis: bf7c407c2cedff20999df2af8eb42d56 -> 
  custom:framework-win-MediaFoundation: 216162199b28c13a410421893ffa2e32 -> 
  custom:container-demuxer-ogg: 62fdf1f143b41e24485cea50d1cbac27 -> 
  custom:video-decoder-webm-vp8: 9c59270c3fd7afecdb556c50c9e8de78 -> 
  custom:audio-decoder-ogg-vorbis: bf7c407c2cedff20999df2af8eb42d56 -> 
========================================================================
Received Import Request.
  Time since last request: 1213.711024 seconds.
  path: Assets/Textures/GrassTiled.png
  artifactKey: Guid(1d6c848a88972034382036c79f85ef63) Importer(815301076,1909f56bfc062723c751e8b465ee728b)
Start importing Assets/Textures/GrassTiled.png using Guid(1d6c848a88972034382036c79f85ef63) Importer(815301076,1909f56bfc062723c751e8b465ee728b)  -> (artifact id: '249e7af2ca03886ba6e58773a766f590') in 0.372256 seconds 
========================================================================
Received Import Request.
  Time since last request: 0.000062 seconds.
  path: Assets/Textures/GrassTiled3.png
  artifactKey: Guid(c085777ce551ffb48b1ce96848c3b9d4) Importer(815301076,1909f56bfc062723c751e8b465ee728b)
Start importing Assets/Textures/GrassTiled3.png using Guid(c085777ce551ffb48b1ce96848c3b9d4) Importer(815301076,1909f56bfc062723c751e8b465ee728b)  -> (artifact id: '05627f7b8105ea3fd3ae571bba46aedc') in 0.016610 seconds 
========================================================================
Received Import Request.
  Time since last request: 598.905785 seconds.
  path: Assets/3D Objects/Trees/tree01.mat
  artifactKey: Guid(064dca09181c6844fa41a2609210e8f2) Importer(815301076,1909f56bfc062723c751e8b465ee728b)
Start importing Assets/3D Objects/Trees/tree01.mat using Guid(064dca09181c6844fa41a2609210e8f2) Importer(815301076,1909f56bfc062723c751e8b465ee728b)  -> (artifact id: '954c855cd657da40285dfc6f13d0a8ea') in 0.437152 seconds 
========================================================================
Received Import Request.
  Time since last request: 0.000043 seconds.
  path: Assets/3D Objects/Trees/tree02.png
  artifactKey: Guid(6c03ace4574d3944aa8158cf7d954ebe) Importer(815301076,1909f56bfc062723c751e8b465ee728b)
Start importing Assets/3D Objects/Trees/tree02.png using Guid(6c03ace4574d3944aa8158cf7d954ebe) Importer(815301076,1909f56bfc062723c751e8b465ee728b)  -> (artifact id: '940d816149dac0f44d8bba2109e48133') in 0.042145 seconds 
========================================================================
Received Import Request.
  Time since last request: 0.000044 seconds.
  path: Assets/3D Objects/Trees/tree13.fbx
  artifactKey: Guid(9158814e1bcaa0a4d96883618359b01d) Importer(815301076,1909f56bfc062723c751e8b465ee728b)
Start importing Assets/3D Objects/Trees/tree13.fbx using Guid(9158814e1bcaa0a4d96883618359b01d) Importer(815301076,1909f56bfc062723c751e8b465ee728b)  -> (artifact id: 'a2362afb595175784e7f06ea49ec32e9') in 0.190432 seconds 
========================================================================
Received Import Request.
  Time since last request: 0.000033 seconds.
  path: Assets/3D Objects/Trees/tree23.png
  artifactKey: Guid(7f6e60ee9d033d547a3a83d32ccb0aed) Importer(815301076,1909f56bfc062723c751e8b465ee728b)
Start importing Assets/3D Objects/Trees/tree23.png using Guid(7f6e60ee9d033d547a3a83d32ccb0aed) Importer(815301076,1909f56bfc062723c751e8b465ee728b)  -> (artifact id: 'de88b8653d9b23f08a37bb4052c38ed4') in 0.211009 seconds 
========================================================================
Received Import Request.
  Time since last request: 0.000043 seconds.
  path: Assets/3D Objects/Trees/tree27.fbx
  artifactKey: Guid(558510eb6b42e474f89588a28a61d0c8) Importer(815301076,1909f56bfc062723c751e8b465ee728b)
Start importing Assets/3D Objects/Trees/tree27.fbx using Guid(558510eb6b42e474f89588a28a61d0c8) Importer(815301076,1909f56bfc062723c751e8b465ee728b)  -> (artifact id: '9c822eefe589f6efa9f3ca6dc250edd2') in 0.092387 seconds 
========================================================================
Received Import Request.
  Time since last request: 0.000029 seconds.
  path: Assets/3D Objects/Trees/tree04.fbx
  artifactKey: Guid(260fa0b9e8e4aba41b2cfc914a1c7679) Importer(815301076,1909f56bfc062723c751e8b465ee728b)
Start importing Assets/3D Objects/Trees/tree04.fbx using Guid(260fa0b9e8e4aba41b2cfc914a1c7679) Importer(815301076,1909f56bfc062723c751e8b465ee728b)  -> (artifact id: 'bdb09238be15bb4ab9edfa3530160e11') in 0.183387 seconds 
========================================================================
Received Import Request.
  Time since last request: 0.000061 seconds.
  path: Assets/3D Objects/Trees/tree10.fbx
  artifactKey: Guid(2018f01af87b4444389aff744e0c3203) Importer(815301076,1909f56bfc062723c751e8b465ee728b)
Start importing Assets/3D Objects/Trees/tree10.fbx using Guid(2018f01af87b4444389aff744e0c3203) Importer(815301076,1909f56bfc062723c751e8b465ee728b)  -> (artifact id: 'ec796e0b70b111f06afc4a07f08223f5') in 0.385934 seconds 
========================================================================
Received Import Request.
  Time since last request: 0.000043 seconds.
  path: Assets/3D Objects/Trees/tree07.fbx
  artifactKey: Guid(e121d7d2c25acb045ac01b461d0b2396) Importer(815301076,1909f56bfc062723c751e8b465ee728b)
Start importing Assets/3D Objects/Trees/tree07.fbx using Guid(e121d7d2c25acb045ac01b461d0b2396) Importer(815301076,1909f56bfc062723c751e8b465ee728b)  -> (artifact id: 'fa378badd0c8a7106f2dd084979e259b') in 0.127414 seconds 
========================================================================
Received Import Request.
  Time since last request: 0.000041 seconds.
  path: Assets/3D Objects/Trees/tree12.fbx
  artifactKey: Guid(1b6fcccb79809da4ba60958fc3ed3e0e) Importer(815301076,1909f56bfc062723c751e8b465ee728b)
Start importing Assets/3D Objects/Trees/tree12.fbx using Guid(1b6fcccb79809da4ba60958fc3ed3e0e) Importer(815301076,1909f56bfc062723c751e8b465ee728b)  -> (artifact id: '930fca0c8d2482c5c304a889f7908e1a') in 0.640694 seconds 
========================================================================
Received Import Request.
  Time since last request: 0.000045 seconds.
  path: Assets/3D Objects/Trees/tree14.png
  artifactKey: Guid(580594de0d2d4e74abcd469a894f4441) Importer(815301076,1909f56bfc062723c751e8b465ee728b)
Start importing Assets/3D Objects/Trees/tree14.png using Guid(580594de0d2d4e74abcd469a894f4441) Importer(815301076,1909f56bfc062723c751e8b465ee728b)  -> (artifact id: 'a4e68edd61562c85cd23d06ee5b2f6cb') in 0.059094 seconds 
========================================================================
Received Import Request.
  Time since last request: 0.000027 seconds.
  path: Assets/3D Objects/Trees/tree25.fbx
  artifactKey: Guid(fd11e3d31efd30b4a8df7748d73ab48d) Importer(815301076,1909f56bfc062723c751e8b465ee728b)
Start importing Assets/3D Objects/Trees/tree25.fbx using Guid(fd11e3d31efd30b4a8df7748d73ab48d) Importer(815301076,1909f56bfc062723c751e8b465ee728b)  -> (artifact id: 'b2e5477352dda4f4fab0d88b65d6d5e0') in 0.332765 seconds 
========================================================================
Received Import Request.
  Time since last request: 0.000037 seconds.
  path: Assets/3D Objects/Trees/tree26.fbx
  artifactKey: Guid(c1be240e4db9acd4fbbdaa3e1621e4f4) Importer(815301076,1909f56bfc062723c751e8b465ee728b)
Start importing Assets/3D Objects/Trees/tree26.fbx using Guid(c1be240e4db9acd4fbbdaa3e1621e4f4) Importer(815301076,1909f56bfc062723c751e8b465ee728b)  -> (artifact id: 'd8def4a7efa60af15149db1f7ab26b56') in 0.327604 seconds 
========================================================================
Received Import Request.
  Time since last request: 0.000046 seconds.
  path: Assets/3D Objects/Trees/tree12.png
  artifactKey: Guid(f1ed8f611f7e87b4db72291a337c0a16) Importer(815301076,1909f56bfc062723c751e8b465ee728b)
Start importing Assets/3D Objects/Trees/tree12.png using Guid(f1ed8f611f7e87b4db72291a337c0a16) Importer(815301076,1909f56bfc062723c751e8b465ee728b)  -> (artifact id: '553fa3ec9254de411c6db03a061bd43a') in 0.034623 seconds 
========================================================================
Received Import Request.
  Time since last request: 0.000040 seconds.
  path: Assets/3D Objects/Trees/tree19.png
  artifactKey: Guid(869337e01ff4c374dbb3d467154d977d) Importer(815301076,1909f56bfc062723c751e8b465ee728b)
Start importing Assets/3D Objects/Trees/tree19.png using Guid(869337e01ff4c374dbb3d467154d977d) Importer(815301076,1909f56bfc062723c751e8b465ee728b)  -> (artifact id: '2a2f68e5fe97e80f5849e9b9b44c77d0') in 0.104334 seconds 
========================================================================
Received Import Request.
  Time since last request: 0.000047 seconds.
  path: Assets/3D Objects/Trees/tree23.fbx
  artifactKey: Guid(9c3945bc15348ee418dffa6c9bc2f6ab) Importer(815301076,1909f56bfc062723c751e8b465ee728b)
Start importing Assets/3D Objects/Trees/tree23.fbx using Guid(9c3945bc15348ee418dffa6c9bc2f6ab) Importer(815301076,1909f56bfc062723c751e8b465ee728b)  -> (artifact id: '2343edfb93e47f39ab9f1cd801bc6560') in 0.166194 seconds 
========================================================================
Received Import Request.
  Time since last request: 0.000043 seconds.
  path: Assets/3D Objects/Trees/tree17.fbx
  artifactKey: Guid(0af785b693dde164c9621af0adca33e5) Importer(815301076,1909f56bfc062723c751e8b465ee728b)
Start importing Assets/3D Objects/Trees/tree17.fbx using Guid(0af785b693dde164c9621af0adca33e5) Importer(815301076,1909f56bfc062723c751e8b465ee728b)  -> (artifact id: 'a95ad3b38841ccdd176fae0cec56c222') in 0.126023 seconds 
========================================================================
Received Import Request.
  Time since last request: 0.000055 seconds.
  path: Assets/3D Objects/Trees/tree03.png
  artifactKey: Guid(87437b19ce850ff4da9fb7a6f5af9223) Importer(815301076,1909f56bfc062723c751e8b465ee728b)
Start importing Assets/3D Objects/Trees/tree03.png using Guid(87437b19ce850ff4da9fb7a6f5af9223) Importer(815301076,1909f56bfc062723c751e8b465ee728b)  -> (artifact id: 'd5dab37c81ec07715d967e4168ee33ff') in 0.052759 seconds 
========================================================================
Received Import Request.
  Time since last request: 0.000051 seconds.
  path: Assets/3D Objects/Trees/tree09.fbx
  artifactKey: Guid(42f6d9250e345274388235092bd2559c) Importer(815301076,1909f56bfc062723c751e8b465ee728b)
Start importing Assets/3D Objects/Trees/tree09.fbx using Guid(42f6d9250e345274388235092bd2559c) Importer(815301076,1909f56bfc062723c751e8b465ee728b)  -> (artifact id: '8628ffe7d6be9298f52deac89d554f38') in 0.078123 seconds 
========================================================================
Received Import Request.
  Time since last request: 0.000043 seconds.
  path: Assets/3D Objects/Trees/tree21.png
  artifactKey: Guid(ff5e3d4a5c1904842bfd2909c8b31199) Importer(815301076,1909f56bfc062723c751e8b465ee728b)
Start importing Assets/3D Objects/Trees/tree21.png using Guid(ff5e3d4a5c1904842bfd2909c8b31199) Importer(815301076,1909f56bfc062723c751e8b465ee728b)  -> (artifact id: 'afd75c76ac0eead18f6ea49099a7ba93') in 0.038913 seconds 
========================================================================
Received Import Request.
  Time since last request: 0.000037 seconds.
  path: Assets/3D Objects/Trees/tree15.fbx
  artifactKey: Guid(26cfd5227fcc3fc47857cf1bdc918d77) Importer(815301076,1909f56bfc062723c751e8b465ee728b)
Start importing Assets/3D Objects/Trees/tree15.fbx using Guid(26cfd5227fcc3fc47857cf1bdc918d77) Importer(815301076,1909f56bfc062723c751e8b465ee728b)  -> (artifact id: 'a319e41a3c2038158f3c9089b6ae8437') in 0.087703 seconds 
========================================================================
Received Import Request.
  Time since last request: 0.000050 seconds.
  path: Assets/3D Objects/Trees/tree13.png
  artifactKey: Guid(b8ca000414595e544879bdf82cb6e33c) Importer(815301076,1909f56bfc062723c751e8b465ee728b)
Start importing Assets/3D Objects/Trees/tree13.png using Guid(b8ca000414595e544879bdf82cb6e33c) Importer(815301076,1909f56bfc062723c751e8b465ee728b)  -> (artifact id: '3387c0eea55eef8095129c2070578432') in 0.077611 seconds 
========================================================================
Received Import Request.
  Time since last request: 0.000054 seconds.
  path: Assets/3D Objects/Trees/tree19.mat
  artifactKey: Guid(1f54e7f91d1090b48992f6a5c1c0cfaf) Importer(815301076,1909f56bfc062723c751e8b465ee728b)
Start importing Assets/3D Objects/Trees/tree19.mat using Guid(1f54e7f91d1090b48992f6a5c1c0cfaf) Importer(815301076,1909f56bfc062723c751e8b465ee728b)  -> (artifact id: '38cd694aa20a9abcadfb77792dc39c9e') in 0.036351 seconds 
========================================================================
Received Import Request.
  Time since last request: 0.000026 seconds.
  path: Assets/3D Objects/Trees/tree06.fbx
  artifactKey: Guid(d81d965d296b1114aaf56acc1b56918a) Importer(815301076,1909f56bfc062723c751e8b465ee728b)
Start importing Assets/3D Objects/Trees/tree06.fbx using Guid(d81d965d296b1114aaf56acc1b56918a) Importer(815301076,1909f56bfc062723c751e8b465ee728b)  -> (artifact id: '61733159e8bf628bc65d1462c4b4d695') in 0.057111 seconds 
========================================================================
Received Import Request.
  Time since last request: 0.000047 seconds.
  path: Assets/3D Objects/Trees/tree16.fbx
  artifactKey: Guid(df6bfbeb32791b642b67ea2755e86be3) Importer(815301076,1909f56bfc062723c751e8b465ee728b)
Start importing Assets/3D Objects/Trees/tree16.fbx using Guid(df6bfbeb32791b642b67ea2755e86be3) Importer(815301076,1909f56bfc062723c751e8b465ee728b)  -> (artifact id: 'bf013a942cc0c4801ad6c49b1383579c') in 0.074276 seconds 
========================================================================
Received Import Request.
  Time since last request: 0.000034 seconds.
  path: Assets/3D Objects/Trees/tree05.png
  artifactKey: Guid(1f3c46289afdb4c4ca389e3908131167) Importer(815301076,1909f56bfc062723c751e8b465ee728b)
Start importing Assets/3D Objects/Trees/tree05.png using Guid(1f3c46289afdb4c4ca389e3908131167) Importer(815301076,1909f56bfc062723c751e8b465ee728b)  -> (artifact id: '34e2d67c2f638e41efa2994dde74a16d') in 0.013941 seconds 
========================================================================
Received Import Request.
  Time since last request: 0.000042 seconds.
  path: Assets/3D Objects/Trees/tree23.mat
  artifactKey: Guid(baccbfa7eee0bda4f84046cfbdc44412) Importer(815301076,1909f56bfc062723c751e8b465ee728b)
Start importing Assets/3D Objects/Trees/tree23.mat using Guid(baccbfa7eee0bda4f84046cfbdc44412) Importer(815301076,1909f56bfc062723c751e8b465ee728b)  -> (artifact id: '3098f8685f63219621985340920819a4') in 0.019276 seconds 
========================================================================
Received Import Request.
  Time since last request: 0.000030 seconds.
  path: Assets/3D Objects/Trees/tree22.png
  artifactKey: Guid(ac64d3e3ce66b4a4da23b6e4d38e1204) Importer(815301076,1909f56bfc062723c751e8b465ee728b)
Start importing Assets/3D Objects/Trees/tree22.png using Guid(ac64d3e3ce66b4a4da23b6e4d38e1204) Importer(815301076,1909f56bfc062723c751e8b465ee728b)  -> (artifact id: '273b1eb82d2c4a2a81f056b0a5d2575c') in 0.040411 seconds 
========================================================================
Received Import Request.
  Time since last request: 0.000049 seconds.
  path: Assets/3D Objects/Trees/tree04.png
  artifactKey: Guid(22def8fef38d73247949043b1b4fb096) Importer(815301076,1909f56bfc062723c751e8b465ee728b)
Start importing Assets/3D Objects/Trees/tree04.png using Guid(22def8fef38d73247949043b1b4fb096) Importer(815301076,1909f56bfc062723c751e8b465ee728b)  -> (artifact id: 'af240107cc6430b3a8838fab51f8972d') in 0.032503 seconds 
========================================================================
Received Import Request.
  Time since last request: 0.000040 seconds.
  path: Assets/3D Objects/Trees/tree08.fbx
  artifactKey: Guid(9952a834eba5ce84d8c5ca2ca2dcb160) Importer(815301076,1909f56bfc062723c751e8b465ee728b)
Start importing Assets/3D Objects/Trees/tree08.fbx using Guid(9952a834eba5ce84d8c5ca2ca2dcb160) Importer(815301076,1909f56bfc062723c751e8b465ee728b)  -> (artifact id: 'f1bba53f28b9e6a4571ca611e7e2c2f1') in 0.190166 seconds 
========================================================================
Received Import Request.
  Time since last request: 0.000037 seconds.
  path: Assets/3D Objects/Trees/tree16.mat
  artifactKey: Guid(41c55a96fd26514459a14a95a09fce9a) Importer(815301076,1909f56bfc062723c751e8b465ee728b)
Start importing Assets/3D Objects/Trees/tree16.mat using Guid(41c55a96fd26514459a14a95a09fce9a) Importer(815301076,1909f56bfc062723c751e8b465ee728b)  -> (artifact id: '6ce384d2431a43c83c421f5a3f9f04ca') in 0.016752 seconds 
========================================================================
Received Import Request.
  Time since last request: 0.000042 seconds.
  path: Assets/3D Objects/Trees/tree24.mat
  artifactKey: Guid(4aa29ae90aea8f1408a8d38f3870c609) Importer(815301076,1909f56bfc062723c751e8b465ee728b)
Start importing Assets/3D Objects/Trees/tree24.mat using Guid(4aa29ae90aea8f1408a8d38f3870c609) Importer(815301076,1909f56bfc062723c751e8b465ee728b)  -> (artifact id: '61f7ba8be5af90a2713ae00dfd4db5f1') in 0.024545 seconds 
========================================================================
Received Import Request.
  Time since last request: 0.000037 seconds.
  path: Assets/3D Objects/Trees/tree07.png
  artifactKey: Guid(212a15fdb4a347345af73ef85c618287) Importer(815301076,1909f56bfc062723c751e8b465ee728b)
Start importing Assets/3D Objects/Trees/tree07.png using Guid(212a15fdb4a347345af73ef85c618287) Importer(815301076,1909f56bfc062723c751e8b465ee728b)  -> (artifact id: '2b9c1d8ffbc989459e11a68c61b105b6') in 0.108963 seconds 
========================================================================
Received Prepare
Registering precompiled user dll's ...
Registered in 0.015288 seconds.
Begin MonoManager ReloadAssembly
Symbol file LoadedFromMemory doesn't match image C:\Users\Joe\OneDrive\Documents\OnlyGodKnows\OGK Prototype\Library\PackageCache\com.unity.visualscripting@1.8.0\Editor\VisualScripting.Core\Dependencies\YamlDotNet\Unity.VisualScripting.YamlDotNet.dll
Symbol file LoadedFromMemory doesn't match image C:\Users\Joe\OneDrive\Documents\OnlyGodKnows\OGK Prototype\Library\PackageCache\com.unity.visualscripting@1.8.0\Editor\VisualScripting.Core\Dependencies\DotNetZip\Unity.VisualScripting.IonicZip.dll
Native extension for WindowsStandalone target not found
Refreshing native plugins compatible for Editor in 2.15 ms, found 3 plugins.
Preloading 0 native plugins for Editor in 0.00 ms.
Mono: successfully reloaded assembly
- Completed reload, in  2.143 seconds
Domain Reload Profiling:
	ReloadAssembly (2144ms)
		BeginReloadAssembly (248ms)
			ExecutionOrderSort (0ms)
			DisableScriptedObjects (10ms)
			BackupInstance (0ms)
			ReleaseScriptingObjects (0ms)
			CreateAndSetChildDomain (76ms)
		EndReloadAssembly (1722ms)
			LoadAssemblies (171ms)
			RebuildTransferFunctionScriptingTraits (0ms)
			SetupTypeCache (480ms)
			ReleaseScriptCaches (2ms)
			RebuildScriptCaches (63ms)
			SetupLoadedEditorAssemblies (761ms)
				LogAssemblyErrors (0ms)
				InitializePlatformSupportModulesInManaged (21ms)
				SetLoadedEditorAssemblies (1ms)
				RefreshPlugins (2ms)
				BeforeProcessingInitializeOnLoad (161ms)
				ProcessInitializeOnLoadAttributes (437ms)
				ProcessInitializeOnLoadMethodAttributes (112ms)
				AfterProcessingInitializeOnLoad (26ms)
				EditorAssembliesLoaded (0ms)
			ExecutionOrderSort2 (0ms)
			AwakeInstancesAfterBackupRestoration (22ms)
Platform modules already initialized, skipping
Refreshing native plugins compatible for Editor in 4.25 ms, found 3 plugins.
Preloading 0 native plugins for Editor in 0.00 ms.
Unloading 5617 Unused Serialized files (Serialized files now loaded: 0)
Unloading 31 unused Assets / (0.8 MB). Loaded Objects now: 6344.
Memory consumption went from 228.5 MB to 227.7 MB.
Total: 71.202700 ms (FindLiveObjects: 0.809400 ms CreateObjectMapping: 0.237400 ms MarkObjects: 69.608400 ms  DeleteObjects: 0.545800 ms)

AssetImportParameters requested are different than current active one (requested -> active):
  custom:video-decoder-ogg-theora: a1e56fd34408186e4bbccfd4996cb3dc -> 
  custom:container-muxer-webm: aa71ff27fc2769a1b78a27578f13a17b -> 
  custom:container-demuxer-webm: 4f35f7cbe854078d1ac9338744f61a02 -> 
  custom:video-encoder-webm-vp8: eb34c28f22e8b96e1ab97ce403110664 -> 
  custom:audio-encoder-webm-vorbis: bf7c407c2cedff20999df2af8eb42d56 -> 
  custom:framework-win-MediaFoundation: 216162199b28c13a410421893ffa2e32 -> 
  custom:container-demuxer-ogg: 62fdf1f143b41e24485cea50d1cbac27 -> 
  custom:video-decoder-webm-vp8: 9c59270c3fd7afecdb556c50c9e8de78 -> 
  custom:audio-decoder-ogg-vorbis: bf7c407c2cedff20999df2af8eb42d56 -> 
========================================================================
Received Prepare
Registering precompiled user dll's ...
Registered in 0.016519 seconds.
Begin MonoManager ReloadAssembly
Symbol file LoadedFromMemory doesn't match image C:\Users\Joe\OneDrive\Documents\OnlyGodKnows\OGK Prototype\Library\PackageCache\com.unity.visualscripting@1.8.0\Editor\VisualScripting.Core\Dependencies\YamlDotNet\Unity.VisualScripting.YamlDotNet.dll
Symbol file LoadedFromMemory doesn't match image C:\Users\Joe\OneDrive\Documents\OnlyGodKnows\OGK Prototype\Library\PackageCache\com.unity.visualscripting@1.8.0\Editor\VisualScripting.Core\Dependencies\DotNetZip\Unity.VisualScripting.IonicZip.dll
Native extension for WindowsStandalone target not found
Refreshing native plugins compatible for Editor in 1.39 ms, found 3 plugins.
Preloading 0 native plugins for Editor in 0.00 ms.
Mono: successfully reloaded assembly
- Completed reload, in  2.037 seconds
Domain Reload Profiling:
	ReloadAssembly (2039ms)
		BeginReloadAssembly (212ms)
			ExecutionOrderSort (0ms)
			DisableScriptedObjects (6ms)
			BackupInstance (0ms)
			ReleaseScriptingObjects (0ms)
			CreateAndSetChildDomain (57ms)
		EndReloadAssembly (1676ms)
			LoadAssemblies (168ms)
			RebuildTransferFunctionScriptingTraits (0ms)
			SetupTypeCache (476ms)
			ReleaseScriptCaches (3ms)
			RebuildScriptCaches (75ms)
			SetupLoadedEditorAssemblies (786ms)
				LogAssemblyErrors (0ms)
				InitializePlatformSupportModulesInManaged (26ms)
				SetLoadedEditorAssemblies (1ms)
				RefreshPlugins (1ms)
				BeforeProcessingInitializeOnLoad (163ms)
				ProcessInitializeOnLoadAttributes (459ms)
				ProcessInitializeOnLoadMethodAttributes (111ms)
				AfterProcessingInitializeOnLoad (24ms)
				EditorAssembliesLoaded (0ms)
			ExecutionOrderSort2 (0ms)
			AwakeInstancesAfterBackupRestoration (22ms)
Platform modules already initialized, skipping
Refreshing native plugins compatible for Editor in 4.61 ms, found 3 plugins.
Preloading 0 native plugins for Editor in 0.00 ms.
Unloading 5618 Unused Serialized files (Serialized files now loaded: 0)
Unloading 31 unused Assets / (0.8 MB). Loaded Objects now: 6359.
Memory consumption went from 228.6 MB to 227.8 MB.
Total: 6.817100 ms (FindLiveObjects: 0.825900 ms CreateObjectMapping: 0.245600 ms MarkObjects: 4.992900 ms  DeleteObjects: 0.749800 ms)

AssetImportParameters requested are different than current active one (requested -> active):
  custom:video-decoder-ogg-theora: a1e56fd34408186e4bbccfd4996cb3dc -> 
  custom:container-muxer-webm: aa71ff27fc2769a1b78a27578f13a17b -> 
  custom:container-demuxer-webm: 4f35f7cbe854078d1ac9338744f61a02 -> 
  custom:video-encoder-webm-vp8: eb34c28f22e8b96e1ab97ce403110664 -> 
  custom:audio-encoder-webm-vorbis: bf7c407c2cedff20999df2af8eb42d56 -> 
  custom:framework-win-MediaFoundation: 216162199b28c13a410421893ffa2e32 -> 
  custom:container-demuxer-ogg: 62fdf1f143b41e24485cea50d1cbac27 -> 
  custom:video-decoder-webm-vp8: 9c59270c3fd7afecdb556c50c9e8de78 -> 
  custom:audio-decoder-ogg-vorbis: bf7c407c2cedff20999df2af8eb42d56 -> 
========================================================================
Received Prepare
Registering precompiled user dll's ...
Registered in 0.016396 seconds.
Begin MonoManager ReloadAssembly
Symbol file LoadedFromMemory doesn't match image C:\Users\Joe\OneDrive\Documents\OnlyGodKnows\OGK Prototype\Library\PackageCache\com.unity.visualscripting@1.8.0\Editor\VisualScripting.Core\Dependencies\YamlDotNet\Unity.VisualScripting.YamlDotNet.dll
Symbol file LoadedFromMemory doesn't match image C:\Users\Joe\OneDrive\Documents\OnlyGodKnows\OGK Prototype\Library\PackageCache\com.unity.visualscripting@1.8.0\Editor\VisualScripting.Core\Dependencies\DotNetZip\Unity.VisualScripting.IonicZip.dll
Native extension for WindowsStandalone target not found
Refreshing native plugins compatible for Editor in 1.71 ms, found 3 plugins.
Preloading 0 native plugins for Editor in 0.00 ms.
Mono: successfully reloaded assembly
- Completed reload, in  1.949 seconds
Domain Reload Profiling:
	ReloadAssembly (1950ms)
		BeginReloadAssembly (226ms)
			ExecutionOrderSort (0ms)
			DisableScriptedObjects (6ms)
			BackupInstance (0ms)
			ReleaseScriptingObjects (0ms)
			CreateAndSetChildDomain (62ms)
		EndReloadAssembly (1554ms)
			LoadAssemblies (168ms)
			RebuildTransferFunctionScriptingTraits (0ms)
			SetupTypeCache (442ms)
			ReleaseScriptCaches (4ms)
			RebuildScriptCaches (76ms)
			SetupLoadedEditorAssemblies (751ms)
				LogAssemblyErrors (0ms)
				InitializePlatformSupportModulesInManaged (19ms)
				SetLoadedEditorAssemblies (1ms)
				RefreshPlugins (2ms)
				BeforeProcessingInitializeOnLoad (169ms)
				ProcessInitializeOnLoadAttributes (427ms)
				ProcessInitializeOnLoadMethodAttributes (107ms)
				AfterProcessingInitializeOnLoad (26ms)
				EditorAssembliesLoaded (0ms)
			ExecutionOrderSort2 (0ms)
			AwakeInstancesAfterBackupRestoration (22ms)
Platform modules already initialized, skipping
Refreshing native plugins compatible for Editor in 6.49 ms, found 3 plugins.
Preloading 0 native plugins for Editor in 0.00 ms.
Unloading 5618 Unused Serialized files (Serialized files now loaded: 0)
Unloading 31 unused Assets / (0.8 MB). Loaded Objects now: 6374.
Memory consumption went from 228.6 MB to 227.8 MB.
Total: 6.141100 ms (FindLiveObjects: 0.712700 ms CreateObjectMapping: 0.267900 ms MarkObjects: 4.654000 ms  DeleteObjects: 0.505100 ms)

AssetImportParameters requested are different than current active one (requested -> active):
  custom:video-decoder-ogg-theora: a1e56fd34408186e4bbccfd4996cb3dc -> 
  custom:container-muxer-webm: aa71ff27fc2769a1b78a27578f13a17b -> 
  custom:container-demuxer-webm: 4f35f7cbe854078d1ac9338744f61a02 -> 
  custom:video-encoder-webm-vp8: eb34c28f22e8b96e1ab97ce403110664 -> 
  custom:audio-encoder-webm-vorbis: bf7c407c2cedff20999df2af8eb42d56 -> 
  custom:framework-win-MediaFoundation: 216162199b28c13a410421893ffa2e32 -> 
  custom:container-demuxer-ogg: 62fdf1f143b41e24485cea50d1cbac27 -> 
  custom:video-decoder-webm-vp8: 9c59270c3fd7afecdb556c50c9e8de78 -> 
  custom:audio-decoder-ogg-vorbis: bf7c407c2cedff20999df2af8eb42d56 -> 
========================================================================
Received Prepare
Registering precompiled user dll's ...
Registered in 0.016116 seconds.
Begin MonoManager ReloadAssembly
Symbol file LoadedFromMemory doesn't match image C:\Users\Joe\OneDrive\Documents\OnlyGodKnows\OGK Prototype\Library\PackageCache\com.unity.visualscripting@1.8.0\Editor\VisualScripting.Core\Dependencies\YamlDotNet\Unity.VisualScripting.YamlDotNet.dll
Symbol file LoadedFromMemory doesn't match image C:\Users\Joe\OneDrive\Documents\OnlyGodKnows\OGK Prototype\Library\PackageCache\com.unity.visualscripting@1.8.0\Editor\VisualScripting.Core\Dependencies\DotNetZip\Unity.VisualScripting.IonicZip.dll
Native extension for WindowsStandalone target not found
Refreshing native plugins compatible for Editor in 1.74 ms, found 3 plugins.
Preloading 0 native plugins for Editor in 0.00 ms.
Mono: successfully reloaded assembly
- Completed reload, in  1.894 seconds
Domain Reload Profiling:
	ReloadAssembly (1895ms)
		BeginReloadAssembly (208ms)
			ExecutionOrderSort (0ms)
			DisableScriptedObjects (6ms)
			BackupInstance (0ms)
			ReleaseScriptingObjects (0ms)
			CreateAndSetChildDomain (58ms)
		EndReloadAssembly (1532ms)
			LoadAssemblies (162ms)
			RebuildTransferFunctionScriptingTraits (0ms)
			SetupTypeCache (447ms)
			ReleaseScriptCaches (3ms)
			RebuildScriptCaches (74ms)
			SetupLoadedEditorAssemblies (723ms)
				LogAssemblyErrors (0ms)
				InitializePlatformSupportModulesInManaged (19ms)
				SetLoadedEditorAssemblies (1ms)
				RefreshPlugins (2ms)
				BeforeProcessingInitializeOnLoad (150ms)
				ProcessInitializeOnLoadAttributes (429ms)
				ProcessInitializeOnLoadMethodAttributes (98ms)
				AfterProcessingInitializeOnLoad (24ms)
				EditorAssembliesLoaded (0ms)
			ExecutionOrderSort2 (0ms)
			AwakeInstancesAfterBackupRestoration (20ms)
Platform modules already initialized, skipping
Refreshing native plugins compatible for Editor in 5.35 ms, found 3 plugins.
Preloading 0 native plugins for Editor in 0.00 ms.
Unloading 5618 Unused Serialized files (Serialized files now loaded: 0)
Unloading 31 unused Assets / (0.8 MB). Loaded Objects now: 6389.
Memory consumption went from 228.6 MB to 227.8 MB.
Total: 9.486600 ms (FindLiveObjects: 0.949600 ms CreateObjectMapping: 0.432300 ms MarkObjects: 7.514400 ms  DeleteObjects: 0.588300 ms)

AssetImportParameters requested are different than current active one (requested -> active):
  custom:video-decoder-ogg-theora: a1e56fd34408186e4bbccfd4996cb3dc -> 
  custom:container-muxer-webm: aa71ff27fc2769a1b78a27578f13a17b -> 
  custom:container-demuxer-webm: 4f35f7cbe854078d1ac9338744f61a02 -> 
  custom:video-encoder-webm-vp8: eb34c28f22e8b96e1ab97ce403110664 -> 
  custom:audio-encoder-webm-vorbis: bf7c407c2cedff20999df2af8eb42d56 -> 
  custom:framework-win-MediaFoundation: 216162199b28c13a410421893ffa2e32 -> 
  custom:container-demuxer-ogg: 62fdf1f143b41e24485cea50d1cbac27 -> 
  custom:video-decoder-webm-vp8: 9c59270c3fd7afecdb556c50c9e8de78 -> 
  custom:audio-decoder-ogg-vorbis: bf7c407c2cedff20999df2af8eb42d56 -> 
========================================================================
Received Prepare
Registering precompiled user dll's ...
Registered in 0.015232 seconds.
Begin MonoManager ReloadAssembly
Symbol file LoadedFromMemory doesn't match image C:\Users\Joe\OneDrive\Documents\OnlyGodKnows\OGK Prototype\Library\PackageCache\com.unity.visualscripting@1.8.0\Editor\VisualScripting.Core\Dependencies\YamlDotNet\Unity.VisualScripting.YamlDotNet.dll
Symbol file LoadedFromMemory doesn't match image C:\Users\Joe\OneDrive\Documents\OnlyGodKnows\OGK Prototype\Library\PackageCache\com.unity.visualscripting@1.8.0\Editor\VisualScripting.Core\Dependencies\DotNetZip\Unity.VisualScripting.IonicZip.dll
Native extension for WindowsStandalone target not found
Refreshing native plugins compatible for Editor in 2.15 ms, found 3 plugins.
Preloading 0 native plugins for Editor in 0.00 ms.
Mono: successfully reloaded assembly
- Completed reload, in  1.876 seconds
Domain Reload Profiling:
	ReloadAssembly (1877ms)
		BeginReloadAssembly (201ms)
			ExecutionOrderSort (0ms)
			DisableScriptedObjects (7ms)
			BackupInstance (0ms)
			ReleaseScriptingObjects (0ms)
			CreateAndSetChildDomain (50ms)
		EndReloadAssembly (1509ms)
			LoadAssemblies (149ms)
			RebuildTransferFunctionScriptingTraits (0ms)
			SetupTypeCache (436ms)
			ReleaseScriptCaches (3ms)
			RebuildScriptCaches (71ms)
			SetupLoadedEditorAssemblies (721ms)
				LogAssemblyErrors (0ms)
				InitializePlatformSupportModulesInManaged (21ms)
				SetLoadedEditorAssemblies (1ms)
				RefreshPlugins (2ms)
				BeforeProcessingInitializeOnLoad (158ms)
				ProcessInitializeOnLoadAttributes (408ms)
				ProcessInitializeOnLoadMethodAttributes (108ms)
				AfterProcessingInitializeOnLoad (22ms)
				EditorAssembliesLoaded (0ms)
			ExecutionOrderSort2 (0ms)
			AwakeInstancesAfterBackupRestoration (19ms)
Platform modules already initialized, skipping
Refreshing native plugins compatible for Editor in 4.47 ms, found 3 plugins.
Preloading 0 native plugins for Editor in 0.00 ms.
Unloading 5618 Unused Serialized files (Serialized files now loaded: 0)
Unloading 31 unused Assets / (0.8 MB). Loaded Objects now: 6404.
Memory consumption went from 228.4 MB to 227.6 MB.
Total: 6.431700 ms (FindLiveObjects: 0.728700 ms CreateObjectMapping: 0.212900 ms MarkObjects: 4.978500 ms  DeleteObjects: 0.510000 ms)

AssetImportParameters requested are different than current active one (requested -> active):
  custom:video-decoder-ogg-theora: a1e56fd34408186e4bbccfd4996cb3dc -> 
  custom:container-muxer-webm: aa71ff27fc2769a1b78a27578f13a17b -> 
  custom:container-demuxer-webm: 4f35f7cbe854078d1ac9338744f61a02 -> 
  custom:video-encoder-webm-vp8: eb34c28f22e8b96e1ab97ce403110664 -> 
  custom:audio-encoder-webm-vorbis: bf7c407c2cedff20999df2af8eb42d56 -> 
  custom:framework-win-MediaFoundation: 216162199b28c13a410421893ffa2e32 -> 
  custom:container-demuxer-ogg: 62fdf1f143b41e24485cea50d1cbac27 -> 
  custom:video-decoder-webm-vp8: 9c59270c3fd7afecdb556c50c9e8de78 -> 
  custom:audio-decoder-ogg-vorbis: bf7c407c2cedff20999df2af8eb42d56 -> 
========================================================================
Received Prepare
Registering precompiled user dll's ...
Registered in 0.019085 seconds.
Begin MonoManager ReloadAssembly
Symbol file LoadedFromMemory doesn't match image C:\Users\Joe\OneDrive\Documents\OnlyGodKnows\OGK Prototype\Library\PackageCache\com.unity.visualscripting@1.8.0\Editor\VisualScripting.Core\Dependencies\YamlDotNet\Unity.VisualScripting.YamlDotNet.dll
Symbol file LoadedFromMemory doesn't match image C:\Users\Joe\OneDrive\Documents\OnlyGodKnows\OGK Prototype\Library\PackageCache\com.unity.visualscripting@1.8.0\Editor\VisualScripting.Core\Dependencies\DotNetZip\Unity.VisualScripting.IonicZip.dll
Native extension for WindowsStandalone target not found
Refreshing native plugins compatible for Editor in 1.45 ms, found 3 plugins.
Preloading 0 native plugins for Editor in 0.00 ms.
Mono: successfully reloaded assembly
- Completed reload, in  1.860 seconds
Domain Reload Profiling:
	ReloadAssembly (1861ms)
		BeginReloadAssembly (192ms)
			ExecutionOrderSort (0ms)
			DisableScriptedObjects (6ms)
			BackupInstance (0ms)
			ReleaseScriptingObjects (0ms)
			CreateAndSetChildDomain (49ms)
		EndReloadAssembly (1521ms)
			LoadAssemblies (141ms)
			RebuildTransferFunctionScriptingTraits (0ms)
			SetupTypeCache (430ms)
			ReleaseScriptCaches (3ms)
			RebuildScriptCaches (68ms)
			SetupLoadedEditorAssemblies (749ms)
				LogAssemblyErrors (0ms)
				InitializePlatformSupportModulesInManaged (19ms)
				SetLoadedEditorAssemblies (1ms)
				RefreshPlugins (2ms)
				BeforeProcessingInitializeOnLoad (165ms)
				ProcessInitializeOnLoadAttributes (435ms)
				ProcessInitializeOnLoadMethodAttributes (107ms)
				AfterProcessingInitializeOnLoad (19ms)
				EditorAssembliesLoaded (0ms)
			ExecutionOrderSort2 (0ms)
			AwakeInstancesAfterBackupRestoration (18ms)
Platform modules already initialized, skipping
Refreshing native plugins compatible for Editor in 4.09 ms, found 3 plugins.
Preloading 0 native plugins for Editor in 0.00 ms.
Unloading 5618 Unused Serialized files (Serialized files now loaded: 0)
Unloading 31 unused Assets / (0.8 MB). Loaded Objects now: 6419.
Memory consumption went from 228.4 MB to 227.7 MB.
Total: 6.055600 ms (FindLiveObjects: 0.607000 ms CreateObjectMapping: 0.199500 ms MarkObjects: 4.496200 ms  DeleteObjects: 0.750900 ms)

AssetImportParameters requested are different than current active one (requested -> active):
  custom:video-decoder-ogg-theora: a1e56fd34408186e4bbccfd4996cb3dc -> 
  custom:container-muxer-webm: aa71ff27fc2769a1b78a27578f13a17b -> 
  custom:container-demuxer-webm: 4f35f7cbe854078d1ac9338744f61a02 -> 
  custom:video-encoder-webm-vp8: eb34c28f22e8b96e1ab97ce403110664 -> 
  custom:audio-encoder-webm-vorbis: bf7c407c2cedff20999df2af8eb42d56 -> 
  custom:framework-win-MediaFoundation: 216162199b28c13a410421893ffa2e32 -> 
  custom:container-demuxer-ogg: 62fdf1f143b41e24485cea50d1cbac27 -> 
  custom:video-decoder-webm-vp8: 9c59270c3fd7afecdb556c50c9e8de78 -> 
  custom:audio-decoder-ogg-vorbis: bf7c407c2cedff20999df2af8eb42d56 -> 
========================================================================
Received Prepare
Registering precompiled user dll's ...
Registered in 0.014854 seconds.
Begin MonoManager ReloadAssembly
Symbol file LoadedFromMemory doesn't match image C:\Users\Joe\OneDrive\Documents\OnlyGodKnows\OGK Prototype\Library\PackageCache\com.unity.visualscripting@1.8.0\Editor\VisualScripting.Core\Dependencies\YamlDotNet\Unity.VisualScripting.YamlDotNet.dll
Symbol file LoadedFromMemory doesn't match image C:\Users\Joe\OneDrive\Documents\OnlyGodKnows\OGK Prototype\Library\PackageCache\com.unity.visualscripting@1.8.0\Editor\VisualScripting.Core\Dependencies\DotNetZip\Unity.VisualScripting.IonicZip.dll
Native extension for WindowsStandalone target not found
Refreshing native plugins compatible for Editor in 1.83 ms, found 3 plugins.
Preloading 0 native plugins for Editor in 0.00 ms.
Mono: successfully reloaded assembly
- Completed reload, in  2.341 seconds
Domain Reload Profiling:
	ReloadAssembly (2342ms)
		BeginReloadAssembly (310ms)
			ExecutionOrderSort (0ms)
			DisableScriptedObjects (7ms)
			BackupInstance (0ms)
			ReleaseScriptingObjects (0ms)
			CreateAndSetChildDomain (131ms)
		EndReloadAssembly (1848ms)
			LoadAssemblies (178ms)
			RebuildTransferFunctionScriptingTraits (0ms)
			SetupTypeCache (480ms)
			ReleaseScriptCaches (3ms)
			RebuildScriptCaches (76ms)
			SetupLoadedEditorAssemblies (819ms)
				LogAssemblyErrors (0ms)
				InitializePlatformSupportModulesInManaged (21ms)
				SetLoadedEditorAssemblies (1ms)
				RefreshPlugins (2ms)
				BeforeProcessingInitializeOnLoad (164ms)
				ProcessInitializeOnLoadAttributes (485ms)
				ProcessInitializeOnLoadMethodAttributes (120ms)
				AfterProcessingInitializeOnLoad (26ms)
				EditorAssembliesLoaded (0ms)
			ExecutionOrderSort2 (0ms)
			AwakeInstancesAfterBackupRestoration (21ms)
Platform modules already initialized, skipping
Refreshing native plugins compatible for Editor in 4.82 ms, found 3 plugins.
Preloading 0 native plugins for Editor in 0.00 ms.
Unloading 5618 Unused Serialized files (Serialized files now loaded: 0)
Unloading 31 unused Assets / (0.8 MB). Loaded Objects now: 6434.
Memory consumption went from 228.5 MB to 227.7 MB.
Total: 8.676500 ms (FindLiveObjects: 0.763400 ms CreateObjectMapping: 0.195800 ms MarkObjects: 6.877300 ms  DeleteObjects: 0.838100 ms)

AssetImportParameters requested are different than current active one (requested -> active):
  custom:video-decoder-ogg-theora: a1e56fd34408186e4bbccfd4996cb3dc -> 
  custom:container-muxer-webm: aa71ff27fc2769a1b78a27578f13a17b -> 
  custom:container-demuxer-webm: 4f35f7cbe854078d1ac9338744f61a02 -> 
  custom:video-encoder-webm-vp8: eb34c28f22e8b96e1ab97ce403110664 -> 
  custom:audio-encoder-webm-vorbis: bf7c407c2cedff20999df2af8eb42d56 -> 
  custom:framework-win-MediaFoundation: 216162199b28c13a410421893ffa2e32 -> 
  custom:container-demuxer-ogg: 62fdf1f143b41e24485cea50d1cbac27 -> 
  custom:video-decoder-webm-vp8: 9c59270c3fd7afecdb556c50c9e8de78 -> 
  custom:audio-decoder-ogg-vorbis: bf7c407c2cedff20999df2af8eb42d56 -> 
========================================================================
Received Prepare
Registering precompiled user dll's ...
Registered in 0.020309 seconds.
Begin MonoManager ReloadAssembly
Symbol file LoadedFromMemory doesn't match image C:\Users\Joe\OneDrive\Documents\OnlyGodKnows\OGK Prototype\Library\PackageCache\com.unity.visualscripting@1.8.0\Editor\VisualScripting.Core\Dependencies\YamlDotNet\Unity.VisualScripting.YamlDotNet.dll
Symbol file LoadedFromMemory doesn't match image C:\Users\Joe\OneDrive\Documents\OnlyGodKnows\OGK Prototype\Library\PackageCache\com.unity.visualscripting@1.8.0\Editor\VisualScripting.Core\Dependencies\DotNetZip\Unity.VisualScripting.IonicZip.dll
Native extension for WindowsStandalone target not found
Refreshing native plugins compatible for Editor in 1.87 ms, found 3 plugins.
Preloading 0 native plugins for Editor in 0.00 ms.
Mono: successfully reloaded assembly
- Completed reload, in  2.112 seconds
Domain Reload Profiling:
	ReloadAssembly (2113ms)
		BeginReloadAssembly (241ms)
			ExecutionOrderSort (0ms)
			DisableScriptedObjects (7ms)
			BackupInstance (0ms)
			ReleaseScriptingObjects (0ms)
			CreateAndSetChildDomain (71ms)
		EndReloadAssembly (1664ms)
			LoadAssemblies (206ms)
			RebuildTransferFunctionScriptingTraits (0ms)
			SetupTypeCache (470ms)
			ReleaseScriptCaches (3ms)
			RebuildScriptCaches (76ms)
			SetupLoadedEditorAssemblies (773ms)
				LogAssemblyErrors (0ms)
				InitializePlatformSupportModulesInManaged (22ms)
				SetLoadedEditorAssemblies (1ms)
				RefreshPlugins (2ms)
				BeforeProcessingInitializeOnLoad (165ms)
				ProcessInitializeOnLoadAttributes (447ms)
				ProcessInitializeOnLoadMethodAttributes (113ms)
				AfterProcessingInitializeOnLoad (22ms)
				EditorAssembliesLoaded (0ms)
			ExecutionOrderSort2 (0ms)
			AwakeInstancesAfterBackupRestoration (21ms)
Platform modules already initialized, skipping
Refreshing native plugins compatible for Editor in 5.77 ms, found 3 plugins.
Preloading 0 native plugins for Editor in 0.00 ms.
Unloading 5618 Unused Serialized files (Serialized files now loaded: 0)
Unloading 31 unused Assets / (0.8 MB). Loaded Objects now: 6449.
Memory consumption went from 228.5 MB to 227.7 MB.
Total: 6.085800 ms (FindLiveObjects: 0.664900 ms CreateObjectMapping: 0.213600 ms MarkObjects: 4.618800 ms  DeleteObjects: 0.586600 ms)

AssetImportParameters requested are different than current active one (requested -> active):
  custom:video-decoder-ogg-theora: a1e56fd34408186e4bbccfd4996cb3dc -> 
  custom:container-muxer-webm: aa71ff27fc2769a1b78a27578f13a17b -> 
  custom:container-demuxer-webm: 4f35f7cbe854078d1ac9338744f61a02 -> 
  custom:video-encoder-webm-vp8: eb34c28f22e8b96e1ab97ce403110664 -> 
  custom:audio-encoder-webm-vorbis: bf7c407c2cedff20999df2af8eb42d56 -> 
  custom:framework-win-MediaFoundation: 216162199b28c13a410421893ffa2e32 -> 
  custom:container-demuxer-ogg: 62fdf1f143b41e24485cea50d1cbac27 -> 
  custom:video-decoder-webm-vp8: 9c59270c3fd7afecdb556c50c9e8de78 -> 
  custom:audio-decoder-ogg-vorbis: bf7c407c2cedff20999df2af8eb42d56 -> 
