Using pre-set license
Built from '2021.3/release' branch; Version is '2021.3.17f1 (3e8111cac19d) revision 4096273'; Using compiler version '192829333'; Build Type 'Release'
OS: 'Windows 11  (10.0.22621) 64bit Core' Language: 'en' Physical Memory: 32453 MB
BatchMode: 1, IsHumanControllingUs: 0, StartBugReporterOnCrash: 0, Is64bit: 1, IsPro: 1

COMMAND LINE ARGUMENTS:
D:\Unity\Editor\2021.3.17f1\Editor\Unity.exe
-adb2
-batchMode
-noUpm
-name
AssetImportWorker2
-projectPath
E:/GitHub Clone/OnlyGodKnows/OGK Prototype
-logFile
Logs/AssetImportWorker2.log
-srvPort
51548
Successfully changed project path to: E:/GitHub Clone/OnlyGodKnows/OGK Prototype
E:/GitHub Clone/OnlyGodKnows/OGK Prototype
[UnityMemory] Configuration Parameters - Can be set up in boot.config
    "memorysetup-bucket-allocator-granularity=16"
    "memorysetup-bucket-allocator-bucket-count=8"
    "memorysetup-bucket-allocator-block-size=33554432"
    "memorysetup-bucket-allocator-block-count=8"
    "memorysetup-main-allocator-block-size=16777216"
    "memorysetup-thread-allocator-block-size=16777216"
    "memorysetup-gfx-main-allocator-block-size=16777216"
    "memorysetup-gfx-thread-allocator-block-size=16777216"
    "memorysetup-cache-allocator-block-size=4194304"
    "memorysetup-typetree-allocator-block-size=2097152"
    "memorysetup-profiler-bucket-allocator-granularity=16"
    "memorysetup-profiler-bucket-allocator-bucket-count=8"
    "memorysetup-profiler-bucket-allocator-block-size=33554432"
    "memorysetup-profiler-bucket-allocator-block-count=8"
    "memorysetup-profiler-allocator-block-size=16777216"
    "memorysetup-profiler-editor-allocator-block-size=1048576"
    "memorysetup-temp-allocator-size-main=16777216"
    "memorysetup-job-temp-allocator-block-size=2097152"
    "memorysetup-job-temp-allocator-block-size-background=1048576"
    "memorysetup-job-temp-allocator-reduction-small-platforms=262144"
    "memorysetup-temp-allocator-size-background-worker=32768"
    "memorysetup-temp-allocator-size-job-worker=262144"
    "memorysetup-temp-allocator-size-preload-manager=33554432"
    "memorysetup-temp-allocator-size-nav-mesh-worker=65536"
    "memorysetup-temp-allocator-size-audio-worker=65536"
    "memorysetup-temp-allocator-size-cloud-worker=32768"
    "memorysetup-temp-allocator-size-gi-baking-worker=262144"
    "memorysetup-temp-allocator-size-gfx=262144"
Player connection [13604] Host "[IP] 192.168.0.88 [Port] 0 [Flags] 2 [Guid] 1079481025 [EditorId] 1079481025 [Version] 1048832 [Id] WindowsEditor(7,MSI) [Debug] 1 [PackageName] WindowsEditor [ProjectName] Editor" joined multi-casting on [225.0.0.222:54997]...

Player connection [13604] Host "[IP] 192.168.0.88 [Port] 0 [Flags] 2 [Guid] 1079481025 [EditorId] 1079481025 [Version] 1048832 [Id] WindowsEditor(7,MSI) [Debug] 1 [PackageName] WindowsEditor [ProjectName] Editor" joined alternative multi-casting on [225.0.0.222:34997]...

Refreshing native plugins compatible for Editor in 120.91 ms, found 3 plugins.
Preloading 0 native plugins for Editor in 0.00 ms.
Initialize engine version: 2021.3.17f1 (3e8111cac19d)
[Subsystems] Discovering subsystems at path D:/Unity/Editor/2021.3.17f1/Editor/Data/Resources/UnitySubsystems
[Subsystems] Discovering subsystems at path E:/GitHub Clone/OnlyGodKnows/OGK Prototype/Assets
GfxDevice: creating device client; threaded=0; jobified=0
Direct3D:
    Version:  Direct3D 11.0 [level 11.1]
    Renderer: NVIDIA GeForce RTX 3070 Laptop GPU (ID=0x249d)
    Vendor:   NVIDIA
    VRAM:     8033 MB
    Driver:   31.0.15.2824
Initialize mono
Mono path[0] = 'D:/Unity/Editor/2021.3.17f1/Editor/Data/Managed'
Mono path[1] = 'D:/Unity/Editor/2021.3.17f1/Editor/Data/MonoBleedingEdge/lib/mono/unityjit-win32'
Mono config path = 'D:/Unity/Editor/2021.3.17f1/Editor/Data/MonoBleedingEdge/etc'
Using monoOptions --debugger-agent=transport=dt_socket,embedding=1,server=y,suspend=n,address=127.0.0.1:56496
Begin MonoManager ReloadAssembly
Registering precompiled unity dll's ...
Register platform support module: D:/Unity/Editor/2021.3.17f1/Editor/Data/PlaybackEngines/WindowsStandaloneSupport/UnityEditor.WindowsStandalone.Extensions.dll
Registered in 0.001875 seconds.
Native extension for WindowsStandalone target not found
Refreshing native plugins compatible for Editor in 114.22 ms, found 3 plugins.
Preloading 0 native plugins for Editor in 0.00 ms.
Mono: successfully reloaded assembly
- Completed reload, in  0.658 seconds
Domain Reload Profiling:
	ReloadAssembly (659ms)
		BeginReloadAssembly (70ms)
			ExecutionOrderSort (0ms)
			DisableScriptedObjects (0ms)
			BackupInstance (0ms)
			ReleaseScriptingObjects (0ms)
			CreateAndSetChildDomain (1ms)
		EndReloadAssembly (505ms)
			LoadAssemblies (70ms)
			RebuildTransferFunctionScriptingTraits (0ms)
			SetupTypeCache (125ms)
			ReleaseScriptCaches (0ms)
			RebuildScriptCaches (28ms)
			SetupLoadedEditorAssemblies (303ms)
				LogAssemblyErrors (0ms)
				InitializePlatformSupportModulesInManaged (6ms)
				SetLoadedEditorAssemblies (0ms)
				RefreshPlugins (114ms)
				BeforeProcessingInitializeOnLoad (2ms)
				ProcessInitializeOnLoadAttributes (140ms)
				ProcessInitializeOnLoadMethodAttributes (41ms)
				AfterProcessingInitializeOnLoad (0ms)
				EditorAssembliesLoaded (0ms)
			ExecutionOrderSort2 (0ms)
			AwakeInstancesAfterBackupRestoration (0ms)
Platform modules already initialized, skipping
Registering precompiled user dll's ...
Registered in 0.007095 seconds.
Begin MonoManager ReloadAssembly
Native extension for WindowsStandalone target not found
Refreshing native plugins compatible for Editor in 97.98 ms, found 3 plugins.
Preloading 0 native plugins for Editor in 0.00 ms.
Mono: successfully reloaded assembly
- Completed reload, in  1.205 seconds
Domain Reload Profiling:
	ReloadAssembly (1206ms)
		BeginReloadAssembly (98ms)
			ExecutionOrderSort (0ms)
			DisableScriptedObjects (4ms)
			BackupInstance (0ms)
			ReleaseScriptingObjects (0ms)
			CreateAndSetChildDomain (18ms)
		EndReloadAssembly (1006ms)
			LoadAssemblies (84ms)
			RebuildTransferFunctionScriptingTraits (0ms)
			SetupTypeCache (301ms)
			ReleaseScriptCaches (1ms)
			RebuildScriptCaches (59ms)
			SetupLoadedEditorAssemblies (533ms)
				LogAssemblyErrors (0ms)
				InitializePlatformSupportModulesInManaged (3ms)
				SetLoadedEditorAssemblies (0ms)
				RefreshPlugins (98ms)
				BeforeProcessingInitializeOnLoad (89ms)
				ProcessInitializeOnLoadAttributes (279ms)
				ProcessInitializeOnLoadMethodAttributes (62ms)
				AfterProcessingInitializeOnLoad (2ms)
				EditorAssembliesLoaded (0ms)
			ExecutionOrderSort2 (0ms)
			AwakeInstancesAfterBackupRestoration (5ms)
Platform modules already initialized, skipping
========================================================================
Worker process is ready to serve import requests
Launched and connected shader compiler UnityShaderCompiler.exe after 0.04 seconds
Refreshing native plugins compatible for Editor in 1.68 ms, found 3 plugins.
Preloading 0 native plugins for Editor in 0.00 ms.
Unloading 5766 Unused Serialized files (Serialized files now loaded: 0)
Unloading 52 unused Assets / (0.8 MB). Loaded Objects now: 6217.
Memory consumption went from 228.9 MB to 228.1 MB.
Total: 5.864800 ms (FindLiveObjects: 0.540300 ms CreateObjectMapping: 0.514800 ms MarkObjects: 4.426800 ms  DeleteObjects: 0.381000 ms)

AssetImportParameters requested are different than current active one (requested -> active):
  custom:video-decoder-ogg-theora: a1e56fd34408186e4bbccfd4996cb3dc -> 
  custom:container-muxer-webm: aa71ff27fc2769a1b78a27578f13a17b -> 
  custom:container-demuxer-webm: 4f35f7cbe854078d1ac9338744f61a02 -> 
  custom:video-encoder-webm-vp8: eb34c28f22e8b96e1ab97ce403110664 -> 
  custom:audio-encoder-webm-vorbis: bf7c407c2cedff20999df2af8eb42d56 -> 
  custom:framework-win-MediaFoundation: 216162199b28c13a410421893ffa2e32 -> 
  custom:container-demuxer-ogg: 62fdf1f143b41e24485cea50d1cbac27 -> 
  custom:video-decoder-webm-vp8: 9c59270c3fd7afecdb556c50c9e8de78 -> 
  custom:audio-decoder-ogg-vorbis: bf7c407c2cedff20999df2af8eb42d56 -> 
========================================================================
Received Import Request.
  Time since last request: 150730.581908 seconds.
  path: Assets/3D Objects/Materials/Cultist/blindfold_basecolor.png
  artifactKey: Guid(0a3967c1a6683df40812fb35e38448b1) Importer(815301076,1909f56bfc062723c751e8b465ee728b)
Start importing Assets/3D Objects/Materials/Cultist/blindfold_basecolor.png using Guid(0a3967c1a6683df40812fb35e38448b1) Importer(815301076,1909f56bfc062723c751e8b465ee728b)  -> (artifact id: '15e59bc4b67ec42864f950b42a297add') in 0.069434 seconds 
========================================================================
Received Import Request.
  Time since last request: 0.000033 seconds.
  path: Assets/3D Objects/Materials/Cultist/Cultist_female_basecolor.png
  artifactKey: Guid(955dc7b77ee77c246ba8afc68e4752fa) Importer(815301076,1909f56bfc062723c751e8b465ee728b)
Start importing Assets/3D Objects/Materials/Cultist/Cultist_female_basecolor.png using Guid(955dc7b77ee77c246ba8afc68e4752fa) Importer(815301076,1909f56bfc062723c751e8b465ee728b)  -> (artifact id: '149ef17a6052c138d6b9d634d4739f73') in 0.010898 seconds 
========================================================================
Received Import Request.
  Time since last request: 10.962483 seconds.
  path: Assets/Materials/ShagCarpetBeige.mat
  artifactKey: Guid(aa38d572f5488ad43aa46b9ca2e94d35) Importer(815301076,1909f56bfc062723c751e8b465ee728b)
Start importing Assets/Materials/ShagCarpetBeige.mat using Guid(aa38d572f5488ad43aa46b9ca2e94d35) Importer(815301076,1909f56bfc062723c751e8b465ee728b)  -> (artifact id: 'eb79caafae4e15f82299bfa62e719760') in 0.185456 seconds 
========================================================================
Received Import Request.
  Time since last request: 0.000028 seconds.
  path: Assets/URP-PSX/Assets/Materials/Shelf 2 Jitter.mat
  artifactKey: Guid(c0553f78897b013459469fdd1c09675c) Importer(815301076,1909f56bfc062723c751e8b465ee728b)
Start importing Assets/URP-PSX/Assets/Materials/Shelf 2 Jitter.mat using Guid(c0553f78897b013459469fdd1c09675c) Importer(815301076,1909f56bfc062723c751e8b465ee728b)  -> (artifact id: '8af22876547f8122822e56598b59e753') in 0.015829 seconds 
========================================================================
Received Import Request.
  Time since last request: 0.000058 seconds.
  path: Assets/URP-PSX/Assets/Materials/Shelf 3 Jitter.mat
  artifactKey: Guid(cd9d7b48e0fa53c43aafb5fd9fab9397) Importer(815301076,1909f56bfc062723c751e8b465ee728b)
Start importing Assets/URP-PSX/Assets/Materials/Shelf 3 Jitter.mat using Guid(cd9d7b48e0fa53c43aafb5fd9fab9397) Importer(815301076,1909f56bfc062723c751e8b465ee728b)  -> (artifact id: '0fabc06788d53d2c903212cd0a58d33a') in 0.015635 seconds 
========================================================================
Received Import Request.
  Time since last request: 128.762856 seconds.
  path: Assets/Textures/AluminumMetal.jpg
  artifactKey: Guid(29dbe846974b0dc4a814b0c18f160e77) Importer(815301076,1909f56bfc062723c751e8b465ee728b)
Start importing Assets/Textures/AluminumMetal.jpg using Guid(29dbe846974b0dc4a814b0c18f160e77) Importer(815301076,1909f56bfc062723c751e8b465ee728b)  -> (artifact id: 'b99c5689798b8ac7f5d88af8a892220f') in 0.018604 seconds 
========================================================================
Received Import Request.
  Time since last request: 0.000042 seconds.
  path: Assets/Textures/ChurchWall.jpg
  artifactKey: Guid(94fcd9e1618a4114dbb4dbb8e6ef3737) Importer(815301076,1909f56bfc062723c751e8b465ee728b)
Start importing Assets/Textures/ChurchWall.jpg using Guid(94fcd9e1618a4114dbb4dbb8e6ef3737) Importer(815301076,1909f56bfc062723c751e8b465ee728b)  -> (artifact id: '62aec8f6004fe159eb5e191b384b5f42') in 0.013161 seconds 
========================================================================
Received Import Request.
  Time since last request: 0.000036 seconds.
  path: Assets/Textures/FarmhouseBedroomWallpaper.png
  artifactKey: Guid(2050f0872bc90ce4d8c6c2ec9774f1ed) Importer(815301076,1909f56bfc062723c751e8b465ee728b)
Start importing Assets/Textures/FarmhouseBedroomWallpaper.png using Guid(2050f0872bc90ce4d8c6c2ec9774f1ed) Importer(815301076,1909f56bfc062723c751e8b465ee728b)  -> (artifact id: '3286584ef4c866fd4b6391d93cd3ecc8') in 0.025618 seconds 
========================================================================
Received Import Request.
  Time since last request: 0.000036 seconds.
  path: Assets/Textures/GrassTiled3.png
  artifactKey: Guid(c085777ce551ffb48b1ce96848c3b9d4) Importer(815301076,1909f56bfc062723c751e8b465ee728b)
Start importing Assets/Textures/GrassTiled3.png using Guid(c085777ce551ffb48b1ce96848c3b9d4) Importer(815301076,1909f56bfc062723c751e8b465ee728b)  -> (artifact id: 'dbe7d5938242614afea6de1b6a4a6c34') in 0.012919 seconds 
========================================================================
Received Import Request.
  Time since last request: 0.000028 seconds.
  path: Assets/Textures/FarmhouseKitchenFloor2.PNG
  artifactKey: Guid(bfdbd58e4ce518a4f9fb8399df7b3239) Importer(815301076,1909f56bfc062723c751e8b465ee728b)
Start importing Assets/Textures/FarmhouseKitchenFloor2.PNG using Guid(bfdbd58e4ce518a4f9fb8399df7b3239) Importer(815301076,1909f56bfc062723c751e8b465ee728b)  -> (artifact id: '39f93a978f15e7d6d9706b3b38c4d29f') in 0.021837 seconds 
========================================================================
Received Import Request.
  Time since last request: 0.000036 seconds.
  path: Assets/Textures/FarmhouseCeiling.PNG
  artifactKey: Guid(8304a926cc8709b42ba3e8e73e37b9c1) Importer(815301076,1909f56bfc062723c751e8b465ee728b)
Start importing Assets/Textures/FarmhouseCeiling.PNG using Guid(8304a926cc8709b42ba3e8e73e37b9c1) Importer(815301076,1909f56bfc062723c751e8b465ee728b)  -> (artifact id: 'c5b67a39a36e09936462e7cd1b45ee48') in 0.016475 seconds 
========================================================================
Received Import Request.
  Time since last request: 3.009213 seconds.
  path: Assets/Textures/seamless_rock_face_texture_by_hhh316_d4hqxwx.jpg
  artifactKey: Guid(66f6df021bbb45b46b0a1d5dad3806b1) Importer(815301076,1909f56bfc062723c751e8b465ee728b)
Start importing Assets/Textures/seamless_rock_face_texture_by_hhh316_d4hqxwx.jpg using Guid(66f6df021bbb45b46b0a1d5dad3806b1) Importer(815301076,1909f56bfc062723c751e8b465ee728b)  -> (artifact id: 'd23df3a141a5d23a5609a00a42a802c0') in 0.021325 seconds 
========================================================================
Received Import Request.
  Time since last request: 0.000024 seconds.
  path: Assets/Textures/ShinglesTiled1.jpg
  artifactKey: Guid(7be81065f9540d7418022994143c444a) Importer(815301076,1909f56bfc062723c751e8b465ee728b)
Start importing Assets/Textures/ShinglesTiled1.jpg using Guid(7be81065f9540d7418022994143c444a) Importer(815301076,1909f56bfc062723c751e8b465ee728b)  -> (artifact id: '26bedad314f5430ba421fcf6e6aab0ce') in 0.011553 seconds 
========================================================================
Received Import Request.
  Time since last request: 0.000028 seconds.
  path: Assets/Textures/Siding.jpg
  artifactKey: Guid(e79f1e55cfc4eb44cb8953f3cbafa687) Importer(815301076,1909f56bfc062723c751e8b465ee728b)
Start importing Assets/Textures/Siding.jpg using Guid(e79f1e55cfc4eb44cb8953f3cbafa687) Importer(815301076,1909f56bfc062723c751e8b465ee728b)  -> (artifact id: '0994c781fff41276b96515e2c2cbb467') in 0.011642 seconds 
Editor requested this worker to shutdown with reason: Scaling down because of idle timeout
AssetImportWorker is now disconnected from the server
Process exiting
Exiting without the bug reporter. Application will terminate with return code 0