Using pre-set license
Built from '2021.3/release' branch; Version is '2021.3.17f1 (3e8111cac19d) revision 4096273'; Using compiler version '192829333'; Build Type 'Release'
OS: 'Windows 11  (10.0.22000) 64bit Core' Language: 'en' Physical Memory: 16085 MB
BatchMode: 1, IsHumanControllingUs: 0, StartBugReporterOnCrash: 0, Is64bit: 1, IsPro: 1

COMMAND LINE ARGUMENTS:
C:\Program Files\Unity\Hub\Editor\2021.3.17f1\Editor\Unity.exe
-adb2
-batchMode
-noUpm
-name
AssetImportWorker2
-projectPath
C:/Users/Sam Henderson/Desktop/Projects/OnlyGodKnows/OGK Prototype
-logFile
Logs/AssetImportWorker2.log
-srvPort
61346
Successfully changed project path to: C:/Users/Sam Henderson/Desktop/Projects/OnlyGodKnows/OGK Prototype
C:/Users/Sam Henderson/Desktop/Projects/OnlyGodKnows/OGK Prototype
[UnityMemory] Configuration Parameters - Can be set up in boot.config
    "memorysetup-bucket-allocator-granularity=16"
    "memorysetup-bucket-allocator-bucket-count=8"
    "memorysetup-bucket-allocator-block-size=33554432"
    "memorysetup-bucket-allocator-block-count=8"
    "memorysetup-main-allocator-block-size=16777216"
    "memorysetup-thread-allocator-block-size=16777216"
    "memorysetup-gfx-main-allocator-block-size=16777216"
    "memorysetup-gfx-thread-allocator-block-size=16777216"
    "memorysetup-cache-allocator-block-size=4194304"
    "memorysetup-typetree-allocator-block-size=2097152"
    "memorysetup-profiler-bucket-allocator-granularity=16"
    "memorysetup-profiler-bucket-allocator-bucket-count=8"
    "memorysetup-profiler-bucket-allocator-block-size=33554432"
    "memorysetup-profiler-bucket-allocator-block-count=8"
    "memorysetup-profiler-allocator-block-size=16777216"
    "memorysetup-profiler-editor-allocator-block-size=1048576"
    "memorysetup-temp-allocator-size-main=16777216"
    "memorysetup-job-temp-allocator-block-size=2097152"
    "memorysetup-job-temp-allocator-block-size-background=1048576"
    "memorysetup-job-temp-allocator-reduction-small-platforms=262144"
    "memorysetup-temp-allocator-size-background-worker=32768"
    "memorysetup-temp-allocator-size-job-worker=262144"
    "memorysetup-temp-allocator-size-preload-manager=33554432"
    "memorysetup-temp-allocator-size-nav-mesh-worker=65536"
    "memorysetup-temp-allocator-size-audio-worker=65536"
    "memorysetup-temp-allocator-size-cloud-worker=32768"
    "memorysetup-temp-allocator-size-gi-baking-worker=262144"
    "memorysetup-temp-allocator-size-gfx=262144"
Player connection [25660] Host "[IP] 10.16.1.14 [Port] 0 [Flags] 2 [Guid] 1761305840 [EditorId] 1761305840 [Version] 1048832 [Id] WindowsEditor(7,MSI) [Debug] 1 [PackageName] WindowsEditor [ProjectName] Editor" joined multi-casting on [225.0.0.222:54997]...

Player connection [25660] Host "[IP] 10.16.1.14 [Port] 0 [Flags] 2 [Guid] 1761305840 [EditorId] 1761305840 [Version] 1048832 [Id] WindowsEditor(7,MSI) [Debug] 1 [PackageName] WindowsEditor [ProjectName] Editor" joined alternative multi-casting on [225.0.0.222:34997]...

Refreshing native plugins compatible for Editor in 81.60 ms, found 3 plugins.
Preloading 0 native plugins for Editor in 0.00 ms.
Initialize engine version: 2021.3.17f1 (3e8111cac19d)
[Subsystems] Discovering subsystems at path C:/Program Files/Unity/Hub/Editor/2021.3.17f1/Editor/Data/Resources/UnitySubsystems
[Subsystems] Discovering subsystems at path C:/Users/Sam Henderson/Desktop/Projects/OnlyGodKnows/OGK Prototype/Assets
GfxDevice: creating device client; threaded=0; jobified=0
Direct3D:
    Version:  Direct3D 11.0 [level 11.1]
    Renderer: NVIDIA GeForce RTX 3060 Laptop GPU (ID=0x2520)
    Vendor:   NVIDIA
    VRAM:     6009 MB
    Driver:   31.0.15.2849
Initialize mono
Mono path[0] = 'C:/Program Files/Unity/Hub/Editor/2021.3.17f1/Editor/Data/Managed'
Mono path[1] = 'C:/Program Files/Unity/Hub/Editor/2021.3.17f1/Editor/Data/MonoBleedingEdge/lib/mono/unityjit-win32'
Mono config path = 'C:/Program Files/Unity/Hub/Editor/2021.3.17f1/Editor/Data/MonoBleedingEdge/etc'
Using monoOptions --debugger-agent=transport=dt_socket,embedding=1,server=y,suspend=n,address=127.0.0.1:56636
Begin MonoManager ReloadAssembly
Registering precompiled unity dll's ...
Register platform support module: C:/Program Files/Unity/Hub/Editor/2021.3.17f1/Editor/Data/PlaybackEngines/WebGLSupport/UnityEditor.WebGL.Extensions.dll
Register platform support module: C:/Program Files/Unity/Hub/Editor/2021.3.17f1/Editor/Data/PlaybackEngines/WindowsStandaloneSupport/UnityEditor.WindowsStandalone.Extensions.dll
Registered in 0.002939 seconds.
Native extension for WindowsStandalone target not found
Native extension for WebGL target not found
Refreshing native plugins compatible for Editor in 77.16 ms, found 3 plugins.
Preloading 0 native plugins for Editor in 0.00 ms.
Mono: successfully reloaded assembly
- Completed reload, in  0.479 seconds
Domain Reload Profiling:
	ReloadAssembly (479ms)
		BeginReloadAssembly (65ms)
			ExecutionOrderSort (0ms)
			DisableScriptedObjects (0ms)
			BackupInstance (0ms)
			ReleaseScriptingObjects (0ms)
			CreateAndSetChildDomain (1ms)
		EndReloadAssembly (324ms)
			LoadAssemblies (64ms)
			RebuildTransferFunctionScriptingTraits (0ms)
			SetupTypeCache (83ms)
			ReleaseScriptCaches (0ms)
			RebuildScriptCaches (16ms)
			SetupLoadedEditorAssemblies (189ms)
				LogAssemblyErrors (0ms)
				InitializePlatformSupportModulesInManaged (5ms)
				SetLoadedEditorAssemblies (0ms)
				RefreshPlugins (77ms)
				BeforeProcessingInitializeOnLoad (1ms)
				ProcessInitializeOnLoadAttributes (77ms)
				ProcessInitializeOnLoadMethodAttributes (28ms)
				AfterProcessingInitializeOnLoad (0ms)
				EditorAssembliesLoaded (0ms)
			ExecutionOrderSort2 (0ms)
			AwakeInstancesAfterBackupRestoration (0ms)
Platform modules already initialized, skipping
Registering precompiled user dll's ...
Registered in 0.003626 seconds.
Begin MonoManager ReloadAssembly
Symbol file LoadedFromMemory doesn't match image C:\Users\Sam Henderson\Desktop\Projects\OnlyGodKnows\OGK Prototype\Library\PackageCache\com.unity.visualscripting@1.8.0\Editor\VisualScripting.Core\Dependencies\YamlDotNet\Unity.VisualScripting.YamlDotNet.dll
Symbol file LoadedFromMemory doesn't match image C:\Users\Sam Henderson\Desktop\Projects\OnlyGodKnows\OGK Prototype\Library\PackageCache\com.unity.visualscripting@1.8.0\Editor\VisualScripting.Core\Dependencies\DotNetZip\Unity.VisualScripting.IonicZip.dll
Native extension for WindowsStandalone target not found
Native extension for WebGL target not found
Refreshing native plugins compatible for Editor in 71.92 ms, found 3 plugins.
Preloading 0 native plugins for Editor in 0.00 ms.
Mono: successfully reloaded assembly
- Completed reload, in  0.942 seconds
Domain Reload Profiling:
	ReloadAssembly (943ms)
		BeginReloadAssembly (69ms)
			ExecutionOrderSort (0ms)
			DisableScriptedObjects (3ms)
			BackupInstance (0ms)
			ReleaseScriptingObjects (0ms)
			CreateAndSetChildDomain (15ms)
		EndReloadAssembly (798ms)
			LoadAssemblies (57ms)
			RebuildTransferFunctionScriptingTraits (0ms)
			SetupTypeCache (224ms)
			ReleaseScriptCaches (1ms)
			RebuildScriptCaches (42ms)
			SetupLoadedEditorAssemblies (441ms)
				LogAssemblyErrors (0ms)
				InitializePlatformSupportModulesInManaged (3ms)
				SetLoadedEditorAssemblies (0ms)
				RefreshPlugins (72ms)
				BeforeProcessingInitializeOnLoad (77ms)
				ProcessInitializeOnLoadAttributes (232ms)
				ProcessInitializeOnLoadMethodAttributes (52ms)
				AfterProcessingInitializeOnLoad (4ms)
				EditorAssembliesLoaded (0ms)
			ExecutionOrderSort2 (0ms)
			AwakeInstancesAfterBackupRestoration (4ms)
Platform modules already initialized, skipping
========================================================================
Worker process is ready to serve import requests
Launched and connected shader compiler UnityShaderCompiler.exe after 0.07 seconds
Refreshing native plugins compatible for Editor in 0.75 ms, found 3 plugins.
Preloading 0 native plugins for Editor in 0.00 ms.
Unloading 5755 Unused Serialized files (Serialized files now loaded: 0)
Unloading 52 unused Assets / (0.8 MB). Loaded Objects now: 6208.
Memory consumption went from 229.0 MB to 228.2 MB.
Total: 4.286700 ms (FindLiveObjects: 0.473300 ms CreateObjectMapping: 0.195300 ms MarkObjects: 3.257800 ms  DeleteObjects: 0.359300 ms)

AssetImportParameters requested are different than current active one (requested -> active):
  custom:video-decoder-ogg-theora: a1e56fd34408186e4bbccfd4996cb3dc -> 
  custom:container-muxer-webm: aa71ff27fc2769a1b78a27578f13a17b -> 
  custom:container-demuxer-webm: 4f35f7cbe854078d1ac9338744f61a02 -> 
  custom:video-encoder-webm-vp8: eb34c28f22e8b96e1ab97ce403110664 -> 
  custom:audio-encoder-webm-vorbis: bf7c407c2cedff20999df2af8eb42d56 -> 
  custom:framework-win-MediaFoundation: 216162199b28c13a410421893ffa2e32 -> 
  custom:container-demuxer-ogg: 62fdf1f143b41e24485cea50d1cbac27 -> 
  custom:video-decoder-webm-vp8: 9c59270c3fd7afecdb556c50c9e8de78 -> 
  custom:audio-decoder-ogg-vorbis: bf7c407c2cedff20999df2af8eb42d56 -> 
========================================================================
Received Import Request.
  Time since last request: 531117.632261 seconds.
  path: Assets/Textures/BookPage1.PNG
  artifactKey: Guid(49250c00197dcae468b430582352e164) Importer(815301076,1909f56bfc062723c751e8b465ee728b)
Start importing Assets/Textures/BookPage1.PNG using Guid(49250c00197dcae468b430582352e164) Importer(815301076,1909f56bfc062723c751e8b465ee728b)  -> (artifact id: 'fa2974a0c9345b6b7562d53cf9116e57') in 0.059372 seconds 
========================================================================
Received Import Request.
  Time since last request: 0.000024 seconds.
  path: Assets/Textures/ConvenienceStoreSign.PNG
  artifactKey: Guid(1718ffe625cf3614786c08a764ff61f7) Importer(815301076,1909f56bfc062723c751e8b465ee728b)
Start importing Assets/Textures/ConvenienceStoreSign.PNG using Guid(1718ffe625cf3614786c08a764ff61f7) Importer(815301076,1909f56bfc062723c751e8b465ee728b)  -> (artifact id: '45dbbc45594a1fbe7c2957b95bee3f25') in 0.010117 seconds 
========================================================================
Received Import Request.
  Time since last request: 0.000024 seconds.
  path: Assets/Textures/PadlockNumber7.PNG
  artifactKey: Guid(3bc78587fcc796145892d0147716a0dd) Importer(815301076,1909f56bfc062723c751e8b465ee728b)
Start importing Assets/Textures/PadlockNumber7.PNG using Guid(3bc78587fcc796145892d0147716a0dd) Importer(815301076,1909f56bfc062723c751e8b465ee728b)  -> (artifact id: 'f35fa0a9eeb8b826fe062aa9661eb2ba') in 0.013645 seconds 
========================================================================
Received Import Request.
  Time since last request: 0.000020 seconds.
  path: Assets/Textures/CarWheelWhiteBorder.PNG
  artifactKey: Guid(f67d57b2f39f3a740b48a007c2307c03) Importer(815301076,1909f56bfc062723c751e8b465ee728b)
Start importing Assets/Textures/CarWheelWhiteBorder.PNG using Guid(f67d57b2f39f3a740b48a007c2307c03) Importer(815301076,1909f56bfc062723c751e8b465ee728b)  -> (artifact id: '2c131aa6b08ccc6215faa44ce2645c25') in 0.022668 seconds 
========================================================================
Received Import Request.
  Time since last request: 0.000017 seconds.
  path: Assets/Textures/ClosedBookFront1.PNG
  artifactKey: Guid(670c348cfda2990469ef0e2de77cf0b1) Importer(815301076,1909f56bfc062723c751e8b465ee728b)
Start importing Assets/Textures/ClosedBookFront1.PNG using Guid(670c348cfda2990469ef0e2de77cf0b1) Importer(815301076,1909f56bfc062723c751e8b465ee728b)  -> (artifact id: '3393029f0c76637ef04636bba0761e61') in 0.010707 seconds 
========================================================================
Received Import Request.
  Time since last request: 0.000034 seconds.
  path: Assets/Textures/StarsSkybox.png
  artifactKey: Guid(4e642fda5c1d63040b2eacb37f1db8a7) Importer(815301076,1909f56bfc062723c751e8b465ee728b)
Start importing Assets/Textures/StarsSkybox.png using Guid(4e642fda5c1d63040b2eacb37f1db8a7) Importer(815301076,1909f56bfc062723c751e8b465ee728b)  -> (artifact id: '116460fb9c59fdebce3893c72ec37089') in 0.011749 seconds 
========================================================================
Received Import Request.
  Time since last request: 0.000030 seconds.
  path: Assets/Textures/Grass.PNG
  artifactKey: Guid(f786792a053fdf143adf71b01f843734) Importer(815301076,1909f56bfc062723c751e8b465ee728b)
Start importing Assets/Textures/Grass.PNG using Guid(f786792a053fdf143adf71b01f843734) Importer(815301076,1909f56bfc062723c751e8b465ee728b)  -> (artifact id: '8fe7e45fdbaa982e7870667aeac01b34') in 0.012365 seconds 
========================================================================
Received Import Request.
  Time since last request: 0.000018 seconds.
  path: Assets/Textures/pillar_random02_texture.png
  artifactKey: Guid(caece9fbdb5edb740849e1cbf2d3a34e) Importer(815301076,1909f56bfc062723c751e8b465ee728b)
Start importing Assets/Textures/pillar_random02_texture.png using Guid(caece9fbdb5edb740849e1cbf2d3a34e) Importer(815301076,1909f56bfc062723c751e8b465ee728b)  -> (artifact id: '7f5883adbc3c0dec2cd58ae794caa407') in 0.020303 seconds 
========================================================================
Received Import Request.
  Time since last request: 0.000022 seconds.
  path: Assets/Textures/PadlockNumber1.PNG
  artifactKey: Guid(c7a8a6cefe02d57468dac3897127fd46) Importer(815301076,1909f56bfc062723c751e8b465ee728b)
Start importing Assets/Textures/PadlockNumber1.PNG using Guid(c7a8a6cefe02d57468dac3897127fd46) Importer(815301076,1909f56bfc062723c751e8b465ee728b)  -> (artifact id: '1cb29a3b4cd47fdfdbde13c3b3d5e91c') in 0.011181 seconds 
========================================================================
Received Import Request.
  Time since last request: 0.000020 seconds.
  path: Assets/Textures/StaryVoid.PNG
  artifactKey: Guid(fe95922359a5bf549b9c176cdc9492ca) Importer(815301076,1909f56bfc062723c751e8b465ee728b)
Start importing Assets/Textures/StaryVoid.PNG using Guid(fe95922359a5bf549b9c176cdc9492ca) Importer(815301076,1909f56bfc062723c751e8b465ee728b)  -> (artifact id: 'df9cfbf6c3a5c4138e7a32d159be0b9b') in 0.015710 seconds 
Editor requested this worker to shutdown with reason: Scaling down because of idle timeout
AssetImportWorker is now disconnected from the server
Process exiting
Exiting without the bug reporter. Application will terminate with return code 0