Using pre-set license
Built from '2021.3/release' branch; Version is '2021.3.17f1 (3e8111cac19d) revision 4096273'; Using compiler version '192829333'; Build Type 'Release'
OS: 'Windows 10  (10.0.19044) 64bit Core' Language: 'en' Physical Memory: 8144 MB
BatchMode: 1, IsHumanControllingUs: 0, StartBugReporterOnCrash: 0, Is64bit: 1, IsPro: 1

COMMAND LINE ARGUMENTS:
C:\Program Files\Unity\Hub\Editor\2021.3.17f1\Editor\Unity.exe
-adb2
-batchMode
-noUpm
-name
AssetImportWorker17
-projectPath
C:/Users/Joe/OneDrive/Documents/OnlyGodKnows/OGK Prototype
-logFile
Logs/AssetImportWorker17.log
-srvPort
54963
Successfully changed project path to: C:/Users/Joe/OneDrive/Documents/OnlyGodKnows/OGK Prototype
C:/Users/Joe/OneDrive/Documents/OnlyGodKnows/OGK Prototype
[UnityMemory] Configuration Parameters - Can be set up in boot.config
    "memorysetup-bucket-allocator-granularity=16"
    "memorysetup-bucket-allocator-bucket-count=8"
    "memorysetup-bucket-allocator-block-size=33554432"
    "memorysetup-bucket-allocator-block-count=8"
    "memorysetup-main-allocator-block-size=16777216"
    "memorysetup-thread-allocator-block-size=16777216"
    "memorysetup-gfx-main-allocator-block-size=16777216"
    "memorysetup-gfx-thread-allocator-block-size=16777216"
    "memorysetup-cache-allocator-block-size=4194304"
    "memorysetup-typetree-allocator-block-size=2097152"
    "memorysetup-profiler-bucket-allocator-granularity=16"
    "memorysetup-profiler-bucket-allocator-bucket-count=8"
    "memorysetup-profiler-bucket-allocator-block-size=33554432"
    "memorysetup-profiler-bucket-allocator-block-count=8"
    "memorysetup-profiler-allocator-block-size=16777216"
    "memorysetup-profiler-editor-allocator-block-size=1048576"
    "memorysetup-temp-allocator-size-main=16777216"
    "memorysetup-job-temp-allocator-block-size=2097152"
    "memorysetup-job-temp-allocator-block-size-background=1048576"
    "memorysetup-job-temp-allocator-reduction-small-platforms=262144"
    "memorysetup-temp-allocator-size-background-worker=32768"
    "memorysetup-temp-allocator-size-job-worker=262144"
    "memorysetup-temp-allocator-size-preload-manager=33554432"
    "memorysetup-temp-allocator-size-nav-mesh-worker=65536"
    "memorysetup-temp-allocator-size-audio-worker=65536"
    "memorysetup-temp-allocator-size-cloud-worker=32768"
    "memorysetup-temp-allocator-size-gi-baking-worker=262144"
    "memorysetup-temp-allocator-size-gfx=262144"
Player connection [15876] Host "[IP] 192.168.0.141 [Port] 0 [Flags] 2 [Guid] 3374856508 [EditorId] 3374856508 [Version] 1048832 [Id] WindowsEditor(7,DESKTOP-REOJTS5) [Debug] 1 [PackageName] WindowsEditor [ProjectName] Editor" joined multi-casting on [225.0.0.222:54997]...

Player connection [15876] Host "[IP] 192.168.0.141 [Port] 0 [Flags] 2 [Guid] 3374856508 [EditorId] 3374856508 [Version] 1048832 [Id] WindowsEditor(7,DESKTOP-REOJTS5) [Debug] 1 [PackageName] WindowsEditor [ProjectName] Editor" joined alternative multi-casting on [225.0.0.222:34997]...

Refreshing native plugins compatible for Editor in 210.65 ms, found 3 plugins.
Preloading 0 native plugins for Editor in 0.00 ms.
Initialize engine version: 2021.3.17f1 (3e8111cac19d)
[Subsystems] Discovering subsystems at path C:/Program Files/Unity/Hub/Editor/2021.3.17f1/Editor/Data/Resources/UnitySubsystems
[Subsystems] Discovering subsystems at path C:/Users/Joe/OneDrive/Documents/OnlyGodKnows/OGK Prototype/Assets
GfxDevice: creating device client; threaded=0; jobified=0
Direct3D:
    Version:  Direct3D 11.0 [level 11.1]
    Renderer: Radeon RX 580 Series (ID=0x67df)
    Vendor:   ATI
    VRAM:     4074 MB
    Driver:   31.0.12044.3
Initialize mono
Mono path[0] = 'C:/Program Files/Unity/Hub/Editor/2021.3.17f1/Editor/Data/Managed'
Mono path[1] = 'C:/Program Files/Unity/Hub/Editor/2021.3.17f1/Editor/Data/MonoBleedingEdge/lib/mono/unityjit-win32'
Mono config path = 'C:/Program Files/Unity/Hub/Editor/2021.3.17f1/Editor/Data/MonoBleedingEdge/etc'
Using monoOptions --debugger-agent=transport=dt_socket,embedding=1,server=y,suspend=n,address=127.0.0.1:56800
Begin MonoManager ReloadAssembly
Registering precompiled unity dll's ...
Register platform support module: C:/Program Files/Unity/Hub/Editor/2021.3.17f1/Editor/Data/PlaybackEngines/WindowsStandaloneSupport/UnityEditor.WindowsStandalone.Extensions.dll
Registered in 0.017934 seconds.
Native extension for WindowsStandalone target not found
Refreshing native plugins compatible for Editor in 170.78 ms, found 3 plugins.
Preloading 0 native plugins for Editor in 0.00 ms.
Mono: successfully reloaded assembly
- Completed reload, in  1.021 seconds
Domain Reload Profiling:
	ReloadAssembly (1022ms)
		BeginReloadAssembly (148ms)
			ExecutionOrderSort (0ms)
			DisableScriptedObjects (0ms)
			BackupInstance (0ms)
			ReleaseScriptingObjects (0ms)
			CreateAndSetChildDomain (1ms)
		EndReloadAssembly (682ms)
			LoadAssemblies (141ms)
			RebuildTransferFunctionScriptingTraits (0ms)
			SetupTypeCache (148ms)
			ReleaseScriptCaches (0ms)
			RebuildScriptCaches (36ms)
			SetupLoadedEditorAssemblies (421ms)
				LogAssemblyErrors (0ms)
				InitializePlatformSupportModulesInManaged (13ms)
				SetLoadedEditorAssemblies (0ms)
				RefreshPlugins (171ms)
				BeforeProcessingInitializeOnLoad (2ms)
				ProcessInitializeOnLoadAttributes (175ms)
				ProcessInitializeOnLoadMethodAttributes (60ms)
				AfterProcessingInitializeOnLoad (0ms)
				EditorAssembliesLoaded (0ms)
			ExecutionOrderSort2 (0ms)
			AwakeInstancesAfterBackupRestoration (0ms)
Platform modules already initialized, skipping
Registering precompiled user dll's ...
Registered in 0.017877 seconds.
Begin MonoManager ReloadAssembly
Symbol file LoadedFromMemory doesn't match image C:\Users\Joe\OneDrive\Documents\OnlyGodKnows\OGK Prototype\Library\PackageCache\com.unity.visualscripting@1.8.0\Editor\VisualScripting.Core\Dependencies\YamlDotNet\Unity.VisualScripting.YamlDotNet.dll
Symbol file LoadedFromMemory doesn't match image C:\Users\Joe\OneDrive\Documents\OnlyGodKnows\OGK Prototype\Library\PackageCache\com.unity.visualscripting@1.8.0\Editor\VisualScripting.Core\Dependencies\DotNetZip\Unity.VisualScripting.IonicZip.dll
Native extension for WindowsStandalone target not found
Refreshing native plugins compatible for Editor in 162.98 ms, found 3 plugins.
Preloading 0 native plugins for Editor in 0.00 ms.
Mono: successfully reloaded assembly
- Completed reload, in  2.144 seconds
Domain Reload Profiling:
	ReloadAssembly (2145ms)
		BeginReloadAssembly (169ms)
			ExecutionOrderSort (0ms)
			DisableScriptedObjects (7ms)
			BackupInstance (0ms)
			ReleaseScriptingObjects (0ms)
			CreateAndSetChildDomain (28ms)
		EndReloadAssembly (1792ms)
			LoadAssemblies (180ms)
			RebuildTransferFunctionScriptingTraits (0ms)
			SetupTypeCache (437ms)
			ReleaseScriptCaches (2ms)
			RebuildScriptCaches (95ms)
			SetupLoadedEditorAssemblies (1017ms)
				LogAssemblyErrors (0ms)
				InitializePlatformSupportModulesInManaged (8ms)
				SetLoadedEditorAssemblies (0ms)
				RefreshPlugins (163ms)
				BeforeProcessingInitializeOnLoad (217ms)
				ProcessInitializeOnLoadAttributes (481ms)
				ProcessInitializeOnLoadMethodAttributes (128ms)
				AfterProcessingInitializeOnLoad (19ms)
				EditorAssembliesLoaded (0ms)
			ExecutionOrderSort2 (0ms)
			AwakeInstancesAfterBackupRestoration (10ms)
Platform modules already initialized, skipping
========================================================================
Worker process is ready to serve import requests
Launched and connected shader compiler UnityShaderCompiler.exe after 0.78 seconds
Refreshing native plugins compatible for Editor in 1.71 ms, found 3 plugins.
Preloading 0 native plugins for Editor in 0.00 ms.
Unloading 5763 Unused Serialized files (Serialized files now loaded: 0)
Unloading 52 unused Assets / (0.8 MB). Loaded Objects now: 6218.
Memory consumption went from 229.2 MB to 228.4 MB.
Total: 8.766800 ms (FindLiveObjects: 1.014700 ms CreateObjectMapping: 0.325200 ms MarkObjects: 6.805700 ms  DeleteObjects: 0.619600 ms)

AssetImportParameters requested are different than current active one (requested -> active):
  custom:video-decoder-ogg-theora: a1e56fd34408186e4bbccfd4996cb3dc -> 
  custom:container-muxer-webm: aa71ff27fc2769a1b78a27578f13a17b -> 
  custom:container-demuxer-webm: 4f35f7cbe854078d1ac9338744f61a02 -> 
  custom:video-encoder-webm-vp8: eb34c28f22e8b96e1ab97ce403110664 -> 
  custom:audio-encoder-webm-vorbis: bf7c407c2cedff20999df2af8eb42d56 -> 
  custom:framework-win-MediaFoundation: 216162199b28c13a410421893ffa2e32 -> 
  custom:container-demuxer-ogg: 62fdf1f143b41e24485cea50d1cbac27 -> 
  custom:video-decoder-webm-vp8: 9c59270c3fd7afecdb556c50c9e8de78 -> 
  custom:audio-decoder-ogg-vorbis: bf7c407c2cedff20999df2af8eb42d56 -> 
========================================================================
Received Import Request.
  Time since last request: 428225.628564 seconds.
  path: Assets/URP-PSX/Jitter/BookPage2Jitter.mat
  artifactKey: Guid(df76cd600735ec946b4f65f36fe5fe54) Importer(815301076,1909f56bfc062723c751e8b465ee728b)
Start importing Assets/URP-PSX/Jitter/BookPage2Jitter.mat using Guid(df76cd600735ec946b4f65f36fe5fe54) Importer(815301076,1909f56bfc062723c751e8b465ee728b)  -> (artifact id: '7cfce0aac38852e7895580b2bc531806') in 0.819017 seconds 
========================================================================
Received Import Request.
  Time since last request: 138.585056 seconds.
  path: Assets/URP-PSX/Jitter/BookPage2Jitter.mat
  artifactKey: Guid(df76cd600735ec946b4f65f36fe5fe54) Importer(815301076,1909f56bfc062723c751e8b465ee728b)
Start importing Assets/URP-PSX/Jitter/BookPage2Jitter.mat using Guid(df76cd600735ec946b4f65f36fe5fe54) Importer(815301076,1909f56bfc062723c751e8b465ee728b)  -> (artifact id: '63ebf4f9f1abb286741bfddfe5c95e8b') in 0.020543 seconds 
========================================================================
Received Import Request.
  Time since last request: 17.615105 seconds.
  path: Assets/URP-PSX/Jitter/GoldMetalJitter.mat
  artifactKey: Guid(a837f83b18173dd43ad88c7edd7497f0) Importer(815301076,1909f56bfc062723c751e8b465ee728b)
Start importing Assets/URP-PSX/Jitter/GoldMetalJitter.mat using Guid(a837f83b18173dd43ad88c7edd7497f0) Importer(815301076,1909f56bfc062723c751e8b465ee728b)  -> (artifact id: 'dfd5ecc54d466450629cdad604b3ba50') in 0.030173 seconds 
========================================================================
Received Import Request.
  Time since last request: 123.446636 seconds.
  path: Assets/URP-PSX/Jitter/New Material 4.mat
  artifactKey: Guid(f9d9ef1acf228e24086c2c58af006392) Importer(815301076,1909f56bfc062723c751e8b465ee728b)
Start importing Assets/URP-PSX/Jitter/New Material 4.mat using Guid(f9d9ef1acf228e24086c2c58af006392) Importer(815301076,1909f56bfc062723c751e8b465ee728b)  -> (artifact id: '873e29619493bb87839747ffa011f73d') in 0.033601 seconds 
========================================================================
Received Import Request.
  Time since last request: 6.352414 seconds.
  path: Assets/URP-PSX/Jitter/BasementCeiling.mat
  artifactKey: Guid(f9d9ef1acf228e24086c2c58af006392) Importer(815301076,1909f56bfc062723c751e8b465ee728b)
Start importing Assets/URP-PSX/Jitter/BasementCeiling.mat using Guid(f9d9ef1acf228e24086c2c58af006392) Importer(815301076,1909f56bfc062723c751e8b465ee728b)  -> (artifact id: 'fb0955ffddd52f6f50ecbdfc2dbdd2ea') in 0.019853 seconds 
========================================================================
Received Import Request.
  Time since last request: 7.120335 seconds.
  path: Assets/URP-PSX/Jitter/BasementCeilingJitter.mat
  artifactKey: Guid(f9d9ef1acf228e24086c2c58af006392) Importer(815301076,1909f56bfc062723c751e8b465ee728b)
Start importing Assets/URP-PSX/Jitter/BasementCeilingJitter.mat using Guid(f9d9ef1acf228e24086c2c58af006392) Importer(815301076,1909f56bfc062723c751e8b465ee728b)  -> (artifact id: '48914eb32a39342f0d9cfebf107e78af') in 0.033835 seconds 
========================================================================
Received Import Request.
  Time since last request: 37.600041 seconds.
  path: Assets/URP-PSX/Jitter/BasementCeilingJitter.mat
  artifactKey: Guid(f9d9ef1acf228e24086c2c58af006392) Importer(815301076,1909f56bfc062723c751e8b465ee728b)
Start importing Assets/URP-PSX/Jitter/BasementCeilingJitter.mat using Guid(f9d9ef1acf228e24086c2c58af006392) Importer(815301076,1909f56bfc062723c751e8b465ee728b)  -> (artifact id: 'f1c9485f671c300267badae40bd7fe2b') in 0.055836 seconds 
========================================================================
Received Prepare
Registering precompiled user dll's ...
Registered in 0.021982 seconds.
Begin MonoManager ReloadAssembly
Symbol file LoadedFromMemory doesn't match image C:\Users\Joe\OneDrive\Documents\OnlyGodKnows\OGK Prototype\Library\PackageCache\com.unity.visualscripting@1.8.0\Editor\VisualScripting.Core\Dependencies\YamlDotNet\Unity.VisualScripting.YamlDotNet.dll
Symbol file LoadedFromMemory doesn't match image C:\Users\Joe\OneDrive\Documents\OnlyGodKnows\OGK Prototype\Library\PackageCache\com.unity.visualscripting@1.8.0\Editor\VisualScripting.Core\Dependencies\DotNetZip\Unity.VisualScripting.IonicZip.dll
Native extension for WindowsStandalone target not found
Refreshing native plugins compatible for Editor in 1.46 ms, found 3 plugins.
Preloading 0 native plugins for Editor in 0.00 ms.
Mono: successfully reloaded assembly
- Completed reload, in  2.003 seconds
Domain Reload Profiling:
	ReloadAssembly (2004ms)
		BeginReloadAssembly (239ms)
			ExecutionOrderSort (0ms)
			DisableScriptedObjects (10ms)
			BackupInstance (0ms)
			ReleaseScriptingObjects (0ms)
			CreateAndSetChildDomain (67ms)
		EndReloadAssembly (1602ms)
			LoadAssemblies (167ms)
			RebuildTransferFunctionScriptingTraits (0ms)
			SetupTypeCache (419ms)
			ReleaseScriptCaches (2ms)
			RebuildScriptCaches (78ms)
			SetupLoadedEditorAssemblies (805ms)
				LogAssemblyErrors (0ms)
				InitializePlatformSupportModulesInManaged (25ms)
				SetLoadedEditorAssemblies (1ms)
				RefreshPlugins (2ms)
				BeforeProcessingInitializeOnLoad (166ms)
				ProcessInitializeOnLoadAttributes (473ms)
				ProcessInitializeOnLoadMethodAttributes (114ms)
				AfterProcessingInitializeOnLoad (23ms)
				EditorAssembliesLoaded (1ms)
			ExecutionOrderSort2 (0ms)
			AwakeInstancesAfterBackupRestoration (25ms)
Platform modules already initialized, skipping
Refreshing native plugins compatible for Editor in 4.93 ms, found 3 plugins.
Preloading 0 native plugins for Editor in 0.00 ms.
Unloading 5617 Unused Serialized files (Serialized files now loaded: 0)
Unloading 31 unused Assets / (0.8 MB). Loaded Objects now: 6325.
Memory consumption went from 228.6 MB to 227.8 MB.
Total: 8.919200 ms (FindLiveObjects: 1.111500 ms CreateObjectMapping: 0.605900 ms MarkObjects: 6.342700 ms  DeleteObjects: 0.856400 ms)

AssetImportParameters requested are different than current active one (requested -> active):
  custom:video-decoder-ogg-theora: a1e56fd34408186e4bbccfd4996cb3dc -> 
  custom:container-muxer-webm: aa71ff27fc2769a1b78a27578f13a17b -> 
  custom:container-demuxer-webm: 4f35f7cbe854078d1ac9338744f61a02 -> 
  custom:video-encoder-webm-vp8: eb34c28f22e8b96e1ab97ce403110664 -> 
  custom:audio-encoder-webm-vorbis: bf7c407c2cedff20999df2af8eb42d56 -> 
  custom:framework-win-MediaFoundation: 216162199b28c13a410421893ffa2e32 -> 
  custom:container-demuxer-ogg: 62fdf1f143b41e24485cea50d1cbac27 -> 
  custom:video-decoder-webm-vp8: 9c59270c3fd7afecdb556c50c9e8de78 -> 
  custom:audio-decoder-ogg-vorbis: bf7c407c2cedff20999df2af8eb42d56 -> 
========================================================================
Received Prepare
Registering precompiled user dll's ...
Registered in 0.015612 seconds.
Begin MonoManager ReloadAssembly
Symbol file LoadedFromMemory doesn't match image C:\Users\Joe\OneDrive\Documents\OnlyGodKnows\OGK Prototype\Library\PackageCache\com.unity.visualscripting@1.8.0\Editor\VisualScripting.Core\Dependencies\YamlDotNet\Unity.VisualScripting.YamlDotNet.dll
Symbol file LoadedFromMemory doesn't match image C:\Users\Joe\OneDrive\Documents\OnlyGodKnows\OGK Prototype\Library\PackageCache\com.unity.visualscripting@1.8.0\Editor\VisualScripting.Core\Dependencies\DotNetZip\Unity.VisualScripting.IonicZip.dll
Native extension for WindowsStandalone target not found
Refreshing native plugins compatible for Editor in 1.46 ms, found 3 plugins.
Preloading 0 native plugins for Editor in 0.00 ms.
Mono: successfully reloaded assembly
- Completed reload, in  2.063 seconds
Domain Reload Profiling:
	ReloadAssembly (2064ms)
		BeginReloadAssembly (218ms)
			ExecutionOrderSort (0ms)
			DisableScriptedObjects (6ms)
			BackupInstance (0ms)
			ReleaseScriptingObjects (0ms)
			CreateAndSetChildDomain (65ms)
		EndReloadAssembly (1676ms)
			LoadAssemblies (154ms)
			RebuildTransferFunctionScriptingTraits (0ms)
			SetupTypeCache (523ms)
			ReleaseScriptCaches (3ms)
			RebuildScriptCaches (83ms)
			SetupLoadedEditorAssemblies (782ms)
				LogAssemblyErrors (0ms)
				InitializePlatformSupportModulesInManaged (20ms)
				SetLoadedEditorAssemblies (1ms)
				RefreshPlugins (2ms)
				BeforeProcessingInitializeOnLoad (156ms)
				ProcessInitializeOnLoadAttributes (452ms)
				ProcessInitializeOnLoadMethodAttributes (126ms)
				AfterProcessingInitializeOnLoad (25ms)
				EditorAssembliesLoaded (1ms)
			ExecutionOrderSort2 (0ms)
			AwakeInstancesAfterBackupRestoration (22ms)
Platform modules already initialized, skipping
Refreshing native plugins compatible for Editor in 5.04 ms, found 3 plugins.
Preloading 0 native plugins for Editor in 0.00 ms.
Unloading 5618 Unused Serialized files (Serialized files now loaded: 0)
Unloading 31 unused Assets / (0.8 MB). Loaded Objects now: 6340.
Memory consumption went from 228.6 MB to 227.9 MB.
Total: 8.245500 ms (FindLiveObjects: 0.623500 ms CreateObjectMapping: 0.241900 ms MarkObjects: 6.831100 ms  DeleteObjects: 0.546600 ms)

AssetImportParameters requested are different than current active one (requested -> active):
  custom:video-decoder-ogg-theora: a1e56fd34408186e4bbccfd4996cb3dc -> 
  custom:container-muxer-webm: aa71ff27fc2769a1b78a27578f13a17b -> 
  custom:container-demuxer-webm: 4f35f7cbe854078d1ac9338744f61a02 -> 
  custom:video-encoder-webm-vp8: eb34c28f22e8b96e1ab97ce403110664 -> 
  custom:audio-encoder-webm-vorbis: bf7c407c2cedff20999df2af8eb42d56 -> 
  custom:framework-win-MediaFoundation: 216162199b28c13a410421893ffa2e32 -> 
  custom:container-demuxer-ogg: 62fdf1f143b41e24485cea50d1cbac27 -> 
  custom:video-decoder-webm-vp8: 9c59270c3fd7afecdb556c50c9e8de78 -> 
  custom:audio-decoder-ogg-vorbis: bf7c407c2cedff20999df2af8eb42d56 -> 
========================================================================
Received Import Request.
  Time since last request: 961.691411 seconds.
  path: Assets/URP-PSX/Jitter/New Material 4.mat
  artifactKey: Guid(0cb307b356441d44dab78ebb74957ec6) Importer(815301076,1909f56bfc062723c751e8b465ee728b)
Start importing Assets/URP-PSX/Jitter/New Material 4.mat using Guid(0cb307b356441d44dab78ebb74957ec6) Importer(815301076,1909f56bfc062723c751e8b465ee728b)  -> (artifact id: 'e6ca0845e1947c1dcff4378802dcbb1a') in 0.257111 seconds 
========================================================================
Received Import Request.
  Time since last request: 7.176889 seconds.
  path: Assets/URP-PSX/Jitter/AluminumMetalJitter.mat
  artifactKey: Guid(0cb307b356441d44dab78ebb74957ec6) Importer(815301076,1909f56bfc062723c751e8b465ee728b)
Start importing Assets/URP-PSX/Jitter/AluminumMetalJitter.mat using Guid(0cb307b356441d44dab78ebb74957ec6) Importer(815301076,1909f56bfc062723c751e8b465ee728b)  -> (artifact id: '5e3cf718b219c9d75ecf9f4da9e2ff6d') in 0.022624 seconds 
========================================================================
Received Import Request.
  Time since last request: 17.986531 seconds.
  path: Assets/URP-PSX/Jitter/AluminumMetalJitter.mat
  artifactKey: Guid(0cb307b356441d44dab78ebb74957ec6) Importer(815301076,1909f56bfc062723c751e8b465ee728b)
Start importing Assets/URP-PSX/Jitter/AluminumMetalJitter.mat using Guid(0cb307b356441d44dab78ebb74957ec6) Importer(815301076,1909f56bfc062723c751e8b465ee728b)  -> (artifact id: 'e03b88d99d569dba7f36b66173fc9a54') in 0.020593 seconds 
========================================================================
Received Import Request.
  Time since last request: 6.736421 seconds.
  path: Assets/URP-PSX/Jitter/StopSignJitter.mat
  artifactKey: Guid(76bded82ade4f8b4994fb99a2da9500e) Importer(815301076,1909f56bfc062723c751e8b465ee728b)
Start importing Assets/URP-PSX/Jitter/StopSignJitter.mat using Guid(76bded82ade4f8b4994fb99a2da9500e) Importer(815301076,1909f56bfc062723c751e8b465ee728b)  -> (artifact id: '4da2427541d31c797e38fa71b7fb1925') in 0.019914 seconds 
========================================================================
Received Import Request.
  Time since last request: 123.515056 seconds.
  path: Assets/URP-PSX/Jitter/New Material 4.mat
  artifactKey: Guid(377212ea07ed33c40a0484f8f65376fc) Importer(815301076,1909f56bfc062723c751e8b465ee728b)
Start importing Assets/URP-PSX/Jitter/New Material 4.mat using Guid(377212ea07ed33c40a0484f8f65376fc) Importer(815301076,1909f56bfc062723c751e8b465ee728b)  -> (artifact id: '34a17c20d504b737e4254d2dd7e04917') in 0.019020 seconds 
========================================================================
Received Import Request.
  Time since last request: 6.482786 seconds.
  path: Assets/URP-PSX/Jitter/GrassJitter.mat
  artifactKey: Guid(377212ea07ed33c40a0484f8f65376fc) Importer(815301076,1909f56bfc062723c751e8b465ee728b)
Start importing Assets/URP-PSX/Jitter/GrassJitter.mat using Guid(377212ea07ed33c40a0484f8f65376fc) Importer(815301076,1909f56bfc062723c751e8b465ee728b)  -> (artifact id: '5d2c5e2d51892701682a29e88daa903c') in 0.031930 seconds 
========================================================================
Received Import Request.
  Time since last request: 22.734944 seconds.
  path: Assets/URP-PSX/Jitter/GrassJitter.mat
  artifactKey: Guid(377212ea07ed33c40a0484f8f65376fc) Importer(815301076,1909f56bfc062723c751e8b465ee728b)
Start importing Assets/URP-PSX/Jitter/GrassJitter.mat using Guid(377212ea07ed33c40a0484f8f65376fc) Importer(815301076,1909f56bfc062723c751e8b465ee728b)  -> (artifact id: 'a9d67901c3ff0136eb3d93bea18c07db') in 0.022076 seconds 
========================================================================
Received Import Request.
  Time since last request: 5.301258 seconds.
  path: Assets/URP-PSX/Jitter/DirtJitter.mat
  artifactKey: Guid(05641c710d811594f9b8ffcd2aa19a2b) Importer(815301076,1909f56bfc062723c751e8b465ee728b)
Start importing Assets/URP-PSX/Jitter/DirtJitter.mat using Guid(05641c710d811594f9b8ffcd2aa19a2b) Importer(815301076,1909f56bfc062723c751e8b465ee728b)  -> (artifact id: '3655c255bcafd3ea7c393781563adaf5') in 0.020008 seconds 
========================================================================
Received Import Request.
  Time since last request: 7.726961 seconds.
  path: Packages/com.unity.collab-proxy/Editor/Collaborate/Assets/Icons/collaborate-progress-dark.png
  artifactKey: Guid(60706f973daf4764e81c846ce1a8e183) Importer(815301076,1909f56bfc062723c751e8b465ee728b)
Start importing Packages/com.unity.collab-proxy/Editor/Collaborate/Assets/Icons/collaborate-progress-dark.png using Guid(60706f973daf4764e81c846ce1a8e183) Importer(815301076,1909f56bfc062723c751e8b465ee728b)  -> (artifact id: '4d511de24061814a6a605e723f5e7a0e') in 0.092184 seconds 
========================================================================
Received Import Request.
  Time since last request: 0.000039 seconds.
  path: Packages/com.unity.collab-proxy/Editor/Collaborate/Assets/Icons/collaborate-progress-light.png
  artifactKey: Guid(98eea3a123f8b4c468b7e43d0ff3c232) Importer(815301076,1909f56bfc062723c751e8b465ee728b)
Start importing Packages/com.unity.collab-proxy/Editor/Collaborate/Assets/Icons/collaborate-progress-light.png using Guid(98eea3a123f8b4c468b7e43d0ff3c232) Importer(815301076,1909f56bfc062723c751e8b465ee728b)  -> (artifact id: '7707dbc1c54bf5b8233aba0e4a7095e9') in 0.076775 seconds 
========================================================================
Received Import Request.
  Time since last request: 1.324536 seconds.
  path: Packages/com.unity.inputsystem/InputSystem/Editor/AssetEditor/Resources/personal/foldoutBackground.png
  artifactKey: Guid(5ab69704aa4984b49bc426da72fabbed) Importer(815301076,1909f56bfc062723c751e8b465ee728b)
Start importing Packages/com.unity.inputsystem/InputSystem/Editor/AssetEditor/Resources/personal/foldoutBackground.png using Guid(5ab69704aa4984b49bc426da72fabbed) Importer(815301076,1909f56bfc062723c751e8b465ee728b)  -> (artifact id: 'c82cbb460fb9c7332bce7b2273db91e9') in 0.096162 seconds 
========================================================================
Received Import Request.
  Time since last request: 0.000041 seconds.
  path: Packages/com.unity.inputsystem/InputSystem/Editor/AssetEditor/Resources/pro/propertiesBackground.png
  artifactKey: Guid(b02e3f0c0798a4f1789a89a7697660be) Importer(815301076,1909f56bfc062723c751e8b465ee728b)
Start importing Packages/com.unity.inputsystem/InputSystem/Editor/AssetEditor/Resources/pro/propertiesBackground.png using Guid(b02e3f0c0798a4f1789a89a7697660be) Importer(815301076,1909f56bfc062723c751e8b465ee728b)  -> (artifact id: 'b35e70404840dc81d218ee66c749c8d3') in 0.055812 seconds 
========================================================================
Received Prepare
Registering precompiled user dll's ...
Registered in 0.017125 seconds.
Begin MonoManager ReloadAssembly
Symbol file LoadedFromMemory doesn't match image C:\Users\Joe\OneDrive\Documents\OnlyGodKnows\OGK Prototype\Library\PackageCache\com.unity.visualscripting@1.8.0\Editor\VisualScripting.Core\Dependencies\YamlDotNet\Unity.VisualScripting.YamlDotNet.dll
Symbol file LoadedFromMemory doesn't match image C:\Users\Joe\OneDrive\Documents\OnlyGodKnows\OGK Prototype\Library\PackageCache\com.unity.visualscripting@1.8.0\Editor\VisualScripting.Core\Dependencies\DotNetZip\Unity.VisualScripting.IonicZip.dll
Native extension for WindowsStandalone target not found
Refreshing native plugins compatible for Editor in 2.03 ms, found 3 plugins.
Preloading 0 native plugins for Editor in 0.00 ms.
Mono: successfully reloaded assembly
- Completed reload, in  2.173 seconds
Domain Reload Profiling:
	ReloadAssembly (2174ms)
		BeginReloadAssembly (282ms)
			ExecutionOrderSort (0ms)
			DisableScriptedObjects (11ms)
			BackupInstance (0ms)
			ReleaseScriptingObjects (0ms)
			CreateAndSetChildDomain (80ms)
		EndReloadAssembly (1709ms)
			LoadAssemblies (212ms)
			RebuildTransferFunctionScriptingTraits (0ms)
			SetupTypeCache (469ms)
			ReleaseScriptCaches (3ms)
			RebuildScriptCaches (75ms)
			SetupLoadedEditorAssemblies (862ms)
				LogAssemblyErrors (0ms)
				InitializePlatformSupportModulesInManaged (22ms)
				SetLoadedEditorAssemblies (1ms)
				RefreshPlugins (2ms)
				BeforeProcessingInitializeOnLoad (155ms)
				ProcessInitializeOnLoadAttributes (549ms)
				ProcessInitializeOnLoadMethodAttributes (112ms)
				AfterProcessingInitializeOnLoad (20ms)
				EditorAssembliesLoaded (0ms)
			ExecutionOrderSort2 (0ms)
			AwakeInstancesAfterBackupRestoration (26ms)
Platform modules already initialized, skipping
Refreshing native plugins compatible for Editor in 4.22 ms, found 3 plugins.
Preloading 0 native plugins for Editor in 0.00 ms.
Unloading 5617 Unused Serialized files (Serialized files now loaded: 0)
Unloading 31 unused Assets / (0.8 MB). Loaded Objects now: 6405.
Memory consumption went from 228.7 MB to 227.9 MB.
Total: 6.296700 ms (FindLiveObjects: 0.705700 ms CreateObjectMapping: 0.198500 ms MarkObjects: 4.808200 ms  DeleteObjects: 0.582700 ms)

AssetImportParameters requested are different than current active one (requested -> active):
  custom:video-decoder-ogg-theora: a1e56fd34408186e4bbccfd4996cb3dc -> 
  custom:container-muxer-webm: aa71ff27fc2769a1b78a27578f13a17b -> 
  custom:container-demuxer-webm: 4f35f7cbe854078d1ac9338744f61a02 -> 
  custom:video-encoder-webm-vp8: eb34c28f22e8b96e1ab97ce403110664 -> 
  custom:audio-encoder-webm-vorbis: bf7c407c2cedff20999df2af8eb42d56 -> 
  custom:framework-win-MediaFoundation: 216162199b28c13a410421893ffa2e32 -> 
  custom:container-demuxer-ogg: 62fdf1f143b41e24485cea50d1cbac27 -> 
  custom:video-decoder-webm-vp8: 9c59270c3fd7afecdb556c50c9e8de78 -> 
  custom:audio-decoder-ogg-vorbis: bf7c407c2cedff20999df2af8eb42d56 -> 
========================================================================
Received Import Request.
  Time since last request: 150.317456 seconds.
  path: Assets/URP-PSX/Jitter/DirtJitter.mat
  artifactKey: Guid(05641c710d811594f9b8ffcd2aa19a2b) Importer(815301076,1909f56bfc062723c751e8b465ee728b)
Start importing Assets/URP-PSX/Jitter/DirtJitter.mat using Guid(05641c710d811594f9b8ffcd2aa19a2b) Importer(815301076,1909f56bfc062723c751e8b465ee728b)  -> (artifact id: '07d4ab995edff3791d70f3fe2f8dcf38') in 0.314515 seconds 
========================================================================
Received Import Request.
  Time since last request: 47.361889 seconds.
  path: Assets/URP-PSX/Jitter/DirtJitter.mat
  artifactKey: Guid(05641c710d811594f9b8ffcd2aa19a2b) Importer(815301076,1909f56bfc062723c751e8b465ee728b)
Start importing Assets/URP-PSX/Jitter/DirtJitter.mat using Guid(05641c710d811594f9b8ffcd2aa19a2b) Importer(815301076,1909f56bfc062723c751e8b465ee728b)  -> (artifact id: 'fac36a66032a4f3c52e457f7fcf6e013') in 0.020616 seconds 
========================================================================
Received Prepare
Registering precompiled user dll's ...
Registered in 0.015530 seconds.
Begin MonoManager ReloadAssembly
Symbol file LoadedFromMemory doesn't match image C:\Users\Joe\OneDrive\Documents\OnlyGodKnows\OGK Prototype\Library\PackageCache\com.unity.visualscripting@1.8.0\Editor\VisualScripting.Core\Dependencies\YamlDotNet\Unity.VisualScripting.YamlDotNet.dll
Symbol file LoadedFromMemory doesn't match image C:\Users\Joe\OneDrive\Documents\OnlyGodKnows\OGK Prototype\Library\PackageCache\com.unity.visualscripting@1.8.0\Editor\VisualScripting.Core\Dependencies\DotNetZip\Unity.VisualScripting.IonicZip.dll
Native extension for WindowsStandalone target not found
Refreshing native plugins compatible for Editor in 1.86 ms, found 3 plugins.
Preloading 0 native plugins for Editor in 0.00 ms.
Mono: successfully reloaded assembly
- Completed reload, in  3.068 seconds
Domain Reload Profiling:
	ReloadAssembly (3069ms)
		BeginReloadAssembly (536ms)
			ExecutionOrderSort (0ms)
			DisableScriptedObjects (12ms)
			BackupInstance (0ms)
			ReleaseScriptingObjects (0ms)
			CreateAndSetChildDomain (83ms)
		EndReloadAssembly (2308ms)
			LoadAssemblies (457ms)
			RebuildTransferFunctionScriptingTraits (0ms)
			SetupTypeCache (1012ms)
			ReleaseScriptCaches (3ms)
			RebuildScriptCaches (73ms)
			SetupLoadedEditorAssemblies (792ms)
				LogAssemblyErrors (0ms)
				InitializePlatformSupportModulesInManaged (21ms)
				SetLoadedEditorAssemblies (1ms)
				RefreshPlugins (2ms)
				BeforeProcessingInitializeOnLoad (166ms)
				ProcessInitializeOnLoadAttributes (457ms)
				ProcessInitializeOnLoadMethodAttributes (111ms)
				AfterProcessingInitializeOnLoad (34ms)
				EditorAssembliesLoaded (1ms)
			ExecutionOrderSort2 (0ms)
			AwakeInstancesAfterBackupRestoration (21ms)
Platform modules already initialized, skipping
Refreshing native plugins compatible for Editor in 5.23 ms, found 3 plugins.
Preloading 0 native plugins for Editor in 0.00 ms.
Unloading 5617 Unused Serialized files (Serialized files now loaded: 0)
Unloading 31 unused Assets / (0.8 MB). Loaded Objects now: 6466.
Memory consumption went from 228.7 MB to 227.9 MB.
Total: 9.004800 ms (FindLiveObjects: 0.846100 ms CreateObjectMapping: 0.805000 ms MarkObjects: 6.671200 ms  DeleteObjects: 0.680300 ms)

AssetImportParameters requested are different than current active one (requested -> active):
  custom:video-decoder-ogg-theora: a1e56fd34408186e4bbccfd4996cb3dc -> 
  custom:container-muxer-webm: aa71ff27fc2769a1b78a27578f13a17b -> 
  custom:container-demuxer-webm: 4f35f7cbe854078d1ac9338744f61a02 -> 
  custom:video-encoder-webm-vp8: eb34c28f22e8b96e1ab97ce403110664 -> 
  custom:audio-encoder-webm-vorbis: bf7c407c2cedff20999df2af8eb42d56 -> 
  custom:framework-win-MediaFoundation: 216162199b28c13a410421893ffa2e32 -> 
  custom:container-demuxer-ogg: 62fdf1f143b41e24485cea50d1cbac27 -> 
  custom:video-decoder-webm-vp8: 9c59270c3fd7afecdb556c50c9e8de78 -> 
  custom:audio-decoder-ogg-vorbis: bf7c407c2cedff20999df2af8eb42d56 -> 
